Added Component: Designator=F1(0451Series_LTF)
Add component (AddParameter): Name = "Digikey Link"; Value = "https://www.digikey.com.au/en/products/detail/littelfuse-inc/0451-750MRL/700816"; VariantName = "[No Variations]"
Add component (AddParameter): Name = "Digikey Part Number"; Value = "F2576CT-ND"; VariantName = "[No Variations]"
Add component (AddParameter): Name = "Manufacturer"; Value = "Littelfuse Inc."; VariantName = "[No Variations]"
Add component (AddParameter): Name = "Part Number"; Value = "0154.750MRL"; VariantName = "[No Variations]"
Added Component: Designator=F2(0451Series_LTF)
Add component (AddParameter): Name = "Digikey Link"; Value = "https://www.digikey.com.au/en/products/detail/littelfuse-inc/0451-750MRL/700816"; VariantName = "[No Variations]"
Add component (AddParameter): Name = "Digikey Part Number"; Value = "F2576CT-ND"; VariantName = "[No Variations]"
Add component (AddParameter): Name = "Manufacturer"; Value = "Littelfuse Inc."; VariantName = "[No Variations]"
Add component (AddParameter): Name = "Part Number"; Value = "0154.750MRL"; VariantName = "[No Variations]"
Added Component: Designator=F3(0451Series_LTF)
Add component (AddParameter): Name = "Digikey Link"; Value = "https://www.digikey.com.au/en/products/detail/littelfuse-inc/0451-750MRL/700816"; VariantName = "[No Variations]"
Add component (AddParameter): Name = "Digikey Part Number"; Value = "F2576CT-ND"; VariantName = "[No Variations]"
Add component (AddParameter): Name = "Manufacturer"; Value = "Littelfuse Inc."; VariantName = "[No Variations]"
Add component (AddParameter): Name = "Part Number"; Value = "0154.750MRL"; VariantName = "[No Variations]"
Added Component: Designator=F4(0451Series_LTF)
Add component (AddParameter): Name = "Digikey Link"; Value = "https://www.digikey.com.au/en/products/detail/littelfuse-inc/0451-750MRL/700816"; VariantName = "[No Variations]"
Add component (AddParameter): Name = "Digikey Part Number"; Value = "F2576CT-ND"; VariantName = "[No Variations]"
Add component (AddParameter): Name = "Manufacturer"; Value = "Littelfuse Inc."; VariantName = "[No Variations]"
Add component (AddParameter): Name = "Part Number"; Value = "0154.750MRL"; VariantName = "[No Variations]"
Added Component: Designator=F5(0451Series_LTF)
Add component (AddParameter): Name = "Digikey Link"; Value = "https://www.digikey.com.au/en/products/detail/littelfuse-inc/0451-750MRL/700816"; VariantName = "[No Variations]"
Add component (AddParameter): Name = "Digikey Part Number"; Value = "F2576CT-ND"; VariantName = "[No Variations]"
Add component (AddParameter): Name = "Manufacturer"; Value = "Littelfuse Inc."; VariantName = "[No Variations]"
Add component (AddParameter): Name = "Part Number"; Value = "0154.750MRL"; VariantName = "[No Variations]"
Added Component: Designator=F6(0451Series_LTF)
Add component (AddParameter): Name = "Digikey Link"; Value = "https://www.digikey.com.au/en/products/detail/littelfuse-inc/0451-750MRL/700816"; VariantName = "[No Variations]"
Add component (AddParameter): Name = "Digikey Part Number"; Value = "F2576CT-ND"; VariantName = "[No Variations]"
Add component (AddParameter): Name = "Manufacturer"; Value = "Littelfuse Inc."; VariantName = "[No Variations]"
Add component (AddParameter): Name = "Part Number"; Value = "0154.750MRL"; VariantName = "[No Variations]"
Added Component: Designator=F7(0451Series_LTF)
Add component (AddParameter): Name = "Digikey Link"; Value = "https://www.digikey.com.au/en/products/detail/littelfuse-inc/0451-750MRL/700816"; VariantName = "[No Variations]"
Add component (AddParameter): Name = "Digikey Part Number"; Value = "F2576CT-ND"; VariantName = "[No Variations]"
Add component (AddParameter): Name = "Manufacturer"; Value = "Littelfuse Inc."; VariantName = "[No Variations]"
Add component (AddParameter): Name = "Part Number"; Value = "0154.750MRL"; VariantName = "[No Variations]"
Added Component: Designator=F8(0451Series_LTF)
Add component (AddParameter): Name = "Digikey Link"; Value = "https://www.digikey.com.au/en/products/detail/littelfuse-inc/0451-750MRL/700816"; VariantName = "[No Variations]"
Add component (AddParameter): Name = "Digikey Part Number"; Value = "F2576CT-ND"; VariantName = "[No Variations]"
Add component (AddParameter): Name = "Manufacturer"; Value = "Littelfuse Inc."; VariantName = "[No Variations]"
Add component (AddParameter): Name = "Part Number"; Value = "0154.750MRL"; VariantName = "[No Variations]"
Added Component: Designator=J1(S8BPHSM4TB)
Add component (AddParameter): Name = "Arrow Part Number"; Value = ""; VariantName = "[No Variations]"
Add component (AddParameter): Name = "Arrow Price/Stock"; Value = ""; VariantName = "[No Variations]"
Add component (AddParameter): Name = "Datasheet Link"; Value = ""; VariantName = "[No Variations]"
Add component (AddParameter): Name = "Height"; Value = "5.5mm"; VariantName = "[No Variations]"
Add component (AddParameter): Name = "Manufacturer_Name"; Value = "JST (JAPAN SOLDERLESS TERMINALS)"; VariantName = "[No Variations]"
Add component (AddParameter): Name = "Manufacturer_Part_Number"; Value = "S8B-PH-SM4-TB"; VariantName = "[No Variations]"
Add component (AddParameter): Name = "Mouser Part Number"; Value = ""; VariantName = "[No Variations]"
Add component (AddParameter): Name = "Mouser Price/Stock"; Value = ""; VariantName = "[No Variations]"
Added Pin To Net: NetName=T1_F Pin=F1-2
Added Pin To Net: NetName=T1_F Pin=J1-8
Added Net: Name=T1_F
Added Pin To Net: NetName=T1 Pin=F1-1
Added Net: Name=T1
Added Pin To Net: NetName=T2_F Pin=F2-2
Added Pin To Net: NetName=T2_F Pin=J1-7
Added Net: Name=T2_F
Added Pin To Net: NetName=T2 Pin=F2-1
Added Net: Name=T2
Added Pin To Net: NetName=T3_F Pin=F3-2
Added Pin To Net: NetName=T3_F Pin=J1-6
Added Net: Name=T3_F
Added Pin To Net: NetName=T3 Pin=F3-1
Added Net: Name=T3
Added Pin To Net: NetName=T4_F Pin=F4-2
Added Pin To Net: NetName=T4_F Pin=J1-5
Added Net: Name=T4_F
Added Pin To Net: NetName=T4 Pin=F4-1
Added Net: Name=T4
Added Pin To Net: NetName=T5_F Pin=F5-2
Added Pin To Net: NetName=T5_F Pin=J1-4
Added Net: Name=T5_F
Added Pin To Net: NetName=T5 Pin=F5-1
Added Net: Name=T5
Added Pin To Net: NetName=T6_F Pin=F6-2
Added Pin To Net: NetName=T6_F Pin=J1-3
Added Net: Name=T6_F
Added Pin To Net: NetName=T6 Pin=F6-1
Added Net: Name=T6
Added Pin To Net: NetName=T7_F Pin=F7-2
Added Pin To Net: NetName=T7_F Pin=J1-2
Added Net: Name=T7_F
Added Pin To Net: NetName=T7 Pin=F7-1
Added Net: Name=T7
Added Pin To Net: NetName=T8_F Pin=F8-2
Added Pin To Net: NetName=T8_F Pin=J1-1
Added Net: Name=T8_F
Added Pin To Net: NetName=T8 Pin=F8-1
Added Net: Name=T8
Added Class: Name=Toplevel
