Removed Pin From Net: NetName=12V Pin=ACCUMULATOR PLUG-1
Removed Pin From Net: NetName=12V Pin=ACCUMULATOR PLUG-2
Removed Pin From Net: NetName=GND Pin=ACCUMULATOR PLUG-3
Removed Pin From Net: NetName=GREEN_OUT Pin=ACCUMULATOR PLUG-4
Removed Pin From Net: NetName=CAN_1_P Pin=ACCUMULATOR PLUG-5
Removed Pin From Net: NetName=CHARGE_SAFETY Pin=ACCUMULATOR PLUG-6
Removed Pin From Net: NetName=CAN_1_N Pin=ACCUMULATOR PLUG-7
Removed Pin From Net: NetName=CHARGE_PWR Pin=ACCUMULATOR PLUG-8
Removed Pin From Net: NetName=CAN_2_P Pin=ACCUMULATOR PLUG-9
Removed Pin From Net: NetName=CHARGE_GND_REF Pin=ACCUMULATOR PLUG-10
Removed Pin From Net: NetName=CAN_2_N Pin=ACCUMULATOR PLUG-11
Removed Pin From Net: NetName=AIR_PWR Pin=ACCUMULATOR PLUG-12
Removed Member From Class: ClassName=TopLevel Member=ACCUMULATOR PLUG
Added Pin To Net: NetName=12V Pin=J?-1
Added Pin To Net: NetName=GREEN_OUT Pin=J?-2
Added Pin To Net: NetName=CHARGE_SAFETY Pin=J?-3
Added Pin To Net: NetName=CHARGE_PWR Pin=J?-4
Added Pin To Net: NetName=CHARGE_GND_REF Pin=J?-5
Added Pin To Net: NetName=AIR_PWR Pin=J?-6
Added Pin To Net: NetName=12V Pin=J?-11
Added Pin To Net: NetName=GND Pin=J?-12
Added Pin To Net: NetName=CAN_1_P Pin=J?-13
Added Pin To Net: NetName=CAN_1_N Pin=J?-14
Added Pin To Net: NetName=CAN_2_P Pin=J?-15
Added Pin To Net: NetName=CAN_2_N Pin=J?-16
Added Pin To Net: NetName=GND Pin=J?-MH1
Added Pin To Net: NetName=GND Pin=J?-MH2
Added Pin To Net: NetName=GND Pin=J?-MH3
Added Pin To Net: NetName=GND Pin=J?-MH4
Added Member To Class: ClassName=TopLevel Member=Component R? 120R
