Added Component: Designator=ACCUMULATOR PLUG(39293146)
Add component (AddParameter): Name = "Angle"; Value = "0"; VariantName = "[No Variations]"
Add component (AddParameter): Name = "Contact"; Value = "Tin"; VariantName = "[No Variations]"
Add component (AddParameter): Name = "Digikey Part Number"; Value = "WM3849-ND"; VariantName = "[No Variations]"
Add component (AddParameter): Name = "Flange"; Value = "No"; VariantName = "[No Variations]"
Add component (AddParameter): Name = "Part Number"; Value = "39293146"; VariantName = "[No Variations]"
Add component (AddParameter): Name = "Pitch"; Value = "4.2mm"; VariantName = "[No Variations]"
Add component (AddParameter): Name = "Positions"; Value = "14"; VariantName = "[No Variations]"
Add component (AddParameter): Name = "Row Spacing"; Value = "5.5mm"; VariantName = "[No Variations]"
Added Component: Designator=CAN 1(39293046)
Add component (AddParameter): Name = "Angle"; Value = "0"; VariantName = "[No Variations]"
Add component (AddParameter): Name = "Contact"; Value = "Tin"; VariantName = "[No Variations]"
Add component (AddParameter): Name = "Digikey Part Number"; Value = "WM3844-ND"; VariantName = "[No Variations]"
Add component (AddParameter): Name = "Flange"; Value = "No"; VariantName = "[No Variations]"
Add component (AddParameter): Name = "Part Number"; Value = "39293046"; VariantName = "[No Variations]"
Add component (AddParameter): Name = "Pitch"; Value = "4.2mm"; VariantName = "[No Variations]"
Add component (AddParameter): Name = "Positions"; Value = "4"; VariantName = "[No Variations]"
Add component (AddParameter): Name = "Row Spacing"; Value = "5.5mm"; VariantName = "[No Variations]"
Added Component: Designator=CAN 2(39293086)
Add component (AddParameter): Name = "Angle"; Value = "0"; VariantName = "[No Variations]"
Add component (AddParameter): Name = "Contact"; Value = "Tin"; VariantName = "[No Variations]"
Add component (AddParameter): Name = "Digikey Part Number"; Value = "WM3846-ND"; VariantName = "[No Variations]"
Add component (AddParameter): Name = "Flange"; Value = "No"; VariantName = "[No Variations]"
Add component (AddParameter): Name = "Part Number"; Value = "39293086"; VariantName = "[No Variations]"
Add component (AddParameter): Name = "Pitch"; Value = "4.2mm"; VariantName = "[No Variations]"
Add component (AddParameter): Name = "Positions"; Value = "8"; VariantName = "[No Variations]"
Add component (AddParameter): Name = "Row Spacing"; Value = "5.5mm"; VariantName = "[No Variations]"
Added Component: Designator=CHARGE BUTTON(39293046)
Add component (AddParameter): Name = "Angle"; Value = "0"; VariantName = "[No Variations]"
Add component (AddParameter): Name = "Contact"; Value = "Tin"; VariantName = "[No Variations]"
Add component (AddParameter): Name = "Digikey Part Number"; Value = "WM3844-ND"; VariantName = "[No Variations]"
Add component (AddParameter): Name = "Flange"; Value = "No"; VariantName = "[No Variations]"
Add component (AddParameter): Name = "Part Number"; Value = "39293046"; VariantName = "[No Variations]"
Add component (AddParameter): Name = "Pitch"; Value = "4.2mm"; VariantName = "[No Variations]"
Add component (AddParameter): Name = "Positions"; Value = "4"; VariantName = "[No Variations]"
Add component (AddParameter): Name = "Row Spacing"; Value = "5.5mm"; VariantName = "[No Variations]"
Added Component: Designator=CHARGE RELAY (39293046)
Add component (AddParameter): Name = "Angle"; Value = "0"; VariantName = "[No Variations]"
Add component (AddParameter): Name = "Contact"; Value = "Tin"; VariantName = "[No Variations]"
Add component (AddParameter): Name = "Digikey Part Number"; Value = "WM3844-ND"; VariantName = "[No Variations]"
Add component (AddParameter): Name = "Flange"; Value = "No"; VariantName = "[No Variations]"
Add component (AddParameter): Name = "Part Number"; Value = "39293046"; VariantName = "[No Variations]"
Add component (AddParameter): Name = "Pitch"; Value = "4.2mm"; VariantName = "[No Variations]"
Add component (AddParameter): Name = "Positions"; Value = "4"; VariantName = "[No Variations]"
Add component (AddParameter): Name = "Row Spacing"; Value = "5.5mm"; VariantName = "[No Variations]"
Added Component: Designator=DISCHARGE BUTTON(39293046)
Add component (AddParameter): Name = "Angle"; Value = "0"; VariantName = "[No Variations]"
Add component (AddParameter): Name = "Contact"; Value = "Tin"; VariantName = "[No Variations]"
Add component (AddParameter): Name = "Digikey Part Number"; Value = "WM3844-ND"; VariantName = "[No Variations]"
Add component (AddParameter): Name = "Flange"; Value = "No"; VariantName = "[No Variations]"
Add component (AddParameter): Name = "Part Number"; Value = "39293046"; VariantName = "[No Variations]"
Add component (AddParameter): Name = "Pitch"; Value = "4.2mm"; VariantName = "[No Variations]"
Add component (AddParameter): Name = "Positions"; Value = "4"; VariantName = "[No Variations]"
Add component (AddParameter): Name = "Row Spacing"; Value = "5.5mm"; VariantName = "[No Variations]"
Added Component: Designator=DISCHARGE RELAY(39293046)
Add component (AddParameter): Name = "Angle"; Value = "0"; VariantName = "[No Variations]"
Add component (AddParameter): Name = "Contact"; Value = "Tin"; VariantName = "[No Variations]"
Add component (AddParameter): Name = "Digikey Part Number"; Value = "WM3844-ND"; VariantName = "[No Variations]"
Add component (AddParameter): Name = "Flange"; Value = "No"; VariantName = "[No Variations]"
Add component (AddParameter): Name = "Part Number"; Value = "39293046"; VariantName = "[No Variations]"
Add component (AddParameter): Name = "Pitch"; Value = "4.2mm"; VariantName = "[No Variations]"
Add component (AddParameter): Name = "Positions"; Value = "4"; VariantName = "[No Variations]"
Add component (AddParameter): Name = "Row Spacing"; Value = "5.5mm"; VariantName = "[No Variations]"
Added Component: Designator=GREEN LOOP(39300020)
Add component (AddParameter): Name = "Angle"; Value = "90"; VariantName = "[No Variations]"
Add component (AddParameter): Name = "Contact"; Value = "Tin"; VariantName = "[No Variations]"
Add component (AddParameter): Name = "Digikey Part Number"; Value = "WM21351-ND"; VariantName = "[No Variations]"
Add component (AddParameter): Name = "Flange"; Value = "No"; VariantName = "[No Variations]"
Add component (AddParameter): Name = "Part Number"; Value = "39300020"; VariantName = "[No Variations]"
Add component (AddParameter): Name = "Pitch"; Value = "4.2mm"; VariantName = "[No Variations]"
Add component (AddParameter): Name = "Positions"; Value = "2"; VariantName = "[No Variations]"
Add component (AddParameter): Name = "Row Spacing"; Value = "5.5mm"; VariantName = "[No Variations]"
Added Component: Designator=J?(12073035)
Add component (AddParameter): Name = "Arrow Part Number"; Value = "1-207303-5"; VariantName = "[No Variations]"
Add component (AddParameter): Name = "Arrow Price/Stock"; Value = "https://www.arrow.com/en/products/1-207303-5/te-connectivity"; VariantName = "[No Variations]"
Add component (AddParameter): Name = "Datasheet Link"; Value = "https://www.arrow.com/en/products/1-207303-5/te-connectivity"; VariantName = "[No Variations]"
Add component (AddParameter): Name = "Height"; Value = "34.417mm"; VariantName = "[No Variations]"
Add component (AddParameter): Name = "Manufacturer_Name"; Value = "TE Connectivity"; VariantName = "[No Variations]"
Add component (AddParameter): Name = "Manufacturer_Part_Number"; Value = "1-207303-5"; VariantName = "[No Variations]"
Add component (AddParameter): Name = "Mouser Part Number"; Value = "571-1-207303-5"; VariantName = "[No Variations]"
Add component (AddParameter): Name = "Mouser Price/Stock"; Value = "https://www.mouser.co.uk/ProductDetail/TE-Connectivity/1-207303-5?qs=GQ3BsEl46pk51%252B5f3zYlzg%3D%3D"; VariantName = "[No Variations]"
Added Component: Designator=MODE SELECT(39293046)
Add component (AddParameter): Name = "Angle"; Value = "0"; VariantName = "[No Variations]"
Add component (AddParameter): Name = "Contact"; Value = "Tin"; VariantName = "[No Variations]"
Add component (AddParameter): Name = "Digikey Part Number"; Value = "WM3844-ND"; VariantName = "[No Variations]"
Add component (AddParameter): Name = "Flange"; Value = "No"; VariantName = "[No Variations]"
Add component (AddParameter): Name = "Part Number"; Value = "39293046"; VariantName = "[No Variations]"
Add component (AddParameter): Name = "Pitch"; Value = "4.2mm"; VariantName = "[No Variations]"
Add component (AddParameter): Name = "Positions"; Value = "4"; VariantName = "[No Variations]"
Add component (AddParameter): Name = "Row Spacing"; Value = "5.5mm"; VariantName = "[No Variations]"
Added Component: Designator=R?(0805)
Add component (AddParameter): Name = "Digikey Part Number"; Value = "311-120CRCT-ND"; VariantName = "[No Variations]"
Add component (AddParameter): Name = "Manufacturer"; Value = "YAGEO"; VariantName = "[No Variations]"
Add component (AddParameter): Name = "Material"; Value = "FR-07"; VariantName = "[No Variations]"
Add component (AddParameter): Name = "Part Number"; Value = "RC0805FR07120RL"; VariantName = "[No Variations]"
Add component (AddParameter): Name = "Rated Power"; Value = "0.125W"; VariantName = "[No Variations]"
Add component (AddParameter): Name = "Tolerance"; Value = "0.01"; VariantName = "[No Variations]"
Add component (AddParameter): Name = "Value"; Value = "120R"; VariantName = "[No Variations]"
Added Component: Designator=R?(0805)
Add component (AddParameter): Name = "Digikey Part Number"; Value = "311-120CRCT-ND"; VariantName = "[No Variations]"
Add component (AddParameter): Name = "Manufacturer"; Value = "YAGEO"; VariantName = "[No Variations]"
Add component (AddParameter): Name = "Material"; Value = "FR-07"; VariantName = "[No Variations]"
Add component (AddParameter): Name = "Part Number"; Value = "RC0805FR07120RL"; VariantName = "[No Variations]"
Add component (AddParameter): Name = "Rated Power"; Value = "0.125W"; VariantName = "[No Variations]"
Add component (AddParameter): Name = "Tolerance"; Value = "0.01"; VariantName = "[No Variations]"
Add component (AddParameter): Name = "Value"; Value = "120R"; VariantName = "[No Variations]"
Added Pin To Net: NetName=12V Pin=ACCUMULATOR PLUG-1
Added Pin To Net: NetName=12V Pin=ACCUMULATOR PLUG-2
Added Net: Name=12V
Added Pin To Net: NetName=AIR_PWR Pin=ACCUMULATOR PLUG-12
Added Pin To Net: NetName=AIR_PWR Pin=GREEN LOOP-2
Added Pin To Net: NetName=AIR_PWR Pin=MODE SELECT-2
Added Net: Name=AIR_PWR
Added Pin To Net: NetName=CAN_1_N Pin=ACCUMULATOR PLUG-7
Added Pin To Net: NetName=CAN_1_N Pin=CAN 1-3
Added Pin To Net: NetName=CAN_1_N Pin=CAN 1-4
Added Pin To Net: NetName=CAN_1_N Pin=R?-1
Added Net: Name=CAN_1_N
Added Pin To Net: NetName=CAN_1_P Pin=ACCUMULATOR PLUG-5
Added Pin To Net: NetName=CAN_1_P Pin=CAN 1-1
Added Pin To Net: NetName=CAN_1_P Pin=CAN 1-2
Added Pin To Net: NetName=CAN_1_P Pin=R?-2
Added Net: Name=CAN_1_P
Added Pin To Net: NetName=CAN_2_N Pin=ACCUMULATOR PLUG-11
Added Pin To Net: NetName=CAN_2_N Pin=CAN 2-2
Added Pin To Net: NetName=CAN_2_N Pin=CAN 2-4
Added Pin To Net: NetName=CAN_2_N Pin=CAN 2-6
Added Pin To Net: NetName=CAN_2_N Pin=CAN 2-8
Added Pin To Net: NetName=CAN_2_N Pin=R?-1
Added Net: Name=CAN_2_N
Added Pin To Net: NetName=CAN_2_P Pin=ACCUMULATOR PLUG-9
Added Pin To Net: NetName=CAN_2_P Pin=CAN 2-1
Added Pin To Net: NetName=CAN_2_P Pin=CAN 2-3
Added Pin To Net: NetName=CAN_2_P Pin=CAN 2-5
Added Pin To Net: NetName=CAN_2_P Pin=CAN 2-7
Added Pin To Net: NetName=CAN_2_P Pin=R?-2
Added Net: Name=CAN_2_P
Added Pin To Net: NetName=CHARGE_BUTTON_OUT Pin=CHARGE BUTTON-1
Added Net: Name=CHARGE_BUTTON_OUT
Added Pin To Net: NetName=CHARGE_BUTTON_PWR Pin=CHARGE BUTTON-2
Added Net: Name=CHARGE_BUTTON_PWR
Added Pin To Net: NetName=CHARGE_GND_REF Pin=ACCUMULATOR PLUG-10
Added Net: Name=CHARGE_GND_REF
Added Pin To Net: NetName=CHARGE_LED_GND Pin=CHARGE BUTTON-3
Added Net: Name=CHARGE_LED_GND
Added Pin To Net: NetName=CHARGE_LED_PWR Pin=CHARGE BUTTON-4
Added Net: Name=CHARGE_LED_PWR
Added Pin To Net: NetName=CHARGE_PWR Pin=ACCUMULATOR PLUG-8
Added Net: Name=CHARGE_PWR
Added Pin To Net: NetName=CHARGE_RLY_PWR Pin=MODE SELECT-3
Added Net: Name=CHARGE_RLY_PWR
Added Pin To Net: NetName=CHARGE_SAFETY_PWR Pin=MODE SELECT-1
Added Net: Name=CHARGE_SAFETY_PWR
Added Pin To Net: NetName=CHARGE_SAFETY Pin=ACCUMULATOR PLUG-6
Added Net: Name=CHARGE_SAFETY
Added Pin To Net: NetName=CHARGE RLY PWR Pin=CHARGE RELAY -1
Added Pin To Net: NetName=CHARGE RLY PWR Pin=CHARGE RELAY -2
Added Net: Name=CHARGE RLY PWR
Added Pin To Net: NetName=DISCHARGE_BUTTON_OUT Pin=DISCHARGE BUTTON-1
Added Net: Name=DISCHARGE_BUTTON_OUT
Added Pin To Net: NetName=DISCHARGE_BUTTON_PWR Pin=DISCHARGE BUTTON-2
Added Net: Name=DISCHARGE_BUTTON_PWR
Added Pin To Net: NetName=DISCHARGE_LED_GND Pin=DISCHARGE BUTTON-3
Added Net: Name=DISCHARGE_LED_GND
Added Pin To Net: NetName=DISCHARGE_LED_PWR Pin=DISCHARGE BUTTON-4
Added Net: Name=DISCHARGE_LED_PWR
Added Pin To Net: NetName=DISCHARGE RLY PWR Pin=DISCHARGE RELAY-1
Added Pin To Net: NetName=DISCHARGE RLY PWR Pin=DISCHARGE RELAY-2
Added Net: Name=DISCHARGE RLY PWR
Added Pin To Net: NetName=GND Pin=ACCUMULATOR PLUG-3
Added Pin To Net: NetName=GND Pin=CHARGE RELAY -3
Added Pin To Net: NetName=GND Pin=CHARGE RELAY -4
Added Pin To Net: NetName=GND Pin=DISCHARGE RELAY-3
Added Pin To Net: NetName=GND Pin=DISCHARGE RELAY-4
Added Net: Name=GND
Added Pin To Net: NetName=GREEN_OUT Pin=ACCUMULATOR PLUG-4
Added Pin To Net: NetName=GREEN_OUT Pin=GREEN LOOP-1
Added Net: Name=GREEN_OUT
Added Class: Name=TopLevel
