Added Component: Designator=F1(0451Series_LTF)
Add component (AddParameter): Name = "Digikey Link"; Value = "https://www.digikey.com.au/en/products/detail/littelfuse-inc/0451-750MRL/700816"; VariantName = "[No Variations]"
Add component (AddParameter): Name = "Digikey Part Number"; Value = "F2576CT-ND"; VariantName = "[No Variations]"
Add component (AddParameter): Name = "Manufacturer"; Value = "Littelfuse Inc."; VariantName = "[No Variations]"
Add component (AddParameter): Name = "Part Number"; Value = "0154.750MRL"; VariantName = "[No Variations]"
Added Component: Designator=F2(0451Series_LTF)
Add component (AddParameter): Name = "Digikey Link"; Value = "https://www.digikey.com.au/en/products/detail/littelfuse-inc/0451-750MRL/700816"; VariantName = "[No Variations]"
Add component (AddParameter): Name = "Digikey Part Number"; Value = "F2576CT-ND"; VariantName = "[No Variations]"
Add component (AddParameter): Name = "Manufacturer"; Value = "Littelfuse Inc."; VariantName = "[No Variations]"
Add component (AddParameter): Name = "Part Number"; Value = "0154.750MRL"; VariantName = "[No Variations]"
Added Component: Designator=F3(0451Series_LTF)
Add component (AddParameter): Name = "Digikey Link"; Value = "https://www.digikey.com.au/en/products/detail/littelfuse-inc/0451-750MRL/700816"; VariantName = "[No Variations]"
Add component (AddParameter): Name = "Digikey Part Number"; Value = "F2576CT-ND"; VariantName = "[No Variations]"
Add component (AddParameter): Name = "Manufacturer"; Value = "Littelfuse Inc."; VariantName = "[No Variations]"
Add component (AddParameter): Name = "Part Number"; Value = "0154.750MRL"; VariantName = "[No Variations]"
Added Component: Designator=F4(0451Series_LTF)
Add component (AddParameter): Name = "Digikey Link"; Value = "https://www.digikey.com.au/en/products/detail/littelfuse-inc/0451-750MRL/700816"; VariantName = "[No Variations]"
Add component (AddParameter): Name = "Digikey Part Number"; Value = "F2576CT-ND"; VariantName = "[No Variations]"
Add component (AddParameter): Name = "Manufacturer"; Value = "Littelfuse Inc."; VariantName = "[No Variations]"
Add component (AddParameter): Name = "Part Number"; Value = "0154.750MRL"; VariantName = "[No Variations]"
Added Component: Designator=F5(0451Series_LTF)
Add component (AddParameter): Name = "Digikey Link"; Value = "https://www.digikey.com.au/en/products/detail/littelfuse-inc/0451-750MRL/700816"; VariantName = "[No Variations]"
Add component (AddParameter): Name = "Digikey Part Number"; Value = "F2576CT-ND"; VariantName = "[No Variations]"
Add component (AddParameter): Name = "Manufacturer"; Value = "Littelfuse Inc."; VariantName = "[No Variations]"
Add component (AddParameter): Name = "Part Number"; Value = "0154.750MRL"; VariantName = "[No Variations]"
Added Component: Designator=F6(0451Series_LTF)
Add component (AddParameter): Name = "Digikey Link"; Value = "https://www.digikey.com.au/en/products/detail/littelfuse-inc/0451-750MRL/700816"; VariantName = "[No Variations]"
Add component (AddParameter): Name = "Digikey Part Number"; Value = "F2576CT-ND"; VariantName = "[No Variations]"
Add component (AddParameter): Name = "Manufacturer"; Value = "Littelfuse Inc."; VariantName = "[No Variations]"
Add component (AddParameter): Name = "Part Number"; Value = "0154.750MRL"; VariantName = "[No Variations]"
Added Component: Designator=F7(0451Series_LTF)
Add component (AddParameter): Name = "Digikey Link"; Value = "https://www.digikey.com.au/en/products/detail/littelfuse-inc/0451-750MRL/700816"; VariantName = "[No Variations]"
Add component (AddParameter): Name = "Digikey Part Number"; Value = "F2576CT-ND"; VariantName = "[No Variations]"
Add component (AddParameter): Name = "Manufacturer"; Value = "Littelfuse Inc."; VariantName = "[No Variations]"
Add component (AddParameter): Name = "Part Number"; Value = "0154.750MRL"; VariantName = "[No Variations]"
Added Component: Designator=F8(0451Series_LTF)
Add component (AddParameter): Name = "Digikey Link"; Value = "https://www.digikey.com.au/en/products/detail/littelfuse-inc/0451-750MRL/700816"; VariantName = "[No Variations]"
Add component (AddParameter): Name = "Digikey Part Number"; Value = "F2576CT-ND"; VariantName = "[No Variations]"
Add component (AddParameter): Name = "Manufacturer"; Value = "Littelfuse Inc."; VariantName = "[No Variations]"
Add component (AddParameter): Name = "Part Number"; Value = "0154.750MRL"; VariantName = "[No Variations]"
Added Component: Designator=F9(0451Series_LTF)
Add component (AddParameter): Name = "Digikey Link"; Value = "https://www.digikey.com.au/en/products/detail/littelfuse-inc/0451-750MRL/700816"; VariantName = "[No Variations]"
Add component (AddParameter): Name = "Digikey Part Number"; Value = "F2576CT-ND"; VariantName = "[No Variations]"
Add component (AddParameter): Name = "Manufacturer"; Value = "Littelfuse Inc."; VariantName = "[No Variations]"
Add component (AddParameter): Name = "Part Number"; Value = "0154.750MRL"; VariantName = "[No Variations]"
Added Component: Designator=F10(0451Series_LTF)
Add component (AddParameter): Name = "Digikey Link"; Value = "https://www.digikey.com.au/en/products/detail/littelfuse-inc/0451-750MRL/700816"; VariantName = "[No Variations]"
Add component (AddParameter): Name = "Digikey Part Number"; Value = "F2576CT-ND"; VariantName = "[No Variations]"
Add component (AddParameter): Name = "Manufacturer"; Value = "Littelfuse Inc."; VariantName = "[No Variations]"
Add component (AddParameter): Name = "Part Number"; Value = "0154.750MRL"; VariantName = "[No Variations]"
Added Component: Designator=F11(0451Series_LTF)
Add component (AddParameter): Name = "Digikey Link"; Value = "https://www.digikey.com.au/en/products/detail/littelfuse-inc/0451-750MRL/700816"; VariantName = "[No Variations]"
Add component (AddParameter): Name = "Digikey Part Number"; Value = "F2576CT-ND"; VariantName = "[No Variations]"
Add component (AddParameter): Name = "Manufacturer"; Value = "Littelfuse Inc."; VariantName = "[No Variations]"
Add component (AddParameter): Name = "Part Number"; Value = "0154.750MRL"; VariantName = "[No Variations]"
Added Component: Designator=F12(0451Series_LTF)
Add component (AddParameter): Name = "Digikey Link"; Value = "https://www.digikey.com.au/en/products/detail/littelfuse-inc/0451-750MRL/700816"; VariantName = "[No Variations]"
Add component (AddParameter): Name = "Digikey Part Number"; Value = "F2576CT-ND"; VariantName = "[No Variations]"
Add component (AddParameter): Name = "Manufacturer"; Value = "Littelfuse Inc."; VariantName = "[No Variations]"
Add component (AddParameter): Name = "Part Number"; Value = "0154.750MRL"; VariantName = "[No Variations]"
Added Component: Designator=F13(0451Series_LTF)
Add component (AddParameter): Name = "Digikey Link"; Value = "https://www.digikey.com.au/en/products/detail/littelfuse-inc/0451-750MRL/700816"; VariantName = "[No Variations]"
Add component (AddParameter): Name = "Digikey Part Number"; Value = "F2576CT-ND"; VariantName = "[No Variations]"
Add component (AddParameter): Name = "Manufacturer"; Value = "Littelfuse Inc."; VariantName = "[No Variations]"
Add component (AddParameter): Name = "Part Number"; Value = "0154.750MRL"; VariantName = "[No Variations]"
Added Component: Designator=F14(0451Series_LTF)
Add component (AddParameter): Name = "Digikey Link"; Value = "https://www.digikey.com.au/en/products/detail/littelfuse-inc/0451-750MRL/700816"; VariantName = "[No Variations]"
Add component (AddParameter): Name = "Digikey Part Number"; Value = "F2576CT-ND"; VariantName = "[No Variations]"
Add component (AddParameter): Name = "Manufacturer"; Value = "Littelfuse Inc."; VariantName = "[No Variations]"
Add component (AddParameter): Name = "Part Number"; Value = "0154.750MRL"; VariantName = "[No Variations]"
Added Component: Designator=J?(CON_430451815_MOL)
Add component (AddParameter): Name = "Mfr_Name"; Value = "Molex Connector Corporation"; VariantName = "[No Variations]"
Add component (AddParameter): Name = "RefDes"; Value = "RefDes"; VariantName = "[No Variations]"
Add component (AddParameter): Name = "Type"; Value = "Type"; VariantName = "[No Variations]"
Added Component: Designator=J?(CON_430450815_MOL)
Add component (AddParameter): Name = "Mfr_Name"; Value = "Molex Connector Corporation"; VariantName = "[No Variations]"
Add component (AddParameter): Name = "RefDes"; Value = "RefDes"; VariantName = "[No Variations]"
Add component (AddParameter): Name = "Type"; Value = "Type"; VariantName = "[No Variations]"
Added Pin To Net: NetName=NetF1_1 Pin=F1-1
Added Pin To Net: NetName=NetF2_1 Pin=F2-1
Added Pin To Net: NetName=NetF3_1 Pin=F3-1
Added Pin To Net: NetName=NetF4_1 Pin=F4-1
Added Pin To Net: NetName=NetF5_1 Pin=F5-1
Added Pin To Net: NetName=NetF6_1 Pin=F6-1
Added Pin To Net: NetName=NetF7_1 Pin=F7-1
Added Pin To Net: NetName=NetF8_1 Pin=F8-1
Added Pin To Net: NetName=NetF9_1 Pin=F9-1
Added Pin To Net: NetName=NetF10_1 Pin=F10-1
Added Pin To Net: NetName=NetF11_1 Pin=F11-1
Added Pin To Net: NetName=NetF12_1 Pin=F12-1
Added Pin To Net: NetName=NetF13_1 Pin=F13-1
Added Pin To Net: NetName=NetF14_1 Pin=F14-1
Add Pin To Net: Unknown Pin: Pin VT1-VT
Add Pin To Net: Unknown Pin: Pin VT2-VT
Add Pin To Net: Unknown Pin: Pin VT3-VT
Add Pin To Net: Unknown Pin: Pin VT4-VT
Add Pin To Net: Unknown Pin: Pin VT5-VT
Add Pin To Net: Unknown Pin: Pin VT6-VT
Add Pin To Net: Unknown Pin: Pin VT7-VT
Add Pin To Net: Unknown Pin: Pin VT8-VT
Add Pin To Net: Unknown Pin: Pin VT9-VT
Add Pin To Net: Unknown Pin: Pin VT10-VT
Add Pin To Net: Unknown Pin: Pin VT11-VT
Add Pin To Net: Unknown Pin: Pin VT12-VT
Add Pin To Net: Unknown Pin: Pin VT13-VT
Add Pin To Net: Unknown Pin: Pin VT14-VT
Added Member To Class: ClassName=Schematic Member=Component F1 0154.750MRL
Added Member To Class: ClassName=Schematic Member=Component F2 0154.750MRL
Added Member To Class: ClassName=Schematic Member=Component F3 0154.750MRL
Added Member To Class: ClassName=Schematic Member=Component F4 0154.750MRL
Added Member To Class: ClassName=Schematic Member=Component F5 0154.750MRL
Added Member To Class: ClassName=Schematic Member=Component F6 0154.750MRL
Added Member To Class: ClassName=Schematic Member=Component F7 0154.750MRL
Added Member To Class: ClassName=Schematic Member=Component F8 0154.750MRL
Added Member To Class: ClassName=Schematic Member=Component F9 0154.750MRL
Added Member To Class: ClassName=Schematic Member=Component F10 0154.750MRL
Added Member To Class: ClassName=Schematic Member=Component F11 0154.750MRL
Added Member To Class: ClassName=Schematic Member=Component F12 0154.750MRL
Added Member To Class: ClassName=Schematic Member=Component F13 0154.750MRL
Added Member To Class: ClassName=Schematic Member=Component F14 0154.750MRL
Added Member To Class: ClassName=Schematic Member=Component J? 430451815
Added Member To Class: ClassName=Schematic Member=Component J? 430450815
