Add Pin To Net: Unknown Pin: Pin VT8-8
Added Pin To Net: NetName=1 Pin=F1-2
Added Net: Name=1
Added Pin To Net: NetName=2 Pin=F2-2
Added Net: Name=2
Added Pin To Net: NetName=3 Pin=F3-2
Added Net: Name=3
Added Pin To Net: NetName=4 Pin=F4-2
Added Net: Name=4
Added Pin To Net: NetName=5 Pin=F5-2
Added Net: Name=5
Added Pin To Net: NetName=6 Pin=F6-2
Added Net: Name=6
Added Pin To Net: NetName=7 Pin=F7-2
Added Net: Name=7
Added Pin To Net: NetName=8 Pin=F8-2
Added Net: Name=8
Added Pin To Net: NetName=9 Pin=F9-2
Added Net: Name=9
Added Pin To Net: NetName=10 Pin=F10-2
Added Net: Name=10
Added Pin To Net: NetName=11 Pin=F11-2
Added Net: Name=11
Added Pin To Net: NetName=12 Pin=F12-2
Added Net: Name=12
Added Pin To Net: NetName=13 Pin=F13-2
Added Net: Name=13
Added Pin To Net: NetName=14 Pin=F14-2
Added Net: Name=14
Added Pin To Net: NetName=NetF1_1 Pin=F1-1
Added Net: Name=NetF1_1
Added Pin To Net: NetName=NetF2_1 Pin=F2-1
Added Net: Name=NetF2_1
Added Pin To Net: NetName=NetF3_1 Pin=F3-1
Added Net: Name=NetF3_1
Added Pin To Net: NetName=NetF4_1 Pin=F4-1
Added Net: Name=NetF4_1
Added Pin To Net: NetName=NetF5_1 Pin=F5-1
Added Net: Name=NetF5_1
Added Pin To Net: NetName=NetF6_1 Pin=F6-1
Added Net: Name=NetF6_1
Added Pin To Net: NetName=NetF7_1 Pin=F7-1
Added Net: Name=NetF7_1
Added Pin To Net: NetName=NetF9_1 Pin=F9-1
Added Net: Name=NetF9_1
Added Pin To Net: NetName=NetF10_1 Pin=F10-1
Added Net: Name=NetF10_1
Added Pin To Net: NetName=NetF11_1 Pin=F11-1
Added Net: Name=NetF11_1
Added Pin To Net: NetName=NetF12_1 Pin=F12-1
Added Net: Name=NetF12_1
Added Pin To Net: NetName=NetF13_1 Pin=F13-1
Added Net: Name=NetF13_1
Added Pin To Net: NetName=NetF14_1 Pin=F14-1
Added Net: Name=NetF14_1
