Removed Pin From Net: NetName=NetC40_2 Pin=C39-2
Removed Pin From Net: NetName=NetC39_2 Pin=C40-2
Removed Pin From Net: NetName=NetC39_2 Pin=L3-3
Removed Pin From Net: NetName=NetC40_2 Pin=L3-4
Removed Pin From Net: NetName=TEMP_GND_TB1 Pin=P1-1
Removed Pin From Net: NetName=TEMP_GND_TB1 Pin=P1-3
Removed Pin From Net: NetName=TEMP_GND_TB1 Pin=P1-5
Removed Pin From Net: NetName=TEMP_GND_TB1 Pin=P1-7
Removed Pin From Net: NetName=TEMP_GND_TB1 Pin=P1-9
Removed Pin From Net: NetName=TEMP_GND_TB1 Pin=P1-11
Removed Pin From Net: NetName=TEMP_GND_TB1 Pin=P1-13
Removed Pin From Net: NetName=TEMP_GND_TB1 Pin=P1-15
Removed Pin From Net: NetName=TEMP_GND_TB2 Pin=P2-1
Removed Pin From Net: NetName=TEMP_GND_TB2 Pin=P2-3
Removed Pin From Net: NetName=TEMP_GND_TB2 Pin=P2-5
Removed Pin From Net: NetName=TEMP_GND_TB2 Pin=P2-7
Removed Pin From Net: NetName=TEMP_GND_TB2 Pin=P2-9
Removed Pin From Net: NetName=TEMP_GND_TB2 Pin=P2-11
Removed Pin From Net: NetName=TEMP_GND_TB2 Pin=P2-13
Removed Pin From Net: NetName=TEMP_GND_TB2 Pin=P2-15
Removed Pin From Net: NetName=TEMP_GND_TB3 Pin=P4-1
Removed Pin From Net: NetName=TEMP_GND_TB3 Pin=P4-3
Removed Pin From Net: NetName=TEMP_GND_TB3 Pin=P4-5
Removed Pin From Net: NetName=TEMP_GND_TB3 Pin=P4-7
Removed Pin From Net: NetName=TEMP_GND_TB3 Pin=P4-9
Removed Pin From Net: NetName=TEMP_GND_TB3 Pin=P4-11
Removed Pin From Net: NetName=TEMP_GND_TB3 Pin=P4-13
Removed Pin From Net: NetName=TEMP_GND_TB3 Pin=P4-15
Removed Pin From Net: NetName=TEMP_GND_TB4 Pin=P5-1
Removed Pin From Net: NetName=TEMP_GND_TB4 Pin=P5-3
Removed Pin From Net: NetName=TEMP_GND_TB4 Pin=P5-5
Removed Pin From Net: NetName=TEMP_GND_TB4 Pin=P5-7
Removed Pin From Net: NetName=TEMP_GND_TB4 Pin=P5-9
Removed Pin From Net: NetName=TEMP_GND_TB4 Pin=P5-11
Removed Pin From Net: NetName=TEMP_GND_TB4 Pin=P5-13
Removed Pin From Net: NetName=TEMP_GND_TB4 Pin=P5-15
Removed Pin From Net: NetName=TEMP_GND_TB5 Pin=P6-1
Removed Pin From Net: NetName=TEMP_GND_TB5 Pin=P6-3
Removed Pin From Net: NetName=TEMP_GND_TB5 Pin=P6-5
Removed Pin From Net: NetName=TEMP_GND_TB5 Pin=P6-7
Removed Pin From Net: NetName=TEMP_GND_TB5 Pin=P6-9
Removed Pin From Net: NetName=TEMP_GND_TB5 Pin=P6-11
Removed Pin From Net: NetName=TEMP_GND_TB5 Pin=P6-13
Removed Pin From Net: NetName=TEMP_GND_TB5 Pin=P6-15
Removed Pin From Net: NetName=TEMP_GND_TB6 Pin=P7-1
Removed Pin From Net: NetName=TEMP_GND_TB6 Pin=P7-3
Removed Pin From Net: NetName=TEMP_GND_TB6 Pin=P7-5
Removed Pin From Net: NetName=TEMP_GND_TB6 Pin=P7-7
Removed Pin From Net: NetName=TEMP_GND_TB6 Pin=P7-9
Removed Pin From Net: NetName=TEMP_GND_TB6 Pin=P7-11
Removed Pin From Net: NetName=TEMP_GND_TB6 Pin=P7-13
Removed Pin From Net: NetName=TEMP_GND_TB6 Pin=P7-15
Removed Pin From Net: NetName=NetR2_2 Pin=U4_TB1-3
Removed Pin From Net: NetName=CS1 Pin=U4_TB1-5
Removed Pin From Net: NetName=NetR2_2 Pin=U4_TB2-3
Removed Pin From Net: NetName=CS2 Pin=U4_TB2-5
Removed Pin From Net: NetName=NetR2_2 Pin=U4_TB3-3
Removed Pin From Net: NetName=CS3 Pin=U4_TB3-5
Removed Pin From Net: NetName=NetR2_2 Pin=U4_TB4-3
Removed Pin From Net: NetName=CS4 Pin=U4_TB4-5
Removed Pin From Net: NetName=NetR2_2 Pin=U4_TB5-3
Removed Pin From Net: NetName=CS5 Pin=U4_TB5-5
Removed Pin From Net: NetName=NetR2_2 Pin=U4_TB6-3
Removed Pin From Net: NetName=CS6 Pin=U4_TB6-5
Removed Pin From Net: NetName=0V_(ISO) Pin=U7-37
Added Pin To Net: NetName=NetC39_2 Pin=C39-2
Added Pin To Net: NetName=NetC40_2 Pin=C40-2
Added Pin To Net: NetName=NetC40_2 Pin=L3-3
Added Pin To Net: NetName=NetC39_2 Pin=L3-4
Added Pin To Net: NetName=0V (TMP) Pin=P1-1
Added Pin To Net: NetName=0V (TMP) Pin=P1-3
Added Pin To Net: NetName=0V (TMP) Pin=P1-5
Added Pin To Net: NetName=0V (TMP) Pin=P1-7
Added Pin To Net: NetName=0V (TMP) Pin=P1-9
Added Pin To Net: NetName=0V (TMP) Pin=P1-11
Added Pin To Net: NetName=0V (TMP) Pin=P1-13
Added Pin To Net: NetName=0V (TMP) Pin=P1-15
Added Pin To Net: NetName=0V (TMP) Pin=P2-1
Added Pin To Net: NetName=0V (TMP) Pin=P2-3
Added Pin To Net: NetName=0V (TMP) Pin=P2-5
Added Pin To Net: NetName=0V (TMP) Pin=P2-7
Added Pin To Net: NetName=0V (TMP) Pin=P2-9
Added Pin To Net: NetName=0V (TMP) Pin=P2-11
Added Pin To Net: NetName=0V (TMP) Pin=P2-13
Added Pin To Net: NetName=0V (TMP) Pin=P2-15
Added Pin To Net: NetName=0V (TMP) Pin=P4-1
Added Pin To Net: NetName=0V (TMP) Pin=P4-3
Added Pin To Net: NetName=0V (TMP) Pin=P4-5
Added Pin To Net: NetName=0V (TMP) Pin=P4-7
Added Pin To Net: NetName=0V (TMP) Pin=P4-9
Added Pin To Net: NetName=0V (TMP) Pin=P4-11
Added Pin To Net: NetName=0V (TMP) Pin=P4-13
Added Pin To Net: NetName=0V (TMP) Pin=P4-15
Added Pin To Net: NetName=0V (TMP) Pin=P5-1
Added Pin To Net: NetName=0V (TMP) Pin=P5-3
Added Pin To Net: NetName=0V (TMP) Pin=P5-5
Added Pin To Net: NetName=0V (TMP) Pin=P5-7
Added Pin To Net: NetName=0V (TMP) Pin=P5-9
Added Pin To Net: NetName=0V (TMP) Pin=P5-11
Added Pin To Net: NetName=0V (TMP) Pin=P5-13
Added Pin To Net: NetName=0V (TMP) Pin=P5-15
Added Pin To Net: NetName=0V (TMP) Pin=P6-1
Added Pin To Net: NetName=0V (TMP) Pin=P6-3
Added Pin To Net: NetName=0V (TMP) Pin=P6-5
Added Pin To Net: NetName=0V (TMP) Pin=P6-7
Added Pin To Net: NetName=0V (TMP) Pin=P6-9
Added Pin To Net: NetName=0V (TMP) Pin=P6-11
Added Pin To Net: NetName=0V (TMP) Pin=P6-13
Added Pin To Net: NetName=0V (TMP) Pin=P6-15
Added Pin To Net: NetName=0V (TMP) Pin=P7-1
Added Pin To Net: NetName=0V (TMP) Pin=P7-3
Added Pin To Net: NetName=0V (TMP) Pin=P7-5
Added Pin To Net: NetName=0V (TMP) Pin=P7-7
Added Pin To Net: NetName=0V (TMP) Pin=P7-9
Added Pin To Net: NetName=0V (TMP) Pin=P7-11
Added Pin To Net: NetName=0V (TMP) Pin=P7-13
Added Pin To Net: NetName=0V (TMP) Pin=P7-15
Added Pin To Net: NetName=CS1 Pin=U4_TB1-3
Added Pin To Net: NetName=NetR2_2 Pin=U4_TB1-5
Added Pin To Net: NetName=CS2 Pin=U4_TB2-3
Added Pin To Net: NetName=NetR2_2 Pin=U4_TB2-5
Added Pin To Net: NetName=CS3 Pin=U4_TB3-3
Added Pin To Net: NetName=NetR2_2 Pin=U4_TB3-5
Added Pin To Net: NetName=CS4 Pin=U4_TB4-3
Added Pin To Net: NetName=NetR2_2 Pin=U4_TB4-5
Added Pin To Net: NetName=CS5 Pin=U4_TB5-3
Added Pin To Net: NetName=NetR2_2 Pin=U4_TB5-5
Added Pin To Net: NetName=CS6 Pin=U4_TB6-3
Added Pin To Net: NetName=NetR2_2 Pin=U4_TB6-5
Added Room: Name=TB1
Added Room: Name=TB2
Added Room: Name=TB3
Added Room: Name=TB4
Added Room: Name=TB5
Added Room: Name=TB6
Added Room: Name=Top Level
Added Room: Name=U_CAN
Added Room: Name=U_Microcontroller
Added Room: Name=U_Power Supply
