Removed Pin From Net: NetName=TempBank1_2 Pin=P1-1
Removed Pin From Net: NetName=TempBank1_1 Pin=P1-2
Removed Pin From Net: NetName=TempBank1_4 Pin=P1-3
Removed Pin From Net: NetName=TempBank1_3 Pin=P1-4
Removed Pin From Net: NetName=0V (TMP) Pin=P1-5
Removed Pin From Net: NetName=0V (TMP) Pin=P1-6
Removed Pin From Net: NetName=TempBank1_6 Pin=P1-7
Removed Pin From Net: NetName=TempBank1_5 Pin=P1-8
Removed Pin From Net: NetName=TempBank1_8 Pin=P1-9
Removed Pin From Net: NetName=TempBank1_7 Pin=P1-10
Change Component Footprint: Designator=P1 Old Footprint=39293106 New Footprint=B16B-PHDSS
Change Component Comment : Designator=P1 Old Comment=39293106 New Comment=Header 2x8
Change component parameters: Designator = "P1" ("P1"); Footprint = "39293106"; UniqueID = "\JIJYCPSV" ("\JIJYCPSV")
Change component parameters (AddParameter): Name = "Angle"; Value = "0"; VariantName = "[No Variations]"
Change component parameters (AddParameter): Name = "Contact"; Value = "Tin"; VariantName = "[No Variations]"
Change component parameters (AddParameter): Name = "Flange"; Value = "No"; VariantName = "[No Variations]"
Change component parameters (AddParameter): Name = "Part Number"; Value = "B16B-PHDSS"; VariantName = "[No Variations]"
Change component parameters (AddParameter): Name = "Pitch"; Value = "2.00mm"; VariantName = "[No Variations]"
Change component parameters (AddParameter): Name = "Positions"; Value = "16"; VariantName = "[No Variations]"
Change component parameters (AddParameter): Name = "Row Spacing"; Value = "2.00mm"; VariantName = "[No Variations]"
Added Pin To Net: NetName=TempBank1_1 Pin=P1-1
Added Pin To Net: NetName=TempBank1_3 Pin=P1-2
Added Pin To Net: NetName=0V (TMP) Pin=P1-3
Added Pin To Net: NetName=TempBank1_5 Pin=P1-4
Added Pin To Net: NetName=TempBank1_7 Pin=P1-5
Added Pin To Net: NetName=TempBank1_2 Pin=P1-9
Added Pin To Net: NetName=TempBank1_4 Pin=P1-10
Added Pin To Net: NetName=0V (TMP) Pin=P1-11
Added Pin To Net: NetName=TempBank1_6 Pin=P1-12
Added Pin To Net: NetName=TempBank1_8 Pin=P1-13
Added Room: Name=TB1
Added Room: Name=TB2
Added Room: Name=TB3
Added Room: Name=TB4
Added Room: Name=TB5
Added Room: Name=TB6
Added Room: Name=Top Level
Added Room: Name=U_CAN
Added Room: Name=U_Microcontroller
Added Room: Name=U_Power Supply
