Removed Pin From Net: NetName=NetC40_2 Pin=C39-2
Removed Pin From Net: NetName=NetC39_2 Pin=C40-2
Removed Pin From Net: NetName=NetC39_2 Pin=L3-3
Removed Pin From Net: NetName=NetC40_2 Pin=L3-4
Change Component Designator: OldDesignator=P8 NewDesignator=q
Added Component: Designator=D4_TB1(NEXPERIA_SOT23)
Add component (AddParameter): Name = "Breakdown Voltage"; Value = "250V"; VariantName = "[No Variations]"
Add component (AddParameter): Name = "Forward Voltage"; Value = "1.0V"; VariantName = "[No Variations]"
Add component (AddParameter): Name = "Manufacturer"; Value = "Nexperia USA Inc."; VariantName = "[No Variations]"
Add component (AddParameter): Name = "Part Number"; Value = "BAS-21"; VariantName = "[No Variations]"
Add component (AddParameter): Name = "Rated Power"; Value = "250mW"; VariantName = "[No Variations]"
Added Component: Designator=D4_TB2(NEXPERIA_SOT23)
Add component (AddParameter): Name = "Breakdown Voltage"; Value = "250V"; VariantName = "[No Variations]"
Add component (AddParameter): Name = "Forward Voltage"; Value = "1.0V"; VariantName = "[No Variations]"
Add component (AddParameter): Name = "Manufacturer"; Value = "Nexperia USA Inc."; VariantName = "[No Variations]"
Add component (AddParameter): Name = "Part Number"; Value = "BAS-21"; VariantName = "[No Variations]"
Add component (AddParameter): Name = "Rated Power"; Value = "250mW"; VariantName = "[No Variations]"
Added Component: Designator=D4_TB3(NEXPERIA_SOT23)
Add component (AddParameter): Name = "Breakdown Voltage"; Value = "250V"; VariantName = "[No Variations]"
Add component (AddParameter): Name = "Forward Voltage"; Value = "1.0V"; VariantName = "[No Variations]"
Add component (AddParameter): Name = "Manufacturer"; Value = "Nexperia USA Inc."; VariantName = "[No Variations]"
Add component (AddParameter): Name = "Part Number"; Value = "BAS-21"; VariantName = "[No Variations]"
Add component (AddParameter): Name = "Rated Power"; Value = "250mW"; VariantName = "[No Variations]"
Added Component: Designator=D4_TB4(NEXPERIA_SOT23)
Add component (AddParameter): Name = "Breakdown Voltage"; Value = "250V"; VariantName = "[No Variations]"
Add component (AddParameter): Name = "Forward Voltage"; Value = "1.0V"; VariantName = "[No Variations]"
Add component (AddParameter): Name = "Manufacturer"; Value = "Nexperia USA Inc."; VariantName = "[No Variations]"
Add component (AddParameter): Name = "Part Number"; Value = "BAS-21"; VariantName = "[No Variations]"
Add component (AddParameter): Name = "Rated Power"; Value = "250mW"; VariantName = "[No Variations]"
Added Component: Designator=D4_TB5(NEXPERIA_SOT23)
Add component (AddParameter): Name = "Breakdown Voltage"; Value = "250V"; VariantName = "[No Variations]"
Add component (AddParameter): Name = "Forward Voltage"; Value = "1.0V"; VariantName = "[No Variations]"
Add component (AddParameter): Name = "Manufacturer"; Value = "Nexperia USA Inc."; VariantName = "[No Variations]"
Add component (AddParameter): Name = "Part Number"; Value = "BAS-21"; VariantName = "[No Variations]"
Add component (AddParameter): Name = "Rated Power"; Value = "250mW"; VariantName = "[No Variations]"
Added Component: Designator=D4_TB6(NEXPERIA_SOT23)
Add component (AddParameter): Name = "Breakdown Voltage"; Value = "250V"; VariantName = "[No Variations]"
Add component (AddParameter): Name = "Forward Voltage"; Value = "1.0V"; VariantName = "[No Variations]"
Add component (AddParameter): Name = "Manufacturer"; Value = "Nexperia USA Inc."; VariantName = "[No Variations]"
Add component (AddParameter): Name = "Part Number"; Value = "BAS-21"; VariantName = "[No Variations]"
Add component (AddParameter): Name = "Rated Power"; Value = "250mW"; VariantName = "[No Variations]"
Added Component: Designator=D5(0805 LED)
Add component (AddParameter): Name = "Colour"; Value = "Red"; VariantName = "[No Variations]"
Add component (AddParameter): Name = "Digikey Part Number"; Value = "511-1286-1-ND"; VariantName = "[No Variations]"
Add component (AddParameter): Name = "Manufacturer"; Value = "ROHM Semiconductor"; VariantName = "[No Variations]"
Add component (AddParameter): Name = "Part Number"; Value = "SML-210LTT86"; VariantName = "[No Variations]"
Added Component: Designator=R5(0603)
Add component (AddParameter): Name = "Digikey Part Number"; Value = "311-1.00KHRCT-ND"; VariantName = "[No Variations]"
Add component (AddParameter): Name = "Manufacturer"; Value = "YAGEO"; VariantName = "[No Variations]"
Add component (AddParameter): Name = "Material"; Value = "FR-07"; VariantName = "[No Variations]"
Add component (AddParameter): Name = "Part Number"; Value = "RC0603FR-071KL"; VariantName = "[No Variations]"
Add component (AddParameter): Name = "Rated Power"; Value = "0.1W"; VariantName = "[No Variations]"
Add component (AddParameter): Name = "Tolerance"; Value = "0.01"; VariantName = "[No Variations]"
Add component (AddParameter): Name = "Value"; Value = "1k"; VariantName = "[No Variations]"
Added Pin To Net: NetName=NetC39_2 Pin=C39-2
Added Pin To Net: NetName=NetC40_2 Pin=C40-2
Added Pin To Net: NetName=3V3 Pin=D5-A
Added Pin To Net: NetName=NetD5_K Pin=D5-K
Added Pin To Net: NetName=NetC40_2 Pin=L3-3
Added Pin To Net: NetName=NetC39_2 Pin=L3-4
Added Pin To Net: NetName=0V_(ISO) Pin=R5-1
Added Pin To Net: NetName=NetD5_K Pin=R5-2
Added Pin To Net: NetName=NetD4_TB1_A Pin=D4_TB1-A
Added Pin To Net: NetName=NetD4_TB1_A Pin=U4_TB1-6
Added Net: Name=NetD4_TB1_A
Added Pin To Net: NetName=NetD4_TB1_K Pin=D4_TB1-K
Added Pin To Net: NetName=NetD4_TB1_K Pin=D4_TB2-K
Added Pin To Net: NetName=NetD4_TB1_K Pin=D4_TB3-K
Added Pin To Net: NetName=NetD4_TB1_K Pin=D4_TB4-K
Added Pin To Net: NetName=NetD4_TB1_K Pin=D4_TB5-K
Added Pin To Net: NetName=NetD4_TB1_K Pin=D4_TB6-K
Added Pin To Net: NetName=NetD4_TB1_K Pin=U7-13
Added Net: Name=NetD4_TB1_K
Added Pin To Net: NetName=NetD4_TB2_A Pin=D4_TB2-A
Added Pin To Net: NetName=NetD4_TB2_A Pin=U4_TB2-6
Added Net: Name=NetD4_TB2_A
Added Pin To Net: NetName=NetD4_TB3_A Pin=D4_TB3-A
Added Pin To Net: NetName=NetD4_TB3_A Pin=U4_TB3-6
Added Net: Name=NetD4_TB3_A
Added Pin To Net: NetName=NetD4_TB4_A Pin=D4_TB4-A
Added Pin To Net: NetName=NetD4_TB4_A Pin=U4_TB4-6
Added Net: Name=NetD4_TB4_A
Added Pin To Net: NetName=NetD4_TB5_A Pin=D4_TB5-A
Added Pin To Net: NetName=NetD4_TB5_A Pin=U4_TB5-6
Added Net: Name=NetD4_TB5_A
Added Pin To Net: NetName=NetD4_TB6_A Pin=D4_TB6-A
Added Pin To Net: NetName=NetD4_TB6_A Pin=U4_TB6-6
Added Net: Name=NetD4_TB6_A
Added Member To Class: ClassName=TB1 Member=Component D4_TB1 (D4) BAS-21
Added Member To Class: ClassName=TB2 Member=Component D4_TB2 (D4) BAS-21
Added Member To Class: ClassName=TB3 Member=Component D4_TB3 (D4) BAS-21
Added Member To Class: ClassName=TB4 Member=Component D4_TB4 (D4) BAS-21
Added Member To Class: ClassName=TB5 Member=Component D4_TB5 (D4) BAS-21
Added Member To Class: ClassName=TB6 Member=Component D4_TB6 (D4) BAS-21
Added Member To Class: ClassName=U_Power Supply Member=Component D5 Red
Added Member To Class: ClassName=U_Power Supply Member=Component R5 1k
Added Room: Name=TB1
Added Room: Name=TB2
Added Room: Name=TB3
Added Room: Name=TB4
Added Room: Name=TB5
Added Room: Name=TB6
Added Room: Name=Top Level
Added Room: Name=U_CAN
Added Room: Name=U_Microcontroller
Added Room: Name=U_Power Supply
