Change Footprint: Footprint Not Found TDK 4-PC Pad
Add Component: Footprint Not Found 39293106
Add Component: Footprint Not Found 39293106
Add Component: Footprint Not Found 39293106
Add Component: Footprint Not Found 39293106
Add Component: Footprint Not Found 39293106
Add Component: Footprint Not Found SMD Test Point 1mm
Add Component: Footprint Not Found AD SOIC-W 20
Add Pin To Net: Unknown Pin: Pin L3-3
Add Pin To Net: Unknown Pin: Pin L3-4
Add Pin To Net: Unknown Pin: Pin P2-1
Add Pin To Net: Unknown Pin: Pin P2-2
Add Pin To Net: Unknown Pin: Pin P2-3
Add Pin To Net: Unknown Pin: Pin P2-4
Add Pin To Net: Unknown Pin: Pin P2-5
Add Pin To Net: Unknown Pin: Pin P2-6
Add Pin To Net: Unknown Pin: Pin P2-7
Add Pin To Net: Unknown Pin: Pin P2-8
Add Pin To Net: Unknown Pin: Pin P2-9
Add Pin To Net: Unknown Pin: Pin P2-10
Add Pin To Net: Unknown Pin: Pin P4-1
Add Pin To Net: Unknown Pin: Pin P4-2
Add Pin To Net: Unknown Pin: Pin P4-3
Add Pin To Net: Unknown Pin: Pin P4-4
Add Pin To Net: Unknown Pin: Pin P4-5
Add Pin To Net: Unknown Pin: Pin P4-6
Add Pin To Net: Unknown Pin: Pin P4-7
Add Pin To Net: Unknown Pin: Pin P4-8
Add Pin To Net: Unknown Pin: Pin P4-9
Add Pin To Net: Unknown Pin: Pin P4-10
Add Pin To Net: Unknown Pin: Pin P5-1
Add Pin To Net: Unknown Pin: Pin P5-2
Add Pin To Net: Unknown Pin: Pin P5-3
Add Pin To Net: Unknown Pin: Pin P5-4
Add Pin To Net: Unknown Pin: Pin P5-5
Add Pin To Net: Unknown Pin: Pin P5-6
Add Pin To Net: Unknown Pin: Pin P5-7
Add Pin To Net: Unknown Pin: Pin P5-8
Add Pin To Net: Unknown Pin: Pin P5-9
Add Pin To Net: Unknown Pin: Pin P5-10
Add Pin To Net: Unknown Pin: Pin P6-1
Add Pin To Net: Unknown Pin: Pin P6-2
Add Pin To Net: Unknown Pin: Pin P6-3
Add Pin To Net: Unknown Pin: Pin P6-4
Add Pin To Net: Unknown Pin: Pin P6-5
Add Pin To Net: Unknown Pin: Pin P6-6
Add Pin To Net: Unknown Pin: Pin P6-7
Add Pin To Net: Unknown Pin: Pin P6-8
Add Pin To Net: Unknown Pin: Pin P6-9
Add Pin To Net: Unknown Pin: Pin P6-10
Add Pin To Net: Unknown Pin: Pin P7-1
Add Pin To Net: Unknown Pin: Pin P7-2
Add Pin To Net: Unknown Pin: Pin P7-3
Add Pin To Net: Unknown Pin: Pin P7-4
Add Pin To Net: Unknown Pin: Pin P7-5
Add Pin To Net: Unknown Pin: Pin P7-6
Add Pin To Net: Unknown Pin: Pin P7-7
Add Pin To Net: Unknown Pin: Pin P7-8
Add Pin To Net: Unknown Pin: Pin P7-9
Add Pin To Net: Unknown Pin: Pin P7-10
Add Pin To Net: Unknown Pin: Pin RS1-1
Add Pin To Net: Unknown Pin: Pin U6-1
Add Pin To Net: Unknown Pin: Pin U6-3
Add Pin To Net: Unknown Pin: Pin U6-4
Add Pin To Net: Unknown Pin: Pin U6-5
Add Pin To Net: Unknown Pin: Pin U6-6
Add Pin To Net: Unknown Pin: Pin U6-7
Add Pin To Net: Unknown Pin: Pin U6-8
Add Pin To Net: Unknown Pin: Pin U6-9
Add Pin To Net: Unknown Pin: Pin U6-10
Add Pin To Net: Unknown Pin: Pin U6-11
Add Pin To Net: Unknown Pin: Pin U6-12
Add Pin To Net: Unknown Pin: Pin U6-13
Add Pin To Net: Unknown Pin: Pin U6-15
Add Pin To Net: Unknown Pin: Pin U6-16
Add Pin To Net: Unknown Pin: Pin U6-17
Add Pin To Net: Unknown Pin: Pin U6-18
Add Pin To Net: Unknown Pin: Pin U6-19
Add Pin To Net: Unknown Pin: Pin U6-20
Add Class Member: Failed to add class member : Component P2 39293106
Add Class Member: Failed to add class member : Component P4 39293106
Add Class Member: Failed to add class member : Component P5 39293106
Add Class Member: Failed to add class member : Component P6 39293106
Add Class Member: Failed to add class member : Component P7 39293106
Add Class Member: Failed to add class member : Component P12
Added Member To Class: ClassName=TB1 Member=Component R6_TB1 (R6) 680R
Added Member To Class: ClassName=TB2 Member=Component R6_TB2 (R6) 680R
Added Member To Class: ClassName=TB3 Member=Component R6_TB3 (R6) 680R
Added Member To Class: ClassName=TB4 Member=Component R6_TB4 (R6) 680R
Added Member To Class: ClassName=TB5 Member=Component R6_TB5 (R6) 680R
Added Member To Class: ClassName=TB6 Member=Component R6_TB6 (R6) 680R
Added Member To Class: ClassName=TB1 Member=Component R7_TB1 (R7) 680R
Added Member To Class: ClassName=TB2 Member=Component R7_TB2 (R7) 680R
Added Member To Class: ClassName=TB3 Member=Component R7_TB3 (R7) 680R
Added Member To Class: ClassName=TB4 Member=Component R7_TB4 (R7) 680R
Added Member To Class: ClassName=TB5 Member=Component R7_TB5 (R7) 680R
Added Member To Class: ClassName=TB6 Member=Component R7_TB6 (R7) 680R
Added Member To Class: ClassName=TB1 Member=Component R8_TB1 (R8) 1k
Added Member To Class: ClassName=TB2 Member=Component R8_TB2 (R8) 1k
Added Member To Class: ClassName=TB4 Member=Component R8_TB4 (R8) 1k
Added Member To Class: ClassName=TB5 Member=Component R8_TB5 (R8) 1k
Added Member To Class: ClassName=TB6 Member=Component R8_TB6 (R8) 1k
Added Member To Class: ClassName=TB2 Member=Component R9_TB2 (R9) 1k
Added Member To Class: ClassName=TB3 Member=Component R9_TB3 (R9) 1k
Added Member To Class: ClassName=TB1 Member=Component R10_TB1 (R10) 680R
Added Member To Class: ClassName=TB2 Member=Component R10_TB2 (R10) 680R
Added Member To Class: ClassName=TB3 Member=Component R10_TB3 (R10) 680R
Added Member To Class: ClassName=TB4 Member=Component R10_TB4 (R10) 680R
Added Member To Class: ClassName=TB5 Member=Component R10_TB5 (R10) 680R
Added Member To Class: ClassName=TB6 Member=Component R10_TB6 (R10) 680R
Added Member To Class: ClassName=TB1 Member=Component R11_TB1 (R11) 680R
Added Member To Class: ClassName=TB2 Member=Component R11_TB2 (R11) 680R
Added Member To Class: ClassName=TB3 Member=Component R11_TB3 (R11) 680R
Added Member To Class: ClassName=TB4 Member=Component R11_TB4 (R11) 680R
Added Member To Class: ClassName=TB5 Member=Component R11_TB5 (R11) 680R
Added Member To Class: ClassName=TB6 Member=Component R11_TB6 (R11) 680R
Added Member To Class: ClassName=TB3 Member=Component R12_TB3 (R12) 1k
Added Member To Class: ClassName=TB6 Member=Component R12_TB6 (R12) 1k
Added Member To Class: ClassName=TB1 Member=Component R13_TB1 (R13) 1k
Added Member To Class: ClassName=TB4 Member=Component R13_TB4 (R13) 1k
Added Member To Class: ClassName=TB5 Member=Component R13_TB5 (R13) 1k
Added Member To Class: ClassName=TB6 Member=Component R13_TB6 (R13) 1k
Added Member To Class: ClassName=TB1 Member=Component R14_TB1 (R14) 680R
Added Member To Class: ClassName=TB2 Member=Component R14_TB2 (R14) 680R
Added Member To Class: ClassName=TB3 Member=Component R14_TB3 (R14) 680R
Added Member To Class: ClassName=TB4 Member=Component R14_TB4 (R14) 680R
Added Member To Class: ClassName=TB5 Member=Component R14_TB5 (R14) 680R
Added Member To Class: ClassName=TB6 Member=Component R14_TB6 (R14) 680R
Add Class Member: Failed to add class member : Component RS1 RS
Add Class Member: Failed to add class member : Component U6 ADM3053
Added Room: Name=TB1
Added Room: Name=TB2
Added Room: Name=TB3
Added Room: Name=TB4
Added Room: Name=TB5
Added Room: Name=TB6
Added Room: Name=Top Level
Added Room: Name=U_CAN
Added Room: Name=U_Microcontroller
