Removed Pin From Net: NetName=0V Pin=C2-1
Removed Pin From Net: NetName=VBAT_F Pin=C2-2
Removed Pin From Net: NetName=0V Pin=C3-1
Removed Pin From Net: NetName=VBAT_F Pin=C3-2
Removed Pin From Net: NetName=0V Pin=C7-1
Removed Pin From Net: NetName=5V Pin=C7-2
Removed Pin From Net: NetName=0V Pin=C8-1
Removed Pin From Net: NetName=VBAT_F Pin=C8-2
Removed Pin From Net: NetName=NetU6_5 Pin=P9-2
Removed Pin From Net: NetName=NetR24_2 Pin=P9-3
Removed Pin From Net: NetName=0V Pin=R3-1
Removed Pin From Net: NetName=TempBank2_7 Pin=R28-2
Removed Pin From Net: NetName=5V Pin=U2-4
Removed Pin From Net: NetName=5V Pin=U2-5
Removed Pin From Net: NetName=5V Pin=U2-6
Removed Pin From Net: NetName=VBAT_F Pin=U2-14
Removed Pin From Net: NetName=VBAT_F Pin=U2-15
Removed Pin From Net: NetName=0V Pin=U2-16
Removed Pin From Net: NetName=0V Pin=U2-17
Removed Pin From Net: NetName=NetR30_1 Pin=U7-12
Removed Pin From Net: NetName=NetR24_2 Pin=U7-21
Removed Pin From Net: NetName=NetU6_5 Pin=U7-22
Removed Pin From Net: NetName=TempBank2_7 Pin=U7-33
Removed Member From Class: ClassName=U_Power Supply Member=C2
Removed Member From Class: ClassName=U_Power Supply Member=C3
Removed Member From Class: ClassName=U_Power Supply Member=C7
Removed Member From Class: ClassName=U_Power Supply Member=C8
Removed Member From Class: ClassName=U_Power Supply Member=C9
Removed Member From Class: ClassName=U_Power Supply Member=C10
Removed Member From Class: ClassName=U_Power Supply Member=C11
Removed Member From Class: ClassName=U_Power Supply Member=R2
Removed Member From Class: ClassName=U_Power Supply Member=R3
Removed Member From Class: ClassName=U_Power Supply Member=U2
Added Component: Designator=C?(0603)
Add component (AddParameter): Name = "Digikey Part Number"; Value = "490-6049-1-ND"; VariantName = "[No Variations]"
Add component (AddParameter): Name = "Manufacturer"; Value = "muRata"; VariantName = "[No Variations]"
Add component (AddParameter): Name = "Material"; Value = "MLCC"; VariantName = "[No Variations]"
Add component (AddParameter): Name = "Part Number"; Value = "GCM188L81H104KA57D"; VariantName = "[No Variations]"
Add component (AddParameter): Name = "Rated Voltage"; Value = "50V"; VariantName = "[No Variations]"
Add component (AddParameter): Name = "Temperature Rating"; Value = "X8L"; VariantName = "[No Variations]"
Add component (AddParameter): Name = "Tolerance"; Value = "±10%"; VariantName = "[No Variations]"
Add component (AddParameter): Name = "Value"; Value = "100nF"; VariantName = "[No Variations]"
Added Component: Designator=C?(0805)
Add component (AddParameter): Name = "Digikey Part Number"; Value = "490-10514-6-ND"; VariantName = "[No Variations]"
Add component (AddParameter): Name = "Manufacturer"; Value = "muRata"; VariantName = "[No Variations]"
Add component (AddParameter): Name = "Material"; Value = "MLCC"; VariantName = "[No Variations]"
Add component (AddParameter): Name = "Part Number"; Value = "GRM21BR6YA106KE43L"; VariantName = "[No Variations]"
Add component (AddParameter): Name = "Rated Voltage"; Value = "50V"; VariantName = "[No Variations]"
Add component (AddParameter): Name = "Temperature Rating"; Value = "X5R"; VariantName = "[No Variations]"
Add component (AddParameter): Name = "Tolerance"; Value = "10%"; VariantName = "[No Variations]"
Add component (AddParameter): Name = "Value"; Value = "10uF"; VariantName = "[No Variations]"
Add Component: Footprint Not Found 24-DIP Module, 7 Leads
Added Pin To Net: NetName=0V Pin=C?-1
Added Pin To Net: NetName=0V Pin=C?-1
Added Pin To Net: NetName=VBAT_F Pin=C?-2
Added Pin To Net: NetName=VBAT_F Pin=C?-2
Added Pin To Net: NetName=UART_RX Pin=P9-2
Added Pin To Net: NetName=UART_TX Pin=P9-3
Added Pin To Net: NetName=CAN_RX_INDC Pin=R28-2
Added Pin To Net: NetName=NetU7_12 Pin=U7-12
Added Pin To Net: NetName=UART_TX Pin=U7-21
Added Pin To Net: NetName=UART_RX Pin=U7-22
Added Pin To Net: NetName=CAN_RX_INDC Pin=U7-33
Add Pin To Net: Unknown Pin: Pin U?-2
Add Pin To Net: Unknown Pin: Pin U?-3
Add Pin To Net: Unknown Pin: Pin U?-22
Add Pin To Net: Unknown Pin: Pin U?-23
Added Member To Class: ClassName=U_Power Supply Member=Component C? 100nF
Added Member To Class: ClassName=U_Power Supply Member=Component C? 10uF
Add Class Member: Failed to add class member : Component U? JTC0424S05
Added Room: Name=U_Microcontroller
