Removed Pin From Net: NetName=TempBank1_1 Pin=P1-1
Removed Pin From Net: NetName=TempBank1_3 Pin=P1-2
Removed Pin From Net: NetName=TempBank1_5 Pin=P1-4
Removed Pin From Net: NetName=TempBank1_7 Pin=P1-5
Removed Pin From Net: NetName=TempBank1_2 Pin=P1-9
Removed Pin From Net: NetName=TempBank1_4 Pin=P1-10
Removed Pin From Net: NetName=TempBank1_8 Pin=P1-13
Added Pin To Net: NetName=0V (TMP) Pin=P1-1
Added Pin To Net: NetName=TempBank1_1 Pin=P1-2
Added Pin To Net: NetName=TempBank1_2 Pin=P1-4
Added Pin To Net: NetName=0V (TMP) Pin=P1-5
Added Pin To Net: NetName=TempBank1_3 Pin=P1-6
Added Pin To Net: NetName=0V (TMP) Pin=P1-7
Added Pin To Net: NetName=TempBank1_4 Pin=P1-8
Added Pin To Net: NetName=0V (TMP) Pin=P1-9
Added Pin To Net: NetName=TempBank1_5 Pin=P1-10
Added Pin To Net: NetName=0V (TMP) Pin=P1-13
Added Pin To Net: NetName=TempBank1_7 Pin=P1-14
Added Pin To Net: NetName=0V (TMP) Pin=P1-15
Added Pin To Net: NetName=TempBank1_8 Pin=P1-16
Added Room: Name=TB1
Added Room: Name=TB2
Added Room: Name=TB3
Added Room: Name=TB4
Added Room: Name=TB5
Added Room: Name=TB6
Added Room: Name=Top Level
Added Room: Name=U_CAN
Added Room: Name=U_Microcontroller
Added Room: Name=U_Power Supply
