Add Component: Footprint Not Found TDK 4-PC Pad
Added Component: Designator=U6(AD SOIC-W 20)
Add component (AddParameter): Name = "Digikey Link"; Value = "https://www.digikey.com/product-detail/en/analog-devices-inc/ADM3053BRWZ/ADM3053BRWZ-ND/2709332"; VariantName = "[No Variations]"
Add component (AddParameter): Name = "Digikey Part Number"; Value = "ADM3053BRWZ-ND"; VariantName = "[No Variations]"
Add component (AddParameter): Name = "Manufacturer"; Value = "Analogue Devices"; VariantName = "[No Variations]"
Add component (AddParameter): Name = "Part Number"; Value = "ADM3053"; VariantName = "[No Variations]"
Add Pin To Net: Unknown Pin: Pin L3-1
Add Pin To Net: Unknown Pin: Pin L3-2
Add Pin To Net: Unknown Pin: Pin L3-3
Add Pin To Net: Unknown Pin: Pin L3-4
Added Pin To Net: NetName=0V (ISO) Pin=U6-1
Added Pin To Net: NetName=0V (ISO) Pin=U6-3
Added Pin To Net: NetName=NetU6_4 Pin=U6-4
Added Pin To Net: NetName=NetU6_5 Pin=U6-5
Added Pin To Net: NetName=5V (ISO) Pin=U6-6
Added Pin To Net: NetName=0V (ISO) Pin=U6-7
Added Pin To Net: NetName=5V (ISO) Pin=U6-8
Added Pin To Net: NetName=0V (ISO) Pin=U6-9
Added Pin To Net: NetName=0V (ISO) Pin=U6-10
Added Pin To Net: NetName=CANS Pin=U6-11
Added Pin To Net: NetName=5V (CAN) Pin=U6-12
Added Pin To Net: NetName=CANS Pin=U6-13
Added Pin To Net: NetName=NetC39_2 Pin=U6-15
Added Pin To Net: NetName=CANS Pin=U6-16
Added Pin To Net: NetName=NetC40_2 Pin=U6-17
Added Pin To Net: NetName=NetR24_2 Pin=U6-18
Added Pin To Net: NetName=5V (CAN) Pin=U6-19
Added Pin To Net: NetName=CANS Pin=U6-20
Add Class Member: Failed to add class member : Component L3 B82787C0104H002
Added Member To Class: ClassName=U_CAN Member=Component U6 ADM3053
