Add Component: Footprint Not Found TDK 4-PC Pad
Added Component: Designator=P2(39293106)
Add component (AddParameter): Name = "Angle"; Value = "0"; VariantName = "[No Variations]"
Add component (AddParameter): Name = "Contact"; Value = "Tin"; VariantName = "[No Variations]"
Add component (AddParameter): Name = "Digikey Part Number"; Value = "WM3847-ND"; VariantName = "[No Variations]"
Add component (AddParameter): Name = "Flange"; Value = "No"; VariantName = "[No Variations]"
Add component (AddParameter): Name = "Part Number"; Value = "39293106"; VariantName = "[No Variations]"
Add component (AddParameter): Name = "Pitch"; Value = "4.2mm"; VariantName = "[No Variations]"
Add component (AddParameter): Name = "Positions"; Value = "10"; VariantName = "[No Variations]"
Add component (AddParameter): Name = "Row Spacing"; Value = "5.5mm"; VariantName = "[No Variations]"
Added Component: Designator=P4(39293106)
Add component (AddParameter): Name = "Angle"; Value = "0"; VariantName = "[No Variations]"
Add component (AddParameter): Name = "Contact"; Value = "Tin"; VariantName = "[No Variations]"
Add component (AddParameter): Name = "Digikey Part Number"; Value = "WM3847-ND"; VariantName = "[No Variations]"
Add component (AddParameter): Name = "Flange"; Value = "No"; VariantName = "[No Variations]"
Add component (AddParameter): Name = "Part Number"; Value = "39293106"; VariantName = "[No Variations]"
Add component (AddParameter): Name = "Pitch"; Value = "4.2mm"; VariantName = "[No Variations]"
Add component (AddParameter): Name = "Positions"; Value = "10"; VariantName = "[No Variations]"
Add component (AddParameter): Name = "Row Spacing"; Value = "5.5mm"; VariantName = "[No Variations]"
Added Component: Designator=P5(39293106)
Add component (AddParameter): Name = "Angle"; Value = "0"; VariantName = "[No Variations]"
Add component (AddParameter): Name = "Contact"; Value = "Tin"; VariantName = "[No Variations]"
Add component (AddParameter): Name = "Digikey Part Number"; Value = "WM3847-ND"; VariantName = "[No Variations]"
Add component (AddParameter): Name = "Flange"; Value = "No"; VariantName = "[No Variations]"
Add component (AddParameter): Name = "Part Number"; Value = "39293106"; VariantName = "[No Variations]"
Add component (AddParameter): Name = "Pitch"; Value = "4.2mm"; VariantName = "[No Variations]"
Add component (AddParameter): Name = "Positions"; Value = "10"; VariantName = "[No Variations]"
Add component (AddParameter): Name = "Row Spacing"; Value = "5.5mm"; VariantName = "[No Variations]"
Added Component: Designator=P6(39293106)
Add component (AddParameter): Name = "Angle"; Value = "0"; VariantName = "[No Variations]"
Add component (AddParameter): Name = "Contact"; Value = "Tin"; VariantName = "[No Variations]"
Add component (AddParameter): Name = "Digikey Part Number"; Value = "WM3847-ND"; VariantName = "[No Variations]"
Add component (AddParameter): Name = "Flange"; Value = "No"; VariantName = "[No Variations]"
Add component (AddParameter): Name = "Part Number"; Value = "39293106"; VariantName = "[No Variations]"
Add component (AddParameter): Name = "Pitch"; Value = "4.2mm"; VariantName = "[No Variations]"
Add component (AddParameter): Name = "Positions"; Value = "10"; VariantName = "[No Variations]"
Add component (AddParameter): Name = "Row Spacing"; Value = "5.5mm"; VariantName = "[No Variations]"
Added Component: Designator=P7(39293106)
Add component (AddParameter): Name = "Angle"; Value = "0"; VariantName = "[No Variations]"
Add component (AddParameter): Name = "Contact"; Value = "Tin"; VariantName = "[No Variations]"
Add component (AddParameter): Name = "Digikey Part Number"; Value = "WM3847-ND"; VariantName = "[No Variations]"
Add component (AddParameter): Name = "Flange"; Value = "No"; VariantName = "[No Variations]"
Add component (AddParameter): Name = "Part Number"; Value = "39293106"; VariantName = "[No Variations]"
Add component (AddParameter): Name = "Pitch"; Value = "4.2mm"; VariantName = "[No Variations]"
Add component (AddParameter): Name = "Positions"; Value = "10"; VariantName = "[No Variations]"
Add component (AddParameter): Name = "Row Spacing"; Value = "5.5mm"; VariantName = "[No Variations]"
Add Component: Footprint Not Found SMD Test Point 1mm
Add Component: Footprint Not Found AD SOIC-W 20
Add Pin To Net: Unknown Pin: Pin L3-1
Add Pin To Net: Unknown Pin: Pin L3-2
Add Pin To Net: Unknown Pin: Pin L3-3
Add Pin To Net: Unknown Pin: Pin L3-4
Added Pin To Net: NetName=TempBank2_2 Pin=P2-1
Added Pin To Net: NetName=TempBank2_1 Pin=P2-2
Added Pin To Net: NetName=TempBank2_4 Pin=P2-3
Added Pin To Net: NetName=TempBank2_3 Pin=P2-4
Added Pin To Net: NetName=0V (TMP) Pin=P2-5
Added Pin To Net: NetName=0V (TMP) Pin=P2-6
Added Pin To Net: NetName=TempBank2_6 Pin=P2-7
Added Pin To Net: NetName=TempBank2_5 Pin=P2-8
Added Pin To Net: NetName=TempBank2_8 Pin=P2-9
Added Pin To Net: NetName=TempBank2_7 Pin=P2-10
Added Pin To Net: NetName=TempBank3_2 Pin=P4-1
Added Pin To Net: NetName=TempBank3_1 Pin=P4-2
Added Pin To Net: NetName=TempBank3_4 Pin=P4-3
Added Pin To Net: NetName=TempBank3_3 Pin=P4-4
Added Pin To Net: NetName=0V (TMP) Pin=P4-5
Added Pin To Net: NetName=0V (TMP) Pin=P4-6
Added Pin To Net: NetName=TempBank3_6 Pin=P4-7
Added Pin To Net: NetName=TempBank3_5 Pin=P4-8
Added Pin To Net: NetName=TempBank3_8 Pin=P4-9
Added Pin To Net: NetName=TempBank3_7 Pin=P4-10
Added Pin To Net: NetName=TempBank4_2 Pin=P5-1
Added Pin To Net: NetName=TempBank4_1 Pin=P5-2
Added Pin To Net: NetName=TempBank4_4 Pin=P5-3
Added Pin To Net: NetName=TempBank4_3 Pin=P5-4
Added Pin To Net: NetName=0V (TMP) Pin=P5-5
Added Pin To Net: NetName=0V (TMP) Pin=P5-6
Added Pin To Net: NetName=TempBank4_6 Pin=P5-7
Added Pin To Net: NetName=TempBank4_5 Pin=P5-8
Added Pin To Net: NetName=TempBank4_8 Pin=P5-9
Added Pin To Net: NetName=TempBank4_7 Pin=P5-10
Added Pin To Net: NetName=TempBank5_2 Pin=P6-1
Added Pin To Net: NetName=TempBank5_1 Pin=P6-2
Added Pin To Net: NetName=TempBank5_4 Pin=P6-3
Added Pin To Net: NetName=TempBank5_3 Pin=P6-4
Added Pin To Net: NetName=0V (TMP) Pin=P6-5
Added Pin To Net: NetName=0V (TMP) Pin=P6-6
Added Pin To Net: NetName=TempBank5_6 Pin=P6-7
Added Pin To Net: NetName=TempBank5_5 Pin=P6-8
Added Pin To Net: NetName=TempBank5_8 Pin=P6-9
Added Pin To Net: NetName=TempBank5_7 Pin=P6-10
Added Pin To Net: NetName=TempBank6_2 Pin=P7-1
Added Pin To Net: NetName=TempBank6_1 Pin=P7-2
Added Pin To Net: NetName=TempBank6_4 Pin=P7-3
Added Pin To Net: NetName=TempBank6_3 Pin=P7-4
Added Pin To Net: NetName=0V (TMP) Pin=P7-5
Added Pin To Net: NetName=0V (TMP) Pin=P7-6
Added Pin To Net: NetName=TempBank6_6 Pin=P7-7
Added Pin To Net: NetName=TempBank6_5 Pin=P7-8
Added Pin To Net: NetName=TempBank6_8 Pin=P7-9
Added Pin To Net: NetName=TempBank6_7 Pin=P7-10
Add Pin To Net: Unknown Pin: Pin RS1-1
Add Pin To Net: Unknown Pin: Pin U6-1
Add Pin To Net: Unknown Pin: Pin U6-3
Add Pin To Net: Unknown Pin: Pin U6-4
Add Pin To Net: Unknown Pin: Pin U6-5
Add Pin To Net: Unknown Pin: Pin U6-6
Add Pin To Net: Unknown Pin: Pin U6-7
Add Pin To Net: Unknown Pin: Pin U6-8
Add Pin To Net: Unknown Pin: Pin U6-9
Add Pin To Net: Unknown Pin: Pin U6-10
Add Pin To Net: Unknown Pin: Pin U6-11
Add Pin To Net: Unknown Pin: Pin U6-12
Add Pin To Net: Unknown Pin: Pin U6-13
Add Pin To Net: Unknown Pin: Pin U6-15
Add Pin To Net: Unknown Pin: Pin U6-16
Add Pin To Net: Unknown Pin: Pin U6-17
Add Pin To Net: Unknown Pin: Pin U6-18
Add Pin To Net: Unknown Pin: Pin U6-19
Add Pin To Net: Unknown Pin: Pin U6-20
Add Class Member: Failed to add class member : Component L3 B82787C0104H002
Added Member To Class: ClassName=Top Level Member=Component P2 39293106
Added Member To Class: ClassName=Top Level Member=Component P4 39293106
Added Member To Class: ClassName=Top Level Member=Component P5 39293106
Added Member To Class: ClassName=Top Level Member=Component P6 39293106
Added Member To Class: ClassName=Top Level Member=Component P7 39293106
Add Class Member: Failed to add class member : Component RS1 RS
Add Class Member: Failed to add class member : Component U6 ADM3053
