Removed Pin From Net: NetName=NetC40_2 Pin=C39-2
Removed Pin From Net: NetName=NetC39_2 Pin=C40-2
Removed Pin From Net: NetName=0V_(ISO) Pin=C45-1
Removed Pin From Net: NetName=0V_(ISO) Pin=C46-1
Removed Pin From Net: NetName=NetC39_2 Pin=L3-3
Removed Pin From Net: NetName=NetC40_2 Pin=L3-4
Removed Pin From Net: NetName=NRST Pin=q-1
Removed Pin From Net: NetName=0V_(ISO) Pin=q-2
Removed Pin From Net: NetName=SWCLK Pin=q-4
Removed Pin From Net: NetName=SWDIO Pin=q-6
Removed Pin From Net: NetName=3V3 Pin=q-7
Removed Pin From Net: NetName=3V3 Pin=q-8
Removed Pin From Net: NetName=0V_(ISO) Pin=U7-37
Removed Member From Class: ClassName=U_Microcontroller Member=C45
Removed Member From Class: ClassName=U_Microcontroller Member=C46
Removed Member From Class: ClassName=U_Microcontroller Member=q
Removed Member From Class: ClassName=U_Microcontroller Member=R33
Removed Member From Class: ClassName=U_Microcontroller Member=X1
Added Component: Designator=P8(3221-10-0300-00)
Add component (AddParameter): Name = "Angle"; Value = "0"; VariantName = "[No Variations]"
Add component (AddParameter): Name = "Contact"; Value = "NA"; VariantName = "[No Variations]"
Add component (AddParameter): Name = "Flange"; Value = "No"; VariantName = "[No Variations]"
Add component (AddParameter): Name = "Part Number"; Value = "SMD 1.27mm Header 2x5 (3221-10-0300-00)"; VariantName = "[No Variations]"
Add component (AddParameter): Name = "Pitch"; Value = "1.27mm"; VariantName = "[No Variations]"
Add component (AddParameter): Name = "Positions"; Value = "10"; VariantName = "[No Variations]"
Add component (AddParameter): Name = "Row Spacing"; Value = "1.27mm"; VariantName = "[No Variations]"
Added Pin To Net: NetName=NetC39_2 Pin=C39-2
Added Pin To Net: NetName=NetC40_2 Pin=C40-2
Added Pin To Net: NetName=NetC40_2 Pin=L3-3
Added Pin To Net: NetName=NetC39_2 Pin=L3-4
Added Pin To Net: NetName=NRST Pin=P8-1
Added Pin To Net: NetName=0V_(ISO) Pin=P8-2
Added Pin To Net: NetName=SWCLK Pin=P8-4
Added Pin To Net: NetName=SWDIO Pin=P8-6
Added Pin To Net: NetName=3V3 Pin=P8-7
Added Pin To Net: NetName=3V3 Pin=P8-8
Added Member To Class: ClassName=U_Microcontroller Member=Component P8 1.27mm
Added Room: Name=TB1
Added Room: Name=TB2
Added Room: Name=TB3
Added Room: Name=TB4
Added Room: Name=TB5
Added Room: Name=TB6
Added Room: Name=Top Level
Added Room: Name=U_CAN
Added Room: Name=U_Microcontroller
Added Room: Name=U_Power Supply
