Removed Pin From Net: NetName=0V_(ISO) Pin=C12-1
Removed Pin From Net: NetName=3V3 Pin=C12-2
Removed Pin From Net: NetName=3V3 Pin=L2-1
Removed Pin From Net: NetName=0V Pin=U3-1
Removed Pin From Net: NetName=5V Pin=U3-2
Removed Pin From Net: NetName=0V_(ISO) Pin=U3-4
Removed Member From Class: ClassName=U_Power Supply Member=C12
Removed Member From Class: ClassName=U_Power Supply Member=L2
Removed Member From Class: ClassName=U_Power Supply Member=U3
Change Component Designator: OldDesignator=C? NewDesignator=C2
Change Component Designator: OldDesignator=C? NewDesignator=C7
Added Component: Designator=C3(0805)
Add component (AddParameter): Name = "Digikey Part Number"; Value = "490-10511-1-ND"; VariantName = "[No Variations]"
Add component (AddParameter): Name = "Manufacturer"; Value = "muRata"; VariantName = "[No Variations]"
Add component (AddParameter): Name = "Material"; Value = "MLCC"; VariantName = "[No Variations]"
Add component (AddParameter): Name = "Part Number"; Value = "GRM21BR61A226ME51L"; VariantName = "[No Variations]"
Add component (AddParameter): Name = "Rated Voltage"; Value = "10V"; VariantName = "[No Variations]"
Add component (AddParameter): Name = "Temperature Rating"; Value = "X5R"; VariantName = "[No Variations]"
Add component (AddParameter): Name = "Tolerance"; Value = "20%"; VariantName = "[No Variations]"
Add component (AddParameter): Name = "Value"; Value = "22uF"; VariantName = "[No Variations]"
Add Component: Footprint Not Found 24-DIP Module, 7 Leads
Added Pin To Net: NetName=0V_(ISO) Pin=C3-1
Added Pin To Net: NetName=5V Pin=C3-2
Add Pin To Net: Unknown Pin: Pin U2-2
Add Pin To Net: Unknown Pin: Pin U2-3
Add Pin To Net: Unknown Pin: Pin U2-14
Add Pin To Net: Unknown Pin: Pin U2-16
Add Pin To Net: Unknown Pin: Pin U2-22
Add Pin To Net: Unknown Pin: Pin U2-23
Added Member To Class: ClassName=U_Power Supply Member=Component C3 22uF
Added Member To Class: ClassName=U_Power Supply Member=Component C7 10uF
Add Class Member: Failed to add class member : Component U2 JTC0424S05
