Removed Pin From Net: NetName=TempBank2_2 Pin=P2-1
Removed Pin From Net: NetName=TempBank2_4 Pin=P2-3
Removed Pin From Net: NetName=TempBank2_3 Pin=P2-4
Removed Pin From Net: NetName=0V (TMP) Pin=P2-6
Removed Pin From Net: NetName=TempBank2_6 Pin=P2-7
Removed Pin From Net: NetName=TempBank2_5 Pin=P2-8
Removed Pin From Net: NetName=TempBank2_8 Pin=P2-9
Removed Pin From Net: NetName=TempBank2_7 Pin=P2-10
Removed Pin From Net: NetName=TempBank3_2 Pin=P4-1
Removed Pin From Net: NetName=TempBank3_4 Pin=P4-3
Removed Pin From Net: NetName=TempBank3_3 Pin=P4-4
Removed Pin From Net: NetName=0V (TMP) Pin=P4-6
Removed Pin From Net: NetName=TempBank3_6 Pin=P4-7
Removed Pin From Net: NetName=TempBank3_5 Pin=P4-8
Removed Pin From Net: NetName=TempBank3_8 Pin=P4-9
Removed Pin From Net: NetName=TempBank3_7 Pin=P4-10
Removed Pin From Net: NetName=TempBank4_2 Pin=P5-1
Removed Pin From Net: NetName=TempBank4_4 Pin=P5-3
Removed Pin From Net: NetName=TempBank4_3 Pin=P5-4
Removed Pin From Net: NetName=0V (TMP) Pin=P5-6
Removed Pin From Net: NetName=TempBank4_6 Pin=P5-7
Removed Pin From Net: NetName=TempBank4_5 Pin=P5-8
Removed Pin From Net: NetName=TempBank4_8 Pin=P5-9
Removed Pin From Net: NetName=TempBank4_7 Pin=P5-10
Removed Pin From Net: NetName=TempBank5_2 Pin=P6-1
Removed Pin From Net: NetName=TempBank5_4 Pin=P6-3
Removed Pin From Net: NetName=TempBank5_3 Pin=P6-4
Removed Pin From Net: NetName=0V (TMP) Pin=P6-6
Removed Pin From Net: NetName=TempBank5_6 Pin=P6-7
Removed Pin From Net: NetName=TempBank5_5 Pin=P6-8
Removed Pin From Net: NetName=TempBank5_8 Pin=P6-9
Removed Pin From Net: NetName=TempBank5_7 Pin=P6-10
Removed Pin From Net: NetName=TempBank6_2 Pin=P7-1
Removed Pin From Net: NetName=TempBank6_4 Pin=P7-3
Removed Pin From Net: NetName=TempBank6_3 Pin=P7-4
Removed Pin From Net: NetName=0V (TMP) Pin=P7-6
Removed Pin From Net: NetName=TempBank6_6 Pin=P7-7
Removed Pin From Net: NetName=TempBank6_5 Pin=P7-8
Removed Pin From Net: NetName=TempBank6_8 Pin=P7-9
Removed Pin From Net: NetName=TempBank6_7 Pin=P7-10
Change Component Footprint: Designator=P2 Old Footprint=39293106 New Footprint=B16B-PHDSS
Change Component Footprint: Designator=P4 Old Footprint=39293106 New Footprint=B16B-PHDSS
Change Component Footprint: Designator=P5 Old Footprint=39293106 New Footprint=B16B-PHDSS
Change Component Footprint: Designator=P6 Old Footprint=39293106 New Footprint=B16B-PHDSS
Change Component Footprint: Designator=P7 Old Footprint=39293106 New Footprint=B16B-PHDSS
Change Component Comment : Designator=P2 Old Comment=39293106 New Comment=Header 2x8
Change Component Comment : Designator=P4 Old Comment=39293106 New Comment=Header 2x8
Change Component Comment : Designator=P5 Old Comment=39293106 New Comment=Header 2x8
Change Component Comment : Designator=P6 Old Comment=39293106 New Comment=Header 2x8
Change Component Comment : Designator=P7 Old Comment=39293106 New Comment=Header 2x8
Change component parameters: Designator = "P2" ("P2"); Footprint = "39293106"; UniqueID = "\SRMTOZEL" ("\SRMTOZEL")
Change component parameters (AddParameter): Name = "Angle"; Value = "0"; VariantName = "[No Variations]"
Change component parameters (AddParameter): Name = "Contact"; Value = "Tin"; VariantName = "[No Variations]"
Change component parameters (AddParameter): Name = "Flange"; Value = "No"; VariantName = "[No Variations]"
Change component parameters (AddParameter): Name = "Part Number"; Value = "B16B-PHDSS"; VariantName = "[No Variations]"
Change component parameters (AddParameter): Name = "Pitch"; Value = "2.00mm"; VariantName = "[No Variations]"
Change component parameters (AddParameter): Name = "Positions"; Value = "16"; VariantName = "[No Variations]"
Change component parameters (AddParameter): Name = "Row Spacing"; Value = "2.00mm"; VariantName = "[No Variations]"
Change component parameters: Designator = "P4" ("P4"); Footprint = "39293106"; UniqueID = "\QUFAKYDX" ("\QUFAKYDX")
Change component parameters (AddParameter): Name = "Angle"; Value = "0"; VariantName = "[No Variations]"
Change component parameters (AddParameter): Name = "Contact"; Value = "Tin"; VariantName = "[No Variations]"
Change component parameters (AddParameter): Name = "Flange"; Value = "No"; VariantName = "[No Variations]"
Change component parameters (AddParameter): Name = "Part Number"; Value = "B16B-PHDSS"; VariantName = "[No Variations]"
Change component parameters (AddParameter): Name = "Pitch"; Value = "2.00mm"; VariantName = "[No Variations]"
Change component parameters (AddParameter): Name = "Positions"; Value = "16"; VariantName = "[No Variations]"
Change component parameters (AddParameter): Name = "Row Spacing"; Value = "2.00mm"; VariantName = "[No Variations]"
Change component parameters: Designator = "P5" ("P5"); Footprint = "39293106"; UniqueID = "\XRNEGYLT" ("\XRNEGYLT")
Change component parameters (AddParameter): Name = "Angle"; Value = "0"; VariantName = "[No Variations]"
Change component parameters (AddParameter): Name = "Contact"; Value = "Tin"; VariantName = "[No Variations]"
Change component parameters (AddParameter): Name = "Flange"; Value = "No"; VariantName = "[No Variations]"
Change component parameters (AddParameter): Name = "Part Number"; Value = "B16B-PHDSS"; VariantName = "[No Variations]"
Change component parameters (AddParameter): Name = "Pitch"; Value = "2.00mm"; VariantName = "[No Variations]"
Change component parameters (AddParameter): Name = "Positions"; Value = "16"; VariantName = "[No Variations]"
Change component parameters (AddParameter): Name = "Row Spacing"; Value = "2.00mm"; VariantName = "[No Variations]"
Change component parameters: Designator = "P6" ("P6"); Footprint = "39293106"; UniqueID = "\BLDGDVHM" ("\BLDGDVHM")
Change component parameters (AddParameter): Name = "Angle"; Value = "0"; VariantName = "[No Variations]"
Change component parameters (AddParameter): Name = "Contact"; Value = "Tin"; VariantName = "[No Variations]"
Change component parameters (AddParameter): Name = "Flange"; Value = "No"; VariantName = "[No Variations]"
Change component parameters (AddParameter): Name = "Part Number"; Value = "B16B-PHDSS"; VariantName = "[No Variations]"
Change component parameters (AddParameter): Name = "Pitch"; Value = "2.00mm"; VariantName = "[No Variations]"
Change component parameters (AddParameter): Name = "Positions"; Value = "16"; VariantName = "[No Variations]"
Change component parameters (AddParameter): Name = "Row Spacing"; Value = "2.00mm"; VariantName = "[No Variations]"
Change component parameters: Designator = "P7" ("P7"); Footprint = "39293106"; UniqueID = "\RAMMHYPC" ("\RAMMHYPC")
Change component parameters (AddParameter): Name = "Angle"; Value = "0"; VariantName = "[No Variations]"
Change component parameters (AddParameter): Name = "Contact"; Value = "Tin"; VariantName = "[No Variations]"
Change component parameters (AddParameter): Name = "Flange"; Value = "No"; VariantName = "[No Variations]"
Change component parameters (AddParameter): Name = "Part Number"; Value = "B16B-PHDSS"; VariantName = "[No Variations]"
Change component parameters (AddParameter): Name = "Pitch"; Value = "2.00mm"; VariantName = "[No Variations]"
Change component parameters (AddParameter): Name = "Positions"; Value = "16"; VariantName = "[No Variations]"
Change component parameters (AddParameter): Name = "Row Spacing"; Value = "2.00mm"; VariantName = "[No Variations]"
Added Pin To Net: NetName=0V (TMP) Pin=P2-1
Added Pin To Net: NetName=0V (TMP) Pin=P2-3
Added Pin To Net: NetName=TempBank2_2 Pin=P2-4
Added Pin To Net: NetName=TempBank2_3 Pin=P2-6
Added Pin To Net: NetName=0V (TMP) Pin=P2-7
Added Pin To Net: NetName=TempBank2_4 Pin=P2-8
Added Pin To Net: NetName=0V (TMP) Pin=P2-9
Added Pin To Net: NetName=TempBank2_5 Pin=P2-10
Added Pin To Net: NetName=0V (TMP) Pin=P2-11
Added Pin To Net: NetName=TempBank2_6 Pin=P2-12
Added Pin To Net: NetName=0V (TMP) Pin=P2-13
Added Pin To Net: NetName=TempBank2_7 Pin=P2-14
Added Pin To Net: NetName=0V (TMP) Pin=P2-15
Added Pin To Net: NetName=TempBank2_8 Pin=P2-16
Added Pin To Net: NetName=0V (TMP) Pin=P4-1
Added Pin To Net: NetName=0V (TMP) Pin=P4-3
Added Pin To Net: NetName=TempBank3_2 Pin=P4-4
Added Pin To Net: NetName=TempBank3_3 Pin=P4-6
Added Pin To Net: NetName=0V (TMP) Pin=P4-7
Added Pin To Net: NetName=TempBank3_4 Pin=P4-8
Added Pin To Net: NetName=0V (TMP) Pin=P4-9
Added Pin To Net: NetName=TempBank3_5 Pin=P4-10
Added Pin To Net: NetName=0V (TMP) Pin=P4-11
Added Pin To Net: NetName=TempBank3_6 Pin=P4-12
Added Pin To Net: NetName=0V (TMP) Pin=P4-13
Added Pin To Net: NetName=TempBank3_7 Pin=P4-14
Added Pin To Net: NetName=0V (TMP) Pin=P4-15
Added Pin To Net: NetName=TempBank3_8 Pin=P4-16
Added Pin To Net: NetName=0V (TMP) Pin=P5-1
Added Pin To Net: NetName=0V (TMP) Pin=P5-3
Added Pin To Net: NetName=TempBank4_2 Pin=P5-4
Added Pin To Net: NetName=TempBank4_3 Pin=P5-6
Added Pin To Net: NetName=0V (TMP) Pin=P5-7
Added Pin To Net: NetName=TempBank4_4 Pin=P5-8
Added Pin To Net: NetName=0V (TMP) Pin=P5-9
Added Pin To Net: NetName=TempBank4_5 Pin=P5-10
Added Pin To Net: NetName=0V (TMP) Pin=P5-11
Added Pin To Net: NetName=TempBank4_6 Pin=P5-12
Added Pin To Net: NetName=0V (TMP) Pin=P5-13
Added Pin To Net: NetName=TempBank4_7 Pin=P5-14
Added Pin To Net: NetName=0V (TMP) Pin=P5-15
Added Pin To Net: NetName=TempBank4_8 Pin=P5-16
Added Pin To Net: NetName=0V (TMP) Pin=P6-1
Added Pin To Net: NetName=0V (TMP) Pin=P6-3
Added Pin To Net: NetName=TempBank5_2 Pin=P6-4
Added Pin To Net: NetName=TempBank5_3 Pin=P6-6
Added Pin To Net: NetName=0V (TMP) Pin=P6-7
Added Pin To Net: NetName=TempBank5_4 Pin=P6-8
Added Pin To Net: NetName=0V (TMP) Pin=P6-9
Added Pin To Net: NetName=TempBank5_5 Pin=P6-10
Added Pin To Net: NetName=0V (TMP) Pin=P6-11
Added Pin To Net: NetName=TempBank5_6 Pin=P6-12
Added Pin To Net: NetName=0V (TMP) Pin=P6-13
Added Pin To Net: NetName=TempBank5_7 Pin=P6-14
Added Pin To Net: NetName=0V (TMP) Pin=P6-15
Added Pin To Net: NetName=TempBank5_8 Pin=P6-16
Added Pin To Net: NetName=0V (TMP) Pin=P7-1
Added Pin To Net: NetName=0V (TMP) Pin=P7-3
Added Pin To Net: NetName=TempBank6_2 Pin=P7-4
Added Pin To Net: NetName=TempBank6_3 Pin=P7-6
Added Pin To Net: NetName=0V (TMP) Pin=P7-7
Added Pin To Net: NetName=TempBank6_4 Pin=P7-8
Added Pin To Net: NetName=0V (TMP) Pin=P7-9
Added Pin To Net: NetName=TempBank6_5 Pin=P7-10
Added Pin To Net: NetName=0V (TMP) Pin=P7-11
Added Pin To Net: NetName=TempBank6_6 Pin=P7-12
Added Pin To Net: NetName=0V (TMP) Pin=P7-13
Added Pin To Net: NetName=TempBank6_7 Pin=P7-14
Added Pin To Net: NetName=0V (TMP) Pin=P7-15
Added Pin To Net: NetName=TempBank6_8 Pin=P7-16
