Added Component: Designator=BOOT1(TH 2.54mm Header 2x3)
Add component (AddParameter): Name = "Angle"; Value = "0"; VariantName = "[No Variations]"
Add component (AddParameter): Name = "Contact"; Value = "NA"; VariantName = "[No Variations]"
Add component (AddParameter): Name = "Flange"; Value = "No"; VariantName = "[No Variations]"
Add component (AddParameter): Name = "Part Number"; Value = "TH 2.54mm Header 2x3"; VariantName = "[No Variations]"
Add component (AddParameter): Name = "Pitch"; Value = "2.54mm"; VariantName = "[No Variations]"
Add component (AddParameter): Name = "Positions"; Value = "6"; VariantName = "[No Variations]"
Add component (AddParameter): Name = "Row Spacing"; Value = "2.54mm"; VariantName = "[No Variations]"
Added Component: Designator=C28(FP-GCM319-0_15-IPC_A)
Add component (AddParameter): Name = "Capacitance"; Value = "10nF"; VariantName = "[No Variations]"
Add component (AddParameter): Name = "Case Code (Imperial)"; Value = "1206"; VariantName = "[No Variations]"
Add component (AddParameter): Name = "Case Code (Metric)"; Value = "3216"; VariantName = "[No Variations]"
Add component (AddParameter): Name = "Case/Package"; Value = "1206"; VariantName = "[No Variations]"
Add component (AddParameter): Name = "Construction"; Value = "Flat"; VariantName = "[No Variations]"
Add component (AddParameter): Name = "Depth"; Value = "1.6mm"; VariantName = "[No Variations]"
Add component (AddParameter): Name = "Dielectric"; Value = "C0G"; VariantName = "[No Variations]"
Add component (AddParameter): Name = "Height"; Value = "0.85mm"; VariantName = "[No Variations]"
Add component (AddParameter): Name = "Lead Free"; Value = "Lead Free"; VariantName = "[No Variations]"
Add component (AddParameter): Name = "Length"; Value = "3.2mm"; VariantName = "[No Variations]"
Add component (AddParameter): Name = "Max Operating Temperature"; Value = "125°C"; VariantName = "[No Variations]"
Add component (AddParameter): Name = "Min Operating Temperature"; Value = "-55°C"; VariantName = "[No Variations]"
Add component (AddParameter): Name = "Mount"; Value = "Surface Mount"; VariantName = "[No Variations]"
Add component (AddParameter): Name = "Package Quantity"; Value = "1"; VariantName = "[No Variations]"
Add component (AddParameter): Name = "Packaging"; Value = "Tape and Reel"; VariantName = "[No Variations]"
Add component (AddParameter): Name = "Radiation Hardening"; Value = "No"; VariantName = "[No Variations]"
Add component (AddParameter): Name = "Ratings"; Value = "AEC-Q200"; VariantName = "[No Variations]"
Add component (AddParameter): Name = "RoHS Compliant"; Value = "Yes"; VariantName = "[No Variations]"
Add component (AddParameter): Name = "Series"; Value = "GCM"; VariantName = "[No Variations]"
Add component (AddParameter): Name = "Termination"; Value = "SMD/SMT"; VariantName = "[No Variations]"
Add component (AddParameter): Name = "Thickness"; Value = "0.037inch"; VariantName = "[No Variations]"
Add component (AddParameter): Name = "Tolerance"; Value = "5%"; VariantName = "[No Variations]"
Add component (AddParameter): Name = "Voltage Rating"; Value = "100V"; VariantName = "[No Variations]"
Add component (AddParameter): Name = "Voltage Rating (DC)"; Value = "100V"; VariantName = "[No Variations]"
Add component (AddParameter): Name = "Width"; Value = "0.063inch"; VariantName = "[No Variations]"
Added Component: Designator=C29(0805)
Add component (AddParameter): Name = "Capacitance"; Value = "100nF"; VariantName = "[No Variations]"
Add component (AddParameter): Name = "Case Code (Imperial)"; Value = "0805"; VariantName = "[No Variations]"
Add component (AddParameter): Name = "Case Code (Metric)"; Value = "2012"; VariantName = "[No Variations]"
Add component (AddParameter): Name = "Case/Package"; Value = "0805"; VariantName = "[No Variations]"
Add component (AddParameter): Name = "Construction"; Value = "Flat"; VariantName = "[No Variations]"
Add component (AddParameter): Name = "Depth"; Value = "1.25mm"; VariantName = "[No Variations]"
Add component (AddParameter): Name = "Dielectric"; Value = "X7R"; VariantName = "[No Variations]"
Add component (AddParameter): Name = "Height"; Value = "1.25mm"; VariantName = "[No Variations]"
Add component (AddParameter): Name = "Length"; Value = "2mm"; VariantName = "[No Variations]"
Add component (AddParameter): Name = "Max Operating Temperature"; Value = "125°C"; VariantName = "[No Variations]"
Add component (AddParameter): Name = "Min Operating Temperature"; Value = "-55°C"; VariantName = "[No Variations]"
Add component (AddParameter): Name = "Mount"; Value = "Surface Mount"; VariantName = "[No Variations]"
Add component (AddParameter): Name = "Package Quantity"; Value = "3000"; VariantName = "[No Variations]"
Add component (AddParameter): Name = "Packaging"; Value = "Tape and Reel"; VariantName = "[No Variations]"
Add component (AddParameter): Name = "Radiation Hardening"; Value = "No"; VariantName = "[No Variations]"
Add component (AddParameter): Name = "Ratings"; Value = "AEC-Q200"; VariantName = "[No Variations]"
Add component (AddParameter): Name = "RoHS Compliant"; Value = "Yes"; VariantName = "[No Variations]"
Add component (AddParameter): Name = "Series"; Value = "GCM"; VariantName = "[No Variations]"
Add component (AddParameter): Name = "Termination"; Value = "SMD/SMT"; VariantName = "[No Variations]"
Add component (AddParameter): Name = "Thickness"; Value = "0.055inch"; VariantName = "[No Variations]"
Add component (AddParameter): Name = "Tolerance"; Value = "10%"; VariantName = "[No Variations]"
Add component (AddParameter): Name = "Value"; Value = ""; VariantName = "[No Variations]"
Add component (AddParameter): Name = "Voltage Rating"; Value = "25V"; VariantName = "[No Variations]"
Add component (AddParameter): Name = "Voltage Rating (DC)"; Value = "25V"; VariantName = "[No Variations]"
Add component (AddParameter): Name = "Width"; Value = "1.25mm"; VariantName = "[No Variations]"
Added Component: Designator=C30(FP-GCM319-0_15-IPC_A)
Add component (AddParameter): Name = "Capacitance"; Value = "10nF"; VariantName = "[No Variations]"
Add component (AddParameter): Name = "Case Code (Imperial)"; Value = "1206"; VariantName = "[No Variations]"
Add component (AddParameter): Name = "Case Code (Metric)"; Value = "3216"; VariantName = "[No Variations]"
Add component (AddParameter): Name = "Case/Package"; Value = "1206"; VariantName = "[No Variations]"
Add component (AddParameter): Name = "Construction"; Value = "Flat"; VariantName = "[No Variations]"
Add component (AddParameter): Name = "Depth"; Value = "1.6mm"; VariantName = "[No Variations]"
Add component (AddParameter): Name = "Dielectric"; Value = "C0G"; VariantName = "[No Variations]"
Add component (AddParameter): Name = "Height"; Value = "0.85mm"; VariantName = "[No Variations]"
Add component (AddParameter): Name = "Lead Free"; Value = "Lead Free"; VariantName = "[No Variations]"
Add component (AddParameter): Name = "Length"; Value = "3.2mm"; VariantName = "[No Variations]"
Add component (AddParameter): Name = "Max Operating Temperature"; Value = "125°C"; VariantName = "[No Variations]"
Add component (AddParameter): Name = "Min Operating Temperature"; Value = "-55°C"; VariantName = "[No Variations]"
Add component (AddParameter): Name = "Mount"; Value = "Surface Mount"; VariantName = "[No Variations]"
Add component (AddParameter): Name = "Package Quantity"; Value = "1"; VariantName = "[No Variations]"
Add component (AddParameter): Name = "Packaging"; Value = "Tape and Reel"; VariantName = "[No Variations]"
Add component (AddParameter): Name = "Radiation Hardening"; Value = "No"; VariantName = "[No Variations]"
Add component (AddParameter): Name = "Ratings"; Value = "AEC-Q200"; VariantName = "[No Variations]"
Add component (AddParameter): Name = "RoHS Compliant"; Value = "Yes"; VariantName = "[No Variations]"
Add component (AddParameter): Name = "Series"; Value = "GCM"; VariantName = "[No Variations]"
Add component (AddParameter): Name = "Termination"; Value = "SMD/SMT"; VariantName = "[No Variations]"
Add component (AddParameter): Name = "Thickness"; Value = "0.037inch"; VariantName = "[No Variations]"
Add component (AddParameter): Name = "Tolerance"; Value = "5%"; VariantName = "[No Variations]"
Add component (AddParameter): Name = "Voltage Rating"; Value = "100V"; VariantName = "[No Variations]"
Add component (AddParameter): Name = "Voltage Rating (DC)"; Value = "100V"; VariantName = "[No Variations]"
Add component (AddParameter): Name = "Width"; Value = "0.063inch"; VariantName = "[No Variations]"
Added Component: Designator=C31(0805)
Add component (AddParameter): Name = "Capacitance"; Value = "100nF"; VariantName = "[No Variations]"
Add component (AddParameter): Name = "Case Code (Imperial)"; Value = "0805"; VariantName = "[No Variations]"
Add component (AddParameter): Name = "Case Code (Metric)"; Value = "2012"; VariantName = "[No Variations]"
Add component (AddParameter): Name = "Case/Package"; Value = "0805"; VariantName = "[No Variations]"
Add component (AddParameter): Name = "Construction"; Value = "Flat"; VariantName = "[No Variations]"
Add component (AddParameter): Name = "Depth"; Value = "1.25mm"; VariantName = "[No Variations]"
Add component (AddParameter): Name = "Dielectric"; Value = "X7R"; VariantName = "[No Variations]"
Add component (AddParameter): Name = "Height"; Value = "1.25mm"; VariantName = "[No Variations]"
Add component (AddParameter): Name = "Length"; Value = "2mm"; VariantName = "[No Variations]"
Add component (AddParameter): Name = "Max Operating Temperature"; Value = "125°C"; VariantName = "[No Variations]"
Add component (AddParameter): Name = "Min Operating Temperature"; Value = "-55°C"; VariantName = "[No Variations]"
Add component (AddParameter): Name = "Mount"; Value = "Surface Mount"; VariantName = "[No Variations]"
Add component (AddParameter): Name = "Package Quantity"; Value = "3000"; VariantName = "[No Variations]"
Add component (AddParameter): Name = "Packaging"; Value = "Tape and Reel"; VariantName = "[No Variations]"
Add component (AddParameter): Name = "Radiation Hardening"; Value = "No"; VariantName = "[No Variations]"
Add component (AddParameter): Name = "Ratings"; Value = "AEC-Q200"; VariantName = "[No Variations]"
Add component (AddParameter): Name = "RoHS Compliant"; Value = "Yes"; VariantName = "[No Variations]"
Add component (AddParameter): Name = "Series"; Value = "GCM"; VariantName = "[No Variations]"
Add component (AddParameter): Name = "Termination"; Value = "SMD/SMT"; VariantName = "[No Variations]"
Add component (AddParameter): Name = "Thickness"; Value = "0.055inch"; VariantName = "[No Variations]"
Add component (AddParameter): Name = "Tolerance"; Value = "10%"; VariantName = "[No Variations]"
Add component (AddParameter): Name = "Value"; Value = ""; VariantName = "[No Variations]"
Add component (AddParameter): Name = "Voltage Rating"; Value = "25V"; VariantName = "[No Variations]"
Add component (AddParameter): Name = "Voltage Rating (DC)"; Value = "25V"; VariantName = "[No Variations]"
Add component (AddParameter): Name = "Width"; Value = "1.25mm"; VariantName = "[No Variations]"
Added Component: Designator=C32(0805)
Add component (AddParameter): Name = "Capacitance"; Value = "100nF"; VariantName = "[No Variations]"
Add component (AddParameter): Name = "Case Code (Imperial)"; Value = "0805"; VariantName = "[No Variations]"
Add component (AddParameter): Name = "Case Code (Metric)"; Value = "2012"; VariantName = "[No Variations]"
Add component (AddParameter): Name = "Case/Package"; Value = "0805"; VariantName = "[No Variations]"
Add component (AddParameter): Name = "Construction"; Value = "Flat"; VariantName = "[No Variations]"
Add component (AddParameter): Name = "Depth"; Value = "1.25mm"; VariantName = "[No Variations]"
Add component (AddParameter): Name = "Dielectric"; Value = "X7R"; VariantName = "[No Variations]"
Add component (AddParameter): Name = "Height"; Value = "1.25mm"; VariantName = "[No Variations]"
Add component (AddParameter): Name = "Length"; Value = "2mm"; VariantName = "[No Variations]"
Add component (AddParameter): Name = "Max Operating Temperature"; Value = "125°C"; VariantName = "[No Variations]"
Add component (AddParameter): Name = "Min Operating Temperature"; Value = "-55°C"; VariantName = "[No Variations]"
Add component (AddParameter): Name = "Mount"; Value = "Surface Mount"; VariantName = "[No Variations]"
Add component (AddParameter): Name = "Package Quantity"; Value = "3000"; VariantName = "[No Variations]"
Add component (AddParameter): Name = "Packaging"; Value = "Tape and Reel"; VariantName = "[No Variations]"
Add component (AddParameter): Name = "Radiation Hardening"; Value = "No"; VariantName = "[No Variations]"
Add component (AddParameter): Name = "Ratings"; Value = "AEC-Q200"; VariantName = "[No Variations]"
Add component (AddParameter): Name = "RoHS Compliant"; Value = "Yes"; VariantName = "[No Variations]"
Add component (AddParameter): Name = "Series"; Value = "GCM"; VariantName = "[No Variations]"
Add component (AddParameter): Name = "Termination"; Value = "SMD/SMT"; VariantName = "[No Variations]"
Add component (AddParameter): Name = "Thickness"; Value = "0.055inch"; VariantName = "[No Variations]"
Add component (AddParameter): Name = "Tolerance"; Value = "10%"; VariantName = "[No Variations]"
Add component (AddParameter): Name = "Value"; Value = ""; VariantName = "[No Variations]"
Add component (AddParameter): Name = "Voltage Rating"; Value = "25V"; VariantName = "[No Variations]"
Add component (AddParameter): Name = "Voltage Rating (DC)"; Value = "25V"; VariantName = "[No Variations]"
Add component (AddParameter): Name = "Width"; Value = "1.25mm"; VariantName = "[No Variations]"
Added Component: Designator=C33(CAPC2013X145X50NL20T25)
Add component (AddParameter): Name = "Capacitance"; Value = "10uF"; VariantName = "[No Variations]"
Add component (AddParameter): Name = "Case Code (Imperial)"; Value = "0805"; VariantName = "[No Variations]"
Add component (AddParameter): Name = "Case Code (Metric)"; Value = "2012"; VariantName = "[No Variations]"
Add component (AddParameter): Name = "Case/Package"; Value = "0805"; VariantName = "[No Variations]"
Add component (AddParameter): Name = "Construction"; Value = "Flat"; VariantName = "[No Variations]"
Add component (AddParameter): Name = "Depth"; Value = "1.25mm"; VariantName = "[No Variations]"
Add component (AddParameter): Name = "Dielectric"; Value = "Y5V"; VariantName = "[No Variations]"
Add component (AddParameter): Name = "Dielectric Material"; Value = "Ceramic"; VariantName = "[No Variations]"
Add component (AddParameter): Name = "Dissipation Factor"; Value = "20%"; VariantName = "[No Variations]"
Add component (AddParameter): Name = "Halogen Free"; Value = "Halogen Free"; VariantName = "[No Variations]"
Add component (AddParameter): Name = "Height"; Value = "0.85mm"; VariantName = "[No Variations]"
Add component (AddParameter): Name = "Lead Free"; Value = "Lead Free"; VariantName = "[No Variations]"
Add component (AddParameter): Name = "Length"; Value = "2mm"; VariantName = "[No Variations]"
Add component (AddParameter): Name = "Max Operating Temperature"; Value = "85°C"; VariantName = "[No Variations]"
Add component (AddParameter): Name = "Min Operating Temperature"; Value = "-30°C"; VariantName = "[No Variations]"
Add component (AddParameter): Name = "Mount"; Value = "Surface Mount"; VariantName = "[No Variations]"
Add component (AddParameter): Name = "Number of Pins"; Value = "2"; VariantName = "[No Variations]"
Add component (AddParameter): Name = "Package Quantity"; Value = "1"; VariantName = "[No Variations]"
Add component (AddParameter): Name = "Packaging"; Value = "Tape and Reel"; VariantName = "[No Variations]"
Add component (AddParameter): Name = "Radiation Hardening"; Value = "No"; VariantName = "[No Variations]"
Add component (AddParameter): Name = "REACH SVHC"; Value = "No SVHC"; VariantName = "[No Variations]"
Add component (AddParameter): Name = "Resistor Type"; Value = "Ceramic"; VariantName = "[No Variations]"
Add component (AddParameter): Name = "RoHS Compliant"; Value = "Yes"; VariantName = "[No Variations]"
Add component (AddParameter): Name = "Series"; Value = "CC"; VariantName = "[No Variations]"
Add component (AddParameter): Name = "Termination"; Value = "SMD/SMT"; VariantName = "[No Variations]"
Add component (AddParameter): Name = "Thickness"; Value = "0.049inch"; VariantName = "[No Variations]"
Add component (AddParameter): Name = "Tolerance"; Value = "80%"; VariantName = "[No Variations]"
Add component (AddParameter): Name = "Voltage Rating"; Value = "10V"; VariantName = "[No Variations]"
Add component (AddParameter): Name = "Voltage Rating (DC)"; Value = "10V"; VariantName = "[No Variations]"
Add component (AddParameter): Name = "Width"; Value = "0.049inch"; VariantName = "[No Variations]"
Added Component: Designator=C34(CAPC2013X145X50NL20T25)
Add component (AddParameter): Name = "Capacitance"; Value = "10uF"; VariantName = "[No Variations]"
Add component (AddParameter): Name = "Case Code (Imperial)"; Value = "0805"; VariantName = "[No Variations]"
Add component (AddParameter): Name = "Case Code (Metric)"; Value = "2012"; VariantName = "[No Variations]"
Add component (AddParameter): Name = "Case/Package"; Value = "0805"; VariantName = "[No Variations]"
Add component (AddParameter): Name = "Construction"; Value = "Flat"; VariantName = "[No Variations]"
Add component (AddParameter): Name = "Depth"; Value = "1.25mm"; VariantName = "[No Variations]"
Add component (AddParameter): Name = "Dielectric"; Value = "Y5V"; VariantName = "[No Variations]"
Add component (AddParameter): Name = "Dielectric Material"; Value = "Ceramic"; VariantName = "[No Variations]"
Add component (AddParameter): Name = "Dissipation Factor"; Value = "20%"; VariantName = "[No Variations]"
Add component (AddParameter): Name = "Halogen Free"; Value = "Halogen Free"; VariantName = "[No Variations]"
Add component (AddParameter): Name = "Height"; Value = "0.85mm"; VariantName = "[No Variations]"
Add component (AddParameter): Name = "Lead Free"; Value = "Lead Free"; VariantName = "[No Variations]"
Add component (AddParameter): Name = "Length"; Value = "2mm"; VariantName = "[No Variations]"
Add component (AddParameter): Name = "Max Operating Temperature"; Value = "85°C"; VariantName = "[No Variations]"
Add component (AddParameter): Name = "Min Operating Temperature"; Value = "-30°C"; VariantName = "[No Variations]"
Add component (AddParameter): Name = "Mount"; Value = "Surface Mount"; VariantName = "[No Variations]"
Add component (AddParameter): Name = "Number of Pins"; Value = "2"; VariantName = "[No Variations]"
Add component (AddParameter): Name = "Package Quantity"; Value = "1"; VariantName = "[No Variations]"
Add component (AddParameter): Name = "Packaging"; Value = "Tape and Reel"; VariantName = "[No Variations]"
Add component (AddParameter): Name = "Radiation Hardening"; Value = "No"; VariantName = "[No Variations]"
Add component (AddParameter): Name = "REACH SVHC"; Value = "No SVHC"; VariantName = "[No Variations]"
Add component (AddParameter): Name = "Resistor Type"; Value = "Ceramic"; VariantName = "[No Variations]"
Add component (AddParameter): Name = "RoHS Compliant"; Value = "Yes"; VariantName = "[No Variations]"
Add component (AddParameter): Name = "Series"; Value = "CC"; VariantName = "[No Variations]"
Add component (AddParameter): Name = "Termination"; Value = "SMD/SMT"; VariantName = "[No Variations]"
Add component (AddParameter): Name = "Thickness"; Value = "0.049inch"; VariantName = "[No Variations]"
Add component (AddParameter): Name = "Tolerance"; Value = "80%"; VariantName = "[No Variations]"
Add component (AddParameter): Name = "Voltage Rating"; Value = "10V"; VariantName = "[No Variations]"
Add component (AddParameter): Name = "Voltage Rating (DC)"; Value = "10V"; VariantName = "[No Variations]"
Add component (AddParameter): Name = "Width"; Value = "0.049inch"; VariantName = "[No Variations]"
Added Component: Designator=C35(0805)
Add component (AddParameter): Name = "Capacitance"; Value = "100nF"; VariantName = "[No Variations]"
Add component (AddParameter): Name = "Case Code (Imperial)"; Value = "0805"; VariantName = "[No Variations]"
Add component (AddParameter): Name = "Case Code (Metric)"; Value = "2012"; VariantName = "[No Variations]"
Add component (AddParameter): Name = "Case/Package"; Value = "0805"; VariantName = "[No Variations]"
Add component (AddParameter): Name = "Construction"; Value = "Flat"; VariantName = "[No Variations]"
Add component (AddParameter): Name = "Depth"; Value = "1.25mm"; VariantName = "[No Variations]"
Add component (AddParameter): Name = "Dielectric"; Value = "X7R"; VariantName = "[No Variations]"
Add component (AddParameter): Name = "Height"; Value = "1.25mm"; VariantName = "[No Variations]"
Add component (AddParameter): Name = "Length"; Value = "2mm"; VariantName = "[No Variations]"
Add component (AddParameter): Name = "Max Operating Temperature"; Value = "125°C"; VariantName = "[No Variations]"
Add component (AddParameter): Name = "Min Operating Temperature"; Value = "-55°C"; VariantName = "[No Variations]"
Add component (AddParameter): Name = "Mount"; Value = "Surface Mount"; VariantName = "[No Variations]"
Add component (AddParameter): Name = "Package Quantity"; Value = "3000"; VariantName = "[No Variations]"
Add component (AddParameter): Name = "Packaging"; Value = "Tape and Reel"; VariantName = "[No Variations]"
Add component (AddParameter): Name = "Radiation Hardening"; Value = "No"; VariantName = "[No Variations]"
Add component (AddParameter): Name = "Ratings"; Value = "AEC-Q200"; VariantName = "[No Variations]"
Add component (AddParameter): Name = "RoHS Compliant"; Value = "Yes"; VariantName = "[No Variations]"
Add component (AddParameter): Name = "Series"; Value = "GCM"; VariantName = "[No Variations]"
Add component (AddParameter): Name = "Termination"; Value = "SMD/SMT"; VariantName = "[No Variations]"
Add component (AddParameter): Name = "Thickness"; Value = "0.055inch"; VariantName = "[No Variations]"
Add component (AddParameter): Name = "Tolerance"; Value = "10%"; VariantName = "[No Variations]"
Add component (AddParameter): Name = "Value"; Value = ""; VariantName = "[No Variations]"
Add component (AddParameter): Name = "Voltage Rating"; Value = "25V"; VariantName = "[No Variations]"
Add component (AddParameter): Name = "Voltage Rating (DC)"; Value = "25V"; VariantName = "[No Variations]"
Add component (AddParameter): Name = "Width"; Value = "1.25mm"; VariantName = "[No Variations]"
Added Component: Designator=C36(C0805C226M9PAC7210-Footprint-1)
Add component (AddParameter): Name = "Capacitance"; Value = "22uF"; VariantName = "[No Variations]"
Add component (AddParameter): Name = "Case/Package"; Value = "0805"; VariantName = "[No Variations]"
Add component (AddParameter): Name = "ComponentLink1Description"; Value = "Digikey Link"; VariantName = "[No Variations]"
Add component (AddParameter): Name = "ComponentLink1URL"; Value = "https://www.digikey.com.au/en/products/detail/kemet/C0805C226M9PAC7210/12701503?utm_adgroup=Ceramic%20Capacitors&utm_source=google&utm_medium=cpc&utm_campaign=Shopping_Product_Capacitors&utm_term=&productid=12701503&utm_id=go_cmp-1056236628_adg-53401090298_ad-250137101738_pla-354083418645_dev-c_ext-_prd-12701503_sig-CjwKCAjwnZaVBhA6EiwAVVyv9KTEcqdxbqdQeMdm15seaf-EwUH-KMZCmj15MsoZE7WO92Q0RAY2FRoCkrcQAvD_BwE&gclid=CjwKCAjwnZaVBhA6EiwAVVyv9KTEcqdxbqdQeMdm15seaf-EwUH-KMZCmj15MsoZE7WO92Q0RAY2FRoCkrcQAvD_BwE"; VariantName = "[No Variations]"
Add component (AddParameter): Name = "Depth"; Value = "1.25mm"; VariantName = "[No Variations]"
Add component (AddParameter): Name = "Dielectric"; Value = "X5R"; VariantName = "[No Variations]"
Add component (AddParameter): Name = "Length"; Value = "2mm"; VariantName = "[No Variations]"
Add component (AddParameter): Name = "Max Operating Temperature"; Value = "85°C"; VariantName = "[No Variations]"
Add component (AddParameter): Name = "Min Operating Temperature"; Value = "-55°C"; VariantName = "[No Variations]"
Add component (AddParameter): Name = "Packaging"; Value = "Tape and Reel"; VariantName = "[No Variations]"
Add component (AddParameter): Name = "RoHS Compliant"; Value = "Yes"; VariantName = "[No Variations]"
Add component (AddParameter): Name = "Tolerance"; Value = "20%"; VariantName = "[No Variations]"
Added Component: Designator=C37(CAPC2013X70X45NL15T25)
Add component (AddParameter): Name = "Capacitance"; Value = "100pF"; VariantName = "[No Variations]"
Add component (AddParameter): Name = "Case Code (Imperial)"; Value = "0805"; VariantName = "[No Variations]"
Add component (AddParameter): Name = "Case Code (Metric)"; Value = "2012"; VariantName = "[No Variations]"
Add component (AddParameter): Name = "Case/Package"; Value = "0805"; VariantName = "[No Variations]"
Add component (AddParameter): Name = "Construction"; Value = "Flat"; VariantName = "[No Variations]"
Add component (AddParameter): Name = "Depth"; Value = "1.25mm"; VariantName = "[No Variations]"
Add component (AddParameter): Name = "Dielectric"; Value = "C0G"; VariantName = "[No Variations]"
Add component (AddParameter): Name = "Height"; Value = "0.6mm"; VariantName = "[No Variations]"
Add component (AddParameter): Name = "Length"; Value = "2mm"; VariantName = "[No Variations]"
Add component (AddParameter): Name = "Max Operating Temperature"; Value = "125°C"; VariantName = "[No Variations]"
Add component (AddParameter): Name = "Min Operating Temperature"; Value = "-55°C"; VariantName = "[No Variations]"
Add component (AddParameter): Name = "Mount"; Value = "Surface Mount"; VariantName = "[No Variations]"
Add component (AddParameter): Name = "Package Quantity"; Value = "1"; VariantName = "[No Variations]"
Add component (AddParameter): Name = "Packaging"; Value = "Tape and Reel"; VariantName = "[No Variations]"
Add component (AddParameter): Name = "Radiation Hardening"; Value = "No"; VariantName = "[No Variations]"
Add component (AddParameter): Name = "Ratings"; Value = "AEC-Q200"; VariantName = "[No Variations]"
Add component (AddParameter): Name = "RoHS Compliant"; Value = "Yes"; VariantName = "[No Variations]"
Add component (AddParameter): Name = "Series"; Value = "GCM"; VariantName = "[No Variations]"
Add component (AddParameter): Name = "Termination"; Value = "SMD/SMT"; VariantName = "[No Variations]"
Add component (AddParameter): Name = "Thickness"; Value = "0.028inch"; VariantName = "[No Variations]"
Add component (AddParameter): Name = "Tolerance"; Value = "5%"; VariantName = "[No Variations]"
Add component (AddParameter): Name = "Voltage Rating"; Value = "50V"; VariantName = "[No Variations]"
Add component (AddParameter): Name = "Voltage Rating (DC)"; Value = "50V"; VariantName = "[No Variations]"
Add component (AddParameter): Name = "Width"; Value = "0.049inch"; VariantName = "[No Variations]"
Added Component: Designator=C38(CAPC2013X70X45NL15T25)
Add component (AddParameter): Name = "Capacitance"; Value = "100pF"; VariantName = "[No Variations]"
Add component (AddParameter): Name = "Case Code (Imperial)"; Value = "0805"; VariantName = "[No Variations]"
Add component (AddParameter): Name = "Case Code (Metric)"; Value = "2012"; VariantName = "[No Variations]"
Add component (AddParameter): Name = "Case/Package"; Value = "0805"; VariantName = "[No Variations]"
Add component (AddParameter): Name = "Construction"; Value = "Flat"; VariantName = "[No Variations]"
Add component (AddParameter): Name = "Depth"; Value = "1.25mm"; VariantName = "[No Variations]"
Add component (AddParameter): Name = "Dielectric"; Value = "C0G"; VariantName = "[No Variations]"
Add component (AddParameter): Name = "Height"; Value = "0.6mm"; VariantName = "[No Variations]"
Add component (AddParameter): Name = "Length"; Value = "2mm"; VariantName = "[No Variations]"
Add component (AddParameter): Name = "Max Operating Temperature"; Value = "125°C"; VariantName = "[No Variations]"
Add component (AddParameter): Name = "Min Operating Temperature"; Value = "-55°C"; VariantName = "[No Variations]"
Add component (AddParameter): Name = "Mount"; Value = "Surface Mount"; VariantName = "[No Variations]"
Add component (AddParameter): Name = "Package Quantity"; Value = "1"; VariantName = "[No Variations]"
Add component (AddParameter): Name = "Packaging"; Value = "Tape and Reel"; VariantName = "[No Variations]"
Add component (AddParameter): Name = "Radiation Hardening"; Value = "No"; VariantName = "[No Variations]"
Add component (AddParameter): Name = "Ratings"; Value = "AEC-Q200"; VariantName = "[No Variations]"
Add component (AddParameter): Name = "RoHS Compliant"; Value = "Yes"; VariantName = "[No Variations]"
Add component (AddParameter): Name = "Series"; Value = "GCM"; VariantName = "[No Variations]"
Add component (AddParameter): Name = "Termination"; Value = "SMD/SMT"; VariantName = "[No Variations]"
Add component (AddParameter): Name = "Thickness"; Value = "0.028inch"; VariantName = "[No Variations]"
Add component (AddParameter): Name = "Tolerance"; Value = "5%"; VariantName = "[No Variations]"
Add component (AddParameter): Name = "Voltage Rating"; Value = "50V"; VariantName = "[No Variations]"
Add component (AddParameter): Name = "Voltage Rating (DC)"; Value = "50V"; VariantName = "[No Variations]"
Add component (AddParameter): Name = "Width"; Value = "0.049inch"; VariantName = "[No Variations]"
Added Component: Designator=C39(CAPC2013X70X45NL15T25)
Add component (AddParameter): Name = "Capacitance"; Value = "100pF"; VariantName = "[No Variations]"
Add component (AddParameter): Name = "Case Code (Imperial)"; Value = "0805"; VariantName = "[No Variations]"
Add component (AddParameter): Name = "Case Code (Metric)"; Value = "2012"; VariantName = "[No Variations]"
Add component (AddParameter): Name = "Case/Package"; Value = "0805"; VariantName = "[No Variations]"
Add component (AddParameter): Name = "Construction"; Value = "Flat"; VariantName = "[No Variations]"
Add component (AddParameter): Name = "Depth"; Value = "1.25mm"; VariantName = "[No Variations]"
Add component (AddParameter): Name = "Dielectric"; Value = "C0G"; VariantName = "[No Variations]"
Add component (AddParameter): Name = "Height"; Value = "0.6mm"; VariantName = "[No Variations]"
Add component (AddParameter): Name = "Length"; Value = "2mm"; VariantName = "[No Variations]"
Add component (AddParameter): Name = "Max Operating Temperature"; Value = "125°C"; VariantName = "[No Variations]"
Add component (AddParameter): Name = "Min Operating Temperature"; Value = "-55°C"; VariantName = "[No Variations]"
Add component (AddParameter): Name = "Mount"; Value = "Surface Mount"; VariantName = "[No Variations]"
Add component (AddParameter): Name = "Package Quantity"; Value = "1"; VariantName = "[No Variations]"
Add component (AddParameter): Name = "Packaging"; Value = "Tape and Reel"; VariantName = "[No Variations]"
Add component (AddParameter): Name = "Radiation Hardening"; Value = "No"; VariantName = "[No Variations]"
Add component (AddParameter): Name = "Ratings"; Value = "AEC-Q200"; VariantName = "[No Variations]"
Add component (AddParameter): Name = "RoHS Compliant"; Value = "Yes"; VariantName = "[No Variations]"
Add component (AddParameter): Name = "Series"; Value = "GCM"; VariantName = "[No Variations]"
Add component (AddParameter): Name = "Termination"; Value = "SMD/SMT"; VariantName = "[No Variations]"
Add component (AddParameter): Name = "Thickness"; Value = "0.028inch"; VariantName = "[No Variations]"
Add component (AddParameter): Name = "Tolerance"; Value = "5%"; VariantName = "[No Variations]"
Add component (AddParameter): Name = "Voltage Rating"; Value = "50V"; VariantName = "[No Variations]"
Add component (AddParameter): Name = "Voltage Rating (DC)"; Value = "50V"; VariantName = "[No Variations]"
Add component (AddParameter): Name = "Width"; Value = "0.049inch"; VariantName = "[No Variations]"
Added Component: Designator=C40(CAPC2013X70X45NL15T25)
Add component (AddParameter): Name = "Capacitance"; Value = "100pF"; VariantName = "[No Variations]"
Add component (AddParameter): Name = "Case Code (Imperial)"; Value = "0805"; VariantName = "[No Variations]"
Add component (AddParameter): Name = "Case Code (Metric)"; Value = "2012"; VariantName = "[No Variations]"
Add component (AddParameter): Name = "Case/Package"; Value = "0805"; VariantName = "[No Variations]"
Add component (AddParameter): Name = "Construction"; Value = "Flat"; VariantName = "[No Variations]"
Add component (AddParameter): Name = "Depth"; Value = "1.25mm"; VariantName = "[No Variations]"
Add component (AddParameter): Name = "Dielectric"; Value = "C0G"; VariantName = "[No Variations]"
Add component (AddParameter): Name = "Height"; Value = "0.6mm"; VariantName = "[No Variations]"
Add component (AddParameter): Name = "Length"; Value = "2mm"; VariantName = "[No Variations]"
Add component (AddParameter): Name = "Max Operating Temperature"; Value = "125°C"; VariantName = "[No Variations]"
Add component (AddParameter): Name = "Min Operating Temperature"; Value = "-55°C"; VariantName = "[No Variations]"
Add component (AddParameter): Name = "Mount"; Value = "Surface Mount"; VariantName = "[No Variations]"
Add component (AddParameter): Name = "Package Quantity"; Value = "1"; VariantName = "[No Variations]"
Add component (AddParameter): Name = "Packaging"; Value = "Tape and Reel"; VariantName = "[No Variations]"
Add component (AddParameter): Name = "Radiation Hardening"; Value = "No"; VariantName = "[No Variations]"
Add component (AddParameter): Name = "Ratings"; Value = "AEC-Q200"; VariantName = "[No Variations]"
Add component (AddParameter): Name = "RoHS Compliant"; Value = "Yes"; VariantName = "[No Variations]"
Add component (AddParameter): Name = "Series"; Value = "GCM"; VariantName = "[No Variations]"
Add component (AddParameter): Name = "Termination"; Value = "SMD/SMT"; VariantName = "[No Variations]"
Add component (AddParameter): Name = "Thickness"; Value = "0.028inch"; VariantName = "[No Variations]"
Add component (AddParameter): Name = "Tolerance"; Value = "5%"; VariantName = "[No Variations]"
Add component (AddParameter): Name = "Voltage Rating"; Value = "50V"; VariantName = "[No Variations]"
Add component (AddParameter): Name = "Voltage Rating (DC)"; Value = "50V"; VariantName = "[No Variations]"
Add component (AddParameter): Name = "Width"; Value = "0.049inch"; VariantName = "[No Variations]"
Added Component: Designator=C41(0603)
Add component (AddParameter): Name = "Digikey Part Number"; Value = "490-6123-1-ND"; VariantName = "[No Variations]"
Add component (AddParameter): Name = "Manufacturer"; Value = "Murata Electronics"; VariantName = "[No Variations]"
Add component (AddParameter): Name = "Material"; Value = "MLCC"; VariantName = "[No Variations]"
Add component (AddParameter): Name = "Part Number"; Value = "GRM0335C1H220JA01D"; VariantName = "[No Variations]"
Add component (AddParameter): Name = "Rated Voltage"; Value = "50V"; VariantName = "[No Variations]"
Add component (AddParameter): Name = "Temperature Rating"; Value = "C0G, NP0"; VariantName = "[No Variations]"
Add component (AddParameter): Name = "Tolerance"; Value = "±5%"; VariantName = "[No Variations]"
Add component (AddParameter): Name = "Value"; Value = "22pF"; VariantName = "[No Variations]"
Added Component: Designator=C42(0603)
Add component (AddParameter): Name = "Digikey Part Number"; Value = "490-6123-1-ND"; VariantName = "[No Variations]"
Add component (AddParameter): Name = "Manufacturer"; Value = "Murata Electronics"; VariantName = "[No Variations]"
Add component (AddParameter): Name = "Material"; Value = "MLCC"; VariantName = "[No Variations]"
Add component (AddParameter): Name = "Part Number"; Value = "GRM0335C1H220JA01D"; VariantName = "[No Variations]"
Add component (AddParameter): Name = "Rated Voltage"; Value = "50V"; VariantName = "[No Variations]"
Add component (AddParameter): Name = "Temperature Rating"; Value = "C0G, NP0"; VariantName = "[No Variations]"
Add component (AddParameter): Name = "Tolerance"; Value = "±5%"; VariantName = "[No Variations]"
Add component (AddParameter): Name = "Value"; Value = "22pF"; VariantName = "[No Variations]"
Added Component: Designator=C43(0603)
Add component (AddParameter): Name = "Digikey Part Number"; Value = "490-6049-1-ND"; VariantName = "[No Variations]"
Add component (AddParameter): Name = "Manufacturer"; Value = "muRata"; VariantName = "[No Variations]"
Add component (AddParameter): Name = "Material"; Value = "MLCC"; VariantName = "[No Variations]"
Add component (AddParameter): Name = "Part Number"; Value = "GCM188L81H104KA57D"; VariantName = "[No Variations]"
Add component (AddParameter): Name = "Rated Voltage"; Value = "50V"; VariantName = "[No Variations]"
Add component (AddParameter): Name = "Temperature Rating"; Value = "X8L"; VariantName = "[No Variations]"
Add component (AddParameter): Name = "Tolerance"; Value = "±10%"; VariantName = "[No Variations]"
Add component (AddParameter): Name = "Value"; Value = "100nF"; VariantName = "[No Variations]"
Added Component: Designator=C44(0603)
Add component (AddParameter): Name = "Digikey Part Number"; Value = "490-6049-1-ND"; VariantName = "[No Variations]"
Add component (AddParameter): Name = "Manufacturer"; Value = "muRata"; VariantName = "[No Variations]"
Add component (AddParameter): Name = "Material"; Value = "MLCC"; VariantName = "[No Variations]"
Add component (AddParameter): Name = "Part Number"; Value = "GCM188L81H104KA57D"; VariantName = "[No Variations]"
Add component (AddParameter): Name = "Rated Voltage"; Value = "50V"; VariantName = "[No Variations]"
Add component (AddParameter): Name = "Temperature Rating"; Value = "X8L"; VariantName = "[No Variations]"
Add component (AddParameter): Name = "Tolerance"; Value = "±10%"; VariantName = "[No Variations]"
Add component (AddParameter): Name = "Value"; Value = "100nF"; VariantName = "[No Variations]"
Added Component: Designator=C45(0603)
Add component (AddParameter): Name = "Digikey Part Number"; Value = "490-6049-1-ND"; VariantName = "[No Variations]"
Add component (AddParameter): Name = "Manufacturer"; Value = "muRata"; VariantName = "[No Variations]"
Add component (AddParameter): Name = "Material"; Value = "MLCC"; VariantName = "[No Variations]"
Add component (AddParameter): Name = "Part Number"; Value = "GCM188L81H104KA57D"; VariantName = "[No Variations]"
Add component (AddParameter): Name = "Rated Voltage"; Value = "50V"; VariantName = "[No Variations]"
Add component (AddParameter): Name = "Temperature Rating"; Value = "X8L"; VariantName = "[No Variations]"
Add component (AddParameter): Name = "Tolerance"; Value = "±10%"; VariantName = "[No Variations]"
Add component (AddParameter): Name = "Value"; Value = "100nF"; VariantName = "[No Variations]"
Added Component: Designator=C46(0603)
Add component (AddParameter): Name = "Digikey Part Number"; Value = "490-6049-1-ND"; VariantName = "[No Variations]"
Add component (AddParameter): Name = "Manufacturer"; Value = "muRata"; VariantName = "[No Variations]"
Add component (AddParameter): Name = "Material"; Value = "MLCC"; VariantName = "[No Variations]"
Add component (AddParameter): Name = "Part Number"; Value = "GCM188L81H104KA57D"; VariantName = "[No Variations]"
Add component (AddParameter): Name = "Rated Voltage"; Value = "50V"; VariantName = "[No Variations]"
Add component (AddParameter): Name = "Temperature Rating"; Value = "X8L"; VariantName = "[No Variations]"
Add component (AddParameter): Name = "Tolerance"; Value = "±10%"; VariantName = "[No Variations]"
Add component (AddParameter): Name = "Value"; Value = "100nF"; VariantName = "[No Variations]"
Added Component: Designator=C47(0603)
Add component (AddParameter): Name = "Digikey Part Number"; Value = "490-6123-1-ND"; VariantName = "[No Variations]"
Add component (AddParameter): Name = "Manufacturer"; Value = "Murata Electronics"; VariantName = "[No Variations]"
Add component (AddParameter): Name = "Material"; Value = "MLCC"; VariantName = "[No Variations]"
Add component (AddParameter): Name = "Part Number"; Value = "GRM0335C1H220JA01D"; VariantName = "[No Variations]"
Add component (AddParameter): Name = "Rated Voltage"; Value = "50V"; VariantName = "[No Variations]"
Add component (AddParameter): Name = "Temperature Rating"; Value = "C0G, NP0"; VariantName = "[No Variations]"
Add component (AddParameter): Name = "Tolerance"; Value = "±5%"; VariantName = "[No Variations]"
Add component (AddParameter): Name = "Value"; Value = "22pF"; VariantName = "[No Variations]"
Added Component: Designator=C48(0603)
Add component (AddParameter): Name = "Digikey Part Number"; Value = "490-6123-1-ND"; VariantName = "[No Variations]"
Add component (AddParameter): Name = "Manufacturer"; Value = "Murata Electronics"; VariantName = "[No Variations]"
Add component (AddParameter): Name = "Material"; Value = "MLCC"; VariantName = "[No Variations]"
Add component (AddParameter): Name = "Part Number"; Value = "GRM0335C1H220JA01D"; VariantName = "[No Variations]"
Add component (AddParameter): Name = "Rated Voltage"; Value = "50V"; VariantName = "[No Variations]"
Add component (AddParameter): Name = "Temperature Rating"; Value = "C0G, NP0"; VariantName = "[No Variations]"
Add component (AddParameter): Name = "Tolerance"; Value = "±5%"; VariantName = "[No Variations]"
Add component (AddParameter): Name = "Value"; Value = "22pF"; VariantName = "[No Variations]"
Added Component: Designator=CANRX1(0805 LED)
Add component (AddParameter): Name = "Colour"; Value = "Green"; VariantName = "[No Variations]"
Add component (AddParameter): Name = "Digikey Part Number"; Value = "511-1285-1-ND"; VariantName = "[No Variations]"
Add component (AddParameter): Name = "Manufacturer"; Value = "ROHM Semiconductor"; VariantName = "[No Variations]"
Add component (AddParameter): Name = "Part Number"; Value = "SML-210FTT86"; VariantName = "[No Variations]"
Added Component: Designator=CANTX1(0805 LED)
Add component (AddParameter): Name = "Colour"; Value = "Green"; VariantName = "[No Variations]"
Add component (AddParameter): Name = "Digikey Part Number"; Value = "511-1285-1-ND"; VariantName = "[No Variations]"
Add component (AddParameter): Name = "Manufacturer"; Value = "ROHM Semiconductor"; VariantName = "[No Variations]"
Add component (AddParameter): Name = "Part Number"; Value = "SML-210FTT86"; VariantName = "[No Variations]"
Added Component: Designator=D6(ONSC-SOT-23-3-318-08_V)
Add component (AddParameter): Name = "Breakdown Voltage"; Value = "26.2V"; VariantName = "[No Variations]"
Add component (AddParameter): Name = "Capacitance"; Value = "30pF"; VariantName = "[No Variations]"
Add component (AddParameter): Name = "Case/Package"; Value = "SOT-23-3"; VariantName = "[No Variations]"
Add component (AddParameter): Name = "Clamping Voltage"; Value = "44V"; VariantName = "[No Variations]"
Add component (AddParameter): Name = "Clamping Voltage-Max"; Value = "44V"; VariantName = "[No Variations]"
Add component (AddParameter): Name = "Contact Plating"; Value = "Tin,Matte"; VariantName = "[No Variations]"
Add component (AddParameter): Name = "Depth"; Value = "1.3mm"; VariantName = "[No Variations]"
Add component (AddParameter): Name = "Diode Type"; Value = "ZENER"; VariantName = "[No Variations]"
Add component (AddParameter): Name = "Direction"; Value = "Bidirectional"; VariantName = "[No Variations]"
Add component (AddParameter): Name = "Element Configuration"; Value = "Dual"; VariantName = "[No Variations]"
Add component (AddParameter): Name = "ESD Protection"; Value = "Yes"; VariantName = "[No Variations]"
Add component (AddParameter): Name = "Halogen Free"; Value = "Halogen Free"; VariantName = "[No Variations]"
Add component (AddParameter): Name = "Height"; Value = "0.94mm"; VariantName = "[No Variations]"
Add component (AddParameter): Name = "Lead Free"; Value = "Lead Free"; VariantName = "[No Variations]"
Add component (AddParameter): Name = "Leakage Current"; Value = "100nA"; VariantName = "[No Variations]"
Add component (AddParameter): Name = "Length"; Value = "2.9mm"; VariantName = "[No Variations]"
Add component (AddParameter): Name = "Max Breakdown Voltage"; Value = "32V"; VariantName = "[No Variations]"
Add component (AddParameter): Name = "Max Operating Temperature"; Value = "150°C"; VariantName = "[No Variations]"
Add component (AddParameter): Name = "Max Power Dissipation"; Value = "350W"; VariantName = "[No Variations]"
Add component (AddParameter): Name = "Max Reverse Leakage Current"; Value = "100nA"; VariantName = "[No Variations]"
Add component (AddParameter): Name = "Max Surge Current"; Value = "8A"; VariantName = "[No Variations]"
Add component (AddParameter): Name = "Min Breakdown Voltage"; Value = "26.2V"; VariantName = "[No Variations]"
Add component (AddParameter): Name = "Min Operating Temperature"; Value = "-55°C"; VariantName = "[No Variations]"
Add component (AddParameter): Name = "Number of Bidirectional Channels"; Value = "2"; VariantName = "[No Variations]"
Add component (AddParameter): Name = "Number of Channels"; Value = "2"; VariantName = "[No Variations]"
Add component (AddParameter): Name = "Number of Lines"; Value = "2"; VariantName = "[No Variations]"
Add component (AddParameter): Name = "Number of Pins"; Value = "3"; VariantName = "[No Variations]"
Add component (AddParameter): Name = "Operating Supply Voltage"; Value = "24V"; VariantName = "[No Variations]"
Add component (AddParameter): Name = "Package Quantity"; Value = "1"; VariantName = "[No Variations]"
Add component (AddParameter): Name = "Packaging"; Value = "Tape and Reel"; VariantName = "[No Variations]"
Add component (AddParameter): Name = "Peak Pulse Current"; Value = "8A"; VariantName = "[No Variations]"
Add component (AddParameter): Name = "Peak Pulse Power"; Value = "350W"; VariantName = "[No Variations]"
Add component (AddParameter): Name = "Polarity"; Value = "Bidirectional"; VariantName = "[No Variations]"
Add component (AddParameter): Name = "Power Line Protection"; Value = "No"; VariantName = "[No Variations]"
Add component (AddParameter): Name = "Radiation Hardening"; Value = "No"; VariantName = "[No Variations]"
Add component (AddParameter): Name = "REACH SVHC"; Value = "No SVHC"; VariantName = "[No Variations]"
Add component (AddParameter): Name = "Resistor Type"; Value = "Zener"; VariantName = "[No Variations]"
Add component (AddParameter): Name = "Reverse Standoff Voltage"; Value = "24V"; VariantName = "[No Variations]"
Add component (AddParameter): Name = "RoHS Compliant"; Value = "Yes"; VariantName = "[No Variations]"
Add component (AddParameter): Name = "Series"; Value = "Automotive, AEC-Q101"; VariantName = "[No Variations]"
Add component (AddParameter): Name = "Termination"; Value = "SMD/SMT"; VariantName = "[No Variations]"
Add component (AddParameter): Name = "Test Current"; Value = "1mA"; VariantName = "[No Variations]"
Add component (AddParameter): Name = "Width"; Value = "1.3mm"; VariantName = "[No Variations]"
Add component (AddParameter): Name = "Working Voltage"; Value = "24V"; VariantName = "[No Variations]"
Added Component: Designator=D7(0805 LED)
Add component (AddParameter): Name = "Colour"; Value = "Green"; VariantName = "[No Variations]"
Add component (AddParameter): Name = "Digikey Part Number"; Value = "511-1285-1-ND"; VariantName = "[No Variations]"
Add component (AddParameter): Name = "Manufacturer"; Value = "ROHM Semiconductor"; VariantName = "[No Variations]"
Add component (AddParameter): Name = "Part Number"; Value = "SML-210FTT86"; VariantName = "[No Variations]"
Add Component: Footprint Not Found TDK 4-PC Pad
Add Component: Footprint Not Found 39293106
Add Component: Footprint Not Found 39293106
Add Component: Footprint Not Found 39293106
Add Component: Footprint Not Found 39293106
Add Component: Footprint Not Found 39293106
Added Component: Designator=R23(RESC0603)
Add component (AddParameter): Name = "Case/Package"; Value = "0603"; VariantName = "[No Variations]"
Add component (AddParameter): Name = "Max Operating Temperature"; Value = "155°C"; VariantName = "[No Variations]"
Add component (AddParameter): Name = "Min Operating Temperature"; Value = "-55°C"; VariantName = "[No Variations]"
Add component (AddParameter): Name = "Power Rating"; Value = "100mW"; VariantName = "[No Variations]"
Add component (AddParameter): Name = "Tolerance"; Value = "1%"; VariantName = "[No Variations]"
Add component (AddParameter): Name = "Value"; Value = "56R"; VariantName = "[No Variations]"
Add component (AddParameter): Name = "Voltage Rating"; Value = "50V"; VariantName = "[No Variations]"
Added Component: Designator=R24(FP-RC0805-IPC_A)
Add component (AddParameter): Name = "Case Code (Imperial)"; Value = "0805"; VariantName = "[No Variations]"
Add component (AddParameter): Name = "Case Code (Metric)"; Value = "2012"; VariantName = "[No Variations]"
Add component (AddParameter): Name = "Case/Package"; Value = "0805"; VariantName = "[No Variations]"
Add component (AddParameter): Name = "Construction"; Value = "Rectangular"; VariantName = "[No Variations]"
Add component (AddParameter): Name = "Contact Plating"; Value = "Tin,Matte"; VariantName = "[No Variations]"
Add component (AddParameter): Name = "Depth"; Value = "1.25mm"; VariantName = "[No Variations]"
Add component (AddParameter): Name = "Features"; Value = "Moisture Resistant"; VariantName = "[No Variations]"
Add component (AddParameter): Name = "Lead Free"; Value = "Lead Free"; VariantName = "[No Variations]"
Add component (AddParameter): Name = "Length"; Value = "2mm"; VariantName = "[No Variations]"
Add component (AddParameter): Name = "Max Operating Temperature"; Value = "155°C"; VariantName = "[No Variations]"
Add component (AddParameter): Name = "Max Power Dissipation"; Value = "125mW"; VariantName = "[No Variations]"
Add component (AddParameter): Name = "Military Standard"; Value = "Not"; VariantName = "[No Variations]"
Add component (AddParameter): Name = "Min Operating Temperature"; Value = "-55°C"; VariantName = "[No Variations]"
Add component (AddParameter): Name = "Number of Terminations"; Value = "2"; VariantName = "[No Variations]"
Add component (AddParameter): Name = "Packaging"; Value = "Tape and Reel"; VariantName = "[No Variations]"
Add component (AddParameter): Name = "Power Rating"; Value = "125mW"; VariantName = "[No Variations]"
Add component (AddParameter): Name = "Radiation Hardening"; Value = "No"; VariantName = "[No Variations]"
Add component (AddParameter): Name = "Resistance"; Value = "0mR"; VariantName = "[No Variations]"
Add component (AddParameter): Name = "Resistor Type"; Value = "Thick Film"; VariantName = "[No Variations]"
Add component (AddParameter): Name = "RoHS Compliant"; Value = "Yes"; VariantName = "[No Variations]"
Add component (AddParameter): Name = "Series"; Value = "RC"; VariantName = "[No Variations]"
Add component (AddParameter): Name = "Size Code"; Value = "0805"; VariantName = "[No Variations]"
Add component (AddParameter): Name = "Tolerance"; Value = "1%"; VariantName = "[No Variations]"
Added Component: Designator=R25(RESC0603)
Add component (AddParameter): Name = "Case/Package"; Value = "0603"; VariantName = "[No Variations]"
Add component (AddParameter): Name = "Max Operating Temperature"; Value = "155°C"; VariantName = "[No Variations]"
Add component (AddParameter): Name = "Min Operating Temperature"; Value = "-55°C"; VariantName = "[No Variations]"
Add component (AddParameter): Name = "Power Rating"; Value = "100mW"; VariantName = "[No Variations]"
Add component (AddParameter): Name = "Tolerance"; Value = "1%"; VariantName = "[No Variations]"
Add component (AddParameter): Name = "Value"; Value = "56R"; VariantName = "[No Variations]"
Add component (AddParameter): Name = "Voltage Rating"; Value = "50V"; VariantName = "[No Variations]"
Added Component: Designator=R26(0603)
Add component (AddParameter): Name = "Digikey Part Number"; Value = "311-10.0KHRCT-ND"; VariantName = "[No Variations]"
Add component (AddParameter): Name = "Manufacturer"; Value = "YAGEO"; VariantName = "[No Variations]"
Add component (AddParameter): Name = "Material"; Value = "FR-07"; VariantName = "[No Variations]"
Add component (AddParameter): Name = "Part Number"; Value = "RC0603FR-0710KL"; VariantName = "[No Variations]"
Add component (AddParameter): Name = "Rated Power"; Value = "0.1W"; VariantName = "[No Variations]"
Add component (AddParameter): Name = "Tolerance"; Value = "0.01"; VariantName = "[No Variations]"
Add component (AddParameter): Name = "Value"; Value = "10k"; VariantName = "[No Variations]"
Added Component: Designator=R27(0603)
Add component (AddParameter): Name = "Digikey Part Number"; Value = "311-2.00KHRCT-ND"; VariantName = "[No Variations]"
Add component (AddParameter): Name = "Manufacturer"; Value = "YAGEO"; VariantName = "[No Variations]"
Add component (AddParameter): Name = "Material"; Value = "FR-07"; VariantName = "[No Variations]"
Add component (AddParameter): Name = "Part Number"; Value = "RC0603FR-072KL"; VariantName = "[No Variations]"
Add component (AddParameter): Name = "Rated Power"; Value = "0.1W"; VariantName = "[No Variations]"
Add component (AddParameter): Name = "Tolerance"; Value = "0.01"; VariantName = "[No Variations]"
Add component (AddParameter): Name = "Value"; Value = "2K"; VariantName = "[No Variations]"
Added Component: Designator=R28(0603)
Add component (AddParameter): Name = "Digikey Part Number"; Value = "311-10.0KHRCT-ND"; VariantName = "[No Variations]"
Add component (AddParameter): Name = "Manufacturer"; Value = "YAGEO"; VariantName = "[No Variations]"
Add component (AddParameter): Name = "Material"; Value = "FR-07"; VariantName = "[No Variations]"
Add component (AddParameter): Name = "Part Number"; Value = "RC0603FR-0710KL"; VariantName = "[No Variations]"
Add component (AddParameter): Name = "Rated Power"; Value = "0.1W"; VariantName = "[No Variations]"
Add component (AddParameter): Name = "Tolerance"; Value = "0.01"; VariantName = "[No Variations]"
Add component (AddParameter): Name = "Value"; Value = "10k"; VariantName = "[No Variations]"
Added Component: Designator=R29(0603)
Add component (AddParameter): Name = "Digikey Part Number"; Value = "311-10.0KHRCT-ND"; VariantName = "[No Variations]"
Add component (AddParameter): Name = "Manufacturer"; Value = "YAGEO"; VariantName = "[No Variations]"
Add component (AddParameter): Name = "Material"; Value = "FR-07"; VariantName = "[No Variations]"
Add component (AddParameter): Name = "Part Number"; Value = "RC0603FR-0710KL"; VariantName = "[No Variations]"
Add component (AddParameter): Name = "Rated Power"; Value = "0.1W"; VariantName = "[No Variations]"
Add component (AddParameter): Name = "Tolerance"; Value = "0.01"; VariantName = "[No Variations]"
Add component (AddParameter): Name = "Value"; Value = "10k"; VariantName = "[No Variations]"
Added Component: Designator=R30(0603)
Add component (AddParameter): Name = "Digikey Part Number"; Value = "311-10.0KHRCT-ND"; VariantName = "[No Variations]"
Add component (AddParameter): Name = "Manufacturer"; Value = "YAGEO"; VariantName = "[No Variations]"
Add component (AddParameter): Name = "Material"; Value = "FR-07"; VariantName = "[No Variations]"
Add component (AddParameter): Name = "Part Number"; Value = "RC0603FR-0710KL"; VariantName = "[No Variations]"
Add component (AddParameter): Name = "Rated Power"; Value = "0.1W"; VariantName = "[No Variations]"
Add component (AddParameter): Name = "Tolerance"; Value = "0.01"; VariantName = "[No Variations]"
Add component (AddParameter): Name = "Value"; Value = "10k"; VariantName = "[No Variations]"
Add Component: Footprint Not Found SMD Test Point 1mm
Added Component: Designator=STLINK1(TH 2.54mm Header 2x5)
Add component (AddParameter): Name = "Angle"; Value = "0"; VariantName = "[No Variations]"
Add component (AddParameter): Name = "Contact"; Value = "NA"; VariantName = "[No Variations]"
Add component (AddParameter): Name = "Flange"; Value = "No"; VariantName = "[No Variations]"
Add component (AddParameter): Name = "Part Number"; Value = "SMD 2.54mm Header 2x5"; VariantName = "[No Variations]"
Add component (AddParameter): Name = "Pitch"; Value = "2.54mm"; VariantName = "[No Variations]"
Add component (AddParameter): Name = "Positions"; Value = "10"; VariantName = "[No Variations]"
Add component (AddParameter): Name = "Row Spacing"; Value = "2.54mm"; VariantName = "[No Variations]"
Add Component: Footprint Not Found AD SOIC-W 20
Added Component: Designator=U7(STM 48-LQFP)
Add component (AddParameter): Name = "Digikey Link"; Value = "https://www.digikey.com/product-detail/en/stmicroelectronics/STM32F103C8T6/497-6063-ND/1646338"; VariantName = "[No Variations]"
Add component (AddParameter): Name = "Digikey Part Number"; Value = "497-6063-ND"; VariantName = "[No Variations]"
Add component (AddParameter): Name = "Manufacturer"; Value = "STMicroelectronics"; VariantName = "[No Variations]"
Add component (AddParameter): Name = "Part Number"; Value = "STM32F103C8T6"; VariantName = "[No Variations]"
Added Component: Designator=UART1(TH 2.54mm Header 1x4)
Add component (AddParameter): Name = "Angle"; Value = "0"; VariantName = "[No Variations]"
Add component (AddParameter): Name = "Contact"; Value = "NA"; VariantName = "[No Variations]"
Add component (AddParameter): Name = "Flange"; Value = "No"; VariantName = "[No Variations]"
Add component (AddParameter): Name = "Part Number"; Value = "TH 2.54mm Header 1x4"; VariantName = "[No Variations]"
Add component (AddParameter): Name = "Pitch"; Value = "2.54mm"; VariantName = "[No Variations]"
Add component (AddParameter): Name = "Positions"; Value = "4"; VariantName = "[No Variations]"
Add component (AddParameter): Name = "Row Spacing"; Value = "2.54mm"; VariantName = "[No Variations]"
Added Component: Designator=X1(EPSON 2-SMD)
Add component (AddParameter): Name = "Digikey Link"; Value = "https://www.digikey.com/product-detail/en/epson/FC-135-32.7680KA-A5/SER4103TR-ND/5259895"; VariantName = "[No Variations]"
Add component (AddParameter): Name = "Digikey Part Number"; Value = "SER4103TR-ND"; VariantName = "[No Variations]"
Add component (AddParameter): Name = "ESR"; Value = "70k"; VariantName = "[No Variations]"
Add component (AddParameter): Name = "Load Capacitance"; Value = "12.5pF"; VariantName = "[No Variations]"
Add component (AddParameter): Name = "Manufacturer"; Value = "EPSON"; VariantName = "[No Variations]"
Add component (AddParameter): Name = "Part Number"; Value = "FC-135 32.7680KA-A5"; VariantName = "[No Variations]"
Add component (AddParameter): Name = "Value"; Value = "32.768kHz"; VariantName = "[No Variations]"
Added Component: Designator=X2(ECS-80-18-30-JGN-TR)
Add component (AddParameter): Name = "Digikey Link"; Value = "https://www.digikey.com/en/products/detail/ecs-inc/ECS-80-18-30-JGN-TR/5875530"; VariantName = "[No Variations]"
Add component (AddParameter): Name = "Digikey Part Number"; Value = "XC2103CT-ND"; VariantName = "[No Variations]"
Add component (AddParameter): Name = "ESR"; Value = "100R"; VariantName = "[No Variations]"
Add component (AddParameter): Name = "Load Capacitance"; Value = "18pF"; VariantName = "[No Variations]"
Add component (AddParameter): Name = "Manufacturer"; Value = "ECS Inc"; VariantName = "[No Variations]"
Add component (AddParameter): Name = "Part Number"; Value = "ECS-80-18-30-JGN-TR"; VariantName = "[No Variations]"
Add component (AddParameter): Name = "Value"; Value = "8MHz"; VariantName = "[No Variations]"
Added Pin To Net: NetName=3.3V (ISO) Pin=BOOT1-1
Added Pin To Net: NetName=3.3V (ISO) Pin=BOOT1-2
Added Pin To Net: NetName=BOOT1 Pin=BOOT1-3
Added Pin To Net: NetName=BOOT0 Pin=BOOT1-4
Added Pin To Net: NetName=0V (ISO) Pin=BOOT1-5
Added Pin To Net: NetName=0V (ISO) Pin=BOOT1-6
Added Pin To Net: NetName=5V (ISO) Pin=C28-1
Added Pin To Net: NetName=0V (ISO) Pin=C28-2
Added Pin To Net: NetName=5V (ISO) Pin=C29-1
Added Pin To Net: NetName=0V (ISO) Pin=C29-2
Added Pin To Net: NetName=5V (CAN) Pin=C30-1
Added Pin To Net: NetName=CANS Pin=C30-2
Added Pin To Net: NetName=5V (CAN) Pin=C31-1
Added Pin To Net: NetName=CANS Pin=C31-2
Added Pin To Net: NetName=5V (ISO) Pin=C32-1
Added Pin To Net: NetName=0V (ISO) Pin=C32-2
Added Pin To Net: NetName=CANS Pin=C33-1
Added Pin To Net: NetName=5V (CAN) Pin=C33-2
Added Pin To Net: NetName=0V (ISO) Pin=C34-1
Added Pin To Net: NetName=5V (ISO) Pin=C34-2
Added Pin To Net: NetName=5V (CAN) Pin=C35-1
Added Pin To Net: NetName=CANS Pin=C35-2
Added Pin To Net: NetName=NetC36_1 Pin=C36-1
Added Pin To Net: NetName=CANS Pin=C36-2
Added Pin To Net: NetName=CANS Pin=C37-1
Added Pin To Net: NetName=CAN_P Pin=C37-2
Added Pin To Net: NetName=CANS Pin=C38-1
Added Pin To Net: NetName=CAN_N Pin=C38-2
Added Pin To Net: NetName=CANS Pin=C39-1
Added Pin To Net: NetName=NetC39_2 Pin=C39-2
Added Pin To Net: NetName=CANS Pin=C40-1
Added Pin To Net: NetName=NetC40_2 Pin=C40-2
Added Pin To Net: NetName=0V (ISO) Pin=C41-1
Added Pin To Net: NetName=XTALC Pin=C41-2
Added Pin To Net: NetName=0V (ISO) Pin=C42-1
Added Pin To Net: NetName=XTALD Pin=C42-2
Added Pin To Net: NetName=0V (ISO) Pin=C43-1
Added Pin To Net: NetName=3.3V (ISO) Pin=C43-2
Added Pin To Net: NetName=0V (ISO) Pin=C44-1
Added Pin To Net: NetName=3.3V (ISO) Pin=C44-2
Added Pin To Net: NetName=0V (ISO) Pin=C45-1
Added Pin To Net: NetName=3.3V (ISO) Pin=C45-2
Added Pin To Net: NetName=0V (ISO) Pin=C46-1
Added Pin To Net: NetName=3.3V (ISO) Pin=C46-2
Added Pin To Net: NetName=0V (ISO) Pin=C47-1
Added Pin To Net: NetName=XTALA Pin=C47-2
Added Pin To Net: NetName=0V (ISO) Pin=C48-1
Added Pin To Net: NetName=XTALB Pin=C48-2
Added Pin To Net: NetName=CAN RX INDC Pin=CANRX1-A
Added Pin To Net: NetName=0V (ISO) Pin=CANRX1-K
Added Pin To Net: NetName=CAN TX INDC Pin=CANTX1-A
Added Pin To Net: NetName=0V (ISO) Pin=CANTX1-K
Added Pin To Net: NetName=NetC40_2 Pin=D6-1
Added Pin To Net: NetName=NetC39_2 Pin=D6-2
Added Pin To Net: NetName=CANS Pin=D6-3
Added Pin To Net: NetName=3.3V (ISO) Pin=D7-A
Added Pin To Net: NetName=PC13 Pin=D7-K
Add Pin To Net: Unknown Pin: Pin L3-1
Add Pin To Net: Unknown Pin: Pin L3-2
Add Pin To Net: Unknown Pin: Pin L3-3
Add Pin To Net: Unknown Pin: Pin L3-4
Add Pin To Net: Unknown Pin: Pin P2-1
Add Pin To Net: Unknown Pin: Pin P2-2
Add Pin To Net: Unknown Pin: Pin P2-3
Add Pin To Net: Unknown Pin: Pin P2-4
Add Pin To Net: Unknown Pin: Pin P2-5
Add Pin To Net: Unknown Pin: Pin P2-6
Add Pin To Net: Unknown Pin: Pin P2-7
Add Pin To Net: Unknown Pin: Pin P2-8
Add Pin To Net: Unknown Pin: Pin P2-9
Add Pin To Net: Unknown Pin: Pin P2-10
Add Pin To Net: Unknown Pin: Pin P4-1
Add Pin To Net: Unknown Pin: Pin P4-2
Add Pin To Net: Unknown Pin: Pin P4-3
Add Pin To Net: Unknown Pin: Pin P4-4
Add Pin To Net: Unknown Pin: Pin P4-5
Add Pin To Net: Unknown Pin: Pin P4-6
Add Pin To Net: Unknown Pin: Pin P4-7
Add Pin To Net: Unknown Pin: Pin P4-8
Add Pin To Net: Unknown Pin: Pin P4-9
Add Pin To Net: Unknown Pin: Pin P4-10
Add Pin To Net: Unknown Pin: Pin P5-1
Add Pin To Net: Unknown Pin: Pin P5-2
Add Pin To Net: Unknown Pin: Pin P5-3
Add Pin To Net: Unknown Pin: Pin P5-4
Add Pin To Net: Unknown Pin: Pin P5-5
Add Pin To Net: Unknown Pin: Pin P5-6
Add Pin To Net: Unknown Pin: Pin P5-7
Add Pin To Net: Unknown Pin: Pin P5-8
Add Pin To Net: Unknown Pin: Pin P5-9
Add Pin To Net: Unknown Pin: Pin P5-10
Add Pin To Net: Unknown Pin: Pin P6-1
Add Pin To Net: Unknown Pin: Pin P6-2
Add Pin To Net: Unknown Pin: Pin P6-3
Add Pin To Net: Unknown Pin: Pin P6-4
Add Pin To Net: Unknown Pin: Pin P6-5
Add Pin To Net: Unknown Pin: Pin P6-6
Add Pin To Net: Unknown Pin: Pin P6-7
Add Pin To Net: Unknown Pin: Pin P6-8
Add Pin To Net: Unknown Pin: Pin P6-9
Add Pin To Net: Unknown Pin: Pin P6-10
Add Pin To Net: Unknown Pin: Pin P7-1
Add Pin To Net: Unknown Pin: Pin P7-2
Add Pin To Net: Unknown Pin: Pin P7-3
Add Pin To Net: Unknown Pin: Pin P7-4
Add Pin To Net: Unknown Pin: Pin P7-5
Add Pin To Net: Unknown Pin: Pin P7-6
Add Pin To Net: Unknown Pin: Pin P7-7
Add Pin To Net: Unknown Pin: Pin P7-8
Add Pin To Net: Unknown Pin: Pin P7-9
Add Pin To Net: Unknown Pin: Pin P7-10
Added Pin To Net: NetName=NetC36_1 Pin=R23-1
Added Pin To Net: NetName=CAN_P Pin=R23-2
Added Pin To Net: NetName=CANS Pin=R24-1
Added Pin To Net: NetName=NetR24_2 Pin=R24-2
Added Pin To Net: NetName=CAN_N Pin=R25-1
Added Pin To Net: NetName=NetC36_1 Pin=R25-2
Added Pin To Net: NetName=NetR26_1 Pin=R26-1
Added Pin To Net: NetName=BOOT1 Pin=R26-2
Added Pin To Net: NetName=MISO Pin=R27-1
Added Pin To Net: NetName=3.3V (ISO) Pin=R27-2
Added Pin To Net: NetName=BOOT0 Pin=R28-1
Added Pin To Net: NetName=NetR28_2 Pin=R28-2
Added Pin To Net: NetName=NRST Pin=R29-1
Added Pin To Net: NetName=3.3V (ISO) Pin=R29-2
Added Pin To Net: NetName=XTALA Pin=R30-1
Added Pin To Net: NetName=XTALB Pin=R30-2
Add Pin To Net: Unknown Pin: Pin RS1-1
Added Pin To Net: NetName=NRST Pin=STLINK1-1
Added Pin To Net: NetName=0V (ISO) Pin=STLINK1-2
Added Pin To Net: NetName=SWCLK Pin=STLINK1-4
Added Pin To Net: NetName=SWDIO Pin=STLINK1-6
Added Pin To Net: NetName=3.3V (ISO) Pin=STLINK1-7
Added Pin To Net: NetName=3.3V (ISO) Pin=STLINK1-8
Add Pin To Net: Unknown Pin: Pin U6-1
Add Pin To Net: Unknown Pin: Pin U6-3
Add Pin To Net: Unknown Pin: Pin U6-4
Add Pin To Net: Unknown Pin: Pin U6-5
Add Pin To Net: Unknown Pin: Pin U6-6
Add Pin To Net: Unknown Pin: Pin U6-7
Add Pin To Net: Unknown Pin: Pin U6-8
Add Pin To Net: Unknown Pin: Pin U6-9
Add Pin To Net: Unknown Pin: Pin U6-10
Add Pin To Net: Unknown Pin: Pin U6-11
Add Pin To Net: Unknown Pin: Pin U6-12
Add Pin To Net: Unknown Pin: Pin U6-13
Add Pin To Net: Unknown Pin: Pin U6-15
Add Pin To Net: Unknown Pin: Pin U6-16
Add Pin To Net: Unknown Pin: Pin U6-17
Add Pin To Net: Unknown Pin: Pin U6-18
Add Pin To Net: Unknown Pin: Pin U6-19
Add Pin To Net: Unknown Pin: Pin U6-20
Added Pin To Net: NetName=3.3V (ISO) Pin=U7-1
Added Pin To Net: NetName=PC13 Pin=U7-2
Added Pin To Net: NetName=XTALC Pin=U7-3
Added Pin To Net: NetName=XTALD Pin=U7-4
Added Pin To Net: NetName=XTALA Pin=U7-5
Added Pin To Net: NetName=XTALB Pin=U7-6
Added Pin To Net: NetName=NRST Pin=U7-7
Added Pin To Net: NetName=0V (ISO) Pin=U7-8
Added Pin To Net: NetName=3.3V (ISO) Pin=U7-9
Added Pin To Net: NetName=UARTTX Pin=U7-12
Added Pin To Net: NetName=UARTRX Pin=U7-13
Added Pin To Net: NetName=CAN TX INDC Pin=U7-18
Added Pin To Net: NetName=CAN RX INDC Pin=U7-19
Added Pin To Net: NetName=NetR26_1 Pin=U7-20
Added Pin To Net: NetName=0V (ISO) Pin=U7-23
Added Pin To Net: NetName=3.3V (ISO) Pin=U7-24
Added Pin To Net: NetName=C1 Pin=U7-31
Added Pin To Net: NetName=C2 Pin=U7-32
Added Pin To Net: NetName=C3 Pin=U7-33
Added Pin To Net: NetName=SWDIO Pin=U7-34
Added Pin To Net: NetName=0V (ISO) Pin=U7-35
Added Pin To Net: NetName=3.3V (ISO) Pin=U7-36
Added Pin To Net: NetName=SWCLK Pin=U7-37
Added Pin To Net: NetName=C4 Pin=U7-38
Added Pin To Net: NetName=NetU7_39 Pin=U7-39
Added Pin To Net: NetName=MISO Pin=U7-40
Added Pin To Net: NetName=NetU7_41 Pin=U7-41
Added Pin To Net: NetName=C5 Pin=U7-42
Added Pin To Net: NetName=C6 Pin=U7-43
Added Pin To Net: NetName=NetR28_2 Pin=U7-44
Added Pin To Net: NetName=NetU6_4 Pin=U7-45
Added Pin To Net: NetName=NetU6_5 Pin=U7-46
Added Pin To Net: NetName=0V (ISO) Pin=U7-47
Added Pin To Net: NetName=3.3V (ISO) Pin=U7-48
Added Pin To Net: NetName=3.3V (ISO) Pin=UART1-1
Added Pin To Net: NetName=UARTTX Pin=UART1-2
Added Pin To Net: NetName=UARTRX Pin=UART1-3
Added Pin To Net: NetName=0V (ISO) Pin=UART1-4
Added Pin To Net: NetName=XTALC Pin=X1-1
Added Pin To Net: NetName=XTALD Pin=X1-2
Added Pin To Net: NetName=XTALA Pin=X2-1
Added Pin To Net: NetName=XTALB Pin=X2-2
Added Member To Class: ClassName=U_Microcontroller Member=Component BOOT1 2.54mm
Added Member To Class: ClassName=U_CAN Member=Component C28 10nF
Added Member To Class: ClassName=U_CAN Member=Component C29 100nF
Added Member To Class: ClassName=U_CAN Member=Component C30 10nF
Added Member To Class: ClassName=U_CAN Member=Component C31 100nF
Added Member To Class: ClassName=U_CAN Member=Component C32 100nF
Added Member To Class: ClassName=U_CAN Member=Component C33 10uF
Added Member To Class: ClassName=U_CAN Member=Component C34 10uF
Added Member To Class: ClassName=U_CAN Member=Component C35 100nF
Added Member To Class: ClassName=U_CAN Member=Component C36 22uF
Added Member To Class: ClassName=U_CAN Member=Component C37 100pF
Added Member To Class: ClassName=U_CAN Member=Component C38 100pF
Added Member To Class: ClassName=U_CAN Member=Component C39 100pF
Added Member To Class: ClassName=U_CAN Member=Component C40 100pF
Added Member To Class: ClassName=U_Microcontroller Member=Component C41 22pF
Added Member To Class: ClassName=U_Microcontroller Member=Component C42 22pF
Added Member To Class: ClassName=U_Microcontroller Member=Component C43 100nF
Added Member To Class: ClassName=U_Microcontroller Member=Component C44 100nF
Added Member To Class: ClassName=U_Microcontroller Member=Component C45 100nF
Added Member To Class: ClassName=U_Microcontroller Member=Component C46 100nF
Added Member To Class: ClassName=U_Microcontroller Member=Component C47 22pF
Added Member To Class: ClassName=U_Microcontroller Member=Component C48 22pF
Added Member To Class: ClassName=U_Microcontroller Member=Component CANRX1 Green
Added Member To Class: ClassName=U_Microcontroller Member=Component CANTX1 Green
Added Member To Class: ClassName=U_CAN Member=Component D6 NUP2105L
Added Member To Class: ClassName=U_Microcontroller Member=Component D7 Green
Add Class Member: Failed to add class member : Component L3 B82787C0104H002
Add Class Member: Failed to add class member : Component P2 39293106
Add Class Member: Failed to add class member : Component P4 39293106
Add Class Member: Failed to add class member : Component P5 39293106
Add Class Member: Failed to add class member : Component P6 39293106
Add Class Member: Failed to add class member : Component P7 39293106
Add Class Member: Failed to add class member : Component P69
Added Member To Class: ClassName=U_CAN Member=Component R23 CAN TERM
Added Member To Class: ClassName=U_CAN Member=Component R24 R0
Added Member To Class: ClassName=U_CAN Member=Component R25 CAN TERM
Added Member To Class: ClassName=U_Microcontroller Member=Component R26 10k
Added Member To Class: ClassName=U_Microcontroller Member=Component R27 5k
Added Member To Class: ClassName=U_Microcontroller Member=Component R28 10k
Added Member To Class: ClassName=U_Microcontroller Member=Component R29 10k
Added Member To Class: ClassName=U_Microcontroller Member=Component R30 10k
Add Class Member: Failed to add class member : Component RS1 RS
Added Member To Class: ClassName=U_Microcontroller Member=Component STLINK1 2.54mm
Add Class Member: Failed to add class member : Component U6 ADM3053
Added Member To Class: ClassName=U_Microcontroller Member=Component U7 STM32F103C8T6
Added Member To Class: ClassName=U_Microcontroller Member=Component UART1 2.54mm
Added Member To Class: ClassName=U_Microcontroller Member=Component X1 32.768kHz
Added Member To Class: ClassName=U_Microcontroller Member=Component X2 8MHz
Added Room: Name=TB1
Added Room: Name=TB2
Added Room: Name=TB3
Added Room: Name=TB4
Added Room: Name=TB5
Added Room: Name=TB6
Added Room: Name=Top Level
Added Room: Name=U_CAN
Added Room: Name=U_Microcontroller
