Change Footprint: Footprint Not Found TDK 4-PC Pad
Added Component: Designator=P1(39293106)
Add component (AddParameter): Name = "Angle"; Value = "0"; VariantName = "[No Variations]"
Add component (AddParameter): Name = "Contact"; Value = "Tin"; VariantName = "[No Variations]"
Add component (AddParameter): Name = "Digikey Part Number"; Value = "WM3847-ND"; VariantName = "[No Variations]"
Add component (AddParameter): Name = "Flange"; Value = "No"; VariantName = "[No Variations]"
Add component (AddParameter): Name = "Part Number"; Value = "39293106"; VariantName = "[No Variations]"
Add component (AddParameter): Name = "Pitch"; Value = "4.2mm"; VariantName = "[No Variations]"
Add component (AddParameter): Name = "Positions"; Value = "10"; VariantName = "[No Variations]"
Add component (AddParameter): Name = "Row Spacing"; Value = "5.5mm"; VariantName = "[No Variations]"
Add Component: Footprint Not Found 39293106
Add Component: Footprint Not Found 39293106
Add Component: Footprint Not Found 39293106
Add Component: Footprint Not Found 39293106
Add Component: Footprint Not Found 39293106
Add Component: Footprint Not Found SMD Test Point 1mm
Add Component: Footprint Not Found AD SOIC-W 20
Added Pin To Net: NetName=TempBank1_1 Pin=C13_TB1-2
Added Pin To Net: NetName=TempBank2_1 Pin=C13_TB2-2
Added Pin To Net: NetName=TempBank3_1 Pin=C13_TB3-2
Added Pin To Net: NetName=TempBank4_1 Pin=C13_TB4-2
Added Pin To Net: NetName=TempBank1_5 Pin=C14_TB1-2
Added Pin To Net: NetName=TempBank2_5 Pin=C14_TB2-2
Added Pin To Net: NetName=TempBank3_5 Pin=C14_TB3-2
Added Pin To Net: NetName=TempBank4_5 Pin=C14_TB4-2
Added Pin To Net: NetName=TempBank1_2 Pin=C15_TB1-2
Added Pin To Net: NetName=TempBank2_2 Pin=C15_TB2-2
Added Pin To Net: NetName=TempBank3_2 Pin=C15_TB3-2
Added Pin To Net: NetName=TempBank4_2 Pin=C15_TB4-2
Added Pin To Net: NetName=TempBank1_6 Pin=C16_TB1-2
Added Pin To Net: NetName=TempBank2_6 Pin=C16_TB2-2
Added Pin To Net: NetName=TempBank3_6 Pin=C16_TB3-2
Added Pin To Net: NetName=TempBank4_6 Pin=C16_TB4-2
Added Pin To Net: NetName=TempBank1_3 Pin=C21_TB1-2
Added Pin To Net: NetName=TempBank2_3 Pin=C21_TB2-2
Added Pin To Net: NetName=TempBank3_3 Pin=C21_TB3-2
Added Pin To Net: NetName=TempBank4_3 Pin=C21_TB4-2
Added Pin To Net: NetName=TempBank1_7 Pin=C22_TB1-2
Added Pin To Net: NetName=TempBank2_7 Pin=C22_TB2-2
Added Pin To Net: NetName=TempBank3_7 Pin=C22_TB3-2
Added Pin To Net: NetName=TempBank4_7 Pin=C22_TB4-2
Added Pin To Net: NetName=TempBank1_4 Pin=C23_TB1-2
Added Pin To Net: NetName=TempBank2_4 Pin=C23_TB2-2
Added Pin To Net: NetName=TempBank3_4 Pin=C23_TB3-2
Added Pin To Net: NetName=TempBank4_4 Pin=C23_TB4-2
Added Pin To Net: NetName=TempBank1_8 Pin=C24_TB1-2
Added Pin To Net: NetName=TempBank2_8 Pin=C24_TB2-2
Added Pin To Net: NetName=TempBank3_8 Pin=C24_TB3-2
Added Pin To Net: NetName=TempBank4_8 Pin=C24_TB4-2
Add Pin To Net: Unknown Pin: Pin L3-3
Add Pin To Net: Unknown Pin: Pin L3-4
Added Pin To Net: NetName=TempBank1_2 Pin=P1-1
Added Pin To Net: NetName=TempBank1_1 Pin=P1-2
Added Pin To Net: NetName=TempBank1_4 Pin=P1-3
Added Pin To Net: NetName=TempBank1_3 Pin=P1-4
Added Pin To Net: NetName=0V (TMP) Pin=P1-5
Added Pin To Net: NetName=0V (TMP) Pin=P1-6
Added Pin To Net: NetName=TempBank1_6 Pin=P1-7
Added Pin To Net: NetName=TempBank1_5 Pin=P1-8
Added Pin To Net: NetName=TempBank1_8 Pin=P1-9
Added Pin To Net: NetName=TempBank1_7 Pin=P1-10
Add Pin To Net: Unknown Pin: Pin P2-1
Add Pin To Net: Unknown Pin: Pin P2-2
Add Pin To Net: Unknown Pin: Pin P2-3
Add Pin To Net: Unknown Pin: Pin P2-4
Add Pin To Net: Unknown Pin: Pin P2-5
Add Pin To Net: Unknown Pin: Pin P2-6
Add Pin To Net: Unknown Pin: Pin P2-7
Add Pin To Net: Unknown Pin: Pin P2-8
Add Pin To Net: Unknown Pin: Pin P2-9
Add Pin To Net: Unknown Pin: Pin P2-10
Add Pin To Net: Unknown Pin: Pin P4-1
Add Pin To Net: Unknown Pin: Pin P4-2
Add Pin To Net: Unknown Pin: Pin P4-3
Add Pin To Net: Unknown Pin: Pin P4-4
Add Pin To Net: Unknown Pin: Pin P4-5
Add Pin To Net: Unknown Pin: Pin P4-6
Add Pin To Net: Unknown Pin: Pin P4-7
Add Pin To Net: Unknown Pin: Pin P4-8
Add Pin To Net: Unknown Pin: Pin P4-9
Add Pin To Net: Unknown Pin: Pin P4-10
Add Pin To Net: Unknown Pin: Pin P5-1
Add Pin To Net: Unknown Pin: Pin P5-2
Add Pin To Net: Unknown Pin: Pin P5-3
Add Pin To Net: Unknown Pin: Pin P5-4
Add Pin To Net: Unknown Pin: Pin P5-5
Add Pin To Net: Unknown Pin: Pin P5-6
Add Pin To Net: Unknown Pin: Pin P5-7
Add Pin To Net: Unknown Pin: Pin P5-8
Add Pin To Net: Unknown Pin: Pin P5-9
Add Pin To Net: Unknown Pin: Pin P5-10
Add Pin To Net: Unknown Pin: Pin P6-1
Add Pin To Net: Unknown Pin: Pin P6-2
Add Pin To Net: Unknown Pin: Pin P6-3
Add Pin To Net: Unknown Pin: Pin P6-4
Add Pin To Net: Unknown Pin: Pin P6-5
Add Pin To Net: Unknown Pin: Pin P6-6
Add Pin To Net: Unknown Pin: Pin P6-7
Add Pin To Net: Unknown Pin: Pin P6-8
Add Pin To Net: Unknown Pin: Pin P6-9
Add Pin To Net: Unknown Pin: Pin P6-10
Add Pin To Net: Unknown Pin: Pin P7-1
Add Pin To Net: Unknown Pin: Pin P7-2
Add Pin To Net: Unknown Pin: Pin P7-3
Add Pin To Net: Unknown Pin: Pin P7-4
Add Pin To Net: Unknown Pin: Pin P7-5
Add Pin To Net: Unknown Pin: Pin P7-6
Add Pin To Net: Unknown Pin: Pin P7-7
Add Pin To Net: Unknown Pin: Pin P7-8
Add Pin To Net: Unknown Pin: Pin P7-9
Add Pin To Net: Unknown Pin: Pin P7-10
Added Pin To Net: NetName=TempBank1_1 Pin=R6_TB1-2
Added Pin To Net: NetName=TempBank2_1 Pin=R6_TB2-2
Added Pin To Net: NetName=TempBank3_1 Pin=R6_TB3-2
Added Pin To Net: NetName=TempBank4_1 Pin=R6_TB4-2
Added Pin To Net: NetName=TempBank1_5 Pin=R7_TB1-2
Added Pin To Net: NetName=TempBank2_5 Pin=R7_TB2-2
Added Pin To Net: NetName=TempBank3_5 Pin=R7_TB3-2
Added Pin To Net: NetName=TempBank4_5 Pin=R7_TB4-2
Added Pin To Net: NetName=TempBank1_2 Pin=R8_TB1-2
Added Pin To Net: NetName=TempBank2_2 Pin=R8_TB2-2
Added Pin To Net: NetName=TempBank3_2 Pin=R8_TB3-2
Added Pin To Net: NetName=TempBank4_2 Pin=R8_TB4-2
Added Pin To Net: NetName=TempBank1_6 Pin=R9_TB1-2
Added Pin To Net: NetName=TempBank2_6 Pin=R9_TB2-2
Added Pin To Net: NetName=TempBank3_6 Pin=R9_TB3-2
Added Pin To Net: NetName=TempBank4_6 Pin=R9_TB4-2
Added Pin To Net: NetName=TempBank1_3 Pin=R10_TB1-2
Added Pin To Net: NetName=TempBank2_3 Pin=R10_TB2-2
Added Pin To Net: NetName=TempBank3_3 Pin=R10_TB3-2
Added Pin To Net: NetName=TempBank4_3 Pin=R10_TB4-2
Added Pin To Net: NetName=TempBank1_7 Pin=R11_TB1-2
Added Pin To Net: NetName=TempBank2_7 Pin=R11_TB2-2
Added Pin To Net: NetName=TempBank3_7 Pin=R11_TB3-2
Added Pin To Net: NetName=TempBank4_7 Pin=R11_TB4-2
Added Pin To Net: NetName=TempBank1_4 Pin=R12_TB1-2
Added Pin To Net: NetName=TempBank2_4 Pin=R12_TB2-2
Added Pin To Net: NetName=TempBank3_4 Pin=R12_TB3-2
Added Pin To Net: NetName=TempBank4_4 Pin=R12_TB4-2
Added Pin To Net: NetName=TempBank1_8 Pin=R13_TB1-2
Added Pin To Net: NetName=TempBank2_8 Pin=R13_TB2-2
Added Pin To Net: NetName=TempBank3_8 Pin=R13_TB3-2
Added Pin To Net: NetName=TempBank4_8 Pin=R13_TB4-2
Add Pin To Net: Unknown Pin: Pin RS1-1
Add Pin To Net: Unknown Pin: Pin U6-1
Add Pin To Net: Unknown Pin: Pin U6-3
Add Pin To Net: Unknown Pin: Pin U6-4
Add Pin To Net: Unknown Pin: Pin U6-5
Add Pin To Net: Unknown Pin: Pin U6-6
Add Pin To Net: Unknown Pin: Pin U6-7
Add Pin To Net: Unknown Pin: Pin U6-8
Add Pin To Net: Unknown Pin: Pin U6-9
Add Pin To Net: Unknown Pin: Pin U6-10
Add Pin To Net: Unknown Pin: Pin U6-11
Add Pin To Net: Unknown Pin: Pin U6-12
Add Pin To Net: Unknown Pin: Pin U6-13
Add Pin To Net: Unknown Pin: Pin U6-15
Add Pin To Net: Unknown Pin: Pin U6-16
Add Pin To Net: Unknown Pin: Pin U6-17
Add Pin To Net: Unknown Pin: Pin U6-18
Add Pin To Net: Unknown Pin: Pin U6-19
Add Pin To Net: Unknown Pin: Pin U6-20
Added Member To Class: ClassName=Top Level Member=Component P1 39293106
Add Class Member: Failed to add class member : Component P2 39293106
Add Class Member: Failed to add class member : Component P4 39293106
Add Class Member: Failed to add class member : Component P5 39293106
Add Class Member: Failed to add class member : Component P6 39293106
Add Class Member: Failed to add class member : Component P7 39293106
Add Class Member: Failed to add class member : Component RS1 RS
Add Class Member: Failed to add class member : Component U6 ADM3053
Added Room: Name=TB1
