Change Footprint: Footprint Not Found TDK 4-PC Pad
Add Component: Footprint Not Found 39293106
Add Component: Footprint Not Found 39293106
Add Component: Footprint Not Found 39293106
Add Component: Footprint Not Found 39293106
Add Component: Footprint Not Found 39293106
Added Component: Designator=R23_TB1(0603)
Add component (AddParameter): Name = "Digikey Part Number"; Value = "13-RC0603JR-13680RLCT-ND"; VariantName = "[No Variations]"
Add component (AddParameter): Name = "Manufacturer"; Value = "YAGEO"; VariantName = "[No Variations]"
Add component (AddParameter): Name = "Material"; Value = "FR-07"; VariantName = "[No Variations]"
Add component (AddParameter): Name = "Part Number"; Value = "RC0603JR-13680RL"; VariantName = "[No Variations]"
Add component (AddParameter): Name = "Rated Power"; Value = "0.1W"; VariantName = "[No Variations]"
Add component (AddParameter): Name = "Tolerance"; Value = "0.01"; VariantName = "[No Variations]"
Add component (AddParameter): Name = "Value"; Value = "680R"; VariantName = "[No Variations]"
Added Component: Designator=R23_TB2(0603)
Add component (AddParameter): Name = "Digikey Part Number"; Value = "13-RC0603JR-13680RLCT-ND"; VariantName = "[No Variations]"
Add component (AddParameter): Name = "Manufacturer"; Value = "YAGEO"; VariantName = "[No Variations]"
Add component (AddParameter): Name = "Material"; Value = "FR-07"; VariantName = "[No Variations]"
Add component (AddParameter): Name = "Part Number"; Value = "RC0603JR-13680RL"; VariantName = "[No Variations]"
Add component (AddParameter): Name = "Rated Power"; Value = "0.1W"; VariantName = "[No Variations]"
Add component (AddParameter): Name = "Tolerance"; Value = "0.01"; VariantName = "[No Variations]"
Add component (AddParameter): Name = "Value"; Value = "680R"; VariantName = "[No Variations]"
Added Component: Designator=R23_TB3(0603)
Add component (AddParameter): Name = "Digikey Part Number"; Value = "13-RC0603JR-13680RLCT-ND"; VariantName = "[No Variations]"
Add component (AddParameter): Name = "Manufacturer"; Value = "YAGEO"; VariantName = "[No Variations]"
Add component (AddParameter): Name = "Material"; Value = "FR-07"; VariantName = "[No Variations]"
Add component (AddParameter): Name = "Part Number"; Value = "RC0603JR-13680RL"; VariantName = "[No Variations]"
Add component (AddParameter): Name = "Rated Power"; Value = "0.1W"; VariantName = "[No Variations]"
Add component (AddParameter): Name = "Tolerance"; Value = "0.01"; VariantName = "[No Variations]"
Add component (AddParameter): Name = "Value"; Value = "680R"; VariantName = "[No Variations]"
Added Component: Designator=R23_TB4(0603)
Add component (AddParameter): Name = "Digikey Part Number"; Value = "13-RC0603JR-13680RLCT-ND"; VariantName = "[No Variations]"
Add component (AddParameter): Name = "Manufacturer"; Value = "YAGEO"; VariantName = "[No Variations]"
Add component (AddParameter): Name = "Material"; Value = "FR-07"; VariantName = "[No Variations]"
Add component (AddParameter): Name = "Part Number"; Value = "RC0603JR-13680RL"; VariantName = "[No Variations]"
Add component (AddParameter): Name = "Rated Power"; Value = "0.1W"; VariantName = "[No Variations]"
Add component (AddParameter): Name = "Tolerance"; Value = "0.01"; VariantName = "[No Variations]"
Add component (AddParameter): Name = "Value"; Value = "680R"; VariantName = "[No Variations]"
Added Component: Designator=R23_TB5(0603)
Add component (AddParameter): Name = "Digikey Part Number"; Value = "13-RC0603JR-13680RLCT-ND"; VariantName = "[No Variations]"
Add component (AddParameter): Name = "Manufacturer"; Value = "YAGEO"; VariantName = "[No Variations]"
Add component (AddParameter): Name = "Material"; Value = "FR-07"; VariantName = "[No Variations]"
Add component (AddParameter): Name = "Part Number"; Value = "RC0603JR-13680RL"; VariantName = "[No Variations]"
Add component (AddParameter): Name = "Rated Power"; Value = "0.1W"; VariantName = "[No Variations]"
Add component (AddParameter): Name = "Tolerance"; Value = "0.01"; VariantName = "[No Variations]"
Add component (AddParameter): Name = "Value"; Value = "680R"; VariantName = "[No Variations]"
Added Component: Designator=R23_TB6(0603)
Add component (AddParameter): Name = "Digikey Part Number"; Value = "13-RC0603JR-13680RLCT-ND"; VariantName = "[No Variations]"
Add component (AddParameter): Name = "Manufacturer"; Value = "YAGEO"; VariantName = "[No Variations]"
Add component (AddParameter): Name = "Material"; Value = "FR-07"; VariantName = "[No Variations]"
Add component (AddParameter): Name = "Part Number"; Value = "RC0603JR-13680RL"; VariantName = "[No Variations]"
Add component (AddParameter): Name = "Rated Power"; Value = "0.1W"; VariantName = "[No Variations]"
Add component (AddParameter): Name = "Tolerance"; Value = "0.01"; VariantName = "[No Variations]"
Add component (AddParameter): Name = "Value"; Value = "680R"; VariantName = "[No Variations]"
Added Component: Designator=R24_TB1(0603)
Add component (AddParameter): Name = "Digikey Part Number"; Value = "13-RC0603JR-13680RLCT-ND"; VariantName = "[No Variations]"
Add component (AddParameter): Name = "Manufacturer"; Value = "YAGEO"; VariantName = "[No Variations]"
Add component (AddParameter): Name = "Material"; Value = "FR-07"; VariantName = "[No Variations]"
Add component (AddParameter): Name = "Part Number"; Value = "RC0603JR-13680RL"; VariantName = "[No Variations]"
Add component (AddParameter): Name = "Rated Power"; Value = "0.1W"; VariantName = "[No Variations]"
Add component (AddParameter): Name = "Tolerance"; Value = "0.01"; VariantName = "[No Variations]"
Add component (AddParameter): Name = "Value"; Value = "680R"; VariantName = "[No Variations]"
Added Component: Designator=R24_TB2(0603)
Add component (AddParameter): Name = "Digikey Part Number"; Value = "13-RC0603JR-13680RLCT-ND"; VariantName = "[No Variations]"
Add component (AddParameter): Name = "Manufacturer"; Value = "YAGEO"; VariantName = "[No Variations]"
Add component (AddParameter): Name = "Material"; Value = "FR-07"; VariantName = "[No Variations]"
Add component (AddParameter): Name = "Part Number"; Value = "RC0603JR-13680RL"; VariantName = "[No Variations]"
Add component (AddParameter): Name = "Rated Power"; Value = "0.1W"; VariantName = "[No Variations]"
Add component (AddParameter): Name = "Tolerance"; Value = "0.01"; VariantName = "[No Variations]"
Add component (AddParameter): Name = "Value"; Value = "680R"; VariantName = "[No Variations]"
Added Component: Designator=R24_TB3(0603)
Add component (AddParameter): Name = "Digikey Part Number"; Value = "13-RC0603JR-13680RLCT-ND"; VariantName = "[No Variations]"
Add component (AddParameter): Name = "Manufacturer"; Value = "YAGEO"; VariantName = "[No Variations]"
Add component (AddParameter): Name = "Material"; Value = "FR-07"; VariantName = "[No Variations]"
Add component (AddParameter): Name = "Part Number"; Value = "RC0603JR-13680RL"; VariantName = "[No Variations]"
Add component (AddParameter): Name = "Rated Power"; Value = "0.1W"; VariantName = "[No Variations]"
Add component (AddParameter): Name = "Tolerance"; Value = "0.01"; VariantName = "[No Variations]"
Add component (AddParameter): Name = "Value"; Value = "680R"; VariantName = "[No Variations]"
Added Component: Designator=R24_TB4(0603)
Add component (AddParameter): Name = "Digikey Part Number"; Value = "13-RC0603JR-13680RLCT-ND"; VariantName = "[No Variations]"
Add component (AddParameter): Name = "Manufacturer"; Value = "YAGEO"; VariantName = "[No Variations]"
Add component (AddParameter): Name = "Material"; Value = "FR-07"; VariantName = "[No Variations]"
Add component (AddParameter): Name = "Part Number"; Value = "RC0603JR-13680RL"; VariantName = "[No Variations]"
Add component (AddParameter): Name = "Rated Power"; Value = "0.1W"; VariantName = "[No Variations]"
Add component (AddParameter): Name = "Tolerance"; Value = "0.01"; VariantName = "[No Variations]"
Add component (AddParameter): Name = "Value"; Value = "680R"; VariantName = "[No Variations]"
Added Component: Designator=R24_TB5(0603)
Add component (AddParameter): Name = "Digikey Part Number"; Value = "13-RC0603JR-13680RLCT-ND"; VariantName = "[No Variations]"
Add component (AddParameter): Name = "Manufacturer"; Value = "YAGEO"; VariantName = "[No Variations]"
Add component (AddParameter): Name = "Material"; Value = "FR-07"; VariantName = "[No Variations]"
Add component (AddParameter): Name = "Part Number"; Value = "RC0603JR-13680RL"; VariantName = "[No Variations]"
Add component (AddParameter): Name = "Rated Power"; Value = "0.1W"; VariantName = "[No Variations]"
Add component (AddParameter): Name = "Tolerance"; Value = "0.01"; VariantName = "[No Variations]"
Add component (AddParameter): Name = "Value"; Value = "680R"; VariantName = "[No Variations]"
Added Component: Designator=R24_TB6(0603)
Add component (AddParameter): Name = "Digikey Part Number"; Value = "13-RC0603JR-13680RLCT-ND"; VariantName = "[No Variations]"
Add component (AddParameter): Name = "Manufacturer"; Value = "YAGEO"; VariantName = "[No Variations]"
Add component (AddParameter): Name = "Material"; Value = "FR-07"; VariantName = "[No Variations]"
Add component (AddParameter): Name = "Part Number"; Value = "RC0603JR-13680RL"; VariantName = "[No Variations]"
Add component (AddParameter): Name = "Rated Power"; Value = "0.1W"; VariantName = "[No Variations]"
Add component (AddParameter): Name = "Tolerance"; Value = "0.01"; VariantName = "[No Variations]"
Add component (AddParameter): Name = "Value"; Value = "680R"; VariantName = "[No Variations]"
Added Component: Designator=R25_TB1(0603)
Add component (AddParameter): Name = "Digikey Part Number"; Value = "13-RC0603JR-13680RLCT-ND"; VariantName = "[No Variations]"
Add component (AddParameter): Name = "Manufacturer"; Value = "YAGEO"; VariantName = "[No Variations]"
Add component (AddParameter): Name = "Material"; Value = "FR-07"; VariantName = "[No Variations]"
Add component (AddParameter): Name = "Part Number"; Value = "RC0603JR-13680RL"; VariantName = "[No Variations]"
Add component (AddParameter): Name = "Rated Power"; Value = "0.1W"; VariantName = "[No Variations]"
Add component (AddParameter): Name = "Tolerance"; Value = "0.01"; VariantName = "[No Variations]"
Add component (AddParameter): Name = "Value"; Value = "680R"; VariantName = "[No Variations]"
Added Component: Designator=R25_TB2(0603)
Add component (AddParameter): Name = "Digikey Part Number"; Value = "13-RC0603JR-13680RLCT-ND"; VariantName = "[No Variations]"
Add component (AddParameter): Name = "Manufacturer"; Value = "YAGEO"; VariantName = "[No Variations]"
Add component (AddParameter): Name = "Material"; Value = "FR-07"; VariantName = "[No Variations]"
Add component (AddParameter): Name = "Part Number"; Value = "RC0603JR-13680RL"; VariantName = "[No Variations]"
Add component (AddParameter): Name = "Rated Power"; Value = "0.1W"; VariantName = "[No Variations]"
Add component (AddParameter): Name = "Tolerance"; Value = "0.01"; VariantName = "[No Variations]"
Add component (AddParameter): Name = "Value"; Value = "680R"; VariantName = "[No Variations]"
Added Component: Designator=R25_TB3(0603)
Add component (AddParameter): Name = "Digikey Part Number"; Value = "13-RC0603JR-13680RLCT-ND"; VariantName = "[No Variations]"
Add component (AddParameter): Name = "Manufacturer"; Value = "YAGEO"; VariantName = "[No Variations]"
Add component (AddParameter): Name = "Material"; Value = "FR-07"; VariantName = "[No Variations]"
Add component (AddParameter): Name = "Part Number"; Value = "RC0603JR-13680RL"; VariantName = "[No Variations]"
Add component (AddParameter): Name = "Rated Power"; Value = "0.1W"; VariantName = "[No Variations]"
Add component (AddParameter): Name = "Tolerance"; Value = "0.01"; VariantName = "[No Variations]"
Add component (AddParameter): Name = "Value"; Value = "680R"; VariantName = "[No Variations]"
Added Component: Designator=R25_TB4(0603)
Add component (AddParameter): Name = "Digikey Part Number"; Value = "13-RC0603JR-13680RLCT-ND"; VariantName = "[No Variations]"
Add component (AddParameter): Name = "Manufacturer"; Value = "YAGEO"; VariantName = "[No Variations]"
Add component (AddParameter): Name = "Material"; Value = "FR-07"; VariantName = "[No Variations]"
Add component (AddParameter): Name = "Part Number"; Value = "RC0603JR-13680RL"; VariantName = "[No Variations]"
Add component (AddParameter): Name = "Rated Power"; Value = "0.1W"; VariantName = "[No Variations]"
Add component (AddParameter): Name = "Tolerance"; Value = "0.01"; VariantName = "[No Variations]"
Add component (AddParameter): Name = "Value"; Value = "680R"; VariantName = "[No Variations]"
Added Component: Designator=R25_TB5(0603)
Add component (AddParameter): Name = "Digikey Part Number"; Value = "13-RC0603JR-13680RLCT-ND"; VariantName = "[No Variations]"
Add component (AddParameter): Name = "Manufacturer"; Value = "YAGEO"; VariantName = "[No Variations]"
Add component (AddParameter): Name = "Material"; Value = "FR-07"; VariantName = "[No Variations]"
Add component (AddParameter): Name = "Part Number"; Value = "RC0603JR-13680RL"; VariantName = "[No Variations]"
Add component (AddParameter): Name = "Rated Power"; Value = "0.1W"; VariantName = "[No Variations]"
Add component (AddParameter): Name = "Tolerance"; Value = "0.01"; VariantName = "[No Variations]"
Add component (AddParameter): Name = "Value"; Value = "680R"; VariantName = "[No Variations]"
Added Component: Designator=R25_TB6(0603)
Add component (AddParameter): Name = "Digikey Part Number"; Value = "13-RC0603JR-13680RLCT-ND"; VariantName = "[No Variations]"
Add component (AddParameter): Name = "Manufacturer"; Value = "YAGEO"; VariantName = "[No Variations]"
Add component (AddParameter): Name = "Material"; Value = "FR-07"; VariantName = "[No Variations]"
Add component (AddParameter): Name = "Part Number"; Value = "RC0603JR-13680RL"; VariantName = "[No Variations]"
Add component (AddParameter): Name = "Rated Power"; Value = "0.1W"; VariantName = "[No Variations]"
Add component (AddParameter): Name = "Tolerance"; Value = "0.01"; VariantName = "[No Variations]"
Add component (AddParameter): Name = "Value"; Value = "680R"; VariantName = "[No Variations]"
Added Component: Designator=R26_TB1(0603)
Add component (AddParameter): Name = "Digikey Part Number"; Value = "13-RC0603JR-13680RLCT-ND"; VariantName = "[No Variations]"
Add component (AddParameter): Name = "Manufacturer"; Value = "YAGEO"; VariantName = "[No Variations]"
Add component (AddParameter): Name = "Material"; Value = "FR-07"; VariantName = "[No Variations]"
Add component (AddParameter): Name = "Part Number"; Value = "RC0603JR-13680RL"; VariantName = "[No Variations]"
Add component (AddParameter): Name = "Rated Power"; Value = "0.1W"; VariantName = "[No Variations]"
Add component (AddParameter): Name = "Tolerance"; Value = "0.01"; VariantName = "[No Variations]"
Add component (AddParameter): Name = "Value"; Value = "680R"; VariantName = "[No Variations]"
Added Component: Designator=R26_TB2(0603)
Add component (AddParameter): Name = "Digikey Part Number"; Value = "13-RC0603JR-13680RLCT-ND"; VariantName = "[No Variations]"
Add component (AddParameter): Name = "Manufacturer"; Value = "YAGEO"; VariantName = "[No Variations]"
Add component (AddParameter): Name = "Material"; Value = "FR-07"; VariantName = "[No Variations]"
Add component (AddParameter): Name = "Part Number"; Value = "RC0603JR-13680RL"; VariantName = "[No Variations]"
Add component (AddParameter): Name = "Rated Power"; Value = "0.1W"; VariantName = "[No Variations]"
Add component (AddParameter): Name = "Tolerance"; Value = "0.01"; VariantName = "[No Variations]"
Add component (AddParameter): Name = "Value"; Value = "680R"; VariantName = "[No Variations]"
Added Component: Designator=R26_TB3(0603)
Add component (AddParameter): Name = "Digikey Part Number"; Value = "13-RC0603JR-13680RLCT-ND"; VariantName = "[No Variations]"
Add component (AddParameter): Name = "Manufacturer"; Value = "YAGEO"; VariantName = "[No Variations]"
Add component (AddParameter): Name = "Material"; Value = "FR-07"; VariantName = "[No Variations]"
Add component (AddParameter): Name = "Part Number"; Value = "RC0603JR-13680RL"; VariantName = "[No Variations]"
Add component (AddParameter): Name = "Rated Power"; Value = "0.1W"; VariantName = "[No Variations]"
Add component (AddParameter): Name = "Tolerance"; Value = "0.01"; VariantName = "[No Variations]"
Add component (AddParameter): Name = "Value"; Value = "680R"; VariantName = "[No Variations]"
Added Component: Designator=R26_TB4(0603)
Add component (AddParameter): Name = "Digikey Part Number"; Value = "13-RC0603JR-13680RLCT-ND"; VariantName = "[No Variations]"
Add component (AddParameter): Name = "Manufacturer"; Value = "YAGEO"; VariantName = "[No Variations]"
Add component (AddParameter): Name = "Material"; Value = "FR-07"; VariantName = "[No Variations]"
Add component (AddParameter): Name = "Part Number"; Value = "RC0603JR-13680RL"; VariantName = "[No Variations]"
Add component (AddParameter): Name = "Rated Power"; Value = "0.1W"; VariantName = "[No Variations]"
Add component (AddParameter): Name = "Tolerance"; Value = "0.01"; VariantName = "[No Variations]"
Add component (AddParameter): Name = "Value"; Value = "680R"; VariantName = "[No Variations]"
Added Component: Designator=R26_TB5(0603)
Add component (AddParameter): Name = "Digikey Part Number"; Value = "13-RC0603JR-13680RLCT-ND"; VariantName = "[No Variations]"
Add component (AddParameter): Name = "Manufacturer"; Value = "YAGEO"; VariantName = "[No Variations]"
Add component (AddParameter): Name = "Material"; Value = "FR-07"; VariantName = "[No Variations]"
Add component (AddParameter): Name = "Part Number"; Value = "RC0603JR-13680RL"; VariantName = "[No Variations]"
Add component (AddParameter): Name = "Rated Power"; Value = "0.1W"; VariantName = "[No Variations]"
Add component (AddParameter): Name = "Tolerance"; Value = "0.01"; VariantName = "[No Variations]"
Add component (AddParameter): Name = "Value"; Value = "680R"; VariantName = "[No Variations]"
Added Component: Designator=R26_TB6(0603)
Add component (AddParameter): Name = "Digikey Part Number"; Value = "13-RC0603JR-13680RLCT-ND"; VariantName = "[No Variations]"
Add component (AddParameter): Name = "Manufacturer"; Value = "YAGEO"; VariantName = "[No Variations]"
Add component (AddParameter): Name = "Material"; Value = "FR-07"; VariantName = "[No Variations]"
Add component (AddParameter): Name = "Part Number"; Value = "RC0603JR-13680RL"; VariantName = "[No Variations]"
Add component (AddParameter): Name = "Rated Power"; Value = "0.1W"; VariantName = "[No Variations]"
Add component (AddParameter): Name = "Tolerance"; Value = "0.01"; VariantName = "[No Variations]"
Add component (AddParameter): Name = "Value"; Value = "680R"; VariantName = "[No Variations]"
Added Component: Designator=R27_TB1(0603)
Add component (AddParameter): Name = "Digikey Part Number"; Value = "13-RC0603JR-13680RLCT-ND"; VariantName = "[No Variations]"
Add component (AddParameter): Name = "Manufacturer"; Value = "YAGEO"; VariantName = "[No Variations]"
Add component (AddParameter): Name = "Material"; Value = "FR-07"; VariantName = "[No Variations]"
Add component (AddParameter): Name = "Part Number"; Value = "RC0603JR-13680RL"; VariantName = "[No Variations]"
Add component (AddParameter): Name = "Rated Power"; Value = "0.1W"; VariantName = "[No Variations]"
Add component (AddParameter): Name = "Tolerance"; Value = "0.01"; VariantName = "[No Variations]"
Add component (AddParameter): Name = "Value"; Value = "680R"; VariantName = "[No Variations]"
Added Component: Designator=R27_TB2(0603)
Add component (AddParameter): Name = "Digikey Part Number"; Value = "13-RC0603JR-13680RLCT-ND"; VariantName = "[No Variations]"
Add component (AddParameter): Name = "Manufacturer"; Value = "YAGEO"; VariantName = "[No Variations]"
Add component (AddParameter): Name = "Material"; Value = "FR-07"; VariantName = "[No Variations]"
Add component (AddParameter): Name = "Part Number"; Value = "RC0603JR-13680RL"; VariantName = "[No Variations]"
Add component (AddParameter): Name = "Rated Power"; Value = "0.1W"; VariantName = "[No Variations]"
Add component (AddParameter): Name = "Tolerance"; Value = "0.01"; VariantName = "[No Variations]"
Add component (AddParameter): Name = "Value"; Value = "680R"; VariantName = "[No Variations]"
Added Component: Designator=R27_TB3(0603)
Add component (AddParameter): Name = "Digikey Part Number"; Value = "13-RC0603JR-13680RLCT-ND"; VariantName = "[No Variations]"
Add component (AddParameter): Name = "Manufacturer"; Value = "YAGEO"; VariantName = "[No Variations]"
Add component (AddParameter): Name = "Material"; Value = "FR-07"; VariantName = "[No Variations]"
Add component (AddParameter): Name = "Part Number"; Value = "RC0603JR-13680RL"; VariantName = "[No Variations]"
Add component (AddParameter): Name = "Rated Power"; Value = "0.1W"; VariantName = "[No Variations]"
Add component (AddParameter): Name = "Tolerance"; Value = "0.01"; VariantName = "[No Variations]"
Add component (AddParameter): Name = "Value"; Value = "680R"; VariantName = "[No Variations]"
Added Component: Designator=R27_TB4(0603)
Add component (AddParameter): Name = "Digikey Part Number"; Value = "13-RC0603JR-13680RLCT-ND"; VariantName = "[No Variations]"
Add component (AddParameter): Name = "Manufacturer"; Value = "YAGEO"; VariantName = "[No Variations]"
Add component (AddParameter): Name = "Material"; Value = "FR-07"; VariantName = "[No Variations]"
Add component (AddParameter): Name = "Part Number"; Value = "RC0603JR-13680RL"; VariantName = "[No Variations]"
Add component (AddParameter): Name = "Rated Power"; Value = "0.1W"; VariantName = "[No Variations]"
Add component (AddParameter): Name = "Tolerance"; Value = "0.01"; VariantName = "[No Variations]"
Add component (AddParameter): Name = "Value"; Value = "680R"; VariantName = "[No Variations]"
Added Component: Designator=R27_TB5(0603)
Add component (AddParameter): Name = "Digikey Part Number"; Value = "13-RC0603JR-13680RLCT-ND"; VariantName = "[No Variations]"
Add component (AddParameter): Name = "Manufacturer"; Value = "YAGEO"; VariantName = "[No Variations]"
Add component (AddParameter): Name = "Material"; Value = "FR-07"; VariantName = "[No Variations]"
Add component (AddParameter): Name = "Part Number"; Value = "RC0603JR-13680RL"; VariantName = "[No Variations]"
Add component (AddParameter): Name = "Rated Power"; Value = "0.1W"; VariantName = "[No Variations]"
Add component (AddParameter): Name = "Tolerance"; Value = "0.01"; VariantName = "[No Variations]"
Add component (AddParameter): Name = "Value"; Value = "680R"; VariantName = "[No Variations]"
Added Component: Designator=R27_TB6(0603)
Add component (AddParameter): Name = "Digikey Part Number"; Value = "13-RC0603JR-13680RLCT-ND"; VariantName = "[No Variations]"
Add component (AddParameter): Name = "Manufacturer"; Value = "YAGEO"; VariantName = "[No Variations]"
Add component (AddParameter): Name = "Material"; Value = "FR-07"; VariantName = "[No Variations]"
Add component (AddParameter): Name = "Part Number"; Value = "RC0603JR-13680RL"; VariantName = "[No Variations]"
Add component (AddParameter): Name = "Rated Power"; Value = "0.1W"; VariantName = "[No Variations]"
Add component (AddParameter): Name = "Tolerance"; Value = "0.01"; VariantName = "[No Variations]"
Add component (AddParameter): Name = "Value"; Value = "680R"; VariantName = "[No Variations]"
Added Component: Designator=R28_TB1(0603)
Add component (AddParameter): Name = "Digikey Part Number"; Value = "13-RC0603JR-13680RLCT-ND"; VariantName = "[No Variations]"
Add component (AddParameter): Name = "Manufacturer"; Value = "YAGEO"; VariantName = "[No Variations]"
Add component (AddParameter): Name = "Material"; Value = "FR-07"; VariantName = "[No Variations]"
Add component (AddParameter): Name = "Part Number"; Value = "RC0603JR-13680RL"; VariantName = "[No Variations]"
Add component (AddParameter): Name = "Rated Power"; Value = "0.1W"; VariantName = "[No Variations]"
Add component (AddParameter): Name = "Tolerance"; Value = "0.01"; VariantName = "[No Variations]"
Add component (AddParameter): Name = "Value"; Value = "680R"; VariantName = "[No Variations]"
Added Component: Designator=R28_TB2(0603)
Add component (AddParameter): Name = "Digikey Part Number"; Value = "13-RC0603JR-13680RLCT-ND"; VariantName = "[No Variations]"
Add component (AddParameter): Name = "Manufacturer"; Value = "YAGEO"; VariantName = "[No Variations]"
Add component (AddParameter): Name = "Material"; Value = "FR-07"; VariantName = "[No Variations]"
Add component (AddParameter): Name = "Part Number"; Value = "RC0603JR-13680RL"; VariantName = "[No Variations]"
Add component (AddParameter): Name = "Rated Power"; Value = "0.1W"; VariantName = "[No Variations]"
Add component (AddParameter): Name = "Tolerance"; Value = "0.01"; VariantName = "[No Variations]"
Add component (AddParameter): Name = "Value"; Value = "680R"; VariantName = "[No Variations]"
Added Component: Designator=R28_TB3(0603)
Add component (AddParameter): Name = "Digikey Part Number"; Value = "13-RC0603JR-13680RLCT-ND"; VariantName = "[No Variations]"
Add component (AddParameter): Name = "Manufacturer"; Value = "YAGEO"; VariantName = "[No Variations]"
Add component (AddParameter): Name = "Material"; Value = "FR-07"; VariantName = "[No Variations]"
Add component (AddParameter): Name = "Part Number"; Value = "RC0603JR-13680RL"; VariantName = "[No Variations]"
Add component (AddParameter): Name = "Rated Power"; Value = "0.1W"; VariantName = "[No Variations]"
Add component (AddParameter): Name = "Tolerance"; Value = "0.01"; VariantName = "[No Variations]"
Add component (AddParameter): Name = "Value"; Value = "680R"; VariantName = "[No Variations]"
Added Component: Designator=R28_TB4(0603)
Add component (AddParameter): Name = "Digikey Part Number"; Value = "13-RC0603JR-13680RLCT-ND"; VariantName = "[No Variations]"
Add component (AddParameter): Name = "Manufacturer"; Value = "YAGEO"; VariantName = "[No Variations]"
Add component (AddParameter): Name = "Material"; Value = "FR-07"; VariantName = "[No Variations]"
Add component (AddParameter): Name = "Part Number"; Value = "RC0603JR-13680RL"; VariantName = "[No Variations]"
Add component (AddParameter): Name = "Rated Power"; Value = "0.1W"; VariantName = "[No Variations]"
Add component (AddParameter): Name = "Tolerance"; Value = "0.01"; VariantName = "[No Variations]"
Add component (AddParameter): Name = "Value"; Value = "680R"; VariantName = "[No Variations]"
Added Component: Designator=R28_TB5(0603)
Add component (AddParameter): Name = "Digikey Part Number"; Value = "13-RC0603JR-13680RLCT-ND"; VariantName = "[No Variations]"
Add component (AddParameter): Name = "Manufacturer"; Value = "YAGEO"; VariantName = "[No Variations]"
Add component (AddParameter): Name = "Material"; Value = "FR-07"; VariantName = "[No Variations]"
Add component (AddParameter): Name = "Part Number"; Value = "RC0603JR-13680RL"; VariantName = "[No Variations]"
Add component (AddParameter): Name = "Rated Power"; Value = "0.1W"; VariantName = "[No Variations]"
Add component (AddParameter): Name = "Tolerance"; Value = "0.01"; VariantName = "[No Variations]"
Add component (AddParameter): Name = "Value"; Value = "680R"; VariantName = "[No Variations]"
Added Component: Designator=R28_TB6(0603)
Add component (AddParameter): Name = "Digikey Part Number"; Value = "13-RC0603JR-13680RLCT-ND"; VariantName = "[No Variations]"
Add component (AddParameter): Name = "Manufacturer"; Value = "YAGEO"; VariantName = "[No Variations]"
Add component (AddParameter): Name = "Material"; Value = "FR-07"; VariantName = "[No Variations]"
Add component (AddParameter): Name = "Part Number"; Value = "RC0603JR-13680RL"; VariantName = "[No Variations]"
Add component (AddParameter): Name = "Rated Power"; Value = "0.1W"; VariantName = "[No Variations]"
Add component (AddParameter): Name = "Tolerance"; Value = "0.01"; VariantName = "[No Variations]"
Add component (AddParameter): Name = "Value"; Value = "680R"; VariantName = "[No Variations]"
Added Component: Designator=R29_TB1(0603)
Add component (AddParameter): Name = "Digikey Part Number"; Value = "13-RC0603JR-13680RLCT-ND"; VariantName = "[No Variations]"
Add component (AddParameter): Name = "Manufacturer"; Value = "YAGEO"; VariantName = "[No Variations]"
Add component (AddParameter): Name = "Material"; Value = "FR-07"; VariantName = "[No Variations]"
Add component (AddParameter): Name = "Part Number"; Value = "RC0603JR-13680RL"; VariantName = "[No Variations]"
Add component (AddParameter): Name = "Rated Power"; Value = "0.1W"; VariantName = "[No Variations]"
Add component (AddParameter): Name = "Tolerance"; Value = "0.01"; VariantName = "[No Variations]"
Add component (AddParameter): Name = "Value"; Value = "680R"; VariantName = "[No Variations]"
Added Component: Designator=R29_TB2(0603)
Add component (AddParameter): Name = "Digikey Part Number"; Value = "13-RC0603JR-13680RLCT-ND"; VariantName = "[No Variations]"
Add component (AddParameter): Name = "Manufacturer"; Value = "YAGEO"; VariantName = "[No Variations]"
Add component (AddParameter): Name = "Material"; Value = "FR-07"; VariantName = "[No Variations]"
Add component (AddParameter): Name = "Part Number"; Value = "RC0603JR-13680RL"; VariantName = "[No Variations]"
Add component (AddParameter): Name = "Rated Power"; Value = "0.1W"; VariantName = "[No Variations]"
Add component (AddParameter): Name = "Tolerance"; Value = "0.01"; VariantName = "[No Variations]"
Add component (AddParameter): Name = "Value"; Value = "680R"; VariantName = "[No Variations]"
Added Component: Designator=R29_TB3(0603)
Add component (AddParameter): Name = "Digikey Part Number"; Value = "13-RC0603JR-13680RLCT-ND"; VariantName = "[No Variations]"
Add component (AddParameter): Name = "Manufacturer"; Value = "YAGEO"; VariantName = "[No Variations]"
Add component (AddParameter): Name = "Material"; Value = "FR-07"; VariantName = "[No Variations]"
Add component (AddParameter): Name = "Part Number"; Value = "RC0603JR-13680RL"; VariantName = "[No Variations]"
Add component (AddParameter): Name = "Rated Power"; Value = "0.1W"; VariantName = "[No Variations]"
Add component (AddParameter): Name = "Tolerance"; Value = "0.01"; VariantName = "[No Variations]"
Add component (AddParameter): Name = "Value"; Value = "680R"; VariantName = "[No Variations]"
Added Component: Designator=R29_TB4(0603)
Add component (AddParameter): Name = "Digikey Part Number"; Value = "13-RC0603JR-13680RLCT-ND"; VariantName = "[No Variations]"
Add component (AddParameter): Name = "Manufacturer"; Value = "YAGEO"; VariantName = "[No Variations]"
Add component (AddParameter): Name = "Material"; Value = "FR-07"; VariantName = "[No Variations]"
Add component (AddParameter): Name = "Part Number"; Value = "RC0603JR-13680RL"; VariantName = "[No Variations]"
Add component (AddParameter): Name = "Rated Power"; Value = "0.1W"; VariantName = "[No Variations]"
Add component (AddParameter): Name = "Tolerance"; Value = "0.01"; VariantName = "[No Variations]"
Add component (AddParameter): Name = "Value"; Value = "680R"; VariantName = "[No Variations]"
Added Component: Designator=R29_TB5(0603)
Add component (AddParameter): Name = "Digikey Part Number"; Value = "13-RC0603JR-13680RLCT-ND"; VariantName = "[No Variations]"
Add component (AddParameter): Name = "Manufacturer"; Value = "YAGEO"; VariantName = "[No Variations]"
Add component (AddParameter): Name = "Material"; Value = "FR-07"; VariantName = "[No Variations]"
Add component (AddParameter): Name = "Part Number"; Value = "RC0603JR-13680RL"; VariantName = "[No Variations]"
Add component (AddParameter): Name = "Rated Power"; Value = "0.1W"; VariantName = "[No Variations]"
Add component (AddParameter): Name = "Tolerance"; Value = "0.01"; VariantName = "[No Variations]"
Add component (AddParameter): Name = "Value"; Value = "680R"; VariantName = "[No Variations]"
Added Component: Designator=R29_TB6(0603)
Add component (AddParameter): Name = "Digikey Part Number"; Value = "13-RC0603JR-13680RLCT-ND"; VariantName = "[No Variations]"
Add component (AddParameter): Name = "Manufacturer"; Value = "YAGEO"; VariantName = "[No Variations]"
Add component (AddParameter): Name = "Material"; Value = "FR-07"; VariantName = "[No Variations]"
Add component (AddParameter): Name = "Part Number"; Value = "RC0603JR-13680RL"; VariantName = "[No Variations]"
Add component (AddParameter): Name = "Rated Power"; Value = "0.1W"; VariantName = "[No Variations]"
Add component (AddParameter): Name = "Tolerance"; Value = "0.01"; VariantName = "[No Variations]"
Add component (AddParameter): Name = "Value"; Value = "680R"; VariantName = "[No Variations]"
Added Component: Designator=R30_TB1(0603)
Add component (AddParameter): Name = "Digikey Part Number"; Value = "13-RC0603JR-13680RLCT-ND"; VariantName = "[No Variations]"
Add component (AddParameter): Name = "Manufacturer"; Value = "YAGEO"; VariantName = "[No Variations]"
Add component (AddParameter): Name = "Material"; Value = "FR-07"; VariantName = "[No Variations]"
Add component (AddParameter): Name = "Part Number"; Value = "RC0603JR-13680RL"; VariantName = "[No Variations]"
Add component (AddParameter): Name = "Rated Power"; Value = "0.1W"; VariantName = "[No Variations]"
Add component (AddParameter): Name = "Tolerance"; Value = "0.01"; VariantName = "[No Variations]"
Add component (AddParameter): Name = "Value"; Value = "680R"; VariantName = "[No Variations]"
Added Component: Designator=R30_TB2(0603)
Add component (AddParameter): Name = "Digikey Part Number"; Value = "13-RC0603JR-13680RLCT-ND"; VariantName = "[No Variations]"
Add component (AddParameter): Name = "Manufacturer"; Value = "YAGEO"; VariantName = "[No Variations]"
Add component (AddParameter): Name = "Material"; Value = "FR-07"; VariantName = "[No Variations]"
Add component (AddParameter): Name = "Part Number"; Value = "RC0603JR-13680RL"; VariantName = "[No Variations]"
Add component (AddParameter): Name = "Rated Power"; Value = "0.1W"; VariantName = "[No Variations]"
Add component (AddParameter): Name = "Tolerance"; Value = "0.01"; VariantName = "[No Variations]"
Add component (AddParameter): Name = "Value"; Value = "680R"; VariantName = "[No Variations]"
Added Component: Designator=R30_TB3(0603)
Add component (AddParameter): Name = "Digikey Part Number"; Value = "13-RC0603JR-13680RLCT-ND"; VariantName = "[No Variations]"
Add component (AddParameter): Name = "Manufacturer"; Value = "YAGEO"; VariantName = "[No Variations]"
Add component (AddParameter): Name = "Material"; Value = "FR-07"; VariantName = "[No Variations]"
Add component (AddParameter): Name = "Part Number"; Value = "RC0603JR-13680RL"; VariantName = "[No Variations]"
Add component (AddParameter): Name = "Rated Power"; Value = "0.1W"; VariantName = "[No Variations]"
Add component (AddParameter): Name = "Tolerance"; Value = "0.01"; VariantName = "[No Variations]"
Add component (AddParameter): Name = "Value"; Value = "680R"; VariantName = "[No Variations]"
Added Component: Designator=R30_TB4(0603)
Add component (AddParameter): Name = "Digikey Part Number"; Value = "13-RC0603JR-13680RLCT-ND"; VariantName = "[No Variations]"
Add component (AddParameter): Name = "Manufacturer"; Value = "YAGEO"; VariantName = "[No Variations]"
Add component (AddParameter): Name = "Material"; Value = "FR-07"; VariantName = "[No Variations]"
Add component (AddParameter): Name = "Part Number"; Value = "RC0603JR-13680RL"; VariantName = "[No Variations]"
Add component (AddParameter): Name = "Rated Power"; Value = "0.1W"; VariantName = "[No Variations]"
Add component (AddParameter): Name = "Tolerance"; Value = "0.01"; VariantName = "[No Variations]"
Add component (AddParameter): Name = "Value"; Value = "680R"; VariantName = "[No Variations]"
Added Component: Designator=R30_TB5(0603)
Add component (AddParameter): Name = "Digikey Part Number"; Value = "13-RC0603JR-13680RLCT-ND"; VariantName = "[No Variations]"
Add component (AddParameter): Name = "Manufacturer"; Value = "YAGEO"; VariantName = "[No Variations]"
Add component (AddParameter): Name = "Material"; Value = "FR-07"; VariantName = "[No Variations]"
Add component (AddParameter): Name = "Part Number"; Value = "RC0603JR-13680RL"; VariantName = "[No Variations]"
Add component (AddParameter): Name = "Rated Power"; Value = "0.1W"; VariantName = "[No Variations]"
Add component (AddParameter): Name = "Tolerance"; Value = "0.01"; VariantName = "[No Variations]"
Add component (AddParameter): Name = "Value"; Value = "680R"; VariantName = "[No Variations]"
Added Component: Designator=R30_TB6(0603)
Add component (AddParameter): Name = "Digikey Part Number"; Value = "13-RC0603JR-13680RLCT-ND"; VariantName = "[No Variations]"
Add component (AddParameter): Name = "Manufacturer"; Value = "YAGEO"; VariantName = "[No Variations]"
Add component (AddParameter): Name = "Material"; Value = "FR-07"; VariantName = "[No Variations]"
Add component (AddParameter): Name = "Part Number"; Value = "RC0603JR-13680RL"; VariantName = "[No Variations]"
Add component (AddParameter): Name = "Rated Power"; Value = "0.1W"; VariantName = "[No Variations]"
Add component (AddParameter): Name = "Tolerance"; Value = "0.01"; VariantName = "[No Variations]"
Add component (AddParameter): Name = "Value"; Value = "680R"; VariantName = "[No Variations]"
Add Component: Footprint Not Found SMD Test Point 1mm
Add Component: Footprint Not Found AD SOIC-W 20
Add Pin To Net: Unknown Pin: Pin L3-3
Add Pin To Net: Unknown Pin: Pin L3-4
Add Pin To Net: Unknown Pin: Pin P2-1
Add Pin To Net: Unknown Pin: Pin P2-2
Add Pin To Net: Unknown Pin: Pin P2-3
Add Pin To Net: Unknown Pin: Pin P2-4
Add Pin To Net: Unknown Pin: Pin P2-5
Add Pin To Net: Unknown Pin: Pin P2-6
Add Pin To Net: Unknown Pin: Pin P2-7
Add Pin To Net: Unknown Pin: Pin P2-8
Add Pin To Net: Unknown Pin: Pin P2-9
Add Pin To Net: Unknown Pin: Pin P2-10
Add Pin To Net: Unknown Pin: Pin P4-1
Add Pin To Net: Unknown Pin: Pin P4-2
Add Pin To Net: Unknown Pin: Pin P4-3
Add Pin To Net: Unknown Pin: Pin P4-4
Add Pin To Net: Unknown Pin: Pin P4-5
Add Pin To Net: Unknown Pin: Pin P4-6
Add Pin To Net: Unknown Pin: Pin P4-7
Add Pin To Net: Unknown Pin: Pin P4-8
Add Pin To Net: Unknown Pin: Pin P4-9
Add Pin To Net: Unknown Pin: Pin P4-10
Add Pin To Net: Unknown Pin: Pin P5-1
Add Pin To Net: Unknown Pin: Pin P5-2
Add Pin To Net: Unknown Pin: Pin P5-3
Add Pin To Net: Unknown Pin: Pin P5-4
Add Pin To Net: Unknown Pin: Pin P5-5
Add Pin To Net: Unknown Pin: Pin P5-6
Add Pin To Net: Unknown Pin: Pin P5-7
Add Pin To Net: Unknown Pin: Pin P5-8
Add Pin To Net: Unknown Pin: Pin P5-9
Add Pin To Net: Unknown Pin: Pin P5-10
Add Pin To Net: Unknown Pin: Pin P6-1
Add Pin To Net: Unknown Pin: Pin P6-2
Add Pin To Net: Unknown Pin: Pin P6-3
Add Pin To Net: Unknown Pin: Pin P6-4
Add Pin To Net: Unknown Pin: Pin P6-5
Add Pin To Net: Unknown Pin: Pin P6-6
Add Pin To Net: Unknown Pin: Pin P6-7
Add Pin To Net: Unknown Pin: Pin P6-8
Add Pin To Net: Unknown Pin: Pin P6-9
Add Pin To Net: Unknown Pin: Pin P6-10
Add Pin To Net: Unknown Pin: Pin P7-1
Add Pin To Net: Unknown Pin: Pin P7-2
Add Pin To Net: Unknown Pin: Pin P7-3
Add Pin To Net: Unknown Pin: Pin P7-4
Add Pin To Net: Unknown Pin: Pin P7-5
Add Pin To Net: Unknown Pin: Pin P7-6
Add Pin To Net: Unknown Pin: Pin P7-7
Add Pin To Net: Unknown Pin: Pin P7-8
Add Pin To Net: Unknown Pin: Pin P7-9
Add Pin To Net: Unknown Pin: Pin P7-10
Added Pin To Net: NetName=TempBank1_1 Pin=R23_TB1-1
Added Pin To Net: NetName=TempBank2_1 Pin=R23_TB2-1
Added Pin To Net: NetName=TempBank3_1 Pin=R23_TB3-1
Added Pin To Net: NetName=TempBank4_1 Pin=R23_TB4-1
Added Pin To Net: NetName=NetC13_TB5_2 Pin=R23_TB5-1
Added Pin To Net: NetName=NetC13_TB6_2 Pin=R23_TB6-1
Added Pin To Net: NetName=TempBank1_5 Pin=R24_TB1-1
Added Pin To Net: NetName=TempBank2_5 Pin=R24_TB2-1
Added Pin To Net: NetName=TempBank3_5 Pin=R24_TB3-1
Added Pin To Net: NetName=TempBank4_5 Pin=R24_TB4-1
Added Pin To Net: NetName=NetC14_TB5_2 Pin=R24_TB5-1
Added Pin To Net: NetName=NetC14_TB6_2 Pin=R24_TB6-1
Added Pin To Net: NetName=TempBank1_2 Pin=R25_TB1-1
Added Pin To Net: NetName=TempBank2_2 Pin=R25_TB2-1
Added Pin To Net: NetName=TempBank3_2 Pin=R25_TB3-1
Added Pin To Net: NetName=TempBank4_2 Pin=R25_TB4-1
Added Pin To Net: NetName=NetC15_TB5_2 Pin=R25_TB5-1
Added Pin To Net: NetName=NetC15_TB6_2 Pin=R25_TB6-1
Added Pin To Net: NetName=TempBank1_6 Pin=R26_TB1-1
Added Pin To Net: NetName=TempBank2_6 Pin=R26_TB2-1
Added Pin To Net: NetName=TempBank3_6 Pin=R26_TB3-1
Added Pin To Net: NetName=TempBank4_6 Pin=R26_TB4-1
Added Pin To Net: NetName=NetC16_TB5_2 Pin=R26_TB5-1
Added Pin To Net: NetName=NetC16_TB6_2 Pin=R26_TB6-1
Added Pin To Net: NetName=TempBank1_3 Pin=R27_TB1-1
Added Pin To Net: NetName=TempBank2_3 Pin=R27_TB2-1
Added Pin To Net: NetName=TempBank3_3 Pin=R27_TB3-1
Added Pin To Net: NetName=TempBank4_3 Pin=R27_TB4-1
Added Pin To Net: NetName=NetC21_TB5_2 Pin=R27_TB5-1
Added Pin To Net: NetName=NetC21_TB6_2 Pin=R27_TB6-1
Added Pin To Net: NetName=TempBank1_7 Pin=R28_TB1-1
Added Pin To Net: NetName=TempBank2_7 Pin=R28_TB2-1
Added Pin To Net: NetName=TempBank3_7 Pin=R28_TB3-1
Added Pin To Net: NetName=TempBank4_7 Pin=R28_TB4-1
Added Pin To Net: NetName=NetC22_TB5_2 Pin=R28_TB5-1
Added Pin To Net: NetName=NetC22_TB6_2 Pin=R28_TB6-1
Added Pin To Net: NetName=TempBank1_4 Pin=R29_TB1-1
Added Pin To Net: NetName=TempBank2_4 Pin=R29_TB2-1
Added Pin To Net: NetName=TempBank3_4 Pin=R29_TB3-1
Added Pin To Net: NetName=TempBank4_4 Pin=R29_TB4-1
Added Pin To Net: NetName=NetC23_TB5_2 Pin=R29_TB5-1
Added Pin To Net: NetName=NetC23_TB6_2 Pin=R29_TB6-1
Added Pin To Net: NetName=TempBank1_8 Pin=R30_TB1-1
Added Pin To Net: NetName=TempBank2_8 Pin=R30_TB2-1
Added Pin To Net: NetName=TempBank3_8 Pin=R30_TB3-1
Added Pin To Net: NetName=TempBank4_8 Pin=R30_TB4-1
Added Pin To Net: NetName=NetC24_TB5_2 Pin=R30_TB5-1
Added Pin To Net: NetName=NetC24_TB6_2 Pin=R30_TB6-1
Add Pin To Net: Unknown Pin: Pin RS1-1
Add Pin To Net: Unknown Pin: Pin U6-1
Add Pin To Net: Unknown Pin: Pin U6-3
Add Pin To Net: Unknown Pin: Pin U6-4
Add Pin To Net: Unknown Pin: Pin U6-5
Add Pin To Net: Unknown Pin: Pin U6-6
Add Pin To Net: Unknown Pin: Pin U6-7
Add Pin To Net: Unknown Pin: Pin U6-8
Add Pin To Net: Unknown Pin: Pin U6-9
Add Pin To Net: Unknown Pin: Pin U6-10
Add Pin To Net: Unknown Pin: Pin U6-11
Add Pin To Net: Unknown Pin: Pin U6-12
Add Pin To Net: Unknown Pin: Pin U6-13
Add Pin To Net: Unknown Pin: Pin U6-15
Add Pin To Net: Unknown Pin: Pin U6-16
Add Pin To Net: Unknown Pin: Pin U6-17
Add Pin To Net: Unknown Pin: Pin U6-18
Add Pin To Net: Unknown Pin: Pin U6-19
Add Pin To Net: Unknown Pin: Pin U6-20
Add Class Member: Failed to add class member : Component P2 39293106
Add Class Member: Failed to add class member : Component P4 39293106
Add Class Member: Failed to add class member : Component P5 39293106
Add Class Member: Failed to add class member : Component P6 39293106
Add Class Member: Failed to add class member : Component P7 39293106
Added Member To Class: ClassName=TB1 Member=Component R23_TB1 (R23) 680R
Added Member To Class: ClassName=TB2 Member=Component R23_TB2 (R23) 680R
Added Member To Class: ClassName=TB3 Member=Component R23_TB3 (R23) 680R
Added Member To Class: ClassName=TB4 Member=Component R23_TB4 (R23) 680R
Added Member To Class: ClassName=TB5 Member=Component R23_TB5 (R23) 680R
Added Member To Class: ClassName=TB6 Member=Component R23_TB6 (R23) 680R
Added Member To Class: ClassName=TB1 Member=Component R24_TB1 (R24) 680R
Added Member To Class: ClassName=TB2 Member=Component R24_TB2 (R24) 680R
Added Member To Class: ClassName=TB3 Member=Component R24_TB3 (R24) 680R
Added Member To Class: ClassName=TB4 Member=Component R24_TB4 (R24) 680R
Added Member To Class: ClassName=TB5 Member=Component R24_TB5 (R24) 680R
Added Member To Class: ClassName=TB6 Member=Component R24_TB6 (R24) 680R
Added Member To Class: ClassName=TB1 Member=Component R25_TB1 (R25) 680R
Added Member To Class: ClassName=TB2 Member=Component R25_TB2 (R25) 680R
Added Member To Class: ClassName=TB3 Member=Component R25_TB3 (R25) 680R
Added Member To Class: ClassName=TB4 Member=Component R25_TB4 (R25) 680R
Added Member To Class: ClassName=TB5 Member=Component R25_TB5 (R25) 680R
Added Member To Class: ClassName=TB6 Member=Component R25_TB6 (R25) 680R
Added Member To Class: ClassName=TB1 Member=Component R26_TB1 (R26) 680R
Added Member To Class: ClassName=TB2 Member=Component R26_TB2 (R26) 680R
Added Member To Class: ClassName=TB3 Member=Component R26_TB3 (R26) 680R
Added Member To Class: ClassName=TB4 Member=Component R26_TB4 (R26) 680R
Added Member To Class: ClassName=TB5 Member=Component R26_TB5 (R26) 680R
Added Member To Class: ClassName=TB6 Member=Component R26_TB6 (R26) 680R
Added Member To Class: ClassName=TB1 Member=Component R27_TB1 (R27) 680R
Added Member To Class: ClassName=TB2 Member=Component R27_TB2 (R27) 680R
Added Member To Class: ClassName=TB3 Member=Component R27_TB3 (R27) 680R
Added Member To Class: ClassName=TB4 Member=Component R27_TB4 (R27) 680R
Added Member To Class: ClassName=TB5 Member=Component R27_TB5 (R27) 680R
Added Member To Class: ClassName=TB6 Member=Component R27_TB6 (R27) 680R
Added Member To Class: ClassName=TB1 Member=Component R28_TB1 (R28) 680R
Added Member To Class: ClassName=TB2 Member=Component R28_TB2 (R28) 680R
Added Member To Class: ClassName=TB3 Member=Component R28_TB3 (R28) 680R
Added Member To Class: ClassName=TB4 Member=Component R28_TB4 (R28) 680R
Added Member To Class: ClassName=TB5 Member=Component R28_TB5 (R28) 680R
Added Member To Class: ClassName=TB6 Member=Component R28_TB6 (R28) 680R
Added Member To Class: ClassName=TB1 Member=Component R29_TB1 (R29) 680R
Added Member To Class: ClassName=TB2 Member=Component R29_TB2 (R29) 680R
Added Member To Class: ClassName=TB3 Member=Component R29_TB3 (R29) 680R
Added Member To Class: ClassName=TB4 Member=Component R29_TB4 (R29) 680R
Added Member To Class: ClassName=TB5 Member=Component R29_TB5 (R29) 680R
Added Member To Class: ClassName=TB6 Member=Component R29_TB6 (R29) 680R
Added Member To Class: ClassName=TB1 Member=Component R30_TB1 (R30) 680R
Added Member To Class: ClassName=TB2 Member=Component R30_TB2 (R30) 680R
Added Member To Class: ClassName=TB3 Member=Component R30_TB3 (R30) 680R
Added Member To Class: ClassName=TB4 Member=Component R30_TB4 (R30) 680R
Added Member To Class: ClassName=TB5 Member=Component R30_TB5 (R30) 680R
Added Member To Class: ClassName=TB6 Member=Component R30_TB6 (R30) 680R
Add Class Member: Failed to add class member : Component RS1 RS
Add Class Member: Failed to add class member : Component U6 ADM3053
