Removed Pin From Net: NetName=VBAT_F Pin=D2-A
Removed Pin From Net: NetName=0V Pin=R1-1
Removed Member From Class: ClassName=U_Power Supply Member=D2
Removed Member From Class: ClassName=U_Power Supply Member=R1
Add Component: Footprint Not Found 24-DIP Module, 7 Leads
Add Pin To Net: Unknown Pin: Pin U2-2
Add Pin To Net: Unknown Pin: Pin U2-3
Add Pin To Net: Unknown Pin: Pin U2-14
Add Pin To Net: Unknown Pin: Pin U2-16
Add Pin To Net: Unknown Pin: Pin U2-22
Add Pin To Net: Unknown Pin: Pin U2-23
Add Class Member: Failed to add class member : Component U2 JTC0424S05
Added Room: Name=TB1
Added Room: Name=TB2
Added Room: Name=TB3
Added Room: Name=TB4
Added Room: Name=TB5
Added Room: Name=TB6
Added Room: Name=Top Level
Added Room: Name=U_CAN
Added Room: Name=U_Microcontroller
Added Room: Name=U_Power Supply
