Removed Pin From Net: NetName=BOOT0 Pin=BOOT1-4
Removed Pin From Net: NetName=0V (ISO) Pin=BOOT1-5
Removed Pin From Net: NetName=0V (ISO) Pin=BOOT1-6
Removed Pin From Net: NetName=0V (ISO) Pin=C41-1
Removed Pin From Net: NetName=0V (ISO) Pin=C42-1
Removed Pin From Net: NetName=0V (ISO) Pin=C43-1
Removed Pin From Net: NetName=0V (ISO) Pin=C44-1
Removed Pin From Net: NetName=0V (ISO) Pin=C45-1
Removed Pin From Net: NetName=0V (ISO) Pin=C46-1
Removed Pin From Net: NetName=0V (ISO) Pin=C47-1
Removed Pin From Net: NetName=0V (ISO) Pin=C48-1
Removed Pin From Net: NetName=0V (ISO) Pin=CANRX1-K
Removed Pin From Net: NetName=0V (ISO) Pin=CANTX1-K
Removed Pin From Net: NetName=BOOT0 Pin=R28-1
Removed Pin From Net: NetName=NRST Pin=R29-1
Removed Pin From Net: NetName=NRST Pin=STLINK1-1
Removed Pin From Net: NetName=0V (ISO) Pin=STLINK1-2
Removed Pin From Net: NetName=SWCLK Pin=STLINK1-4
Removed Pin From Net: NetName=SWDIO Pin=STLINK1-6
Removed Pin From Net: NetName=NRST Pin=U7-7
Removed Pin From Net: NetName=0V (ISO) Pin=U7-8
Removed Pin From Net: NetName=0V (ISO) Pin=U7-23
Removed Pin From Net: NetName=SWDIO Pin=U7-34
Removed Pin From Net: NetName=0V (ISO) Pin=U7-35
Removed Pin From Net: NetName=SWCLK Pin=U7-37
Removed Pin From Net: NetName=NetU6_5 Pin=U7-46
Removed Pin From Net: NetName=0V (ISO) Pin=U7-47
Removed Pin From Net: NetName=0V (ISO) Pin=UART1-4
Removed Member From Class: ClassName=U_Microcontroller Member=BOOT1
Removed Member From Class: ClassName=U_Microcontroller Member=C47
Removed Member From Class: ClassName=U_Microcontroller Member=C48
Removed Member From Class: ClassName=U_Microcontroller Member=CANRX1
Removed Member From Class: ClassName=U_Microcontroller Member=CANTX1
Removed Member From Class: ClassName=U_Microcontroller Member=STLINK1
Removed Member From Class: ClassName=U_Microcontroller Member=UART1
Removed Member From Class: ClassName=U_Microcontroller Member=X2
Change Component Footprint: Designator=R29 Old Footprint=0603 New Footprint=0805
Change Component Footprint: Designator=R30 Old Footprint=0603 New Footprint=0805
Change Component Footprint: Designator=U7 Old Footprint=STM 48-LQFP New Footprint=STM_QFN-36
Change Component Comment : Designator=R27 Old Comment=5k New Comment=500R
Change Component Comment : Designator=R29 Old Comment=10k New Comment=5.1k
Change Component Comment : Designator=R30 Old Comment=10k New Comment=5.1k
Change Component Comment : Designator=R26 Old Comment=10k New Comment=500R
Change Component Comment : Designator=R28 Old Comment=10k New Comment=500R
Change Component Comment : Designator=C41 Old Comment=22pF New Comment=100nF
Change Component Comment : Designator=C42 Old Comment=22pF New Comment=100nF
Change Component Comment : Designator=C45 Old Comment=100nF New Comment=22pF
Change Component Comment : Designator=C46 Old Comment=100nF New Comment=22pF
Change Component Comment : Designator=D7 Old Comment=Green New Comment=Yellow
Change Component Comment : Designator=U7 Old Comment=STM32F103C8T6 New Comment=STM32F103T8U6
Change component parameters: Designator = "C41" ("C41"); Footprint = "0603"; UniqueID = "\VGWZQQDI\CDGYADLZ" ("\VGWZQQDI\CDGYADLZ")
Change component parameters (AddParameter): Name = "Digikey Part Number"; Value = "490-6049-1-ND"; VariantName = "[No Variations]"
Change component parameters (AddParameter): Name = "Manufacturer"; Value = "muRata"; VariantName = "[No Variations]"
Change component parameters (AddParameter): Name = "Material"; Value = "MLCC"; VariantName = "[No Variations]"
Change component parameters (AddParameter): Name = "Part Number"; Value = "GCM188L81H104KA57D"; VariantName = "[No Variations]"
Change component parameters (AddParameter): Name = "Rated Voltage"; Value = "50V"; VariantName = "[No Variations]"
Change component parameters (AddParameter): Name = "Temperature Rating"; Value = "X8L"; VariantName = "[No Variations]"
Change component parameters (AddParameter): Name = "Tolerance"; Value = "±10%"; VariantName = "[No Variations]"
Change component parameters (AddParameter): Name = "Value"; Value = "100nF"; VariantName = "[No Variations]"
Change component parameters: Designator = "C42" ("C42"); Footprint = "0603"; UniqueID = "\VGWZQQDI\BVZFPQTS" ("\VGWZQQDI\BVZFPQTS")
Change component parameters (AddParameter): Name = "Digikey Part Number"; Value = "490-6049-1-ND"; VariantName = "[No Variations]"
Change component parameters (AddParameter): Name = "Manufacturer"; Value = "muRata"; VariantName = "[No Variations]"
Change component parameters (AddParameter): Name = "Material"; Value = "MLCC"; VariantName = "[No Variations]"
Change component parameters (AddParameter): Name = "Part Number"; Value = "GCM188L81H104KA57D"; VariantName = "[No Variations]"
Change component parameters (AddParameter): Name = "Rated Voltage"; Value = "50V"; VariantName = "[No Variations]"
Change component parameters (AddParameter): Name = "Temperature Rating"; Value = "X8L"; VariantName = "[No Variations]"
Change component parameters (AddParameter): Name = "Tolerance"; Value = "±10%"; VariantName = "[No Variations]"
Change component parameters (AddParameter): Name = "Value"; Value = "100nF"; VariantName = "[No Variations]"
Change component parameters: Designator = "C45" ("C45"); Footprint = "0603"; UniqueID = "\VGWZQQDI\HBFUETVI" ("\VGWZQQDI\HBFUETVI")
Change component parameters (AddParameter): Name = "Digikey Part Number"; Value = "490-6123-1-ND"; VariantName = "[No Variations]"
Change component parameters (AddParameter): Name = "Manufacturer"; Value = "Murata Electronics"; VariantName = "[No Variations]"
Change component parameters (AddParameter): Name = "Material"; Value = "MLCC"; VariantName = "[No Variations]"
Change component parameters (AddParameter): Name = "Part Number"; Value = "GRM0335C1H220JA01D"; VariantName = "[No Variations]"
Change component parameters (AddParameter): Name = "Rated Voltage"; Value = "50V"; VariantName = "[No Variations]"
Change component parameters (AddParameter): Name = "Temperature Rating"; Value = "C0G, NP0"; VariantName = "[No Variations]"
Change component parameters (AddParameter): Name = "Tolerance"; Value = "±5%"; VariantName = "[No Variations]"
Change component parameters (AddParameter): Name = "Value"; Value = "22pF"; VariantName = "[No Variations]"
Change component parameters: Designator = "C46" ("C46"); Footprint = "0603"; UniqueID = "\VGWZQQDI\BLTRYOXO" ("\VGWZQQDI\BLTRYOXO")
Change component parameters (AddParameter): Name = "Digikey Part Number"; Value = "490-6123-1-ND"; VariantName = "[No Variations]"
Change component parameters (AddParameter): Name = "Manufacturer"; Value = "Murata Electronics"; VariantName = "[No Variations]"
Change component parameters (AddParameter): Name = "Material"; Value = "MLCC"; VariantName = "[No Variations]"
Change component parameters (AddParameter): Name = "Part Number"; Value = "GRM0335C1H220JA01D"; VariantName = "[No Variations]"
Change component parameters (AddParameter): Name = "Rated Voltage"; Value = "50V"; VariantName = "[No Variations]"
Change component parameters (AddParameter): Name = "Temperature Rating"; Value = "C0G, NP0"; VariantName = "[No Variations]"
Change component parameters (AddParameter): Name = "Tolerance"; Value = "±5%"; VariantName = "[No Variations]"
Change component parameters (AddParameter): Name = "Value"; Value = "22pF"; VariantName = "[No Variations]"
Change component parameters: Designator = "D7" ("D7"); Footprint = "0805 LED"; UniqueID = "\VGWZQQDI\PAFQYEUQ" ("\VGWZQQDI\PAFQYEUQ")
Change component parameters (AddParameter): Name = "Colour"; Value = "Yellow"; VariantName = "[No Variations]"
Change component parameters (AddParameter): Name = "Digikey Part Number"; Value = "511-1293-1-ND"; VariantName = "[No Variations]"
Change component parameters (AddParameter): Name = "Manufacturer"; Value = "ROHM Semiconductor"; VariantName = "[No Variations]"
Change component parameters (AddParameter): Name = "Part Number"; Value = "SML-211YTT86"; VariantName = "[No Variations]"
Change component parameters: Designator = "R26" ("R26"); Footprint = "0603"; UniqueID = "\VGWZQQDI\NVNSETCL" ("\VGWZQQDI\NVNSETCL")
Change component parameters (AddParameter): Name = "Digikey Part Number"; Value = "13-RT0603BRD07500RL-ND"; VariantName = "[No Variations]"
Change component parameters (AddParameter): Name = "Manufacturer"; Value = "YAGEO"; VariantName = "[No Variations]"
Change component parameters (AddParameter): Name = "Material"; Value = "FR-07"; VariantName = "[No Variations]"
Change component parameters (AddParameter): Name = "Part Number"; Value = "RT0603BRD07500RL"; VariantName = "[No Variations]"
Change component parameters (AddParameter): Name = "Rated Power"; Value = "0.1W"; VariantName = "[No Variations]"
Change component parameters (AddParameter): Name = "Tolerance"; Value = "0.01"; VariantName = "[No Variations]"
Change component parameters (AddParameter): Name = "Value"; Value = "500R"; VariantName = "[No Variations]"
Change component parameters: Designator = "R27" ("R27"); Footprint = "0603"; UniqueID = "\VGWZQQDI\AXGGWMFG" ("\VGWZQQDI\AXGGWMFG")
Change component parameters (AddParameter): Name = "Digikey Part Number"; Value = "13-RT0603BRD07500RL-ND"; VariantName = "[No Variations]"
Change component parameters (AddParameter): Name = "Manufacturer"; Value = "YAGEO"; VariantName = "[No Variations]"
Change component parameters (AddParameter): Name = "Material"; Value = "FR-07"; VariantName = "[No Variations]"
Change component parameters (AddParameter): Name = "Part Number"; Value = "RT0603BRD07500RL"; VariantName = "[No Variations]"
Change component parameters (AddParameter): Name = "Rated Power"; Value = "0.1W"; VariantName = "[No Variations]"
Change component parameters (AddParameter): Name = "Tolerance"; Value = "0.01"; VariantName = "[No Variations]"
Change component parameters (AddParameter): Name = "Value"; Value = "500R"; VariantName = "[No Variations]"
Change component parameters: Designator = "R28" ("R28"); Footprint = "0603"; UniqueID = "\VGWZQQDI\UCHWKIAB" ("\VGWZQQDI\UCHWKIAB")
Change component parameters (AddParameter): Name = "Digikey Part Number"; Value = "13-RT0603BRD07500RL-ND"; VariantName = "[No Variations]"
Change component parameters (AddParameter): Name = "Manufacturer"; Value = "YAGEO"; VariantName = "[No Variations]"
Change component parameters (AddParameter): Name = "Material"; Value = "FR-07"; VariantName = "[No Variations]"
Change component parameters (AddParameter): Name = "Part Number"; Value = "RT0603BRD07500RL"; VariantName = "[No Variations]"
Change component parameters (AddParameter): Name = "Rated Power"; Value = "0.1W"; VariantName = "[No Variations]"
Change component parameters (AddParameter): Name = "Tolerance"; Value = "0.01"; VariantName = "[No Variations]"
Change component parameters (AddParameter): Name = "Value"; Value = "500R"; VariantName = "[No Variations]"
Change component parameters: Designator = "R29" ("R29"); Footprint = "0603"; UniqueID = "\VGWZQQDI\QZOEROWC" ("\VGWZQQDI\QZOEROWC")
Change component parameters (AddParameter): Name = "Digikey Part Number"; Value = "311-5.10KCRCT-ND"; VariantName = "[No Variations]"
Change component parameters (AddParameter): Name = "Manufacturer"; Value = "YAGEO"; VariantName = "[No Variations]"
Change component parameters (AddParameter): Name = "Material"; Value = "FR-07"; VariantName = "[No Variations]"
Change component parameters (AddParameter): Name = "Part Number"; Value = "RC0805FR075K1L"; VariantName = "[No Variations]"
Change component parameters (AddParameter): Name = "Rated Power"; Value = "0.125W"; VariantName = "[No Variations]"
Change component parameters (AddParameter): Name = "Tolerance"; Value = "0.01"; VariantName = "[No Variations]"
Change component parameters (AddParameter): Name = "Value"; Value = "5.1k"; VariantName = "[No Variations]"
Change component parameters: Designator = "R30" ("R30"); Footprint = "0603"; UniqueID = "\VGWZQQDI\WLZJOPWP" ("\VGWZQQDI\WLZJOPWP")
Change component parameters (AddParameter): Name = "Digikey Part Number"; Value = "311-5.10KCRCT-ND"; VariantName = "[No Variations]"
Change component parameters (AddParameter): Name = "Manufacturer"; Value = "YAGEO"; VariantName = "[No Variations]"
Change component parameters (AddParameter): Name = "Material"; Value = "FR-07"; VariantName = "[No Variations]"
Change component parameters (AddParameter): Name = "Part Number"; Value = "RC0805FR075K1L"; VariantName = "[No Variations]"
Change component parameters (AddParameter): Name = "Rated Power"; Value = "0.125W"; VariantName = "[No Variations]"
Change component parameters (AddParameter): Name = "Tolerance"; Value = "0.01"; VariantName = "[No Variations]"
Change component parameters (AddParameter): Name = "Value"; Value = "5.1k"; VariantName = "[No Variations]"
Change component parameters: Designator = "U7" ("U7"); Footprint = "STM 48-LQFP"; UniqueID = "\VGWZQQDI\DGZREYQZ" ("\VGWZQQDI\DGZREYQZ")
Change component parameters (AddParameter): Name = "Digikey Link"; Value = "https://www.digikey.com/en/products/detail/stmicroelectronics/stm32f103t8u6/1852493"; VariantName = "[No Variations]"
Change component parameters (AddParameter): Name = "Digikey Part Number"; Value = "STM32F103T8U6"; VariantName = "[No Variations]"
Change component parameters (AddParameter): Name = "Manufacturer"; Value = "ST Microelectronics"; VariantName = "[No Variations]"
Change component parameters (AddParameter): Name = "Part Number"; Value = "STM32F103T8U6"; VariantName = "[No Variations]"
Added Component: Designator=D8(0805 LED)
Add component (AddParameter): Name = "Colour"; Value = "Yellow"; VariantName = "[No Variations]"
Add component (AddParameter): Name = "Digikey Part Number"; Value = "511-1293-1-ND"; VariantName = "[No Variations]"
Add component (AddParameter): Name = "Manufacturer"; Value = "ROHM Semiconductor"; VariantName = "[No Variations]"
Add component (AddParameter): Name = "Part Number"; Value = "SML-211YTT86"; VariantName = "[No Variations]"
Added Component: Designator=D9(0805 LED)
Add component (AddParameter): Name = "Colour"; Value = "Yellow"; VariantName = "[No Variations]"
Add component (AddParameter): Name = "Digikey Part Number"; Value = "511-1293-1-ND"; VariantName = "[No Variations]"
Add component (AddParameter): Name = "Manufacturer"; Value = "ROHM Semiconductor"; VariantName = "[No Variations]"
Add component (AddParameter): Name = "Part Number"; Value = "SML-211YTT86"; VariantName = "[No Variations]"
Added Component: Designator=P8(TH 2.54mm Header 2x5)
Add component (AddParameter): Name = "Angle"; Value = "0"; VariantName = "[No Variations]"
Add component (AddParameter): Name = "Contact"; Value = "NA"; VariantName = "[No Variations]"
Add component (AddParameter): Name = "Flange"; Value = "No"; VariantName = "[No Variations]"
Add component (AddParameter): Name = "Part Number"; Value = "SMD 2.54mm Header 2x5"; VariantName = "[No Variations]"
Add component (AddParameter): Name = "Pitch"; Value = "2.54mm"; VariantName = "[No Variations]"
Add component (AddParameter): Name = "Positions"; Value = "10"; VariantName = "[No Variations]"
Add component (AddParameter): Name = "Row Spacing"; Value = "2.54mm"; VariantName = "[No Variations]"
Added Component: Designator=P9(TH 2.54mm Header 1x4)
Add component (AddParameter): Name = "Angle"; Value = "0"; VariantName = "[No Variations]"
Add component (AddParameter): Name = "Contact"; Value = "NA"; VariantName = "[No Variations]"
Add component (AddParameter): Name = "Flange"; Value = "No"; VariantName = "[No Variations]"
Add component (AddParameter): Name = "Part Number"; Value = "TH 2.54mm Header 1x4"; VariantName = "[No Variations]"
Add component (AddParameter): Name = "Pitch"; Value = "2.54mm"; VariantName = "[No Variations]"
Add component (AddParameter): Name = "Positions"; Value = "4"; VariantName = "[No Variations]"
Add component (AddParameter): Name = "Row Spacing"; Value = "2.54mm"; VariantName = "[No Variations]"
Added Component: Designator=P10(TH 2.54mm Header 1x3)
Add component (AddParameter): Name = "Angle"; Value = "0"; VariantName = "[No Variations]"
Add component (AddParameter): Name = "Contact"; Value = "NA"; VariantName = "[No Variations]"
Add component (AddParameter): Name = "Flange"; Value = "No"; VariantName = "[No Variations]"
Add component (AddParameter): Name = "Part Number"; Value = "TH 2.54mm Header 1x3"; VariantName = "[No Variations]"
Add component (AddParameter): Name = "Pitch"; Value = "2.54mm"; VariantName = "[No Variations]"
Add component (AddParameter): Name = "Positions"; Value = "3"; VariantName = "[No Variations]"
Add component (AddParameter): Name = "Row Spacing"; Value = "2.54mm"; VariantName = "[No Variations]"
Added Component: Designator=R31(0603)
Add component (AddParameter): Name = "Digikey Part Number"; Value = "311-10.0KHRCT-ND"; VariantName = "[No Variations]"
Add component (AddParameter): Name = "Manufacturer"; Value = "YAGEO"; VariantName = "[No Variations]"
Add component (AddParameter): Name = "Material"; Value = "FR-07"; VariantName = "[No Variations]"
Add component (AddParameter): Name = "Part Number"; Value = "RC0603FR-0710KL"; VariantName = "[No Variations]"
Add component (AddParameter): Name = "Rated Power"; Value = "0.1W"; VariantName = "[No Variations]"
Add component (AddParameter): Name = "Tolerance"; Value = "0.01"; VariantName = "[No Variations]"
Add component (AddParameter): Name = "Value"; Value = "10k"; VariantName = "[No Variations]"
Added Component: Designator=R32(0603)
Add component (AddParameter): Name = "Digikey Part Number"; Value = "311-10.0KHRCT-ND"; VariantName = "[No Variations]"
Add component (AddParameter): Name = "Manufacturer"; Value = "YAGEO"; VariantName = "[No Variations]"
Add component (AddParameter): Name = "Material"; Value = "FR-07"; VariantName = "[No Variations]"
Add component (AddParameter): Name = "Part Number"; Value = "RC0603FR-0710KL"; VariantName = "[No Variations]"
Add component (AddParameter): Name = "Rated Power"; Value = "0.1W"; VariantName = "[No Variations]"
Add component (AddParameter): Name = "Tolerance"; Value = "0.01"; VariantName = "[No Variations]"
Add component (AddParameter): Name = "Value"; Value = "10k"; VariantName = "[No Variations]"
Added Component: Designator=R33(0603)
Add component (AddParameter): Name = "Digikey Part Number"; Value = "13-RC0603FR-1310MLCT-ND"; VariantName = "[No Variations]"
Add component (AddParameter): Name = "Manufacturer"; Value = "YAGEO"; VariantName = "[No Variations]"
Add component (AddParameter): Name = "Material"; Value = "FR-07"; VariantName = "[No Variations]"
Add component (AddParameter): Name = "Part Number"; Value = "RC0603FR-1310ML"; VariantName = "[No Variations]"
Add component (AddParameter): Name = "Rated Power"; Value = "0.1W"; VariantName = "[No Variations]"
Add component (AddParameter): Name = "Tolerance"; Value = "0.01"; VariantName = "[No Variations]"
Add component (AddParameter): Name = "Value"; Value = "10M"; VariantName = "[No Variations]"
Added Pin To Net: NetName=0V_(ISO) Pin=C41-1
Added Pin To Net: NetName=3V3 Pin=C41-2
Added Pin To Net: NetName=0V_(ISO) Pin=C42-1
Added Pin To Net: NetName=3V3 Pin=C42-2
Added Pin To Net: NetName=0V_(ISO) Pin=C43-1
Added Pin To Net: NetName=3V3 Pin=C43-2
Added Pin To Net: NetName=0V_(ISO) Pin=C44-1
Added Pin To Net: NetName=3V3 Pin=C44-2
Added Pin To Net: NetName=0V_(ISO) Pin=D8-K
Added Pin To Net: NetName=0V_(ISO) Pin=D9-K
Added Pin To Net: NetName=NRST Pin=P8-1
Added Pin To Net: NetName=0V_(ISO) Pin=P8-2
Added Pin To Net: NetName=SWCLK Pin=P8-4
Added Pin To Net: NetName=SWDIO Pin=P8-6
Added Pin To Net: NetName=3V3 Pin=P8-7
Added Pin To Net: NetName=3V3 Pin=P8-8
Added Pin To Net: NetName=0V_(ISO) Pin=P9-1
Added Pin To Net: NetName=3V3 Pin=P9-4
Added Pin To Net: NetName=3V3 Pin=P10-1
Added Pin To Net: NetName=BOOT0 Pin=P10-2
Added Pin To Net: NetName=0V_(ISO) Pin=P10-3
Added Pin To Net: NetName=3V3 Pin=R26-2
Added Pin To Net: NetName=3V3 Pin=R29-2
Added Pin To Net: NetName=3V3 Pin=R30-2
Added Pin To Net: NetName=NRST Pin=R31-1
Added Pin To Net: NetName=3V3 Pin=R31-2
Added Pin To Net: NetName=BOOT0 Pin=R32-1
Added Pin To Net: NetName=3V3 Pin=U7-1
Added Pin To Net: NetName=NRST Pin=U7-4
Added Pin To Net: NetName=0V_(ISO) Pin=U7-5
Added Pin To Net: NetName=3V3 Pin=U7-6
Added Pin To Net: NetName=0V_(ISO) Pin=U7-18
Added Pin To Net: NetName=3V3 Pin=U7-19
Added Pin To Net: NetName=SWDIO Pin=U7-25
Added Pin To Net: NetName=0V_(ISO) Pin=U7-26
Added Pin To Net: NetName=3V3 Pin=U7-27
Added Pin To Net: NetName=SWCLK Pin=U7-28
Added Pin To Net: NetName=0V_(ISO) Pin=U7-36
Added Pin To Net: NetName=CAN_RX_INDC Pin=R28-2
Added Pin To Net: NetName=CAN_RX_INDC Pin=U7-33
Added Net: Name=CAN_RX_INDC
Added Pin To Net: NetName=CAN_TX_INDC Pin=R27-2
Added Pin To Net: NetName=CAN_TX_INDC Pin=U7-32
Added Net: Name=CAN_TX_INDC
Added Pin To Net: NetName=HB Pin=D7-K
Added Pin To Net: NetName=HB Pin=U7-34
Added Net: Name=HB
Added Pin To Net: NetName=NetC45_1 Pin=C45-1
Added Pin To Net: NetName=NetC45_1 Pin=C46-1
Added Net: Name=NetC45_1
Added Pin To Net: NetName=NetC45_2 Pin=C45-2
Added Pin To Net: NetName=NetC45_2 Pin=R33-1
Added Pin To Net: NetName=NetC45_2 Pin=U7-2
Added Pin To Net: NetName=NetC45_2 Pin=X1-1
Added Net: Name=NetC45_2
Added Pin To Net: NetName=NetC46_2 Pin=C46-2
Added Pin To Net: NetName=NetC46_2 Pin=R33-2
Added Pin To Net: NetName=NetC46_2 Pin=U7-3
Added Pin To Net: NetName=NetC46_2 Pin=X1-2
Added Net: Name=NetC46_2
Added Pin To Net: NetName=NetD7_A Pin=D7-A
Added Pin To Net: NetName=NetD7_A Pin=R26-1
Added Net: Name=NetD7_A
Added Pin To Net: NetName=NetD8_A Pin=D8-A
Added Pin To Net: NetName=NetD8_A Pin=R27-1
Added Net: Name=NetD8_A
Added Pin To Net: NetName=NetD9_A Pin=D9-A
Added Pin To Net: NetName=NetD9_A Pin=R28-1
Added Net: Name=NetD9_A
Added Pin To Net: NetName=NetR29_1 Pin=R29-1
Added Pin To Net: NetName=NetR29_1 Pin=U6-4
Added Pin To Net: NetName=NetR29_1 Pin=U7-23
Added Net: Name=NetR29_1
Added Pin To Net: NetName=NetR30_1 Pin=R30-1
Added Pin To Net: NetName=NetR30_1 Pin=U7-24
Added Net: Name=NetR30_1
Added Pin To Net: NetName=NetR32_2 Pin=R32-2
Added Pin To Net: NetName=NetR32_2 Pin=U7-35
Added Net: Name=NetR32_2
Added Pin To Net: NetName=NetU7_11 Pin=U7-11
Added Net: Name=NetU7_11
Added Pin To Net: NetName=NetU7_12 Pin=U7-12
Added Net: Name=NetU7_12
Added Pin To Net: NetName=NetU7_13 Pin=U7-13
Added Net: Name=NetU7_13
Added Pin To Net: NetName=NetU7_14 Pin=U7-14
Added Net: Name=NetU7_14
Added Pin To Net: NetName=UART_RX Pin=P9-2
Added Pin To Net: NetName=UART_RX Pin=U7-22
Added Net: Name=UART_RX
Added Pin To Net: NetName=UART_TX Pin=P9-3
Added Pin To Net: NetName=UART_TX Pin=U7-21
Added Net: Name=UART_TX
Added Member To Class: ClassName=U_Microcontroller Member=Component D8 Yellow
Added Member To Class: ClassName=U_Microcontroller Member=Component D9 Yellow
Added Member To Class: ClassName=U_Microcontroller Member=Component P8 2.54mm
Added Member To Class: ClassName=U_Microcontroller Member=Component P9 2.54mm
Added Member To Class: ClassName=U_Microcontroller Member=Component P10 2.54mm
Added Member To Class: ClassName=U_Microcontroller Member=Component R31 10k
Added Member To Class: ClassName=U_Microcontroller Member=Component R32 10k
Added Member To Class: ClassName=U_Microcontroller Member=Component R33 10M
