Removed Pin From Net: NetName=0V (TMP) Pin=C13_TB1-1
Removed Pin From Net: NetName=0V (TMP) Pin=C13_TB2-1
Removed Pin From Net: NetName=0V (TMP) Pin=C13_TB3-1
Removed Pin From Net: NetName=0V (TMP) Pin=C13_TB4-1
Removed Pin From Net: NetName=0V (TMP) Pin=C13_TB5-1
Removed Pin From Net: NetName=0V (TMP) Pin=C13_TB6-1
Removed Pin From Net: NetName=0V (TMP) Pin=C14_TB1-1
Removed Pin From Net: NetName=0V (TMP) Pin=C14_TB2-1
Removed Pin From Net: NetName=0V (TMP) Pin=C14_TB3-1
Removed Pin From Net: NetName=0V (TMP) Pin=C14_TB4-1
Removed Pin From Net: NetName=0V (TMP) Pin=C14_TB5-1
Removed Pin From Net: NetName=0V (TMP) Pin=C14_TB6-1
Removed Pin From Net: NetName=0V (TMP) Pin=C15_TB1-1
Removed Pin From Net: NetName=0V (TMP) Pin=C15_TB2-1
Removed Pin From Net: NetName=0V (TMP) Pin=C15_TB3-1
Removed Pin From Net: NetName=0V (TMP) Pin=C15_TB4-1
Removed Pin From Net: NetName=0V (TMP) Pin=C15_TB5-1
Removed Pin From Net: NetName=0V (TMP) Pin=C15_TB6-1
Removed Pin From Net: NetName=0V (TMP) Pin=C16_TB1-1
Removed Pin From Net: NetName=0V (TMP) Pin=C16_TB2-1
Removed Pin From Net: NetName=0V (TMP) Pin=C16_TB3-1
Removed Pin From Net: NetName=0V (TMP) Pin=C16_TB4-1
Removed Pin From Net: NetName=0V (TMP) Pin=C16_TB5-1
Removed Pin From Net: NetName=0V (TMP) Pin=C16_TB6-1
Removed Pin From Net: NetName=0V (TMP) Pin=C19_TB1-1
Removed Pin From Net: NetName=3V3_TEMP Pin=C19_TB1-2
Removed Pin From Net: NetName=0V (TMP) Pin=C19_TB2-1
Removed Pin From Net: NetName=3V3_TEMP Pin=C19_TB2-2
Removed Pin From Net: NetName=0V (TMP) Pin=C19_TB3-1
Removed Pin From Net: NetName=3V3_TEMP Pin=C19_TB3-2
Removed Pin From Net: NetName=0V (TMP) Pin=C19_TB4-1
Removed Pin From Net: NetName=0V (TMP) Pin=C19_TB5-1
Removed Pin From Net: NetName=3V3_TEMP Pin=C19_TB5-2
Removed Pin From Net: NetName=0V (TMP) Pin=C19_TB6-1
Removed Pin From Net: NetName=3V3_TEMP Pin=C19_TB6-2
Removed Pin From Net: NetName=0V (TMP) Pin=C20_TB1-1
Removed Pin From Net: NetName=3V3_TEMP Pin=C20_TB1-2
Removed Pin From Net: NetName=0V (TMP) Pin=C20_TB2-1
Removed Pin From Net: NetName=3V3_TEMP Pin=C20_TB2-2
Removed Pin From Net: NetName=0V (TMP) Pin=C20_TB3-1
Removed Pin From Net: NetName=3V3_TEMP Pin=C20_TB3-2
Removed Pin From Net: NetName=0V (TMP) Pin=C20_TB4-1
Removed Pin From Net: NetName=0V (TMP) Pin=C20_TB5-1
Removed Pin From Net: NetName=3V3_TEMP Pin=C20_TB5-2
Removed Pin From Net: NetName=0V (TMP) Pin=C20_TB6-1
Removed Pin From Net: NetName=3V3_TEMP Pin=C20_TB6-2
Removed Pin From Net: NetName=0V (TMP) Pin=C21_TB1-1
Removed Pin From Net: NetName=0V (TMP) Pin=C21_TB2-1
Removed Pin From Net: NetName=0V (TMP) Pin=C21_TB3-1
Removed Pin From Net: NetName=0V (TMP) Pin=C21_TB4-1
Removed Pin From Net: NetName=0V (TMP) Pin=C21_TB5-1
Removed Pin From Net: NetName=0V (TMP) Pin=C21_TB6-1
Removed Pin From Net: NetName=0V (TMP) Pin=C22_TB1-1
Removed Pin From Net: NetName=0V (TMP) Pin=C22_TB2-1
Removed Pin From Net: NetName=0V (TMP) Pin=C22_TB3-1
Removed Pin From Net: NetName=0V (TMP) Pin=C22_TB4-1
Removed Pin From Net: NetName=0V (TMP) Pin=C22_TB5-1
Removed Pin From Net: NetName=0V (TMP) Pin=C22_TB6-1
Removed Pin From Net: NetName=0V (TMP) Pin=C23_TB1-1
Removed Pin From Net: NetName=0V (TMP) Pin=C23_TB2-1
Removed Pin From Net: NetName=0V (TMP) Pin=C23_TB3-1
Removed Pin From Net: NetName=0V (TMP) Pin=C23_TB4-1
Removed Pin From Net: NetName=0V (TMP) Pin=C23_TB5-1
Removed Pin From Net: NetName=0V (TMP) Pin=C23_TB6-1
Removed Pin From Net: NetName=0V (TMP) Pin=C24_TB1-1
Removed Pin From Net: NetName=0V (TMP) Pin=C24_TB2-1
Removed Pin From Net: NetName=0V (TMP) Pin=C24_TB3-1
Removed Pin From Net: NetName=0V (TMP) Pin=C24_TB4-1
Removed Pin From Net: NetName=0V (TMP) Pin=C24_TB5-1
Removed Pin From Net: NetName=0V (TMP) Pin=C24_TB6-1
Removed Pin From Net: NetName=0V (TMP) Pin=C25_TB1-1
Removed Pin From Net: NetName=0V (TMP) Pin=C25_TB2-1
Removed Pin From Net: NetName=0V (TMP) Pin=C25_TB3-1
Removed Pin From Net: NetName=0V (TMP) Pin=C25_TB4-1
Removed Pin From Net: NetName=0V (TMP) Pin=C25_TB5-1
Removed Pin From Net: NetName=0V (TMP) Pin=C25_TB6-1
Removed Pin From Net: NetName=0V (TMP) Pin=C26_TB1-1
Removed Pin From Net: NetName=3V3_TEMP Pin=C26_TB1-2
Removed Pin From Net: NetName=0V (TMP) Pin=C26_TB2-1
Removed Pin From Net: NetName=3V3_TEMP Pin=C26_TB2-2
Removed Pin From Net: NetName=0V (TMP) Pin=C26_TB3-1
Removed Pin From Net: NetName=3V3_TEMP Pin=C26_TB3-2
Removed Pin From Net: NetName=0V (TMP) Pin=C26_TB4-1
Removed Pin From Net: NetName=0V (TMP) Pin=C26_TB5-1
Removed Pin From Net: NetName=3V3_TEMP Pin=C26_TB5-2
Removed Pin From Net: NetName=0V (TMP) Pin=C26_TB6-1
Removed Pin From Net: NetName=3V3_TEMP Pin=C26_TB6-2
Removed Pin From Net: NetName=0V (TMP) Pin=C27_TB1-1
Removed Pin From Net: NetName=3V3_TEMP Pin=C27_TB1-2
Removed Pin From Net: NetName=0V (TMP) Pin=C27_TB2-1
Removed Pin From Net: NetName=3V3_TEMP Pin=C27_TB2-2
Removed Pin From Net: NetName=0V (TMP) Pin=C27_TB3-1
Removed Pin From Net: NetName=3V3_TEMP Pin=C27_TB3-2
Removed Pin From Net: NetName=0V (TMP) Pin=C27_TB4-1
Removed Pin From Net: NetName=0V (TMP) Pin=C27_TB5-1
Removed Pin From Net: NetName=3V3_TEMP Pin=C27_TB5-2
Removed Pin From Net: NetName=0V (TMP) Pin=C27_TB6-1
Removed Pin From Net: NetName=3V3_TEMP Pin=C27_TB6-2
Removed Pin From Net: NetName=NetC40_2 Pin=C39-2
Removed Pin From Net: NetName=NetC39_2 Pin=C40-2
Removed Pin From Net: NetName=NetC39_2 Pin=L3-3
Removed Pin From Net: NetName=NetC40_2 Pin=L3-4
Removed Pin From Net: NetName=3V3_TEMP Pin=R6_TB1-2
Removed Pin From Net: NetName=3V3_TEMP Pin=R6_TB2-2
Removed Pin From Net: NetName=3V3_TEMP Pin=R6_TB3-2
Removed Pin From Net: NetName=3V3_TEMP Pin=R6_TB5-2
Removed Pin From Net: NetName=3V3_TEMP Pin=R6_TB6-2
Removed Pin From Net: NetName=3V3_TEMP Pin=R7_TB1-2
Removed Pin From Net: NetName=3V3_TEMP Pin=R7_TB2-2
Removed Pin From Net: NetName=3V3_TEMP Pin=R7_TB3-2
Removed Pin From Net: NetName=3V3_TEMP Pin=R7_TB5-2
Removed Pin From Net: NetName=3V3_TEMP Pin=R7_TB6-2
Removed Pin From Net: NetName=3V3_TEMP Pin=R10_TB1-2
Removed Pin From Net: NetName=3V3_TEMP Pin=R10_TB2-2
Removed Pin From Net: NetName=3V3_TEMP Pin=R10_TB3-2
Removed Pin From Net: NetName=3V3_TEMP Pin=R10_TB5-2
Removed Pin From Net: NetName=3V3_TEMP Pin=R10_TB6-2
Removed Pin From Net: NetName=3V3_TEMP Pin=R11_TB1-2
Removed Pin From Net: NetName=3V3_TEMP Pin=R11_TB2-2
Removed Pin From Net: NetName=3V3_TEMP Pin=R11_TB3-2
Removed Pin From Net: NetName=3V3_TEMP Pin=R11_TB5-2
Removed Pin From Net: NetName=3V3_TEMP Pin=R11_TB6-2
Removed Pin From Net: NetName=3V3_TEMP Pin=R14_TB1-2
Removed Pin From Net: NetName=3V3_TEMP Pin=R14_TB2-2
Removed Pin From Net: NetName=3V3_TEMP Pin=R14_TB3-2
Removed Pin From Net: NetName=3V3_TEMP Pin=R14_TB5-2
Removed Pin From Net: NetName=3V3_TEMP Pin=R14_TB6-2
Removed Pin From Net: NetName=3V3_TEMP Pin=R15_TB1-2
Removed Pin From Net: NetName=3V3_TEMP Pin=R15_TB2-2
Removed Pin From Net: NetName=3V3_TEMP Pin=R15_TB3-2
Removed Pin From Net: NetName=3V3_TEMP Pin=R15_TB5-2
Removed Pin From Net: NetName=3V3_TEMP Pin=R15_TB6-2
Removed Pin From Net: NetName=3V3_TEMP Pin=R18_TB1-2
Removed Pin From Net: NetName=3V3_TEMP Pin=R18_TB2-2
Removed Pin From Net: NetName=3V3_TEMP Pin=R18_TB3-2
Removed Pin From Net: NetName=3V3_TEMP Pin=R18_TB5-2
Removed Pin From Net: NetName=3V3_TEMP Pin=R18_TB6-2
Removed Pin From Net: NetName=3V3_TEMP Pin=R19_TB1-2
Removed Pin From Net: NetName=3V3_TEMP Pin=R19_TB2-2
Removed Pin From Net: NetName=3V3_TEMP Pin=R19_TB3-2
Removed Pin From Net: NetName=3V3_TEMP Pin=R19_TB5-2
Removed Pin From Net: NetName=3V3_TEMP Pin=R19_TB6-2
Removed Pin From Net: NetName=3V3_TEMP Pin=R22_TB1-2
Removed Pin From Net: NetName=3V3_TEMP Pin=R22_TB2-2
Removed Pin From Net: NetName=3V3_TEMP Pin=R22_TB3-2
Removed Pin From Net: NetName=3V3_TEMP Pin=R22_TB5-2
Removed Pin From Net: NetName=3V3_TEMP Pin=R22_TB6-2
Removed Pin From Net: NetName=0V (TMP) Pin=U4_TB1-9
Removed Pin From Net: NetName=3V3_TEMP Pin=U4_TB1-10
Removed Pin From Net: NetName=0V (TMP) Pin=U4_TB1-15
Removed Pin From Net: NetName=3V3_TEMP Pin=U4_TB1-16
Removed Pin From Net: NetName=0V (TMP) Pin=U4_TB2-9
Removed Pin From Net: NetName=3V3_TEMP Pin=U4_TB2-10
Removed Pin From Net: NetName=0V (TMP) Pin=U4_TB2-15
Removed Pin From Net: NetName=3V3_TEMP Pin=U4_TB2-16
Removed Pin From Net: NetName=0V (TMP) Pin=U4_TB3-9
Removed Pin From Net: NetName=3V3_TEMP Pin=U4_TB3-10
Removed Pin From Net: NetName=0V (TMP) Pin=U4_TB3-15
Removed Pin From Net: NetName=3V3_TEMP Pin=U4_TB3-16
Removed Pin From Net: NetName=0V (TMP) Pin=U4_TB4-9
Removed Pin From Net: NetName=0V (TMP) Pin=U4_TB4-15
Removed Pin From Net: NetName=0V (TMP) Pin=U4_TB5-9
Removed Pin From Net: NetName=3V3_TEMP Pin=U4_TB5-10
Removed Pin From Net: NetName=0V (TMP) Pin=U4_TB5-15
Removed Pin From Net: NetName=3V3_TEMP Pin=U4_TB5-16
Removed Pin From Net: NetName=0V (TMP) Pin=U4_TB6-9
Removed Pin From Net: NetName=3V3_TEMP Pin=U4_TB6-10
Removed Pin From Net: NetName=0V (TMP) Pin=U4_TB6-15
Removed Pin From Net: NetName=3V3_TEMP Pin=U4_TB6-16
Removed Pin From Net: NetName=3V3_TEMP Pin=U5_TB1-7
Removed Pin From Net: NetName=0V (TMP) Pin=U5_TB1-9
Removed Pin From Net: NetName=3V3_TEMP Pin=U5_TB1-10
Removed Pin From Net: NetName=3V3_TEMP Pin=U5_TB2-7
Removed Pin From Net: NetName=0V (TMP) Pin=U5_TB2-9
Removed Pin From Net: NetName=3V3_TEMP Pin=U5_TB2-10
Removed Pin From Net: NetName=3V3_TEMP Pin=U5_TB3-7
Removed Pin From Net: NetName=0V (TMP) Pin=U5_TB3-9
Removed Pin From Net: NetName=3V3_TEMP Pin=U5_TB3-10
Removed Pin From Net: NetName=0V (TMP) Pin=U5_TB4-9
Removed Pin From Net: NetName=3V3_TEMP Pin=U5_TB5-7
Removed Pin From Net: NetName=0V (TMP) Pin=U5_TB5-9
Removed Pin From Net: NetName=3V3_TEMP Pin=U5_TB5-10
Removed Pin From Net: NetName=3V3_TEMP Pin=U5_TB6-7
Removed Pin From Net: NetName=0V (TMP) Pin=U5_TB6-9
Removed Pin From Net: NetName=3V3_TEMP Pin=U5_TB6-10
Removed Pin From Net: NetName=0V_(ISO) Pin=U7-37
Added Pin To Net: NetName=NetC39_2 Pin=C39-2
Added Pin To Net: NetName=NetC40_2 Pin=C40-2
Added Pin To Net: NetName=NetC40_2 Pin=L3-3
Added Pin To Net: NetName=NetC39_2 Pin=L3-4
Change Net Name : Old Net Name=3V3_TEMP New Net Name=3V3_TEMP_TB4
Added Pin To Net: NetName=3V3_TEMP_TB1 Pin=C19_TB1-2
Added Pin To Net: NetName=3V3_TEMP_TB1 Pin=C20_TB1-2
Added Pin To Net: NetName=3V3_TEMP_TB1 Pin=C26_TB1-2
Added Pin To Net: NetName=3V3_TEMP_TB1 Pin=C27_TB1-2
Added Pin To Net: NetName=3V3_TEMP_TB1 Pin=R6_TB1-2
Added Pin To Net: NetName=3V3_TEMP_TB1 Pin=R7_TB1-2
Added Pin To Net: NetName=3V3_TEMP_TB1 Pin=R10_TB1-2
Added Pin To Net: NetName=3V3_TEMP_TB1 Pin=R11_TB1-2
Added Pin To Net: NetName=3V3_TEMP_TB1 Pin=R14_TB1-2
Added Pin To Net: NetName=3V3_TEMP_TB1 Pin=R15_TB1-2
Added Pin To Net: NetName=3V3_TEMP_TB1 Pin=R18_TB1-2
Added Pin To Net: NetName=3V3_TEMP_TB1 Pin=R19_TB1-2
Added Pin To Net: NetName=3V3_TEMP_TB1 Pin=R22_TB1-2
Added Pin To Net: NetName=3V3_TEMP_TB1 Pin=U4_TB1-10
Added Pin To Net: NetName=3V3_TEMP_TB1 Pin=U4_TB1-16
Added Pin To Net: NetName=3V3_TEMP_TB1 Pin=U5_TB1-7
Added Pin To Net: NetName=3V3_TEMP_TB1 Pin=U5_TB1-10
Added Net: Name=3V3_TEMP_TB1
Added Pin To Net: NetName=3V3_TEMP_TB2 Pin=C19_TB2-2
Added Pin To Net: NetName=3V3_TEMP_TB2 Pin=C20_TB2-2
Added Pin To Net: NetName=3V3_TEMP_TB2 Pin=C26_TB2-2
Added Pin To Net: NetName=3V3_TEMP_TB2 Pin=C27_TB2-2
Added Pin To Net: NetName=3V3_TEMP_TB2 Pin=R6_TB2-2
Added Pin To Net: NetName=3V3_TEMP_TB2 Pin=R7_TB2-2
Added Pin To Net: NetName=3V3_TEMP_TB2 Pin=R10_TB2-2
Added Pin To Net: NetName=3V3_TEMP_TB2 Pin=R11_TB2-2
Added Pin To Net: NetName=3V3_TEMP_TB2 Pin=R14_TB2-2
Added Pin To Net: NetName=3V3_TEMP_TB2 Pin=R15_TB2-2
Added Pin To Net: NetName=3V3_TEMP_TB2 Pin=R18_TB2-2
Added Pin To Net: NetName=3V3_TEMP_TB2 Pin=R19_TB2-2
Added Pin To Net: NetName=3V3_TEMP_TB2 Pin=R22_TB2-2
Added Pin To Net: NetName=3V3_TEMP_TB2 Pin=U4_TB2-10
Added Pin To Net: NetName=3V3_TEMP_TB2 Pin=U4_TB2-16
Added Pin To Net: NetName=3V3_TEMP_TB2 Pin=U5_TB2-7
Added Pin To Net: NetName=3V3_TEMP_TB2 Pin=U5_TB2-10
Added Net: Name=3V3_TEMP_TB2
Added Pin To Net: NetName=3V3_TEMP_TB3 Pin=C19_TB3-2
Added Pin To Net: NetName=3V3_TEMP_TB3 Pin=C20_TB3-2
Added Pin To Net: NetName=3V3_TEMP_TB3 Pin=C26_TB3-2
Added Pin To Net: NetName=3V3_TEMP_TB3 Pin=C27_TB3-2
Added Pin To Net: NetName=3V3_TEMP_TB3 Pin=R6_TB3-2
Added Pin To Net: NetName=3V3_TEMP_TB3 Pin=R7_TB3-2
Added Pin To Net: NetName=3V3_TEMP_TB3 Pin=R10_TB3-2
Added Pin To Net: NetName=3V3_TEMP_TB3 Pin=R11_TB3-2
Added Pin To Net: NetName=3V3_TEMP_TB3 Pin=R14_TB3-2
Added Pin To Net: NetName=3V3_TEMP_TB3 Pin=R15_TB3-2
Added Pin To Net: NetName=3V3_TEMP_TB3 Pin=R18_TB3-2
Added Pin To Net: NetName=3V3_TEMP_TB3 Pin=R19_TB3-2
Added Pin To Net: NetName=3V3_TEMP_TB3 Pin=R22_TB3-2
Added Pin To Net: NetName=3V3_TEMP_TB3 Pin=U4_TB3-10
Added Pin To Net: NetName=3V3_TEMP_TB3 Pin=U4_TB3-16
Added Pin To Net: NetName=3V3_TEMP_TB3 Pin=U5_TB3-7
Added Pin To Net: NetName=3V3_TEMP_TB3 Pin=U5_TB3-10
Added Net: Name=3V3_TEMP_TB3
Added Pin To Net: NetName=3V3_TEMP_TB5 Pin=C19_TB5-2
Added Pin To Net: NetName=3V3_TEMP_TB5 Pin=C20_TB5-2
Added Pin To Net: NetName=3V3_TEMP_TB5 Pin=C26_TB5-2
Added Pin To Net: NetName=3V3_TEMP_TB5 Pin=C27_TB5-2
Added Pin To Net: NetName=3V3_TEMP_TB5 Pin=R6_TB5-2
Added Pin To Net: NetName=3V3_TEMP_TB5 Pin=R7_TB5-2
Added Pin To Net: NetName=3V3_TEMP_TB5 Pin=R10_TB5-2
Added Pin To Net: NetName=3V3_TEMP_TB5 Pin=R11_TB5-2
Added Pin To Net: NetName=3V3_TEMP_TB5 Pin=R14_TB5-2
Added Pin To Net: NetName=3V3_TEMP_TB5 Pin=R15_TB5-2
Added Pin To Net: NetName=3V3_TEMP_TB5 Pin=R18_TB5-2
Added Pin To Net: NetName=3V3_TEMP_TB5 Pin=R19_TB5-2
Added Pin To Net: NetName=3V3_TEMP_TB5 Pin=R22_TB5-2
Added Pin To Net: NetName=3V3_TEMP_TB5 Pin=U4_TB5-10
Added Pin To Net: NetName=3V3_TEMP_TB5 Pin=U4_TB5-16
Added Pin To Net: NetName=3V3_TEMP_TB5 Pin=U5_TB5-7
Added Pin To Net: NetName=3V3_TEMP_TB5 Pin=U5_TB5-10
Added Net: Name=3V3_TEMP_TB5
Added Pin To Net: NetName=3V3_TEMP_TB6 Pin=C19_TB6-2
Added Pin To Net: NetName=3V3_TEMP_TB6 Pin=C20_TB6-2
Added Pin To Net: NetName=3V3_TEMP_TB6 Pin=C26_TB6-2
Added Pin To Net: NetName=3V3_TEMP_TB6 Pin=C27_TB6-2
Added Pin To Net: NetName=3V3_TEMP_TB6 Pin=R6_TB6-2
Added Pin To Net: NetName=3V3_TEMP_TB6 Pin=R7_TB6-2
Added Pin To Net: NetName=3V3_TEMP_TB6 Pin=R10_TB6-2
Added Pin To Net: NetName=3V3_TEMP_TB6 Pin=R11_TB6-2
Added Pin To Net: NetName=3V3_TEMP_TB6 Pin=R14_TB6-2
Added Pin To Net: NetName=3V3_TEMP_TB6 Pin=R15_TB6-2
Added Pin To Net: NetName=3V3_TEMP_TB6 Pin=R18_TB6-2
Added Pin To Net: NetName=3V3_TEMP_TB6 Pin=R19_TB6-2
Added Pin To Net: NetName=3V3_TEMP_TB6 Pin=R22_TB6-2
Added Pin To Net: NetName=3V3_TEMP_TB6 Pin=U4_TB6-10
Added Pin To Net: NetName=3V3_TEMP_TB6 Pin=U4_TB6-16
Added Pin To Net: NetName=3V3_TEMP_TB6 Pin=U5_TB6-7
Added Pin To Net: NetName=3V3_TEMP_TB6 Pin=U5_TB6-10
Added Net: Name=3V3_TEMP_TB6
Added Pin To Net: NetName=TEMP_GND_TB1 Pin=C13_TB1-1
Added Pin To Net: NetName=TEMP_GND_TB1 Pin=C14_TB1-1
Added Pin To Net: NetName=TEMP_GND_TB1 Pin=C15_TB1-1
Added Pin To Net: NetName=TEMP_GND_TB1 Pin=C16_TB1-1
Added Pin To Net: NetName=TEMP_GND_TB1 Pin=C19_TB1-1
Added Pin To Net: NetName=TEMP_GND_TB1 Pin=C20_TB1-1
Added Pin To Net: NetName=TEMP_GND_TB1 Pin=C21_TB1-1
Added Pin To Net: NetName=TEMP_GND_TB1 Pin=C22_TB1-1
Added Pin To Net: NetName=TEMP_GND_TB1 Pin=C23_TB1-1
Added Pin To Net: NetName=TEMP_GND_TB1 Pin=C24_TB1-1
Added Pin To Net: NetName=TEMP_GND_TB1 Pin=C25_TB1-1
Added Pin To Net: NetName=TEMP_GND_TB1 Pin=C26_TB1-1
Added Pin To Net: NetName=TEMP_GND_TB1 Pin=C27_TB1-1
Added Pin To Net: NetName=TEMP_GND_TB1 Pin=U4_TB1-9
Added Pin To Net: NetName=TEMP_GND_TB1 Pin=U4_TB1-15
Added Pin To Net: NetName=TEMP_GND_TB1 Pin=U5_TB1-9
Added Net: Name=TEMP_GND_TB1
Added Pin To Net: NetName=TEMP_GND_TB2 Pin=C13_TB2-1
Added Pin To Net: NetName=TEMP_GND_TB2 Pin=C14_TB2-1
Added Pin To Net: NetName=TEMP_GND_TB2 Pin=C15_TB2-1
Added Pin To Net: NetName=TEMP_GND_TB2 Pin=C16_TB2-1
Added Pin To Net: NetName=TEMP_GND_TB2 Pin=C19_TB2-1
Added Pin To Net: NetName=TEMP_GND_TB2 Pin=C20_TB2-1
Added Pin To Net: NetName=TEMP_GND_TB2 Pin=C21_TB2-1
Added Pin To Net: NetName=TEMP_GND_TB2 Pin=C22_TB2-1
Added Pin To Net: NetName=TEMP_GND_TB2 Pin=C23_TB2-1
Added Pin To Net: NetName=TEMP_GND_TB2 Pin=C24_TB2-1
Added Pin To Net: NetName=TEMP_GND_TB2 Pin=C25_TB2-1
Added Pin To Net: NetName=TEMP_GND_TB2 Pin=C26_TB2-1
Added Pin To Net: NetName=TEMP_GND_TB2 Pin=C27_TB2-1
Added Pin To Net: NetName=TEMP_GND_TB2 Pin=U4_TB2-9
Added Pin To Net: NetName=TEMP_GND_TB2 Pin=U4_TB2-15
Added Pin To Net: NetName=TEMP_GND_TB2 Pin=U5_TB2-9
Added Net: Name=TEMP_GND_TB2
Added Pin To Net: NetName=TEMP_GND_TB3 Pin=C13_TB3-1
Added Pin To Net: NetName=TEMP_GND_TB3 Pin=C14_TB3-1
Added Pin To Net: NetName=TEMP_GND_TB3 Pin=C15_TB3-1
Added Pin To Net: NetName=TEMP_GND_TB3 Pin=C16_TB3-1
Added Pin To Net: NetName=TEMP_GND_TB3 Pin=C19_TB3-1
Added Pin To Net: NetName=TEMP_GND_TB3 Pin=C20_TB3-1
Added Pin To Net: NetName=TEMP_GND_TB3 Pin=C21_TB3-1
Added Pin To Net: NetName=TEMP_GND_TB3 Pin=C22_TB3-1
Added Pin To Net: NetName=TEMP_GND_TB3 Pin=C23_TB3-1
Added Pin To Net: NetName=TEMP_GND_TB3 Pin=C24_TB3-1
Added Pin To Net: NetName=TEMP_GND_TB3 Pin=C25_TB3-1
Added Pin To Net: NetName=TEMP_GND_TB3 Pin=C26_TB3-1
Added Pin To Net: NetName=TEMP_GND_TB3 Pin=C27_TB3-1
Added Pin To Net: NetName=TEMP_GND_TB3 Pin=U4_TB3-9
Added Pin To Net: NetName=TEMP_GND_TB3 Pin=U4_TB3-15
Added Pin To Net: NetName=TEMP_GND_TB3 Pin=U5_TB3-9
Added Net: Name=TEMP_GND_TB3
Added Pin To Net: NetName=TEMP_GND_TB4 Pin=C13_TB4-1
Added Pin To Net: NetName=TEMP_GND_TB4 Pin=C14_TB4-1
Added Pin To Net: NetName=TEMP_GND_TB4 Pin=C15_TB4-1
Added Pin To Net: NetName=TEMP_GND_TB4 Pin=C16_TB4-1
Added Pin To Net: NetName=TEMP_GND_TB4 Pin=C19_TB4-1
Added Pin To Net: NetName=TEMP_GND_TB4 Pin=C20_TB4-1
Added Pin To Net: NetName=TEMP_GND_TB4 Pin=C21_TB4-1
Added Pin To Net: NetName=TEMP_GND_TB4 Pin=C22_TB4-1
Added Pin To Net: NetName=TEMP_GND_TB4 Pin=C23_TB4-1
Added Pin To Net: NetName=TEMP_GND_TB4 Pin=C24_TB4-1
Added Pin To Net: NetName=TEMP_GND_TB4 Pin=C25_TB4-1
Added Pin To Net: NetName=TEMP_GND_TB4 Pin=C26_TB4-1
Added Pin To Net: NetName=TEMP_GND_TB4 Pin=C27_TB4-1
Added Pin To Net: NetName=TEMP_GND_TB4 Pin=U4_TB4-9
Added Pin To Net: NetName=TEMP_GND_TB4 Pin=U4_TB4-15
Added Pin To Net: NetName=TEMP_GND_TB4 Pin=U5_TB4-9
Added Net: Name=TEMP_GND_TB4
Added Pin To Net: NetName=TEMP_GND_TB5 Pin=C13_TB5-1
Added Pin To Net: NetName=TEMP_GND_TB5 Pin=C14_TB5-1
Added Pin To Net: NetName=TEMP_GND_TB5 Pin=C15_TB5-1
Added Pin To Net: NetName=TEMP_GND_TB5 Pin=C16_TB5-1
Added Pin To Net: NetName=TEMP_GND_TB5 Pin=C19_TB5-1
Added Pin To Net: NetName=TEMP_GND_TB5 Pin=C20_TB5-1
Added Pin To Net: NetName=TEMP_GND_TB5 Pin=C21_TB5-1
Added Pin To Net: NetName=TEMP_GND_TB5 Pin=C22_TB5-1
Added Pin To Net: NetName=TEMP_GND_TB5 Pin=C23_TB5-1
Added Pin To Net: NetName=TEMP_GND_TB5 Pin=C24_TB5-1
Added Pin To Net: NetName=TEMP_GND_TB5 Pin=C25_TB5-1
Added Pin To Net: NetName=TEMP_GND_TB5 Pin=C26_TB5-1
Added Pin To Net: NetName=TEMP_GND_TB5 Pin=C27_TB5-1
Added Pin To Net: NetName=TEMP_GND_TB5 Pin=U4_TB5-9
Added Pin To Net: NetName=TEMP_GND_TB5 Pin=U4_TB5-15
Added Pin To Net: NetName=TEMP_GND_TB5 Pin=U5_TB5-9
Added Net: Name=TEMP_GND_TB5
Added Pin To Net: NetName=TEMP_GND_TB6 Pin=C13_TB6-1
Added Pin To Net: NetName=TEMP_GND_TB6 Pin=C14_TB6-1
Added Pin To Net: NetName=TEMP_GND_TB6 Pin=C15_TB6-1
Added Pin To Net: NetName=TEMP_GND_TB6 Pin=C16_TB6-1
Added Pin To Net: NetName=TEMP_GND_TB6 Pin=C19_TB6-1
Added Pin To Net: NetName=TEMP_GND_TB6 Pin=C20_TB6-1
Added Pin To Net: NetName=TEMP_GND_TB6 Pin=C21_TB6-1
Added Pin To Net: NetName=TEMP_GND_TB6 Pin=C22_TB6-1
Added Pin To Net: NetName=TEMP_GND_TB6 Pin=C23_TB6-1
Added Pin To Net: NetName=TEMP_GND_TB6 Pin=C24_TB6-1
Added Pin To Net: NetName=TEMP_GND_TB6 Pin=C25_TB6-1
Added Pin To Net: NetName=TEMP_GND_TB6 Pin=C26_TB6-1
Added Pin To Net: NetName=TEMP_GND_TB6 Pin=C27_TB6-1
Added Pin To Net: NetName=TEMP_GND_TB6 Pin=U4_TB6-9
Added Pin To Net: NetName=TEMP_GND_TB6 Pin=U4_TB6-15
Added Pin To Net: NetName=TEMP_GND_TB6 Pin=U5_TB6-9
Added Net: Name=TEMP_GND_TB6
Added Room: Name=TB1
Added Room: Name=TB2
Added Room: Name=TB3
Added Room: Name=TB4
Added Room: Name=TB5
Added Room: Name=TB6
Added Room: Name=Top Level
Added Room: Name=U_CAN
Added Room: Name=U_Microcontroller
Added Room: Name=U_Power Supply
