Removed Pin From Net: NetName=TEMP_GND Pin=R22_TB6-2
Added Component: Designator=D5(0805 LED)
Add component (AddParameter): Name = "Colour"; Value = "Red"; VariantName = "[No Variations]"
Add component (AddParameter): Name = "Digikey Part Number"; Value = "511-1286-1-ND"; VariantName = "[No Variations]"
Add component (AddParameter): Name = "Manufacturer"; Value = "ROHM Semiconductor"; VariantName = "[No Variations]"
Add component (AddParameter): Name = "Part Number"; Value = "SML-210LTT86"; VariantName = "[No Variations]"
Added Component: Designator=D8(0805 LED)
Add component (AddParameter): Name = "Colour"; Value = "Yellow"; VariantName = "[No Variations]"
Add component (AddParameter): Name = "Digikey Part Number"; Value = "511-1293-1-ND"; VariantName = "[No Variations]"
Add component (AddParameter): Name = "Manufacturer"; Value = "ROHM Semiconductor"; VariantName = "[No Variations]"
Add component (AddParameter): Name = "Part Number"; Value = "SML-211YTT86"; VariantName = "[No Variations]"
Added Component: Designator=D9(0805 LED)
Add component (AddParameter): Name = "Colour"; Value = "Yellow"; VariantName = "[No Variations]"
Add component (AddParameter): Name = "Digikey Part Number"; Value = "511-1293-1-ND"; VariantName = "[No Variations]"
Add component (AddParameter): Name = "Manufacturer"; Value = "ROHM Semiconductor"; VariantName = "[No Variations]"
Add component (AddParameter): Name = "Part Number"; Value = "SML-211YTT86"; VariantName = "[No Variations]"
Added Component: Designator=R5(0603)
Add component (AddParameter): Name = "Digikey Part Number"; Value = "311-1.00KHRCT-ND"; VariantName = "[No Variations]"
Add component (AddParameter): Name = "Manufacturer"; Value = "YAGEO"; VariantName = "[No Variations]"
Add component (AddParameter): Name = "Material"; Value = "FR-07"; VariantName = "[No Variations]"
Add component (AddParameter): Name = "Part Number"; Value = "RC0603FR-071KL"; VariantName = "[No Variations]"
Add component (AddParameter): Name = "Rated Power"; Value = "0.1W"; VariantName = "[No Variations]"
Add component (AddParameter): Name = "Tolerance"; Value = "0.01"; VariantName = "[No Variations]"
Add component (AddParameter): Name = "Value"; Value = "1k"; VariantName = "[No Variations]"
Added Component: Designator=R27(0603)
Add component (AddParameter): Name = "Digikey Part Number"; Value = "13-RT0603BRD07500RL-ND"; VariantName = "[No Variations]"
Add component (AddParameter): Name = "Manufacturer"; Value = "YAGEO"; VariantName = "[No Variations]"
Add component (AddParameter): Name = "Material"; Value = "FR-07"; VariantName = "[No Variations]"
Add component (AddParameter): Name = "Part Number"; Value = "RT0603BRD07500RL"; VariantName = "[No Variations]"
Add component (AddParameter): Name = "Rated Power"; Value = "0.1W"; VariantName = "[No Variations]"
Add component (AddParameter): Name = "Tolerance"; Value = "0.01"; VariantName = "[No Variations]"
Add component (AddParameter): Name = "Value"; Value = "500R"; VariantName = "[No Variations]"
Added Component: Designator=R28(0603)
Add component (AddParameter): Name = "Digikey Part Number"; Value = "13-RT0603BRD07500RL-ND"; VariantName = "[No Variations]"
Add component (AddParameter): Name = "Manufacturer"; Value = "YAGEO"; VariantName = "[No Variations]"
Add component (AddParameter): Name = "Material"; Value = "FR-07"; VariantName = "[No Variations]"
Add component (AddParameter): Name = "Part Number"; Value = "RT0603BRD07500RL"; VariantName = "[No Variations]"
Add component (AddParameter): Name = "Rated Power"; Value = "0.1W"; VariantName = "[No Variations]"
Add component (AddParameter): Name = "Tolerance"; Value = "0.01"; VariantName = "[No Variations]"
Add component (AddParameter): Name = "Value"; Value = "500R"; VariantName = "[No Variations]"
Added Pin To Net: NetName=3V3 Pin=D5-A
Added Pin To Net: NetName=NetD5_K Pin=D5-K
Added Pin To Net: NetName=NetD8_A Pin=D8-A
Added Pin To Net: NetName=0V_(ISO) Pin=D8-K
Added Pin To Net: NetName=NetD9_A Pin=D9-A
Added Pin To Net: NetName=0V_(ISO) Pin=D9-K
Added Pin To Net: NetName=TEMP_GND Pin=P1-1
Added Pin To Net: NetName=TEMP_GND Pin=P1-3
Added Pin To Net: NetName=TEMP_GND Pin=P1-5
Added Pin To Net: NetName=TEMP_GND Pin=P1-7
Added Pin To Net: NetName=TEMP_GND Pin=P1-9
Added Pin To Net: NetName=TEMP_GND Pin=P1-11
Added Pin To Net: NetName=TEMP_GND Pin=P1-13
Added Pin To Net: NetName=TEMP_GND Pin=P1-15
Added Pin To Net: NetName=TEMP_GND Pin=P2-1
Added Pin To Net: NetName=TEMP_GND Pin=P2-3
Added Pin To Net: NetName=TEMP_GND Pin=P2-5
Added Pin To Net: NetName=TEMP_GND Pin=P2-7
Added Pin To Net: NetName=TEMP_GND Pin=P2-9
Added Pin To Net: NetName=TEMP_GND Pin=P2-11
Added Pin To Net: NetName=TEMP_GND Pin=P2-13
Added Pin To Net: NetName=TEMP_GND Pin=P2-15
Added Pin To Net: NetName=TEMP_GND Pin=P4-1
Added Pin To Net: NetName=TEMP_GND Pin=P4-3
Added Pin To Net: NetName=TEMP_GND Pin=P4-5
Added Pin To Net: NetName=TEMP_GND Pin=P4-7
Added Pin To Net: NetName=TEMP_GND Pin=P4-9
Added Pin To Net: NetName=TEMP_GND Pin=P4-11
Added Pin To Net: NetName=TEMP_GND Pin=P4-13
Added Pin To Net: NetName=TEMP_GND Pin=P4-15
Added Pin To Net: NetName=TEMP_GND Pin=P5-1
Added Pin To Net: NetName=TEMP_GND Pin=P5-3
Added Pin To Net: NetName=TEMP_GND Pin=P5-5
Added Pin To Net: NetName=TEMP_GND Pin=P5-7
Added Pin To Net: NetName=TEMP_GND Pin=P5-9
Added Pin To Net: NetName=TEMP_GND Pin=P5-11
Added Pin To Net: NetName=TEMP_GND Pin=P5-13
Added Pin To Net: NetName=TEMP_GND Pin=P5-15
Added Pin To Net: NetName=TEMP_GND Pin=P6-1
Added Pin To Net: NetName=TEMP_GND Pin=P6-3
Added Pin To Net: NetName=TEMP_GND Pin=P6-5
Added Pin To Net: NetName=TEMP_GND Pin=P6-7
Added Pin To Net: NetName=TEMP_GND Pin=P6-9
Added Pin To Net: NetName=TEMP_GND Pin=P6-11
Added Pin To Net: NetName=TEMP_GND Pin=P6-13
Added Pin To Net: NetName=TEMP_GND Pin=P6-15
Added Pin To Net: NetName=TEMP_GND Pin=P7-1
Added Pin To Net: NetName=TEMP_GND Pin=P7-3
Added Pin To Net: NetName=TEMP_GND Pin=P7-5
Added Pin To Net: NetName=TEMP_GND Pin=P7-7
Added Pin To Net: NetName=TEMP_GND Pin=P7-9
Added Pin To Net: NetName=TEMP_GND Pin=P7-11
Added Pin To Net: NetName=TEMP_GND Pin=P7-13
Added Pin To Net: NetName=TEMP_GND Pin=P7-15
Added Pin To Net: NetName=0V_(ISO) Pin=R5-1
Added Pin To Net: NetName=NetD5_K Pin=R5-2
Added Pin To Net: NetName=3V3_TEMP Pin=R22_TB6-2
Added Pin To Net: NetName=NetD8_A Pin=R27-1
Added Pin To Net: NetName=CAN_TX_INDC Pin=R27-2
Added Pin To Net: NetName=NetD9_A Pin=R28-1
Added Pin To Net: NetName=CAN_RX_INDC Pin=R28-2
Change Net Name : Old Net Name=TEMP_GND New Net Name=0V (TMP)
Added Member To Class: ClassName=U_Power Supply Member=Component D5 Red
Added Member To Class: ClassName=U_Microcontroller Member=Component D8 Yellow
Added Member To Class: ClassName=U_Microcontroller Member=Component D9 Yellow
Added Member To Class: ClassName=U_Power Supply Member=Component R5 1k
Added Member To Class: ClassName=TB6 Member=Component R22_TB6 (R22) 1.2k
Added Member To Class: ClassName=U_Microcontroller Member=Component R27 500R
Added Member To Class: ClassName=U_Microcontroller Member=Component R28 500R
Added Room: Name=TB1
Added Room: Name=TB2
Added Room: Name=TB3
Added Room: Name=TB4
Added Room: Name=TB5
Added Room: Name=TB6
Added Room: Name=Top Level
Added Room: Name=U_CAN
Added Room: Name=U_Microcontroller
Added Room: Name=U_Power Supply
