Removed Pin From Net: NetName=NetC?_2 Pin=D?-A
Removed Pin From Net: NetName=VBAT_D Pin=D?-K
Removed Pin From Net: NetName=NetC?_1 Pin=L?-2
Add Component: Footprint Not Found SM6T39CAY-Footprint-1
Add Component: Footprint Not Found SODFL350X110-2N
Add Component: Footprint Not Found SRN3015TA-4R7M
Added Pin To Net: NetName=NetC?_2 Pin=D?-A
Added Pin To Net: NetName=VBAT_F Pin=D?-A
Added Pin To Net: NetName=GLV- Pin=D?-K
Added Pin To Net: NetName=VBAT_D Pin=D?-K
Added Pin To Net: NetName=5V Pin=L?-1
Added Pin To Net: NetName=NetC?_1 Pin=L?-2
Add Net: Net with name "NetC?_2" already exists
Add Net: Net with name "NetC?_2" already exists
Add Net: Net with name "NetC?_2" already exists
Add Net: Net with name "NetD?_A" already exists
Add Net: Net with name "NetD?_K" already exists
Added Member To Class: ClassName=Power Supply Member=Component C? 10uF
Added Member To Class: ClassName=Power Supply Member=Component C? 1µF
Added Member To Class: ClassName=Power Supply Member=Component C? 47uF
Added Member To Class: ClassName=Power Supply Member=Component C? 100nF
Added Member To Class: ClassName=Power Supply Member=Component C? 100nF
Added Member To Class: ClassName=Power Supply Member=Component C? 100nF
Added Member To Class: ClassName=Power Supply Member=Component C? 100nF
Added Member To Class: ClassName=Power Supply Member=Component C? 10nF
Added Member To Class: ClassName=Power Supply Member=Component C? 10uF
Added Member To Class: ClassName=Power Supply Member=Component C? 10uF
Added Member To Class: ClassName=Power Supply Member=Component C? 4.7uF
Added Member To Class: ClassName=Power Supply Member=Component C? 4.7uF
Added Member To Class: ClassName=Power Supply Member=Component C? 10uF
Added Member To Class: ClassName=Power Supply Member=Component C? 100nF
Added Member To Class: ClassName=Power Supply Member=Component C? 100nF
Added Member To Class: ClassName=Power Supply Member=Component C? 100nF
Added Member To Class: ClassName=Power Supply Member=Component C? 1µF
Added Member To Class: ClassName=Power Supply Member=Component D? Red
Added Member To Class: ClassName=Power Supply Member=Component D? SM6T39CAY
Added Member To Class: ClassName=Power Supply Member=Component D? PMEG100T10ELR-QX
Added Member To Class: ClassName=U_Microcontroller Member=Component D? Yellow
Added Member To Class: ClassName=Power Supply Member=Component L? 12uH
Added Member To Class: ClassName=Power Supply Member=Component R? 2K
Added Member To Class: ClassName=Power Supply Member=Component R? 20K
Added Member To Class: ClassName=U_Microcontroller Member=Component R? 500R
Added Member To Class: ClassName=Power Supply Member=Component U? LM536015QDSXRQ1
Added Member To Class: ClassName=Power Supply Member=Component U? 744272121
