Removed Pin From Net: NetName=0V_(ISO) Pin=C26-1
Removed Pin From Net: NetName=3V3 Pin=C26-2
Removed Pin From Net: NetName=3V3 Pin=L3-1
Change Component Footprint: Designator=C26 Old Footprint=1206 CAP New Footprint=0805
Change Component Footprint: Designator=L3 Old Footprint=82473C New Footprint=1812
Change Component Comment : Designator=C26 Old Comment=4.7uF New Comment=10uF
Change Component Comment : Designator=L3 Old Comment=47 uH New Comment=12uH
Change component parameters: Designator = "C26" ("C26"); Footprint = "1206 CAP"; UniqueID = "\FBAZFRPN\BQNKEOVK" ("\FBAZFRPN\BQNKEOVK")
Change component parameters (AddParameter): Name = "Digikey Part Number"; Value = "490-10514-6-ND"; VariantName = "[No Variations]"
Change component parameters (AddParameter): Name = "Manufacturer"; Value = "muRata"; VariantName = "[No Variations]"
Change component parameters (AddParameter): Name = "Material"; Value = "MLCC"; VariantName = "[No Variations]"
Change component parameters (AddParameter): Name = "Part Number"; Value = "GRM21BR6YA106KE43L"; VariantName = "[No Variations]"
Change component parameters (AddParameter): Name = "Rated Voltage"; Value = "50V"; VariantName = "[No Variations]"
Change component parameters (AddParameter): Name = "Temperature Rating"; Value = "X5R"; VariantName = "[No Variations]"
Change component parameters (AddParameter): Name = "Tolerance"; Value = "10%"; VariantName = "[No Variations]"
Change component parameters (AddParameter): Name = "Value"; Value = "10uF"; VariantName = "[No Variations]"
Change component parameters: Designator = "L3" ("L3"); Footprint = "82473C"; UniqueID = "\FBAZFRPN\UNDVVGSH" ("\FBAZFRPN\UNDVVGSH")
Change component parameters (AddParameter): Name = "Digikey Part Number"; Value = "945-3429-ND"; VariantName = "[No Variations]"
Change component parameters (AddParameter): Name = "Impedance"; Value = "230mOhm"; VariantName = "[No Variations]"
Change component parameters (AddParameter): Name = "Manufacturer"; Value = "Recom"; VariantName = "[No Variations]"
Change component parameters (AddParameter): Name = "Material"; Value = "Wirewound"; VariantName = "[No Variations]"
Change component parameters (AddParameter): Name = "Part Number"; Value = "RLS-126"; VariantName = "[No Variations]"
Change component parameters (AddParameter): Name = "Rated Current"; Value = "0.8 A"; VariantName = "[No Variations]"
Change component parameters (AddParameter): Name = "Tolerance"; Value = "0.2"; VariantName = "[No Variations]"
Change component parameters (AddParameter): Name = "Value"; Value = "12uH"; VariantName = "[No Variations]"
Added Component: Designator=C27(0805)
Add component (AddParameter): Name = "Digikey Part Number"; Value = "490-10514-6-ND"; VariantName = "[No Variations]"
Add component (AddParameter): Name = "Manufacturer"; Value = "muRata"; VariantName = "[No Variations]"
Add component (AddParameter): Name = "Material"; Value = "MLCC"; VariantName = "[No Variations]"
Add component (AddParameter): Name = "Part Number"; Value = "GRM21BR6YA106KE43L"; VariantName = "[No Variations]"
Add component (AddParameter): Name = "Rated Voltage"; Value = "50V"; VariantName = "[No Variations]"
Add component (AddParameter): Name = "Temperature Rating"; Value = "X5R"; VariantName = "[No Variations]"
Add component (AddParameter): Name = "Tolerance"; Value = "10%"; VariantName = "[No Variations]"
Add component (AddParameter): Name = "Value"; Value = "10uF"; VariantName = "[No Variations]"
Added Component: Designator=U7(RK-053.3S/H6)
Add component (AddParameter): Name = "Input Voltage"; Value = "5V"; VariantName = "[No Variations]"
Add component (AddParameter): Name = "Manufacturer"; Value = "Recom"; VariantName = "[No Variations]"
Add component (AddParameter): Name = "Output Current"; Value = "303mA"; VariantName = "[No Variations]"
Add component (AddParameter): Name = "Output Voltage"; Value = "3.3V"; VariantName = "[No Variations]"
Add component (AddParameter): Name = "Part Number"; Value = "RK-053.3S/H6"; VariantName = "[No Variations]"
Added Pin To Net: NetName=0V Pin=C26-1
Added Pin To Net: NetName=5V Pin=C26-2
Added Pin To Net: NetName=0V_(ISO) Pin=C27-1
Added Pin To Net: NetName=3V3 Pin=C27-2
Added Pin To Net: NetName=5V Pin=L3-2
Added Pin To Net: NetName=0V Pin=U7-2
Added Pin To Net: NetName=0V_(ISO) Pin=U7-5
Added Pin To Net: NetName=3V3 Pin=U7-7
Added Pin To Net: NetName=NetL3_1 Pin=L3-1
Added Pin To Net: NetName=NetL3_1 Pin=U7-1
Added Net: Name=NetL3_1
Added Member To Class: ClassName=Power Supply Member=Component C27 10uF
Added Member To Class: ClassName=Power Supply Member=Component U7 RK-053.3S/H6
