Removed Member From Class: ClassName=Power Supply Member=R8
Change Component DesignItemId : Designator=L1 Old DesignItemId=RLS-126 New DesignItemId=SRN4018-4R7M
Change Component Footprint: Designator=L1 Old Footprint=1812 New Footprint=SRN3015TA-4R7M
Change Component Comment : Designator=L1 Old Comment=12uH New Comment=4.7uH
Change component parameters: Designator = "L1" ("L1"); Footprint = "1812"; UniqueID = "\FBAZFRPN\ZLVFEVMV" ("\FBAZFRPN\ZLVFEVMV")
Change component parameters (AddParameter): Name = "Digikey Part Number"; Value = "SRN3015TA-4R7MCT-ND"; VariantName = "[No Variations]"
Change component parameters (AddParameter): Name = "Impedance"; Value = "84mOhms"; VariantName = "[No Variations]"
Change component parameters (AddParameter): Name = "Manufacturer"; Value = "Bourns"; VariantName = "[No Variations]"
Change component parameters (AddParameter): Name = "Material"; Value = "Wirewound"; VariantName = "[No Variations]"
Change component parameters (AddParameter): Name = "Part Number"; Value = "SRN4018-4R7M"; VariantName = "[No Variations]"
Change component parameters (AddParameter): Name = "Rated Current"; Value = "1.9A"; VariantName = "[No Variations]"
Change component parameters (AddParameter): Name = "Tolerance"; Value = "0.2"; VariantName = "[No Variations]"
Change component parameters (AddParameter): Name = "Value"; Value = "4.7uH"; VariantName = "[No Variations]"
Add Component: Footprint Not Found SRN3015TA-4R7M
Add Pin To Net: Unknown Pin: Pin L2-1
Add Pin To Net: Unknown Pin: Pin L2-2
Add Class Member: Failed to add class member : Component L2 4.7uH
Added Member To Class: ClassName=U_Microcontroller Member=Component R7 10k
Added Member To Class: ClassName=U_Microcontroller Member=Component R8 10k
Added Member To Class: ClassName=Power Supply Member=Component R9 20K
