Removed Pin From Net: NetName=0V Pin=C26-1
Removed Pin From Net: NetName=5V Pin=C26-2
Removed Pin From Net: NetName=0V Pin=C27-1
Removed Pin From Net: NetName=5V Pin=C27-2
Removed Pin From Net: NetName=0V Pin=C28-1
Removed Pin From Net: NetName=3V3 Pin=C28-2
Removed Pin From Net: NetName=0V Pin=C29-1
Removed Pin From Net: NetName=3V3 Pin=C29-2
Removed Pin From Net: NetName=5V Pin=U7-1
Removed Pin From Net: NetName=0V Pin=U7-2
Removed Pin From Net: NetName=5V Pin=U7-3
Removed Pin From Net: NetName=3V3 Pin=U7-5
Removed Member From Class: ClassName=Power Supply Member=C27
Removed Member From Class: ClassName=Power Supply Member=C28
Removed Member From Class: ClassName=Power Supply Member=C29
Change Component Footprint: Designator=C26 Old Footprint=0805 New Footprint=1206 CAP
Change Footprint: Footprint Not Found RN-053.3S/P
Change Component Comment : Designator=C26 Old Comment=1µF New Comment=4.7uF
Change Component Comment : Designator=U7 Old Comment=TLV70033-Q1 New Comment=RN-053.3S/P
Change component parameters: Designator = "C26" ("C26"); Footprint = "0805"; UniqueID = "\FBAZFRPN\KAOAMVXN" ("\FBAZFRPN\KAOAMVXN")
Change component parameters (AddParameter): Name = "Digikey Part Number"; Value = "490-GRM31CR71H475KA12KTR-ND"; VariantName = "[No Variations]"
Change component parameters (AddParameter): Name = "Manufacturer"; Value = "Murata Electronics"; VariantName = "[No Variations]"
Change component parameters (AddParameter): Name = "Material"; Value = "MLCC"; VariantName = "[No Variations]"
Change component parameters (AddParameter): Name = "Part Number"; Value = "GRM31CR71H475KA12K"; VariantName = "[No Variations]"
Change component parameters (AddParameter): Name = "Rated Voltage"; Value = "50V"; VariantName = "[No Variations]"
Change component parameters (AddParameter): Name = "Temperature Rating"; Value = "X7R"; VariantName = "[No Variations]"
Change component parameters (AddParameter): Name = "Tolerance"; Value = "±10%"; VariantName = "[No Variations]"
Change component parameters (AddParameter): Name = "Value"; Value = "4.7uF"; VariantName = "[No Variations]"
Change component parameters: Designator = "U7" ("U7"); Footprint = "TI SOT-23-5"; UniqueID = "\FBAZFRPN\GNJNMBMZ" ("\FBAZFRPN\GNJNMBMZ")
Change component parameters (AddParameter): Name = "Input Voltage"; Value = "5V"; VariantName = "[No Variations]"
Change component parameters (AddParameter): Name = "Manufacturer"; Value = "Recom"; VariantName = "[No Variations]"
Change component parameters (AddParameter): Name = "Output Current"; Value = "378mA"; VariantName = "[No Variations]"
Change component parameters (AddParameter): Name = "Output Voltage"; Value = "3.3V"; VariantName = "[No Variations]"
Change component parameters (AddParameter): Name = "Part Number"; Value = "RN-053.3S/P"; VariantName = "[No Variations]"
Added Component: Designator=D7(0805 LED)
Add component (AddParameter): Name = "Colour"; Value = "Red"; VariantName = "[No Variations]"
Add component (AddParameter): Name = "Digikey Part Number"; Value = "511-1286-1-ND"; VariantName = "[No Variations]"
Add component (AddParameter): Name = "Manufacturer"; Value = "ROHM Semiconductor"; VariantName = "[No Variations]"
Add component (AddParameter): Name = "Part Number"; Value = "SML-210LTT86"; VariantName = "[No Variations]"
Added Component: Designator=L3(82473C)
Add component (AddParameter): Name = "Digikey Part Number"; Value = "811-2477-2-ND"; VariantName = "[No Variations]"
Add component (AddParameter): Name = "Impedance"; Value = "1.69 Ohms"; VariantName = "[No Variations]"
Add component (AddParameter): Name = "Manufacturer"; Value = "Murata Power Solutions Inc."; VariantName = "[No Variations]"
Add component (AddParameter): Name = "Material"; Value = "Wirewound"; VariantName = "[No Variations]"
Add component (AddParameter): Name = "Part Number"; Value = "82473C"; VariantName = "[No Variations]"
Add component (AddParameter): Name = "Rated Current"; Value = "250mA"; VariantName = "[No Variations]"
Add component (AddParameter): Name = "Tolerance"; Value = "0.1"; VariantName = "[No Variations]"
Add component (AddParameter): Name = "Value"; Value = "47 uH"; VariantName = "[No Variations]"
Added Component: Designator=R13(0603)
Add component (AddParameter): Name = "Digikey Part Number"; Value = "311-1.00KHRCT-ND"; VariantName = "[No Variations]"
Add component (AddParameter): Name = "Manufacturer"; Value = "YAGEO"; VariantName = "[No Variations]"
Add component (AddParameter): Name = "Material"; Value = "FR-07"; VariantName = "[No Variations]"
Add component (AddParameter): Name = "Part Number"; Value = "RC0603FR-071KL"; VariantName = "[No Variations]"
Add component (AddParameter): Name = "Rated Power"; Value = "0.1W"; VariantName = "[No Variations]"
Add component (AddParameter): Name = "Tolerance"; Value = "0.01"; VariantName = "[No Variations]"
Add component (AddParameter): Name = "Value"; Value = "1k"; VariantName = "[No Variations]"
Added Pin To Net: NetName=0V_(ISO) Pin=C26-1
Added Pin To Net: NetName=3V3 Pin=C26-2
Added Pin To Net: NetName=3V3 Pin=D7-A
Added Pin To Net: NetName=3V3 Pin=L3-1
Added Pin To Net: NetName=0V_(ISO) Pin=R13-1
Added Pin To Net: NetName=0V Pin=U7-1
Added Pin To Net: NetName=5V Pin=U7-2
Added Pin To Net: NetName=0V_(ISO) Pin=U7-4
Added Pin To Net: NetName=NetD7_K Pin=D7-K
Added Pin To Net: NetName=NetD7_K Pin=R13-2
Added Net: Name=NetD7_K
Added Pin To Net: NetName=NetL3_2 Pin=L3-2
Added Pin To Net: NetName=NetL3_2 Pin=U7-5
Added Net: Name=NetL3_2
Added Member To Class: ClassName=Power Supply Member=Component D7 Red
Added Member To Class: ClassName=Power Supply Member=Component L3 47 uH
Added Member To Class: ClassName=Power Supply Member=Component R13 1k
