Removed Pin From Net: NetName=0V_(ISO) Pin=J1-7
Removed Pin From Net: NetName=3V3 Pin=J1-8
Removed Pin From Net: NetName=NetJ1_3 Pin=U4-9
Removed Pin From Net: NetName=NetJ1_4 Pin=U4-11
Removed Pin From Net: NetName=NetJ1_5 Pin=U4-12
Removed Pin From Net: NetName=NetJ1_6 Pin=U4-14
Change Component Designator: OldDesignator=C12 NewDesignator=L1
Added Pin To Net: NetName=3V3 Pin=J1-1
Added Pin To Net: NetName=0V_(ISO) Pin=J1-2
Added Pin To Net: NetName=NetJ1_6 Pin=U4-9
Added Pin To Net: NetName=NetJ1_5 Pin=U4-11
Added Pin To Net: NetName=NetJ1_4 Pin=U4-12
Added Pin To Net: NetName=NetJ1_3 Pin=U4-14
Added Pin To Net: NetName=NetJ1_7 Pin=J1-7
Added Pin To Net: NetName=NetJ1_7 Pin=U4-8
Added Net: Name=NetJ1_7
Added Pin To Net: NetName=NetJ1_8 Pin=J1-8
Added Pin To Net: NetName=NetJ1_8 Pin=U4-10
Added Net: Name=NetJ1_8
Added Member To Class: ClassName=Power Supply Member=Component L1 4.7uH
