Removed Pin From Net: NetName=0V Pin=C?-1
Remove Pin from Net: Failed to remove Pin
Remove Pin from Net: Failed to remove Pin
Remove Pin from Net: Failed to remove Pin
Remove Pin from Net: Failed to remove Pin
Remove Pin from Net: Failed to remove Pin
Remove Pin from Net: Failed to remove Pin
Remove Pin from Net: Failed to remove Pin
Remove Pin from Net: Failed to remove Pin
Remove Pin from Net: Failed to remove Pin
Remove Pin from Net: Failed to remove Pin
Remove Pin from Net: Failed to remove Pin
Remove Pin from Net: Failed to remove Pin
Remove Pin from Net: Failed to remove Pin
Remove Pin from Net: Failed to remove Pin
Remove Pin from Net: Failed to remove Pin
Remove Pin from Net: Failed to remove Pin
Removed Pin From Net: NetName=3V3 Pin=C?-2
Remove Pin from Net: Failed to remove Pin
Remove Pin from Net: Failed to remove Pin
Remove Pin from Net: Failed to remove Pin
Remove Pin from Net: Failed to remove Pin
Remove Pin from Net: Failed to remove Pin
Remove Pin from Net: Failed to remove Pin
Remove Pin from Net: Failed to remove Pin
Remove Pin from Net: Failed to remove Pin
Remove Pin from Net: Failed to remove Pin
Remove Pin from Net: Failed to remove Pin
Remove Pin from Net: Failed to remove Pin
Remove Pin from Net: Failed to remove Pin
Remove Pin from Net: Failed to remove Pin
Remove Pin from Net: Failed to remove Pin
Removed Pin From Net: NetName=VBAT_F Pin=D?-A
Removed Pin From Net: NetName=VBAT_D Pin=D?-K
Removed Pin From Net: NetName=GLV+ Pin=F?-1
Removed Pin From Net: NetName=5V Pin=L?-1
Remove Pin from Net: Failed to remove Pin
Remove Pin from Net: Failed to remove Pin
Remove Pin from Net: Failed to remove Pin
Remove Pin from Net: Failed to remove Pin
Removed Pin From Net: NetName=VBAT_D Pin=U?-1
Remove Pin from Net: Failed to remove Pin
Removed Pin From Net: NetName=0V Pin=U?-3
Remove Pin from Net: Failed to remove Pin
Remove Pin from Net: Failed to remove Pin
Removed Pin From Net: NetName=GLV- Pin=U?-4
Remove Pin from Net: Unknown Pin: Pin U?-5
Remove Pin from Net: Unknown Pin: Pin U?-5
Remove Pin from Net: Unknown Pin: Pin U?-7
Remove Pin from Net: Unknown Pin: Pin U?-8
Remove Pin from Net: Unknown Pin: Pin U?-9
Remove Pin from Net: Unknown Pin: Pin U?-10
Remove Pin from Net: Unknown Pin: Pin U?-11
Removed Member From Class: ClassName=Power Supply Member=C?
Removed Member From Class: ClassName=Power Supply Member=D?
Removed Member From Class: ClassName=U_Microcontroller Member=D?
Removed Member From Class: ClassName=Power Supply Member=F?
Removed Member From Class: ClassName=Power Supply Member=L?
Removed Member From Class: ClassName=Power Supply Member=R?
Removed Member From Class: ClassName=U_Microcontroller Member=R?
Removed Member From Class: ClassName=Power Supply Member=U?
Change Component Designator: OldDesignator=D? NewDesignator=D1
Change Component Designator: OldDesignator=D? NewDesignator=D2
Change Component Designator: OldDesignator=Header 1x2_U1_Push Button NewDesignator=Header 1_U1_Push Button
Change Component Designator: OldDesignator=Header 1x2_U2_Push Button NewDesignator=Header 1_U2_Push Button
Change Component Designator: OldDesignator=Header 1x2_U3_Push Button NewDesignator=Header 1_U3_Push Button
Change Component Designator: OldDesignator=Header 1x2_U4_Push Button NewDesignator=Header 1_U4_Push Button
Change Component Designator: OldDesignator=J? NewDesignator=J1
Change Component Designator: OldDesignator=R6 NewDesignator=R5
Change Component Designator: OldDesignator=R7 NewDesignator=R6
Change Component Designator: OldDesignator=R8 NewDesignator=R7
Change Component Designator: OldDesignator=R9 NewDesignator=R8
Change Component Designator: OldDesignator=R15_U1_Push Button NewDesignator=R12_U1_Push Button
Change Component Designator: OldDesignator=R15_U2_Push Button NewDesignator=R12_U2_Push Button
Change Component Designator: OldDesignator=R15_U3_Push Button NewDesignator=R12_U3_Push Button
Change Component Designator: OldDesignator=R15_U4_Push Button NewDesignator=R12_U4_Push Button
Change Component Designator: OldDesignator=R? NewDesignator=R3
Change Component Designator: OldDesignator=R? NewDesignator=R4
Added Component: Designator=C12(0805)
Add component (AddParameter): Name = "Digikey Part Number"; Value = "490-10514-6-ND"; VariantName = "[No Variations]"
Add component (AddParameter): Name = "Manufacturer"; Value = "muRata"; VariantName = "[No Variations]"
Add component (AddParameter): Name = "Material"; Value = "MLCC"; VariantName = "[No Variations]"
Add component (AddParameter): Name = "Part Number"; Value = "GRM21BR6YA106KE43L"; VariantName = "[No Variations]"
Add component (AddParameter): Name = "Rated Voltage"; Value = "50V"; VariantName = "[No Variations]"
Add component (AddParameter): Name = "Temperature Rating"; Value = "X5R"; VariantName = "[No Variations]"
Add component (AddParameter): Name = "Tolerance"; Value = "10%"; VariantName = "[No Variations]"
Add component (AddParameter): Name = "Value"; Value = "10uF"; VariantName = "[No Variations]"
Added Component: Designator=C13(0805)
Add component (AddParameter): Name = "Digikey Part Number"; Value = "490-10514-6-ND"; VariantName = "[No Variations]"
Add component (AddParameter): Name = "Manufacturer"; Value = "muRata"; VariantName = "[No Variations]"
Add component (AddParameter): Name = "Material"; Value = "MLCC"; VariantName = "[No Variations]"
Add component (AddParameter): Name = "Part Number"; Value = "GRM21BR6YA106KE43L"; VariantName = "[No Variations]"
Add component (AddParameter): Name = "Rated Voltage"; Value = "50V"; VariantName = "[No Variations]"
Add component (AddParameter): Name = "Temperature Rating"; Value = "X5R"; VariantName = "[No Variations]"
Add component (AddParameter): Name = "Tolerance"; Value = "10%"; VariantName = "[No Variations]"
Add component (AddParameter): Name = "Value"; Value = "10uF"; VariantName = "[No Variations]"
Added Component: Designator=C14(0603)
Add component (AddParameter): Name = "Digikey Part Number"; Value = "490-6049-1-ND"; VariantName = "[No Variations]"
Add component (AddParameter): Name = "Manufacturer"; Value = "muRata"; VariantName = "[No Variations]"
Add component (AddParameter): Name = "Material"; Value = "MLCC"; VariantName = "[No Variations]"
Add component (AddParameter): Name = "Part Number"; Value = "GCM188L81H104KA57D"; VariantName = "[No Variations]"
Add component (AddParameter): Name = "Rated Voltage"; Value = "50V"; VariantName = "[No Variations]"
Add component (AddParameter): Name = "Temperature Rating"; Value = "X8L"; VariantName = "[No Variations]"
Add component (AddParameter): Name = "Tolerance"; Value = "±10%"; VariantName = "[No Variations]"
Add component (AddParameter): Name = "Value"; Value = "100nF"; VariantName = "[No Variations]"
Added Component: Designator=C15(0603)
Add component (AddParameter): Name = "Digikey Part Number"; Value = "490-6049-1-ND"; VariantName = "[No Variations]"
Add component (AddParameter): Name = "Manufacturer"; Value = "muRata"; VariantName = "[No Variations]"
Add component (AddParameter): Name = "Material"; Value = "MLCC"; VariantName = "[No Variations]"
Add component (AddParameter): Name = "Part Number"; Value = "GCM188L81H104KA57D"; VariantName = "[No Variations]"
Add component (AddParameter): Name = "Rated Voltage"; Value = "50V"; VariantName = "[No Variations]"
Add component (AddParameter): Name = "Temperature Rating"; Value = "X8L"; VariantName = "[No Variations]"
Add component (AddParameter): Name = "Tolerance"; Value = "±10%"; VariantName = "[No Variations]"
Add component (AddParameter): Name = "Value"; Value = "100nF"; VariantName = "[No Variations]"
Added Component: Designator=C16(0603)
Add component (AddParameter): Name = "Digikey Part Number"; Value = "490-6049-1-ND"; VariantName = "[No Variations]"
Add component (AddParameter): Name = "Manufacturer"; Value = "muRata"; VariantName = "[No Variations]"
Add component (AddParameter): Name = "Material"; Value = "MLCC"; VariantName = "[No Variations]"
Add component (AddParameter): Name = "Part Number"; Value = "GCM188L81H104KA57D"; VariantName = "[No Variations]"
Add component (AddParameter): Name = "Rated Voltage"; Value = "50V"; VariantName = "[No Variations]"
Add component (AddParameter): Name = "Temperature Rating"; Value = "X8L"; VariantName = "[No Variations]"
Add component (AddParameter): Name = "Tolerance"; Value = "±10%"; VariantName = "[No Variations]"
Add component (AddParameter): Name = "Value"; Value = "100nF"; VariantName = "[No Variations]"
Added Component: Designator=C17(CHEMI-CON ELCO)
Add component (AddParameter): Name = "Part Number"; Value = "HHXA350ARA470MF61G"; VariantName = "[No Variations]"
Added Component: Designator=C18(1206 CAP)
Add component (AddParameter): Name = "Digikey Part Number"; Value = "490-GRM31CR71H475KA12KTR-ND"; VariantName = "[No Variations]"
Add component (AddParameter): Name = "Manufacturer"; Value = "Murata Electronics"; VariantName = "[No Variations]"
Add component (AddParameter): Name = "Material"; Value = "MLCC"; VariantName = "[No Variations]"
Add component (AddParameter): Name = "Part Number"; Value = "GRM31CR71H475KA12K"; VariantName = "[No Variations]"
Add component (AddParameter): Name = "Rated Voltage"; Value = "50V"; VariantName = "[No Variations]"
Add component (AddParameter): Name = "Temperature Rating"; Value = "X7R"; VariantName = "[No Variations]"
Add component (AddParameter): Name = "Tolerance"; Value = "±10%"; VariantName = "[No Variations]"
Add component (AddParameter): Name = "Value"; Value = "4.7uF"; VariantName = "[No Variations]"
Added Component: Designator=C19(1206 CAP)
Add component (AddParameter): Name = "Digikey Part Number"; Value = "490-GRM31CR71H475KA12KTR-ND"; VariantName = "[No Variations]"
Add component (AddParameter): Name = "Manufacturer"; Value = "Murata Electronics"; VariantName = "[No Variations]"
Add component (AddParameter): Name = "Material"; Value = "MLCC"; VariantName = "[No Variations]"
Add component (AddParameter): Name = "Part Number"; Value = "GRM31CR71H475KA12K"; VariantName = "[No Variations]"
Add component (AddParameter): Name = "Rated Voltage"; Value = "50V"; VariantName = "[No Variations]"
Add component (AddParameter): Name = "Temperature Rating"; Value = "X7R"; VariantName = "[No Variations]"
Add component (AddParameter): Name = "Tolerance"; Value = "±10%"; VariantName = "[No Variations]"
Add component (AddParameter): Name = "Value"; Value = "4.7uF"; VariantName = "[No Variations]"
Added Component: Designator=C20(0603)
Add component (AddParameter): Name = "Digikey Part Number"; Value = "490-6049-1-ND"; VariantName = "[No Variations]"
Add component (AddParameter): Name = "Manufacturer"; Value = "muRata"; VariantName = "[No Variations]"
Add component (AddParameter): Name = "Material"; Value = "MLCC"; VariantName = "[No Variations]"
Add component (AddParameter): Name = "Part Number"; Value = "GCM188L81H104KA57D"; VariantName = "[No Variations]"
Add component (AddParameter): Name = "Rated Voltage"; Value = "50V"; VariantName = "[No Variations]"
Add component (AddParameter): Name = "Temperature Rating"; Value = "X8L"; VariantName = "[No Variations]"
Add component (AddParameter): Name = "Tolerance"; Value = "±10%"; VariantName = "[No Variations]"
Add component (AddParameter): Name = "Value"; Value = "100nF"; VariantName = "[No Variations]"
Added Component: Designator=C21(0805)
Add component (AddParameter): Name = "Digikey Part Number"; Value = "490-10675-1-ND"; VariantName = "[No Variations]"
Add component (AddParameter): Name = "Manufacturer"; Value = "muRata"; VariantName = "[No Variations]"
Add component (AddParameter): Name = "Material"; Value = "MLCC"; VariantName = "[No Variations]"
Add component (AddParameter): Name = "Part Number"; Value = "GCM21BR71H105KA03L"; VariantName = "[No Variations]"
Add component (AddParameter): Name = "Rated Voltage"; Value = "50V"; VariantName = "[No Variations]"
Add component (AddParameter): Name = "Temperature Rating"; Value = "X7R"; VariantName = "[No Variations]"
Add component (AddParameter): Name = "Tolerance"; Value = "±10%"; VariantName = "[No Variations]"
Add component (AddParameter): Name = "Value"; Value = "1µF"; VariantName = "[No Variations]"
Added Component: Designator=C22(0603)
Add component (AddParameter): Name = "Digikey Part Number"; Value = "490-GCM188L81H103KA03DCT-ND"; VariantName = "[No Variations]"
Add component (AddParameter): Name = "Manufacturer"; Value = "muRata"; VariantName = "[No Variations]"
Add component (AddParameter): Name = "Material"; Value = "MLCC"; VariantName = "[No Variations]"
Add component (AddParameter): Name = "Part Number"; Value = "GCM188L81H103KA03D"; VariantName = "[No Variations]"
Add component (AddParameter): Name = "Rated Voltage"; Value = "50V"; VariantName = "[No Variations]"
Add component (AddParameter): Name = "Temperature Rating"; Value = "X8L"; VariantName = "[No Variations]"
Add component (AddParameter): Name = "Tolerance"; Value = "±10%"; VariantName = "[No Variations]"
Add component (AddParameter): Name = "Value"; Value = "10nF"; VariantName = "[No Variations]"
Added Component: Designator=C23(0603)
Add component (AddParameter): Name = "Digikey Part Number"; Value = "490-6049-1-ND"; VariantName = "[No Variations]"
Add component (AddParameter): Name = "Manufacturer"; Value = "muRata"; VariantName = "[No Variations]"
Add component (AddParameter): Name = "Material"; Value = "MLCC"; VariantName = "[No Variations]"
Add component (AddParameter): Name = "Part Number"; Value = "GCM188L81H104KA57D"; VariantName = "[No Variations]"
Add component (AddParameter): Name = "Rated Voltage"; Value = "50V"; VariantName = "[No Variations]"
Add component (AddParameter): Name = "Temperature Rating"; Value = "X8L"; VariantName = "[No Variations]"
Add component (AddParameter): Name = "Tolerance"; Value = "±10%"; VariantName = "[No Variations]"
Add component (AddParameter): Name = "Value"; Value = "100nF"; VariantName = "[No Variations]"
Added Component: Designator=C24(0805)
Add component (AddParameter): Name = "Digikey Part Number"; Value = "490-10514-6-ND"; VariantName = "[No Variations]"
Add component (AddParameter): Name = "Manufacturer"; Value = "muRata"; VariantName = "[No Variations]"
Add component (AddParameter): Name = "Material"; Value = "MLCC"; VariantName = "[No Variations]"
Add component (AddParameter): Name = "Part Number"; Value = "GRM21BR6YA106KE43L"; VariantName = "[No Variations]"
Add component (AddParameter): Name = "Rated Voltage"; Value = "50V"; VariantName = "[No Variations]"
Add component (AddParameter): Name = "Temperature Rating"; Value = "X5R"; VariantName = "[No Variations]"
Add component (AddParameter): Name = "Tolerance"; Value = "10%"; VariantName = "[No Variations]"
Add component (AddParameter): Name = "Value"; Value = "10uF"; VariantName = "[No Variations]"
Added Component: Designator=C25(0805)
Add component (AddParameter): Name = "Digikey Part Number"; Value = "490-10514-6-ND"; VariantName = "[No Variations]"
Add component (AddParameter): Name = "Manufacturer"; Value = "muRata"; VariantName = "[No Variations]"
Add component (AddParameter): Name = "Material"; Value = "MLCC"; VariantName = "[No Variations]"
Add component (AddParameter): Name = "Part Number"; Value = "GRM21BR6YA106KE43L"; VariantName = "[No Variations]"
Add component (AddParameter): Name = "Rated Voltage"; Value = "50V"; VariantName = "[No Variations]"
Add component (AddParameter): Name = "Temperature Rating"; Value = "X5R"; VariantName = "[No Variations]"
Add component (AddParameter): Name = "Tolerance"; Value = "10%"; VariantName = "[No Variations]"
Add component (AddParameter): Name = "Value"; Value = "10uF"; VariantName = "[No Variations]"
Added Component: Designator=C26(0805)
Add component (AddParameter): Name = "Digikey Part Number"; Value = "490-10675-1-ND"; VariantName = "[No Variations]"
Add component (AddParameter): Name = "Manufacturer"; Value = "muRata"; VariantName = "[No Variations]"
Add component (AddParameter): Name = "Material"; Value = "MLCC"; VariantName = "[No Variations]"
Add component (AddParameter): Name = "Part Number"; Value = "GCM21BR71H105KA03L"; VariantName = "[No Variations]"
Add component (AddParameter): Name = "Rated Voltage"; Value = "50V"; VariantName = "[No Variations]"
Add component (AddParameter): Name = "Temperature Rating"; Value = "X7R"; VariantName = "[No Variations]"
Add component (AddParameter): Name = "Tolerance"; Value = "±10%"; VariantName = "[No Variations]"
Add component (AddParameter): Name = "Value"; Value = "1µF"; VariantName = "[No Variations]"
Added Component: Designator=C27(0603)
Add component (AddParameter): Name = "Digikey Part Number"; Value = "490-6049-1-ND"; VariantName = "[No Variations]"
Add component (AddParameter): Name = "Manufacturer"; Value = "muRata"; VariantName = "[No Variations]"
Add component (AddParameter): Name = "Material"; Value = "MLCC"; VariantName = "[No Variations]"
Add component (AddParameter): Name = "Part Number"; Value = "GCM188L81H104KA57D"; VariantName = "[No Variations]"
Add component (AddParameter): Name = "Rated Voltage"; Value = "50V"; VariantName = "[No Variations]"
Add component (AddParameter): Name = "Temperature Rating"; Value = "X8L"; VariantName = "[No Variations]"
Add component (AddParameter): Name = "Tolerance"; Value = "±10%"; VariantName = "[No Variations]"
Add component (AddParameter): Name = "Value"; Value = "100nF"; VariantName = "[No Variations]"
Added Component: Designator=C28(0603)
Add component (AddParameter): Name = "Digikey Part Number"; Value = "490-6049-1-ND"; VariantName = "[No Variations]"
Add component (AddParameter): Name = "Manufacturer"; Value = "muRata"; VariantName = "[No Variations]"
Add component (AddParameter): Name = "Material"; Value = "MLCC"; VariantName = "[No Variations]"
Add component (AddParameter): Name = "Part Number"; Value = "GCM188L81H104KA57D"; VariantName = "[No Variations]"
Add component (AddParameter): Name = "Rated Voltage"; Value = "50V"; VariantName = "[No Variations]"
Add component (AddParameter): Name = "Temperature Rating"; Value = "X8L"; VariantName = "[No Variations]"
Add component (AddParameter): Name = "Tolerance"; Value = "±10%"; VariantName = "[No Variations]"
Add component (AddParameter): Name = "Value"; Value = "100nF"; VariantName = "[No Variations]"
Added Component: Designator=C29(0805)
Add component (AddParameter): Name = "Digikey Part Number"; Value = "490-10675-1-ND"; VariantName = "[No Variations]"
Add component (AddParameter): Name = "Manufacturer"; Value = "muRata"; VariantName = "[No Variations]"
Add component (AddParameter): Name = "Material"; Value = "MLCC"; VariantName = "[No Variations]"
Add component (AddParameter): Name = "Part Number"; Value = "GCM21BR71H105KA03L"; VariantName = "[No Variations]"
Add component (AddParameter): Name = "Rated Voltage"; Value = "50V"; VariantName = "[No Variations]"
Add component (AddParameter): Name = "Temperature Rating"; Value = "X7R"; VariantName = "[No Variations]"
Add component (AddParameter): Name = "Tolerance"; Value = "±10%"; VariantName = "[No Variations]"
Add component (AddParameter): Name = "Value"; Value = "1µF"; VariantName = "[No Variations]"
Add Component: Footprint Not Found SODFL350X110-2N
Added Component: Designator=D4(0805 LED)
Add component (AddParameter): Name = "Colour"; Value = "Red"; VariantName = "[No Variations]"
Add component (AddParameter): Name = "Digikey Part Number"; Value = "511-1286-1-ND"; VariantName = "[No Variations]"
Add component (AddParameter): Name = "Manufacturer"; Value = "ROHM Semiconductor"; VariantName = "[No Variations]"
Add component (AddParameter): Name = "Part Number"; Value = "SML-210LTT86"; VariantName = "[No Variations]"
Add Component: Footprint Not Found SM6T39CAY-Footprint-1
Added Component: Designator=D6(0805 LED)
Add component (AddParameter): Name = "Colour"; Value = "Red"; VariantName = "[No Variations]"
Add component (AddParameter): Name = "Digikey Part Number"; Value = "511-1286-1-ND"; VariantName = "[No Variations]"
Add component (AddParameter): Name = "Manufacturer"; Value = "ROHM Semiconductor"; VariantName = "[No Variations]"
Add component (AddParameter): Name = "Part Number"; Value = "SML-210LTT86"; VariantName = "[No Variations]"
Added Component: Designator=F1(2920)
Add component (AddParameter): Name = "Digikey Link"; Value = "https://www.digikey.com/product-detail/en/bel-fuse-inc/0ZCF0100AF2A/507-2070-1-ND/6210547"; VariantName = "[No Variations]"
Add component (AddParameter): Name = "Digikey Part Number"; Value = "507-2070-1-ND"; VariantName = "[No Variations]"
Add component (AddParameter): Name = "Manufacturer"; Value = "Littelfuse Inc."; VariantName = "[No Variations]"
Add component (AddParameter): Name = "Part Number"; Value = "0ZCF0100AF2A"; VariantName = "[No Variations]"
Added Component: Designator=L1(1812)
Add component (AddParameter): Name = "Digikey Part Number"; Value = "945-3429-ND"; VariantName = "[No Variations]"
Add component (AddParameter): Name = "Impedance"; Value = "230mOhm"; VariantName = "[No Variations]"
Add component (AddParameter): Name = "Manufacturer"; Value = "Recom"; VariantName = "[No Variations]"
Add component (AddParameter): Name = "Material"; Value = "Wirewound"; VariantName = "[No Variations]"
Add component (AddParameter): Name = "Part Number"; Value = "RLS-126"; VariantName = "[No Variations]"
Add component (AddParameter): Name = "Rated Current"; Value = "0.8 A"; VariantName = "[No Variations]"
Add component (AddParameter): Name = "Tolerance"; Value = "0.2"; VariantName = "[No Variations]"
Add component (AddParameter): Name = "Value"; Value = "12uH"; VariantName = "[No Variations]"
Add Component: Footprint Not Found SRN3015TA-4R7M
Added Component: Designator=R9(0603)
Add component (AddParameter): Name = "Digikey Part Number"; Value = "311-20.0KHRCT-ND"; VariantName = "[No Variations]"
Add component (AddParameter): Name = "Manufacturer"; Value = "YAGEO"; VariantName = "[No Variations]"
Add component (AddParameter): Name = "Material"; Value = "FR-07"; VariantName = "[No Variations]"
Add component (AddParameter): Name = "Part Number"; Value = "RC0603FR-0720KL"; VariantName = "[No Variations]"
Add component (AddParameter): Name = "Rated Power"; Value = "0.1W"; VariantName = "[No Variations]"
Add component (AddParameter): Name = "Tolerance"; Value = "0.01"; VariantName = "[No Variations]"
Add component (AddParameter): Name = "Value"; Value = "20K"; VariantName = "[No Variations]"
Added Component: Designator=R10(0603)
Add component (AddParameter): Name = "Digikey Part Number"; Value = "311-10.0KHRCT-ND"; VariantName = "[No Variations]"
Add component (AddParameter): Name = "Manufacturer"; Value = "YAGEO"; VariantName = "[No Variations]"
Add component (AddParameter): Name = "Material"; Value = "FR-07"; VariantName = "[No Variations]"
Add component (AddParameter): Name = "Part Number"; Value = "RC0603FR-0710KL"; VariantName = "[No Variations]"
Add component (AddParameter): Name = "Rated Power"; Value = "0.1W"; VariantName = "[No Variations]"
Add component (AddParameter): Name = "Tolerance"; Value = "0.01"; VariantName = "[No Variations]"
Add component (AddParameter): Name = "Value"; Value = "10k"; VariantName = "[No Variations]"
Added Component: Designator=R11(0603)
Add component (AddParameter): Name = "Digikey Part Number"; Value = "311-2.00KHRCT-ND"; VariantName = "[No Variations]"
Add component (AddParameter): Name = "Manufacturer"; Value = "YAGEO"; VariantName = "[No Variations]"
Add component (AddParameter): Name = "Material"; Value = "FR-07"; VariantName = "[No Variations]"
Add component (AddParameter): Name = "Part Number"; Value = "RC0603FR-072KL"; VariantName = "[No Variations]"
Add component (AddParameter): Name = "Rated Power"; Value = "0.1W"; VariantName = "[No Variations]"
Add component (AddParameter): Name = "Tolerance"; Value = "0.01"; VariantName = "[No Variations]"
Add component (AddParameter): Name = "Value"; Value = "2K"; VariantName = "[No Variations]"
Added Component: Designator=U5(Wurth 4-PC Pad)
Add component (AddParameter): Name = "Digikey Part Number"; Value = "732-1489-1-ND"; VariantName = "[No Variations]"
Add component (AddParameter): Name = "Impedance"; Value = "460 Ohms @ 30MHz"; VariantName = "[No Variations]"
Add component (AddParameter): Name = "Manufacturer"; Value = "Wurth Electronics Inc"; VariantName = "[No Variations]"
Add component (AddParameter): Name = "Material"; Value = "Wirewound"; VariantName = "[No Variations]"
Add component (AddParameter): Name = "Part Number"; Value = "744272121"; VariantName = "[No Variations]"
Add component (AddParameter): Name = "Rated Current"; Value = "2.5 A"; VariantName = "[No Variations]"
Add component (AddParameter): Name = "Value"; Value = "120uH @ 100kHz"; VariantName = "[No Variations]"
Added Component: Designator=U6(TI_10_WSON)
Add component (AddParameter): Name = "Digikey Part Number"; Value = "296-50359-1-ND"; VariantName = "[No Variations]"
Add component (AddParameter): Name = "Input Voltage"; Value = "4.5 to 36 V"; VariantName = "[No Variations]"
Add component (AddParameter): Name = "Manufacturer"; Value = "Texas Instruments"; VariantName = "[No Variations]"
Add component (AddParameter): Name = "Output Current"; Value = "1.0 A"; VariantName = "[No Variations]"
Add component (AddParameter): Name = "Output Voltage"; Value = "5V"; VariantName = "[No Variations]"
Add component (AddParameter): Name = "Part Number"; Value = "LM536015QDSXRQ1"; VariantName = "[No Variations]"
Added Component: Designator=U7(TI SOT-23-5)
Add component (AddParameter): Name = "Digikey Part Number"; Value = "296-27780-1-ND"; VariantName = "[No Variations]"
Add component (AddParameter): Name = "Input Voltage"; Value = "2 to 5.5 V"; VariantName = "[No Variations]"
Add component (AddParameter): Name = "Manufacturer"; Value = "Texas Instruments"; VariantName = "[No Variations]"
Add component (AddParameter): Name = "Output Current"; Value = "0.2 A"; VariantName = "[No Variations]"
Add component (AddParameter): Name = "Output Voltage"; Value = "3.3 V"; VariantName = "[No Variations]"
Add component (AddParameter): Name = "Part Number"; Value = "TLV70033-Q1"; VariantName = "[No Variations]"
Added Pin To Net: NetName=0V Pin=C12-1
Added Pin To Net: NetName=0V Pin=C13-1
Added Pin To Net: NetName=VBAT_F Pin=C13-2
Added Pin To Net: NetName=0V Pin=C14-1
Added Pin To Net: NetName=VBAT_F Pin=C14-2
Added Pin To Net: NetName=GLV- Pin=C15-1
Added Pin To Net: NetName=GLV- Pin=C16-1
Added Pin To Net: NetName=VBAT_D Pin=C16-2
Added Pin To Net: NetName=GLV- Pin=C17-1
Added Pin To Net: NetName=VBAT_D Pin=C17-2
Added Pin To Net: NetName=0V Pin=C18-1
Added Pin To Net: NetName=VBAT_F Pin=C18-2
Added Pin To Net: NetName=0V Pin=C19-1
Added Pin To Net: NetName=VBAT_F Pin=C19-2
Added Pin To Net: NetName=0V Pin=C20-1
Added Pin To Net: NetName=VBAT_F Pin=C20-2
Added Pin To Net: NetName=0V Pin=C21-1
Added Pin To Net: NetName=0V Pin=C22-1
Added Pin To Net: NetName=5V Pin=C22-2
Added Pin To Net: NetName=0V Pin=C24-1
Added Pin To Net: NetName=5V Pin=C24-2
Added Pin To Net: NetName=0V Pin=C25-1
Added Pin To Net: NetName=5V Pin=C25-2
Added Pin To Net: NetName=0V Pin=C26-1
Added Pin To Net: NetName=5V Pin=C26-2
Added Pin To Net: NetName=0V Pin=C27-1
Added Pin To Net: NetName=5V Pin=C27-2
Added Pin To Net: NetName=0V Pin=C28-1
Added Pin To Net: NetName=3V3 Pin=C28-2
Added Pin To Net: NetName=0V Pin=C29-1
Added Pin To Net: NetName=3V3 Pin=C29-2
Add Pin To Net: Unknown Pin: Pin D3-K
Added Pin To Net: NetName=VBAT_F Pin=D4-A
Add Pin To Net: Unknown Pin: Pin D5-K
Added Pin To Net: NetName=5V Pin=D6-A
Added Pin To Net: NetName=GLV+ Pin=F1-1
Added Pin To Net: NetName=VBAT_F Pin=L1-1
Add Pin To Net: Unknown Pin: Pin L2-1
Added Pin To Net: NetName=0V Pin=R9-1
Added Pin To Net: NetName=5V Pin=R10-1
Added Pin To Net: NetName=0V Pin=R11-1
Added Pin To Net: NetName=VBAT_D Pin=U5-1
Added Pin To Net: NetName=0V Pin=U5-3
Added Pin To Net: NetName=GLV- Pin=U5-4
Added Pin To Net: NetName=5V Pin=U6-4
Added Pin To Net: NetName=0V Pin=U6-5
Added Pin To Net: NetName=VBAT_F Pin=U6-7
Added Pin To Net: NetName=VBAT_F Pin=U6-8
Added Pin To Net: NetName=VBAT_F Pin=U6-9
Added Pin To Net: NetName=0V Pin=U6-10
Added Pin To Net: NetName=0V Pin=U6-11
Added Pin To Net: NetName=5V Pin=U7-1
Added Pin To Net: NetName=0V Pin=U7-2
Added Pin To Net: NetName=5V Pin=U7-3
Added Pin To Net: NetName=3V3 Pin=U7-5
Change Net Name : Old Net Name=NetD?_A New Net Name=NetD1_A
Change Net Name : Old Net Name=NetHeader 1x2_U1_Push Button_1 New Net Name=NetHeader 1_U1_Push Button_1
Change Net Name : Old Net Name=NetHeader 1x2_U2_Push Button_1 New Net Name=NetHeader 1_U2_Push Button_1
Change Net Name : Old Net Name=NetHeader 1x2_U3_Push Button_1 New Net Name=NetHeader 1_U3_Push Button_1
Change Net Name : Old Net Name=NetHeader 1x2_U4_Push Button_1 New Net Name=NetHeader 1_U4_Push Button_1
Change Net Name : Old Net Name=NetJ?_3 New Net Name=NetJ1_3
Change Net Name : Old Net Name=NetJ?_4 New Net Name=NetJ1_4
Change Net Name : Old Net Name=NetJ?_5 New Net Name=NetJ1_5
Change Net Name : Old Net Name=NetJ?_6 New Net Name=NetJ1_6
Change Net Name : Old Net Name=NetJ?_7 New Net Name=NetJ1_7
Change Net Name : Old Net Name=NetJ?_8 New Net Name=NetJ1_8
Change Net Name : Old Net Name=NetR6_1 New Net Name=NetR5_1
Change Net Name : Old Net Name=NetR7_1 New Net Name=NetR6_1
Change Net Name : Old Net Name=NetR9_2 New Net Name=NetR8_2
Added Pin To Net: NetName=NetC12_2 Pin=C12-2
Added Pin To Net: NetName=NetC12_2 Pin=L1-2
Added Pin To Net: NetName=NetC12_2 Pin=U5-2
Added Net: Name=NetC12_2
Added Pin To Net: NetName=NetC15_2 Pin=C15-2
Added Pin To Net: NetName=NetC15_2 Pin=F1-2
Added Net: Name=NetC15_2
Added Pin To Net: NetName=NetC21_2 Pin=C21-2
Added Pin To Net: NetName=NetC21_2 Pin=U6-3
Added Net: Name=NetC21_2
Added Pin To Net: NetName=NetC23_1 Pin=C23-1
Added Pin To Net: NetName=NetC23_1 Pin=U6-1
Added Net: Name=NetC23_1
Added Pin To Net: NetName=NetC23_2 Pin=C23-2
Added Pin To Net: NetName=NetC23_2 Pin=U6-2
Added Net: Name=NetC23_2
Added Pin To Net: NetName=NetD2_A Pin=D2-A
Added Pin To Net: NetName=NetD2_A Pin=R4-1
Added Net: Name=NetD2_A
Added Pin To Net: NetName=NetD4_K Pin=D4-K
Added Pin To Net: NetName=NetD4_K Pin=R9-2
Added Net: Name=NetD4_K
Added Pin To Net: NetName=NetD6_K Pin=D6-K
Added Pin To Net: NetName=NetD6_K Pin=R11-2
Added Net: Name=NetD6_K
Added Pin To Net: NetName=NetR10_2 Pin=R10-2
Added Pin To Net: NetName=NetR10_2 Pin=U6-6
Added Net: Name=NetR10_2
Added Member To Class: ClassName=Power Supply Member=Component C12 10uF
Added Member To Class: ClassName=Power Supply Member=Component C13 10uF
Added Member To Class: ClassName=Power Supply Member=Component C14 100nF
Added Member To Class: ClassName=Power Supply Member=Component C15 100nF
Added Member To Class: ClassName=Power Supply Member=Component C16 100nF
Added Member To Class: ClassName=Power Supply Member=Component C17 47uF
Added Member To Class: ClassName=Power Supply Member=Component C18 4.7uF
Added Member To Class: ClassName=Power Supply Member=Component C19 4.7uF
Added Member To Class: ClassName=Power Supply Member=Component C20 100nF
Added Member To Class: ClassName=Power Supply Member=Component C21 1µF
Added Member To Class: ClassName=Power Supply Member=Component C22 10nF
Added Member To Class: ClassName=Power Supply Member=Component C23 100nF
Added Member To Class: ClassName=Power Supply Member=Component C24 10uF
Added Member To Class: ClassName=Power Supply Member=Component C25 10uF
Added Member To Class: ClassName=Power Supply Member=Component C26 1µF
Added Member To Class: ClassName=Power Supply Member=Component C27 100nF
Added Member To Class: ClassName=Power Supply Member=Component C28 100nF
Added Member To Class: ClassName=Power Supply Member=Component C29 1µF
Added Member To Class: ClassName=U_Microcontroller Member=Component D1 Yellow
Added Member To Class: ClassName=U_Microcontroller Member=Component D2 Yellow
Add Class Member: Failed to add class member : Component D3 PMEG100T10ELR-QX
Added Member To Class: ClassName=Power Supply Member=Component D4 Red
Add Class Member: Failed to add class member : Component D5 SM6T39CAY
Added Member To Class: ClassName=Power Supply Member=Component D6 Red
Added Member To Class: ClassName=Power Supply Member=Component F1 0ZCF0100AF2A
Added Member To Class: ClassName=Power Supply Member=Component L1 12uH
Add Class Member: Failed to add class member : Component L2 4.7uH
Added Member To Class: ClassName=U_Microcontroller Member=Component R3 500R
Added Member To Class: ClassName=U_Microcontroller Member=Component R4 500R
Added Member To Class: ClassName=Power Supply Member=Component R9 20K
Added Member To Class: ClassName=Power Supply Member=Component R10 100k
Added Member To Class: ClassName=Power Supply Member=Component R11 2K
Added Member To Class: ClassName=Power Supply Member=Component U5 744272121
Added Member To Class: ClassName=Power Supply Member=Component U6 LM536015QDSXRQ1
Added Member To Class: ClassName=Power Supply Member=Component U7 TLV70033-Q1
