Removed Pin From Net: NetName=0V_(ISO) Pin=C12-1
Removed Pin From Net: NetName=0V_(ISO) Pin=C13-1
Removed Pin From Net: NetName=0V Pin=C14-1
Removed Pin From Net: NetName=0V Pin=C15-1
Removed Pin From Net: NetName=VBAT_F Pin=C15-2
Removed Pin From Net: NetName=0V Pin=C16-1
Removed Pin From Net: NetName=VBAT_F Pin=C16-2
Removed Pin From Net: NetName=GLV- Pin=C17-1
Removed Pin From Net: NetName=GLV- Pin=C18-1
Removed Pin From Net: NetName=VBAT_D Pin=C18-2
Removed Pin From Net: NetName=GLV- Pin=C19-1
Removed Pin From Net: NetName=VBAT_D Pin=C19-2
Removed Pin From Net: NetName=VBAT_F Pin=C20-2
Removed Pin From Net: NetName=VBAT_F Pin=C21-2
Removed Pin From Net: NetName=0V Pin=C22-1
Removed Pin From Net: NetName=0V Pin=C23-1
Removed Pin From Net: NetName=5V Pin=C23-2
Removed Pin From Net: NetName=0V Pin=C24-1
Removed Pin From Net: NetName=0V Pin=C25-1
Removed Pin From Net: NetName=5V Pin=C25-2
Removed Pin From Net: NetName=0V Pin=C26-1
Removed Pin From Net: NetName=5V Pin=C26-2
Removed Pin From Net: NetName=0V_(ISO) Pin=C27-1
Removed Pin From Net: NetName=3V3 Pin=C27-2
Removed Pin From Net: NetName=0V_(ISO) Pin=D2-K
Removed Pin From Net: NetName=0V_(ISO) Pin=D3-K
Removed Pin From Net: NetName=VBAT_F Pin=D5-A
Removed Pin From Net: NetName=5V Pin=D7-A
Removed Pin From Net: NetName=3V3 Pin=D8-A
Removed Pin From Net: NetName=GLV+ Pin=F1-1
Removed Pin From Net: NetName=VBAT_F Pin=L1-1
Removed Pin From Net: NetName=3V3 Pin=L3-1
Removed Pin From Net: NetName=3V3 Pin=R3-2
Removed Pin From Net: NetName=CAN_TX_INDC Pin=R4-2
Removed Pin From Net: NetName=0V Pin=R11-1
Removed Pin From Net: NetName=0V Pin=R12-1
Removed Pin From Net: NetName=0V_(ISO) Pin=R13-1
Removed Pin From Net: NetName=CAN_TX_INDC Pin=U4-32
Removed Pin From Net: NetName=HB Pin=U4-34
Removed Pin From Net: NetName=VBAT_D Pin=U5-1
Removed Pin From Net: NetName=0V Pin=U5-3
Removed Pin From Net: NetName=GLV- Pin=U5-4
Removed Pin From Net: NetName=5V Pin=U6-4
Removed Pin From Net: NetName=0V Pin=U6-5
Removed Pin From Net: NetName=VBAT_F Pin=U6-7
Removed Pin From Net: NetName=VBAT_F Pin=U6-8
Removed Pin From Net: NetName=VBAT_F Pin=U6-9
Removed Pin From Net: NetName=0V Pin=U6-10
Removed Pin From Net: NetName=0V Pin=U6-11
Removed Pin From Net: NetName=0V Pin=U7-1
Removed Pin From Net: NetName=5V Pin=U7-2
Removed Pin From Net: NetName=0V_(ISO) Pin=U7-4
Removed Member From Class: ClassName=U_Microcontroller Member=C12
Removed Member From Class: ClassName=U_Microcontroller Member=C13
Removed Member From Class: ClassName=Power Supply Member=C14
Removed Member From Class: ClassName=Power Supply Member=C15
Removed Member From Class: ClassName=Power Supply Member=C16
Removed Member From Class: ClassName=Power Supply Member=C17
Removed Member From Class: ClassName=Power Supply Member=C18
Removed Member From Class: ClassName=Power Supply Member=C19
Removed Member From Class: ClassName=Power Supply Member=C20
Removed Member From Class: ClassName=Power Supply Member=C21
Removed Member From Class: ClassName=Power Supply Member=C22
Removed Member From Class: ClassName=Power Supply Member=C23
Removed Member From Class: ClassName=Power Supply Member=C24
Removed Member From Class: ClassName=Power Supply Member=C25
Removed Member From Class: ClassName=Power Supply Member=C26
Removed Member From Class: ClassName=Power Supply Member=C27
Removed Member From Class: ClassName=U_Microcontroller Member=D1
Removed Member From Class: ClassName=U_Microcontroller Member=D2
Removed Member From Class: ClassName=U_Microcontroller Member=D3
Removed Member From Class: ClassName=Power Supply Member=D5
Removed Member From Class: ClassName=Power Supply Member=D7
Removed Member From Class: ClassName=Power Supply Member=D8
Removed Member From Class: ClassName=Power Supply Member=F1
Removed Member From Class: ClassName=Power Supply Member=L1
Removed Member From Class: ClassName=Power Supply Member=L3
Removed Member From Class: ClassName=U_Microcontroller Member=R3
Removed Member From Class: ClassName=U_Microcontroller Member=R4
Removed Member From Class: ClassName=U_Microcontroller Member=R5
Removed Member From Class: ClassName=U_Microcontroller Member=R10
Removed Member From Class: ClassName=Power Supply Member=R11
Removed Member From Class: ClassName=Power Supply Member=R12
Removed Member From Class: ClassName=Power Supply Member=R13
Removed Member From Class: ClassName=Power Supply Member=U5
Removed Member From Class: ClassName=Power Supply Member=U6
Removed Member From Class: ClassName=Power Supply Member=U7
Removed Member From Class: ClassName=U_Microcontroller Member=X1
Added Component: Designator=C?(0805)
Add component (AddParameter): Name = "Digikey Part Number"; Value = "490-10514-6-ND"; VariantName = "[No Variations]"
Add component (AddParameter): Name = "Manufacturer"; Value = "muRata"; VariantName = "[No Variations]"
Add component (AddParameter): Name = "Material"; Value = "MLCC"; VariantName = "[No Variations]"
Add component (AddParameter): Name = "Part Number"; Value = "GRM21BR6YA106KE43L"; VariantName = "[No Variations]"
Add component (AddParameter): Name = "Rated Voltage"; Value = "50V"; VariantName = "[No Variations]"
Add component (AddParameter): Name = "Temperature Rating"; Value = "X5R"; VariantName = "[No Variations]"
Add component (AddParameter): Name = "Tolerance"; Value = "10%"; VariantName = "[No Variations]"
Add component (AddParameter): Name = "Value"; Value = "10uF"; VariantName = "[No Variations]"
Added Component: Designator=C?(0603)
Add component (AddParameter): Name = "Digikey Part Number"; Value = "490-6049-1-ND"; VariantName = "[No Variations]"
Add component (AddParameter): Name = "Manufacturer"; Value = "muRata"; VariantName = "[No Variations]"
Add component (AddParameter): Name = "Material"; Value = "MLCC"; VariantName = "[No Variations]"
Add component (AddParameter): Name = "Part Number"; Value = "GCM188L81H104KA57D"; VariantName = "[No Variations]"
Add component (AddParameter): Name = "Rated Voltage"; Value = "50V"; VariantName = "[No Variations]"
Add component (AddParameter): Name = "Temperature Rating"; Value = "X8L"; VariantName = "[No Variations]"
Add component (AddParameter): Name = "Tolerance"; Value = "±10%"; VariantName = "[No Variations]"
Add component (AddParameter): Name = "Value"; Value = "100nF"; VariantName = "[No Variations]"
Added Component: Designator=C?(0603)
Add component (AddParameter): Name = "Digikey Part Number"; Value = "490-6049-1-ND"; VariantName = "[No Variations]"
Add component (AddParameter): Name = "Manufacturer"; Value = "muRata"; VariantName = "[No Variations]"
Add component (AddParameter): Name = "Material"; Value = "MLCC"; VariantName = "[No Variations]"
Add component (AddParameter): Name = "Part Number"; Value = "GCM188L81H104KA57D"; VariantName = "[No Variations]"
Add component (AddParameter): Name = "Rated Voltage"; Value = "50V"; VariantName = "[No Variations]"
Add component (AddParameter): Name = "Temperature Rating"; Value = "X8L"; VariantName = "[No Variations]"
Add component (AddParameter): Name = "Tolerance"; Value = "±10%"; VariantName = "[No Variations]"
Add component (AddParameter): Name = "Value"; Value = "100nF"; VariantName = "[No Variations]"
Added Component: Designator=C?(0805)
Add component (AddParameter): Name = "Digikey Part Number"; Value = "490-10675-1-ND"; VariantName = "[No Variations]"
Add component (AddParameter): Name = "Manufacturer"; Value = "muRata"; VariantName = "[No Variations]"
Add component (AddParameter): Name = "Material"; Value = "MLCC"; VariantName = "[No Variations]"
Add component (AddParameter): Name = "Part Number"; Value = "GCM21BR71H105KA03L"; VariantName = "[No Variations]"
Add component (AddParameter): Name = "Rated Voltage"; Value = "50V"; VariantName = "[No Variations]"
Add component (AddParameter): Name = "Temperature Rating"; Value = "X7R"; VariantName = "[No Variations]"
Add component (AddParameter): Name = "Tolerance"; Value = "±10%"; VariantName = "[No Variations]"
Add component (AddParameter): Name = "Value"; Value = "1µF"; VariantName = "[No Variations]"
Added Component: Designator=C?(0603)
Add component (AddParameter): Name = "Digikey Part Number"; Value = "490-6049-1-ND"; VariantName = "[No Variations]"
Add component (AddParameter): Name = "Manufacturer"; Value = "muRata"; VariantName = "[No Variations]"
Add component (AddParameter): Name = "Material"; Value = "MLCC"; VariantName = "[No Variations]"
Add component (AddParameter): Name = "Part Number"; Value = "GCM188L81H104KA57D"; VariantName = "[No Variations]"
Add component (AddParameter): Name = "Rated Voltage"; Value = "50V"; VariantName = "[No Variations]"
Add component (AddParameter): Name = "Temperature Rating"; Value = "X8L"; VariantName = "[No Variations]"
Add component (AddParameter): Name = "Tolerance"; Value = "±10%"; VariantName = "[No Variations]"
Add component (AddParameter): Name = "Value"; Value = "100nF"; VariantName = "[No Variations]"
Added Component: Designator=C?(0603)
Add component (AddParameter): Name = "Digikey Part Number"; Value = "490-6049-1-ND"; VariantName = "[No Variations]"
Add component (AddParameter): Name = "Manufacturer"; Value = "muRata"; VariantName = "[No Variations]"
Add component (AddParameter): Name = "Material"; Value = "MLCC"; VariantName = "[No Variations]"
Add component (AddParameter): Name = "Part Number"; Value = "GCM188L81H104KA57D"; VariantName = "[No Variations]"
Add component (AddParameter): Name = "Rated Voltage"; Value = "50V"; VariantName = "[No Variations]"
Add component (AddParameter): Name = "Temperature Rating"; Value = "X8L"; VariantName = "[No Variations]"
Add component (AddParameter): Name = "Tolerance"; Value = "±10%"; VariantName = "[No Variations]"
Add component (AddParameter): Name = "Value"; Value = "100nF"; VariantName = "[No Variations]"
Added Component: Designator=C?(0603)
Add component (AddParameter): Name = "Digikey Part Number"; Value = "490-6049-1-ND"; VariantName = "[No Variations]"
Add component (AddParameter): Name = "Manufacturer"; Value = "muRata"; VariantName = "[No Variations]"
Add component (AddParameter): Name = "Material"; Value = "MLCC"; VariantName = "[No Variations]"
Add component (AddParameter): Name = "Part Number"; Value = "GCM188L81H104KA57D"; VariantName = "[No Variations]"
Add component (AddParameter): Name = "Rated Voltage"; Value = "50V"; VariantName = "[No Variations]"
Add component (AddParameter): Name = "Temperature Rating"; Value = "X8L"; VariantName = "[No Variations]"
Add component (AddParameter): Name = "Tolerance"; Value = "±10%"; VariantName = "[No Variations]"
Add component (AddParameter): Name = "Value"; Value = "100nF"; VariantName = "[No Variations]"
Added Component: Designator=C?(CHEMI-CON ELCO)
Add component (AddParameter): Name = "Part Number"; Value = "HHXA350ARA470MF61G"; VariantName = "[No Variations]"
Added Component: Designator=C?(0805)
Add component (AddParameter): Name = "Digikey Part Number"; Value = "490-10514-6-ND"; VariantName = "[No Variations]"
Add component (AddParameter): Name = "Manufacturer"; Value = "muRata"; VariantName = "[No Variations]"
Add component (AddParameter): Name = "Material"; Value = "MLCC"; VariantName = "[No Variations]"
Add component (AddParameter): Name = "Part Number"; Value = "GRM21BR6YA106KE43L"; VariantName = "[No Variations]"
Add component (AddParameter): Name = "Rated Voltage"; Value = "50V"; VariantName = "[No Variations]"
Add component (AddParameter): Name = "Temperature Rating"; Value = "X5R"; VariantName = "[No Variations]"
Add component (AddParameter): Name = "Tolerance"; Value = "10%"; VariantName = "[No Variations]"
Add component (AddParameter): Name = "Value"; Value = "10uF"; VariantName = "[No Variations]"
Added Component: Designator=C?(0805)
Add component (AddParameter): Name = "Digikey Part Number"; Value = "490-10514-6-ND"; VariantName = "[No Variations]"
Add component (AddParameter): Name = "Manufacturer"; Value = "muRata"; VariantName = "[No Variations]"
Add component (AddParameter): Name = "Material"; Value = "MLCC"; VariantName = "[No Variations]"
Add component (AddParameter): Name = "Part Number"; Value = "GRM21BR6YA106KE43L"; VariantName = "[No Variations]"
Add component (AddParameter): Name = "Rated Voltage"; Value = "50V"; VariantName = "[No Variations]"
Add component (AddParameter): Name = "Temperature Rating"; Value = "X5R"; VariantName = "[No Variations]"
Add component (AddParameter): Name = "Tolerance"; Value = "10%"; VariantName = "[No Variations]"
Add component (AddParameter): Name = "Value"; Value = "10uF"; VariantName = "[No Variations]"
Added Component: Designator=C?(0603)
Add component (AddParameter): Name = "Digikey Part Number"; Value = "490-6049-1-ND"; VariantName = "[No Variations]"
Add component (AddParameter): Name = "Manufacturer"; Value = "muRata"; VariantName = "[No Variations]"
Add component (AddParameter): Name = "Material"; Value = "MLCC"; VariantName = "[No Variations]"
Add component (AddParameter): Name = "Part Number"; Value = "GCM188L81H104KA57D"; VariantName = "[No Variations]"
Add component (AddParameter): Name = "Rated Voltage"; Value = "50V"; VariantName = "[No Variations]"
Add component (AddParameter): Name = "Temperature Rating"; Value = "X8L"; VariantName = "[No Variations]"
Add component (AddParameter): Name = "Tolerance"; Value = "±10%"; VariantName = "[No Variations]"
Add component (AddParameter): Name = "Value"; Value = "100nF"; VariantName = "[No Variations]"
Added Component: Designator=C?(1206 CAP)
Add component (AddParameter): Name = "Digikey Part Number"; Value = "490-GRM31CR71H475KA12KTR-ND"; VariantName = "[No Variations]"
Add component (AddParameter): Name = "Manufacturer"; Value = "Murata Electronics"; VariantName = "[No Variations]"
Add component (AddParameter): Name = "Material"; Value = "MLCC"; VariantName = "[No Variations]"
Add component (AddParameter): Name = "Part Number"; Value = "GRM31CR71H475KA12K"; VariantName = "[No Variations]"
Add component (AddParameter): Name = "Rated Voltage"; Value = "50V"; VariantName = "[No Variations]"
Add component (AddParameter): Name = "Temperature Rating"; Value = "X7R"; VariantName = "[No Variations]"
Add component (AddParameter): Name = "Tolerance"; Value = "±10%"; VariantName = "[No Variations]"
Add component (AddParameter): Name = "Value"; Value = "4.7uF"; VariantName = "[No Variations]"
Added Component: Designator=C?(0805)
Add component (AddParameter): Name = "Digikey Part Number"; Value = "490-10675-1-ND"; VariantName = "[No Variations]"
Add component (AddParameter): Name = "Manufacturer"; Value = "muRata"; VariantName = "[No Variations]"
Add component (AddParameter): Name = "Material"; Value = "MLCC"; VariantName = "[No Variations]"
Add component (AddParameter): Name = "Part Number"; Value = "GCM21BR71H105KA03L"; VariantName = "[No Variations]"
Add component (AddParameter): Name = "Rated Voltage"; Value = "50V"; VariantName = "[No Variations]"
Add component (AddParameter): Name = "Temperature Rating"; Value = "X7R"; VariantName = "[No Variations]"
Add component (AddParameter): Name = "Tolerance"; Value = "±10%"; VariantName = "[No Variations]"
Add component (AddParameter): Name = "Value"; Value = "1µF"; VariantName = "[No Variations]"
Added Component: Designator=C?(0805)
Add component (AddParameter): Name = "Digikey Part Number"; Value = "490-10675-1-ND"; VariantName = "[No Variations]"
Add component (AddParameter): Name = "Manufacturer"; Value = "muRata"; VariantName = "[No Variations]"
Add component (AddParameter): Name = "Material"; Value = "MLCC"; VariantName = "[No Variations]"
Add component (AddParameter): Name = "Part Number"; Value = "GCM21BR71H105KA03L"; VariantName = "[No Variations]"
Add component (AddParameter): Name = "Rated Voltage"; Value = "50V"; VariantName = "[No Variations]"
Add component (AddParameter): Name = "Temperature Rating"; Value = "X7R"; VariantName = "[No Variations]"
Add component (AddParameter): Name = "Tolerance"; Value = "±10%"; VariantName = "[No Variations]"
Add component (AddParameter): Name = "Value"; Value = "1µF"; VariantName = "[No Variations]"
Added Component: Designator=C?(1206 CAP)
Add component (AddParameter): Name = "Digikey Part Number"; Value = "490-GRM31CR71H475KA12KTR-ND"; VariantName = "[No Variations]"
Add component (AddParameter): Name = "Manufacturer"; Value = "Murata Electronics"; VariantName = "[No Variations]"
Add component (AddParameter): Name = "Material"; Value = "MLCC"; VariantName = "[No Variations]"
Add component (AddParameter): Name = "Part Number"; Value = "GRM31CR71H475KA12K"; VariantName = "[No Variations]"
Add component (AddParameter): Name = "Rated Voltage"; Value = "50V"; VariantName = "[No Variations]"
Add component (AddParameter): Name = "Temperature Rating"; Value = "X7R"; VariantName = "[No Variations]"
Add component (AddParameter): Name = "Tolerance"; Value = "±10%"; VariantName = "[No Variations]"
Add component (AddParameter): Name = "Value"; Value = "4.7uF"; VariantName = "[No Variations]"
Added Component: Designator=C?(0805)
Add component (AddParameter): Name = "Digikey Part Number"; Value = "490-10514-6-ND"; VariantName = "[No Variations]"
Add component (AddParameter): Name = "Manufacturer"; Value = "muRata"; VariantName = "[No Variations]"
Add component (AddParameter): Name = "Material"; Value = "MLCC"; VariantName = "[No Variations]"
Add component (AddParameter): Name = "Part Number"; Value = "GRM21BR6YA106KE43L"; VariantName = "[No Variations]"
Add component (AddParameter): Name = "Rated Voltage"; Value = "50V"; VariantName = "[No Variations]"
Add component (AddParameter): Name = "Temperature Rating"; Value = "X5R"; VariantName = "[No Variations]"
Add component (AddParameter): Name = "Tolerance"; Value = "10%"; VariantName = "[No Variations]"
Add component (AddParameter): Name = "Value"; Value = "10uF"; VariantName = "[No Variations]"
Added Component: Designator=C?(0603)
Add component (AddParameter): Name = "Digikey Part Number"; Value = "490-GCM188L81H103KA03DCT-ND"; VariantName = "[No Variations]"
Add component (AddParameter): Name = "Manufacturer"; Value = "muRata"; VariantName = "[No Variations]"
Add component (AddParameter): Name = "Material"; Value = "MLCC"; VariantName = "[No Variations]"
Add component (AddParameter): Name = "Part Number"; Value = "GCM188L81H103KA03D"; VariantName = "[No Variations]"
Add component (AddParameter): Name = "Rated Voltage"; Value = "50V"; VariantName = "[No Variations]"
Add component (AddParameter): Name = "Temperature Rating"; Value = "X8L"; VariantName = "[No Variations]"
Add component (AddParameter): Name = "Tolerance"; Value = "±10%"; VariantName = "[No Variations]"
Add component (AddParameter): Name = "Value"; Value = "10nF"; VariantName = "[No Variations]"
Added Component: Designator=C?(0603)
Add component (AddParameter): Name = "Digikey Part Number"; Value = "490-6049-1-ND"; VariantName = "[No Variations]"
Add component (AddParameter): Name = "Manufacturer"; Value = "muRata"; VariantName = "[No Variations]"
Add component (AddParameter): Name = "Material"; Value = "MLCC"; VariantName = "[No Variations]"
Add component (AddParameter): Name = "Part Number"; Value = "GCM188L81H104KA57D"; VariantName = "[No Variations]"
Add component (AddParameter): Name = "Rated Voltage"; Value = "50V"; VariantName = "[No Variations]"
Add component (AddParameter): Name = "Temperature Rating"; Value = "X8L"; VariantName = "[No Variations]"
Add component (AddParameter): Name = "Tolerance"; Value = "±10%"; VariantName = "[No Variations]"
Add component (AddParameter): Name = "Value"; Value = "100nF"; VariantName = "[No Variations]"
Add Component: Footprint Not Found SODFL350X110-2N
Add Component: Footprint Not Found SM6T39CAY-Footprint-1
Added Component: Designator=D?(0805 LED)
Add component (AddParameter): Name = "Colour"; Value = "Red"; VariantName = "[No Variations]"
Add component (AddParameter): Name = "Digikey Part Number"; Value = "511-1286-1-ND"; VariantName = "[No Variations]"
Add component (AddParameter): Name = "Manufacturer"; Value = "ROHM Semiconductor"; VariantName = "[No Variations]"
Add component (AddParameter): Name = "Part Number"; Value = "SML-210LTT86"; VariantName = "[No Variations]"
Added Component: Designator=D?(0805 LED)
Add component (AddParameter): Name = "Colour"; Value = "Yellow"; VariantName = "[No Variations]"
Add component (AddParameter): Name = "Digikey Part Number"; Value = "511-1293-1-ND"; VariantName = "[No Variations]"
Add component (AddParameter): Name = "Manufacturer"; Value = "ROHM Semiconductor"; VariantName = "[No Variations]"
Add component (AddParameter): Name = "Part Number"; Value = "SML-211YTT86"; VariantName = "[No Variations]"
Added Component: Designator=D?(0805 LED)
Add component (AddParameter): Name = "Colour"; Value = "Yellow"; VariantName = "[No Variations]"
Add component (AddParameter): Name = "Digikey Part Number"; Value = "511-1293-1-ND"; VariantName = "[No Variations]"
Add component (AddParameter): Name = "Manufacturer"; Value = "ROHM Semiconductor"; VariantName = "[No Variations]"
Add component (AddParameter): Name = "Part Number"; Value = "SML-211YTT86"; VariantName = "[No Variations]"
Added Component: Designator=D?(0805 LED)
Add component (AddParameter): Name = "Colour"; Value = "Red"; VariantName = "[No Variations]"
Add component (AddParameter): Name = "Digikey Part Number"; Value = "511-1286-1-ND"; VariantName = "[No Variations]"
Add component (AddParameter): Name = "Manufacturer"; Value = "ROHM Semiconductor"; VariantName = "[No Variations]"
Add component (AddParameter): Name = "Part Number"; Value = "SML-210LTT86"; VariantName = "[No Variations]"
Added Component: Designator=F?(2920)
Add component (AddParameter): Name = "Digikey Link"; Value = "https://www.digikey.com/product-detail/en/bel-fuse-inc/0ZCF0100AF2A/507-2070-1-ND/6210547"; VariantName = "[No Variations]"
Add component (AddParameter): Name = "Digikey Part Number"; Value = "507-2070-1-ND"; VariantName = "[No Variations]"
Add component (AddParameter): Name = "Manufacturer"; Value = "Littelfuse Inc."; VariantName = "[No Variations]"
Add component (AddParameter): Name = "Part Number"; Value = "0ZCF0100AF2A"; VariantName = "[No Variations]"
Add Component: Footprint Not Found SRN3015TA-4R7M
Added Component: Designator=L?(1812)
Add component (AddParameter): Name = "Digikey Part Number"; Value = "945-3429-ND"; VariantName = "[No Variations]"
Add component (AddParameter): Name = "Impedance"; Value = "230mOhm"; VariantName = "[No Variations]"
Add component (AddParameter): Name = "Manufacturer"; Value = "Recom"; VariantName = "[No Variations]"
Add component (AddParameter): Name = "Material"; Value = "Wirewound"; VariantName = "[No Variations]"
Add component (AddParameter): Name = "Part Number"; Value = "RLS-126"; VariantName = "[No Variations]"
Add component (AddParameter): Name = "Rated Current"; Value = "0.8 A"; VariantName = "[No Variations]"
Add component (AddParameter): Name = "Tolerance"; Value = "0.2"; VariantName = "[No Variations]"
Add component (AddParameter): Name = "Value"; Value = "12uH"; VariantName = "[No Variations]"
Added Component: Designator=R?(0603)
Add component (AddParameter): Name = "Digikey Part Number"; Value = "311-20.0KHRCT-ND"; VariantName = "[No Variations]"
Add component (AddParameter): Name = "Manufacturer"; Value = "YAGEO"; VariantName = "[No Variations]"
Add component (AddParameter): Name = "Material"; Value = "FR-07"; VariantName = "[No Variations]"
Add component (AddParameter): Name = "Part Number"; Value = "RC0603FR-0720KL"; VariantName = "[No Variations]"
Add component (AddParameter): Name = "Rated Power"; Value = "0.1W"; VariantName = "[No Variations]"
Add component (AddParameter): Name = "Tolerance"; Value = "0.01"; VariantName = "[No Variations]"
Add component (AddParameter): Name = "Value"; Value = "20K"; VariantName = "[No Variations]"
Added Component: Designator=R?(0603)
Add component (AddParameter): Name = "Digikey Part Number"; Value = "311-10.0KHRCT-ND"; VariantName = "[No Variations]"
Add component (AddParameter): Name = "Manufacturer"; Value = "YAGEO"; VariantName = "[No Variations]"
Add component (AddParameter): Name = "Material"; Value = "FR-07"; VariantName = "[No Variations]"
Add component (AddParameter): Name = "Part Number"; Value = "RC0603FR-0710KL"; VariantName = "[No Variations]"
Add component (AddParameter): Name = "Rated Power"; Value = "0.1W"; VariantName = "[No Variations]"
Add component (AddParameter): Name = "Tolerance"; Value = "0.01"; VariantName = "[No Variations]"
Add component (AddParameter): Name = "Value"; Value = "10k"; VariantName = "[No Variations]"
Added Component: Designator=R?(0603)
Add component (AddParameter): Name = "Digikey Part Number"; Value = "311-2.00KHRCT-ND"; VariantName = "[No Variations]"
Add component (AddParameter): Name = "Manufacturer"; Value = "YAGEO"; VariantName = "[No Variations]"
Add component (AddParameter): Name = "Material"; Value = "FR-07"; VariantName = "[No Variations]"
Add component (AddParameter): Name = "Part Number"; Value = "RC0603FR-072KL"; VariantName = "[No Variations]"
Add component (AddParameter): Name = "Rated Power"; Value = "0.1W"; VariantName = "[No Variations]"
Add component (AddParameter): Name = "Tolerance"; Value = "0.01"; VariantName = "[No Variations]"
Add component (AddParameter): Name = "Value"; Value = "2K"; VariantName = "[No Variations]"
Added Component: Designator=R?(0603)
Add component (AddParameter): Name = "Digikey Part Number"; Value = "13-RT0603BRD07500RL-ND"; VariantName = "[No Variations]"
Add component (AddParameter): Name = "Manufacturer"; Value = "YAGEO"; VariantName = "[No Variations]"
Add component (AddParameter): Name = "Material"; Value = "FR-07"; VariantName = "[No Variations]"
Add component (AddParameter): Name = "Part Number"; Value = "RT0603BRD07500RL"; VariantName = "[No Variations]"
Add component (AddParameter): Name = "Rated Power"; Value = "0.1W"; VariantName = "[No Variations]"
Add component (AddParameter): Name = "Tolerance"; Value = "0.01"; VariantName = "[No Variations]"
Add component (AddParameter): Name = "Value"; Value = "500R"; VariantName = "[No Variations]"
Added Component: Designator=R?(0603)
Add component (AddParameter): Name = "Digikey Part Number"; Value = "13-RT0603BRD07500RL-ND"; VariantName = "[No Variations]"
Add component (AddParameter): Name = "Manufacturer"; Value = "YAGEO"; VariantName = "[No Variations]"
Add component (AddParameter): Name = "Material"; Value = "FR-07"; VariantName = "[No Variations]"
Add component (AddParameter): Name = "Part Number"; Value = "RT0603BRD07500RL"; VariantName = "[No Variations]"
Add component (AddParameter): Name = "Rated Power"; Value = "0.1W"; VariantName = "[No Variations]"
Add component (AddParameter): Name = "Tolerance"; Value = "0.01"; VariantName = "[No Variations]"
Add component (AddParameter): Name = "Value"; Value = "500R"; VariantName = "[No Variations]"
Added Component: Designator=U?(TI SOT-23-5)
Add component (AddParameter): Name = "Digikey Part Number"; Value = "296-27780-1-ND"; VariantName = "[No Variations]"
Add component (AddParameter): Name = "Input Voltage"; Value = "2 to 5.5 V"; VariantName = "[No Variations]"
Add component (AddParameter): Name = "Manufacturer"; Value = "Texas Instruments"; VariantName = "[No Variations]"
Add component (AddParameter): Name = "Output Current"; Value = "0.2 A"; VariantName = "[No Variations]"
Add component (AddParameter): Name = "Output Voltage"; Value = "3.3 V"; VariantName = "[No Variations]"
Add component (AddParameter): Name = "Part Number"; Value = "TLV70033-Q1"; VariantName = "[No Variations]"
Added Component: Designator=U?(TI_10_WSON)
Add component (AddParameter): Name = "Digikey Part Number"; Value = "296-50359-1-ND"; VariantName = "[No Variations]"
Add component (AddParameter): Name = "Input Voltage"; Value = "4.5 to 36 V"; VariantName = "[No Variations]"
Add component (AddParameter): Name = "Manufacturer"; Value = "Texas Instruments"; VariantName = "[No Variations]"
Add component (AddParameter): Name = "Output Current"; Value = "1.0 A"; VariantName = "[No Variations]"
Add component (AddParameter): Name = "Output Voltage"; Value = "5V"; VariantName = "[No Variations]"
Add component (AddParameter): Name = "Part Number"; Value = "LM536015QDSXRQ1"; VariantName = "[No Variations]"
Added Component: Designator=U?(Wurth 4-PC Pad)
Add component (AddParameter): Name = "Digikey Part Number"; Value = "732-1489-1-ND"; VariantName = "[No Variations]"
Add component (AddParameter): Name = "Impedance"; Value = "460 Ohms @ 30MHz"; VariantName = "[No Variations]"
Add component (AddParameter): Name = "Manufacturer"; Value = "Wurth Electronics Inc"; VariantName = "[No Variations]"
Add component (AddParameter): Name = "Material"; Value = "Wirewound"; VariantName = "[No Variations]"
Add component (AddParameter): Name = "Part Number"; Value = "744272121"; VariantName = "[No Variations]"
Add component (AddParameter): Name = "Rated Current"; Value = "2.5 A"; VariantName = "[No Variations]"
Add component (AddParameter): Name = "Value"; Value = "120uH @ 100kHz"; VariantName = "[No Variations]"
Added Pin To Net: NetName=0V Pin=C?-1
Added Pin To Net: NetName=0V Pin=C?-1
Added Pin To Net: NetName=0V Pin=C?-1
Added Pin To Net: NetName=0V Pin=C?-1
Added Pin To Net: NetName=0V Pin=C?-1
Added Pin To Net: NetName=0V Pin=C?-1
Added Pin To Net: NetName=0V Pin=C?-1
Added Pin To Net: NetName=0V Pin=C?-1
Added Pin To Net: NetName=0V Pin=C?-1
Added Pin To Net: NetName=0V Pin=C?-1
Added Pin To Net: NetName=0V Pin=C?-1
Added Pin To Net: NetName=0V Pin=C?-1
Added Pin To Net: NetName=0V Pin=C?-1
Added Pin To Net: NetName=0V Pin=C?-1
Added Pin To Net: NetName=GLV- Pin=C?-1
Added Pin To Net: NetName=GLV- Pin=C?-1
Added Pin To Net: NetName=GLV- Pin=C?-1
Added Pin To Net: NetName=3V3 Pin=C?-2
Added Pin To Net: NetName=3V3 Pin=C?-2
Added Pin To Net: NetName=5V Pin=C?-2
Added Pin To Net: NetName=5V Pin=C?-2
Added Pin To Net: NetName=5V Pin=C?-2
Added Pin To Net: NetName=5V Pin=C?-2
Added Pin To Net: NetName=5V Pin=C?-2
Added Pin To Net: NetName=VBAT_D Pin=C?-2
Added Pin To Net: NetName=VBAT_D Pin=C?-2
Added Pin To Net: NetName=VBAT_F Pin=C?-2
Added Pin To Net: NetName=VBAT_F Pin=C?-2
Added Pin To Net: NetName=VBAT_F Pin=C?-2
Added Pin To Net: NetName=VBAT_F Pin=C?-2
Added Pin To Net: NetName=VBAT_F Pin=C?-2
Added Pin To Net: NetName=5V Pin=D?-A
Added Pin To Net: NetName=VBAT_F Pin=D?-A
Added Pin To Net: NetName=0V Pin=D?-K
Added Pin To Net: NetName=GLV- Pin=D?-K
Added Pin To Net: NetName=HB Pin=D?-K
Added Pin To Net: NetName=VBAT_D Pin=D?-K
Added Pin To Net: NetName=GLV+ Pin=F?-1
Added Pin To Net: NetName=5V Pin=L?-1
Added Pin To Net: NetName=VBAT_F Pin=L?-1
Added Pin To Net: NetName=0V Pin=R?-1
Added Pin To Net: NetName=0V Pin=R?-1
Added Pin To Net: NetName=5V Pin=R?-1
Added Pin To Net: NetName=3V3 Pin=R?-2
Added Pin To Net: NetName=CAN_TX_INDC Pin=R?-2
Added Pin To Net: NetName=HB Pin=U4-32
Added Pin To Net: NetName=CAN_TX_INDC Pin=U4-34
Added Pin To Net: NetName=5V Pin=U?-1
Added Pin To Net: NetName=VBAT_D Pin=U?-1
Added Pin To Net: NetName=0V Pin=U?-2
Added Pin To Net: NetName=0V Pin=U?-3
Added Pin To Net: NetName=5V Pin=U?-3
Added Pin To Net: NetName=5V Pin=U?-4
Added Pin To Net: NetName=GLV- Pin=U?-4
Added Pin To Net: NetName=0V Pin=U?-5
Added Pin To Net: NetName=3V3 Pin=U?-5
Added Pin To Net: NetName=VBAT_F Pin=U?-7
Added Pin To Net: NetName=VBAT_F Pin=U?-8
Added Pin To Net: NetName=VBAT_F Pin=U?-9
Added Pin To Net: NetName=0V Pin=U?-10
Added Pin To Net: NetName=0V Pin=U?-11
Added Pin To Net: NetName=NetC?_1 Pin=C?-1
Added Pin To Net: NetName=NetC?_1 Pin=L?-2
Added Pin To Net: NetName=NetC?_1 Pin=U?-1
Added Net: Name=NetC?_1
Added Pin To Net: NetName=NetC?_2 Pin=C?-2
Added Pin To Net: NetName=NetC?_2 Pin=D?-A
Added Pin To Net: NetName=NetC?_2 Pin=F?-2
Added Net: Name=NetC?_2
Add Net: Net with name "NetC?_2" already exists
Add Net: Net with name "NetC?_2" already exists
Add Net: Net with name "NetC?_2" already exists
Added Pin To Net: NetName=NetD?_A Pin=D?-A
Added Pin To Net: NetName=NetD?_A Pin=R?-1
Added Net: Name=NetD?_A
Add Net: Net with name "NetD?_A" already exists
Added Pin To Net: NetName=NetD?_K Pin=D?-K
Added Pin To Net: NetName=NetD?_K Pin=R?-2
Added Net: Name=NetD?_K
Add Net: Net with name "NetD?_K" already exists
Added Pin To Net: NetName=NetR?_2 Pin=R?-2
Added Pin To Net: NetName=NetR?_2 Pin=U?-6
Added Net: Name=NetR?_2
Added Member To Class: ClassName=Power Supply Member=Component C? 10uF
Added Member To Class: ClassName=Power Supply Member=Component C? 100nF
Added Member To Class: ClassName=Power Supply Member=Component C? 100nF
Added Member To Class: ClassName=Power Supply Member=Component C? 1µF
Added Member To Class: ClassName=Power Supply Member=Component C? 100nF
Added Member To Class: ClassName=Power Supply Member=Component C? 100nF
Added Member To Class: ClassName=Power Supply Member=Component C? 100nF
Added Member To Class: ClassName=Power Supply Member=Component C? 47uF
Added Member To Class: ClassName=Power Supply Member=Component C? 10uF
Added Member To Class: ClassName=Power Supply Member=Component C? 10uF
Added Member To Class: ClassName=Power Supply Member=Component C? 100nF
Added Member To Class: ClassName=Power Supply Member=Component C? 4.7uF
Added Member To Class: ClassName=Power Supply Member=Component C? 1µF
Added Member To Class: ClassName=Power Supply Member=Component C? 1µF
Added Member To Class: ClassName=Power Supply Member=Component C? 4.7uF
Added Member To Class: ClassName=Power Supply Member=Component C? 10uF
Added Member To Class: ClassName=Power Supply Member=Component C? 10nF
Added Member To Class: ClassName=Power Supply Member=Component C? 100nF
Added Member To Class: ClassName=Power Supply Member=Component D? SM6T39CAY
Added Member To Class: ClassName=Power Supply Member=Component D? Red
Added Member To Class: ClassName=Power Supply Member=Component D? Red
Added Member To Class: ClassName=Power Supply Member=Component D? PMEG100T10ELR-QX
Added Member To Class: ClassName=U_Microcontroller Member=Component D? Yellow
Added Member To Class: ClassName=U_Microcontroller Member=Component D? Yellow
Added Member To Class: ClassName=Power Supply Member=Component F? 0ZCF0100AF2A
Added Member To Class: ClassName=Power Supply Member=Component L? 4.7uH
Added Member To Class: ClassName=Power Supply Member=Component L? 12uH
Added Member To Class: ClassName=Power Supply Member=Component R? 100k
Added Member To Class: ClassName=Power Supply Member=Component R? 20K
Added Member To Class: ClassName=Power Supply Member=Component R? 2K
Added Member To Class: ClassName=U_Microcontroller Member=Component R? 500R
Added Member To Class: ClassName=U_Microcontroller Member=Component R? 500R
Added Member To Class: ClassName=Power Supply Member=Component U? TLV70033-Q1
Added Member To Class: ClassName=Power Supply Member=Component U? LM536015QDSXRQ1
Added Member To Class: ClassName=Power Supply Member=Component U? 744272121
