Removed Member From Class: ClassName=Power Supply Member=R8
Add Component: Footprint Not Found SODFL350X110-2N
Added Component: Designator=D5(ST SMB DIODE)
Add component (AddParameter): Name = "Breakdown Voltage"; Value = "30.8 V"; VariantName = "[No Variations]"
Add component (AddParameter): Name = "Digikey Part Number"; Value = "497-10804-1-ND"; VariantName = "[No Variations]"
Add component (AddParameter): Name = "Forward Voltage"; Value = "30.8 V"; VariantName = "[No Variations]"
Add component (AddParameter): Name = "Manufacturer"; Value = "STMicroelectronics"; VariantName = "[No Variations]"
Add component (AddParameter): Name = "Part Number"; Value = "SM6T36CAY"; VariantName = "[No Variations]"
Add component (AddParameter): Name = "Rated Power"; Value = "600W"; VariantName = "[No Variations]"
Add Component: Footprint Not Found SRN3015TA-4R7M
Add Pin To Net: Unknown Pin: Pin D3-A
Add Pin To Net: Unknown Pin: Pin D3-K
Add Pin To Net: Unknown Pin: Pin L2-1
Add Pin To Net: Unknown Pin: Pin L2-2
Add Class Member: Failed to add class member : Component D3 PMEG100T10ELR-QX
Added Member To Class: ClassName=Power Supply Member=Component D5 SM6T36CAY
Add Class Member: Failed to add class member : Component L2 4.7uH
Added Member To Class: ClassName=U_Microcontroller Member=Component R7 10k
Added Member To Class: ClassName=U_Microcontroller Member=Component R8 10k
Added Member To Class: ClassName=Power Supply Member=Component R9 20K
