Add Component: Footprint Not Found 0603
Add Component: Footprint Not Found 0603
Add Component: Footprint Not Found 0603
Add Component: Footprint Not Found 0603
Add Component: Footprint Not Found 0603
Add Component: Footprint Not Found 0603
Add Component: Footprint Not Found 0805
Add Component: Footprint Not Found 0603
Add Component: Footprint Not Found 0603
Add Component: Footprint Not Found 0603
Add Component: Footprint Not Found 0603
Add Component: Footprint Not Found 0603
Add Component: Footprint Not Found 0603
Add Component: Footprint Not Found 0805
Add Component: Footprint Not Found 0805
Add Component: Footprint Not Found 0603
Add Component: Footprint Not Found 0603
Add Component: Footprint Not Found 0603
Add Component: Footprint Not Found CHEMI-CON ELCO
Add Component: Footprint Not Found 1206 CAP
Add Component: Footprint Not Found 0603
Add Component: Footprint Not Found 0805
Add Component: Footprint Not Found 0603
Add Component: Footprint Not Found 0603
Add Component: Footprint Not Found 0805
Add Component: Footprint Not Found 0805
Add Component: Footprint Not Found 1206 CAP
Add Component: Footprint Not Found 0805 LED
Add Component: Footprint Not Found 0805 LED
Add Component: Footprint Not Found 0805 LED
Add Component: Footprint Not Found SODFL350X110-2N
Add Component: Footprint Not Found 0805 LED
Add Component: Footprint Not Found SM6T39CAY-Footprint-1
Add Component: Footprint Not Found 0805 LED
Add Component: Footprint Not Found 0805 LED
Add Component: Footprint Not Found 0805 LED
Add Component: Footprint Not Found 0805 LED
Add Component: Footprint Not Found 0805 LED
Add Component: Footprint Not Found 0805 LED
Add Component: Footprint Not Found 0805 LED
Add Component: Footprint Not Found 2920
Add Component: Footprint Not Found 1812
Add Component: Footprint Not Found SRN3015TA-4R7M
Add Component: Footprint Not Found 82473C
Add Component: Footprint Not Found TH 2.54mm Header 2x5
Add Component: Footprint Not Found TH 2.54mm Header 1x4
Add Component: Footprint Not Found TH 2.54mm Header 1x3
Add Component: Footprint Not Found 0805
Add Component: Footprint Not Found 0805
Add Component: Footprint Not Found 0603
Add Component: Footprint Not Found 0603
Add Component: Footprint Not Found 0603
Add Component: Footprint Not Found 0805
Add Component: Footprint Not Found 0805
Add Component: Footprint Not Found 0603
Add Component: Footprint Not Found 0603
Add Component: Footprint Not Found 0603
Add Component: Footprint Not Found 0603
Add Component: Footprint Not Found 0603
Add Component: Footprint Not Found 0603
Add Component: Footprint Not Found 0603
Add Component: Footprint Not Found 0603
Add Component: Footprint Not Found 0603
Add Component: Footprint Not Found 0603
Added Component: Designator=R15_U1_Push Button(0805)
Add component (AddParameter): Name = "Digikey Part Number"; Value = "311-1.00KCRCT-ND"; VariantName = "[No Variations]"
Add component (AddParameter): Name = "Manufacturer"; Value = "YAGEO"; VariantName = "[No Variations]"
Add component (AddParameter): Name = "Material"; Value = "FR-07"; VariantName = "[No Variations]"
Add component (AddParameter): Name = "Part Number"; Value = "RC0805FR071KL"; VariantName = "[No Variations]"
Add component (AddParameter): Name = "Rated Voltage"; Value = "0.125W"; VariantName = "[No Variations]"
Add component (AddParameter): Name = "Tolerance"; Value = "0.01"; VariantName = "[No Variations]"
Add component (AddParameter): Name = "Value"; Value = "1k"; VariantName = "[No Variations]"
Added Component: Designator=R15_U2_Push Button(0805)
Add component (AddParameter): Name = "Digikey Part Number"; Value = "311-1.00KCRCT-ND"; VariantName = "[No Variations]"
Add component (AddParameter): Name = "Manufacturer"; Value = "YAGEO"; VariantName = "[No Variations]"
Add component (AddParameter): Name = "Material"; Value = "FR-07"; VariantName = "[No Variations]"
Add component (AddParameter): Name = "Part Number"; Value = "RC0805FR071KL"; VariantName = "[No Variations]"
Add component (AddParameter): Name = "Rated Voltage"; Value = "0.125W"; VariantName = "[No Variations]"
Add component (AddParameter): Name = "Tolerance"; Value = "0.01"; VariantName = "[No Variations]"
Add component (AddParameter): Name = "Value"; Value = "1k"; VariantName = "[No Variations]"
Added Component: Designator=R15_U3_Push Button(0805)
Add component (AddParameter): Name = "Digikey Part Number"; Value = "311-1.00KCRCT-ND"; VariantName = "[No Variations]"
Add component (AddParameter): Name = "Manufacturer"; Value = "YAGEO"; VariantName = "[No Variations]"
Add component (AddParameter): Name = "Material"; Value = "FR-07"; VariantName = "[No Variations]"
Add component (AddParameter): Name = "Part Number"; Value = "RC0805FR071KL"; VariantName = "[No Variations]"
Add component (AddParameter): Name = "Rated Voltage"; Value = "0.125W"; VariantName = "[No Variations]"
Add component (AddParameter): Name = "Tolerance"; Value = "0.01"; VariantName = "[No Variations]"
Add component (AddParameter): Name = "Value"; Value = "1k"; VariantName = "[No Variations]"
Added Component: Designator=R15_U4_Push Button(0805)
Add component (AddParameter): Name = "Digikey Part Number"; Value = "311-1.00KCRCT-ND"; VariantName = "[No Variations]"
Add component (AddParameter): Name = "Manufacturer"; Value = "YAGEO"; VariantName = "[No Variations]"
Add component (AddParameter): Name = "Material"; Value = "FR-07"; VariantName = "[No Variations]"
Add component (AddParameter): Name = "Part Number"; Value = "RC0805FR071KL"; VariantName = "[No Variations]"
Add component (AddParameter): Name = "Rated Voltage"; Value = "0.125W"; VariantName = "[No Variations]"
Add component (AddParameter): Name = "Tolerance"; Value = "0.01"; VariantName = "[No Variations]"
Add component (AddParameter): Name = "Value"; Value = "1k"; VariantName = "[No Variations]"
Add Component: Footprint Not Found 0603
Add Component: Footprint Not Found TI-SOIC-8
Add Component: Footprint Not Found TDK 4-PC Pad
Add Component: Footprint Not Found ON SOT-23
Add Component: Footprint Not Found STM_QFN-36
Add Component: Footprint Not Found Wurth 4-PC Pad
Add Component: Footprint Not Found TI_10_WSON
Add Component: Footprint Not Found RECOM 8-SMD (5 Pin)
Add Component: Footprint Not Found EPSON 2-SMD
Added Net: Name=0V_(ISO)
Added Net: Name=0V
Added Pin To Net: NetName=3V3 Pin=R15_U1_Push Button-1
Added Pin To Net: NetName=3V3 Pin=R15_U2_Push Button-1
Added Pin To Net: NetName=3V3 Pin=R15_U3_Push Button-1
Added Pin To Net: NetName=3V3 Pin=R15_U4_Push Button-1
Added Net: Name=3V3
Added Net: Name=5V
Added Net: Name=BOOT0
Added Net: Name=CAN1_N
Added Net: Name=CAN1_P
Added Net: Name=CAN_RX_INDC
Added Net: Name=CAN_TX_INDC
Added Net: Name=GLV+
Added Net: Name=GLV-
Added Net: Name=GND
Added Net: Name=HB1
Added Net: Name=HB2
Added Net: Name=HB3_U1_Push Button
Added Net: Name=HB3_U2_Push Button
Added Net: Name=HB3_U3_Push Button
Added Net: Name=HB3_U4_Push Button
Added Net: Name=HB
Added Net: Name=NetC5_2
Added Net: Name=NetC6_2
Added Net: Name=NetC7_2
Added Net: Name=NetC12_2
Added Net: Name=NetC13_2
Added Net: Name=NetC14_2
Added Net: Name=NetC17_2
Added Net: Name=NetC20_1
Added Net: Name=NetC22_2
Added Net: Name=NetC24_2
Added Net: Name=NetD1_A
Added Net: Name=NetD2_A
Added Net: Name=NetD3_A
Added Net: Name=NetD5_K
Added Net: Name=NetD7_K
Added Net: Name=NetD8_K
Added Net: Name=NetD9_U1_Push Button_A
Added Net: Name=NetD9_U2_Push Button_A
Added Net: Name=NetD9_U3_Push Button_A
Added Net: Name=NetD9_U4_Push Button_A
Added Net: Name=NetD10_A
Added Net: Name=NetL2_2
Added Net: Name=NetL3_2
Added Net: Name=NetR6_1
Added Net: Name=NetR7_1
Added Net: Name=NetR9_2
Added Pin To Net: NetName=NetR15_U1_Push Button_2 Pin=R15_U1_Push Button-2
Added Net: Name=NetR15_U1_Push Button_2
Added Pin To Net: NetName=NetR15_U2_Push Button_2 Pin=R15_U2_Push Button-2
Added Net: Name=NetR15_U2_Push Button_2
Added Pin To Net: NetName=NetR15_U3_Push Button_2 Pin=R15_U3_Push Button-2
Added Net: Name=NetR15_U3_Push Button_2
Added Pin To Net: NetName=NetR15_U4_Push Button_2 Pin=R15_U4_Push Button-2
Added Net: Name=NetR15_U4_Push Button_2
Added Net: Name=NetU4_8
Added Net: Name=NetU4_9
Added Net: Name=NetU4_10
Added Net: Name=NetU4_11
Added Net: Name=NetU4_12
Added Net: Name=NetU4_14
Added Net: Name=NRST
Added Net: Name=SWCLK
Added Net: Name=SWDIO
Added Net: Name=UART_RX
Added Net: Name=UART_TX
Added Net: Name=VBAT_D
Added Net: Name=VBAT_F
Added Class: Name=CAN
Added Class: Name=Power Supply
Added Class: Name=U1_Push Button
Added Class: Name=U2_Push Button
Added Class: Name=U3_Push Button
Added Class: Name=U4_Push Button
Added Class: Name=U_Driver Board Port
Added Class: Name=U_Microcontroller
Added Differential Pair: Name=CAN1
Added Class: Name=Push Button
