Removed Pin From Net: NetName=NetR25_2 Pin=U?-1
Removed Pin From Net: NetName=HV MC- Pin=U?-2
Removed Pin From Net: NetName=TSAL_ACTIVE Pin=U?-15
Removed Pin From Net: NetName=5V Pin=U?-16
Removed Member From Class: ClassName=HV SENSE Member=U?
Added Component: Designator=U17(ON 4-SMD)
Add component (AddParameter): Name = "Digikey Link"; Value = "https://www.digikey.com/product-detail/en/lite-on-inc/LTV-817S-TA1/160-1893-2-ND/388451"; VariantName = "[No Variations]"
Add component (AddParameter): Name = "Digikey Part Number"; Value = "160-1893-2-ND"; VariantName = "[No Variations]"
Add component (AddParameter): Name = "Manufacturer"; Value = "Lite-On Inc"; VariantName = "[No Variations]"
Add component (AddParameter): Name = "Part Number"; Value = "LTV-817S-TA1"; VariantName = "[No Variations]"
Added Pin To Net: NetName=NetR25_2 Pin=U17-1
Added Pin To Net: NetName=HV MC- Pin=U17-2
Added Pin To Net: NetName=TSAL_ACTIVE Pin=U17-3
Added Pin To Net: NetName=5V Pin=U17-4
Added Member To Class: ClassName=HV SENSE Member=Component U17 LTV-817S-TA1
Added Room: Name=CAN
Added Room: Name=Discharge
Added Room: Name=HV SENSE
Added Room: Name=Isolation
Added Room: Name=Microcontroller
Added Room: Name=PDOC
Added Room: Name=Power Supply
Added Room: Name=Safety Loop
Added Room: Name=TopLevel
