Removed Pin From Net: NetName=5V Pin=K?-1
Removed Pin From Net: NetName=NetD?_A Pin=K?-16
Remove Pin from Net: Failed to remove Pin
Removed Member From Class: ClassName=HV SENSE Member=C?
Removed Member From Class: ClassName=TSAL Member=C?
Removed Member From Class: ClassName=Power Supply Member=D?
Removed Member From Class: ClassName=Power Supply Member=R?
Removed Member From Class: ClassName=TSAL Member=R?
Removed Member From Class: ClassName=Power Supply Member=U?
Removed Member From Class: ClassName=TSAL Member=U?
Change Component Designator: OldDesignator=C? NewDesignator=C7
Change Component Designator: OldDesignator=C? NewDesignator=C14
Change Component Designator: OldDesignator=C? NewDesignator=C15
Change Component Designator: OldDesignator=C? NewDesignator=C16
Change Component Designator: OldDesignator=C? NewDesignator=C17
Change Component Designator: OldDesignator=C? NewDesignator=C18
Change Component Designator: OldDesignator=C? NewDesignator=C19
Change Component Designator: OldDesignator=C? NewDesignator=C20
Change Component Designator: OldDesignator=C? NewDesignator=C21
Change Component Designator: OldDesignator=C? NewDesignator=C26
Change Component Designator: OldDesignator=C? NewDesignator=C27
Change Component Designator: OldDesignator=C? NewDesignator=C49
Change Component Designator: OldDesignator=C? NewDesignator=C50
Change Component Designator: OldDesignator=C? NewDesignator=C51
Change Component Designator: OldDesignator=C? NewDesignator=C52
Change Component Designator: OldDesignator=C? NewDesignator=C53
Change Component Designator: OldDesignator=D? NewDesignator=D2
Change Component Designator: OldDesignator=D? NewDesignator=D4
Change Component Designator: OldDesignator=D? NewDesignator=D12
Change Component Designator: OldDesignator=D? NewDesignator=D13
Change Component Designator: OldDesignator=D? NewDesignator=D14
Change Component Designator: OldDesignator=K? NewDesignator=K2
Change Component Designator: OldDesignator=L? NewDesignator=L2
Change Component Designator: OldDesignator=L? NewDesignator=L3
Change Component Designator: OldDesignator=Q? NewDesignator=Q3
Change Component Designator: OldDesignator=Q? NewDesignator=Q4
Change Component Designator: OldDesignator=R? NewDesignator=R3
Change Component Designator: OldDesignator=R? NewDesignator=R4
Change Component Designator: OldDesignator=R? NewDesignator=R5
Change Component Designator: OldDesignator=R? NewDesignator=R6
Change Component Designator: OldDesignator=R? NewDesignator=R18
Change Component Designator: OldDesignator=R? NewDesignator=R25
Change Component Designator: OldDesignator=R? NewDesignator=R30
Change Component Designator: OldDesignator=R? NewDesignator=R40
Change Component Designator: OldDesignator=R? NewDesignator=R41
Change Component Designator: OldDesignator=R? NewDesignator=R42
Change Component Designator: OldDesignator=R? NewDesignator=R43
Change Component Designator: OldDesignator=R? NewDesignator=R44
Change Component Designator: OldDesignator=R? NewDesignator=R45
Change Component Designator: OldDesignator=R? NewDesignator=R46
Change Component Designator: OldDesignator=R? NewDesignator=R47
Change Component Designator: OldDesignator=U? NewDesignator=U5
Change Component Designator: OldDesignator=U? NewDesignator=U6
Change Component Designator: OldDesignator=U? NewDesignator=U17
Change Component Designator: OldDesignator=U? NewDesignator=U19
Change Component Designator: OldDesignator=U? NewDesignator=U20
Added Pin To Net: NetName=5V Pin=K2-1
Added Pin To Net: NetName=NetD?_A Pin=K2-16
Add Pin To Net: Unknown Pin: Pin P12-2
Change Net Name : Old Net Name=NetC?_1 New Net Name=NetC18_1
Change Net Name : Old Net Name=NetC?_2 New Net Name=NetC16_2
Change Net Name : Old Net Name=NetD?_A New Net Name=NetD13_A
Change Net Name : Old Net Name=NetD?_K New Net Name=NetD4_K
Change Net Name : Old Net Name=NetK?_8 New Net Name=NetK2_8
Change Net Name : Old Net Name=NetL?_1 New Net Name=NetL3_1
Change Net Name : Old Net Name=NetQ?_G New Net Name=NetQ4_G
Change Net Name : Old Net Name=NetR29_1 New Net Name=NetR6_2
Change Net Name : Old Net Name=NetR31_2 New Net Name=NetR6_1
Change Net Name : Old Net Name=NetR?_1 New Net Name=NetR25_1
Change Net Name : Old Net Name=NetR?_2 New Net Name=NetR25_2
Change Net Name : Old Net Name=NetU?_6 New Net Name=NetU17_6
Added Pin To Net: NetName=NetC18_2 Pin=C18-2
Added Pin To Net: NetName=NetC18_2 Pin=U5-2
Added Net: Name=NetC18_2
Added Pin To Net: NetName=NetC50_2 Pin=C50-2
Added Pin To Net: NetName=NetC50_2 Pin=R18-1
Added Pin To Net: NetName=NetC50_2 Pin=R30-1
Added Pin To Net: NetName=NetC50_2 Pin=R30-2
Added Pin To Net: NetName=NetC50_2 Pin=U10-6
Added Pin To Net: NetName=NetC50_2 Pin=U19-3
Added Net: Name=NetC50_2
Added Pin To Net: NetName=NetC52_2 Pin=C52-2
Added Pin To Net: NetName=NetC52_2 Pin=U20-5
Added Net: Name=NetC52_2
Added Pin To Net: NetName=NetD2_K Pin=D2-K
Added Pin To Net: NetName=NetD2_K Pin=R3-2
Added Net: Name=NetD2_K
Added Pin To Net: NetName=NetD12_K Pin=D12-K
Added Pin To Net: NetName=NetD12_K Pin=R41-2
Added Net: Name=NetD12_K
Added Pin To Net: NetName=NetD14_A Pin=D14-A
Added Pin To Net: NetName=NetD14_A Pin=R46-1
Added Net: Name=NetD14_A
Added Pin To Net: NetName=NetQ3_G Pin=Q3-G
Added Pin To Net: NetName=NetQ3_G Pin=R43-2
Added Net: Name=NetQ3_G
Added Pin To Net: NetName=NetR4_2 Pin=R4-2
Added Pin To Net: NetName=NetR4_2 Pin=U5-6
Added Net: Name=NetR4_2
Added Pin To Net: NetName=NetR30_3 Pin=R30-3
Added Pin To Net: NetName=NetR30_3 Pin=R40-2
Added Net: Name=NetR30_3
Added Pin To Net: NetName=NetR47_1 Pin=R47-1
Added Net: Name=NetR47_1
Added Member To Class: ClassName=Power Supply Member=Component C7 4.7uF
Added Member To Class: ClassName=Power Supply Member=Component C14 4.7uF
Added Member To Class: ClassName=Power Supply Member=Component C15 100nF
Added Member To Class: ClassName=Power Supply Member=Component C17 10nF
Added Member To Class: ClassName=Power Supply Member=Component C18 100nF
Added Member To Class: ClassName=Power Supply Member=Component C19 10uF
Added Member To Class: ClassName=Power Supply Member=Component C20 10uF
Added Member To Class: ClassName=Power Supply Member=Component C21 10uF
Added Member To Class: ClassName=Power Supply Member=Component C26 10uF
Added Member To Class: ClassName=HV SENSE Member=Component C27 100nF
Added Member To Class: ClassName=HV SENSE Member=Component C49 100nF
Added Member To Class: ClassName=HV SENSE Member=Component C50 100nF
Added Member To Class: ClassName=HV SENSE Member=Component C51 100nF
Added Member To Class: ClassName=TSAL Member=Component C52 100nF
Added Member To Class: ClassName=TSAL Member=Component C53 22pF
Added Member To Class: ClassName=Power Supply Member=Component D2 Red
Added Member To Class: ClassName=Power Supply Member=Component D4 Red
Added Member To Class: ClassName=TSAL Member=Component D12 Red
Added Member To Class: ClassName=TSAL Member=Component D13 PMEG100T10ELR-QX
Added Member To Class: ClassName=Power Supply Member=Component L3 12uH
Added Member To Class: ClassName=TSAL Member=Component Q3 STD70N10F4
Added Member To Class: ClassName=Power Supply Member=Component R3 20K
Added Member To Class: ClassName=Power Supply Member=Component R4 100k
Added Member To Class: ClassName=Power Supply Member=Component R5 2K
Added Member To Class: ClassName=HV SENSE Member=Component R18 10k
Added Member To Class: ClassName=HV SENSE Member=Component R25 1k
Added Member To Class: ClassName=HV SENSE Member=Component R30 10K (Var)
Added Member To Class: ClassName=HV SENSE Member=Component R40 10k
Added Member To Class: ClassName=TSAL Member=Component R41 1k
Added Member To Class: ClassName=TSAL Member=Component R42 5.1k
Added Member To Class: ClassName=TSAL Member=Component R43 10R
Added Member To Class: ClassName=TSAL Member=Component R44 10K (Var)
Added Member To Class: ClassName=TSAL Member=Component R45 20K
Added Member To Class: ClassName=TSAL Member=Component R46 1k
Added Member To Class: ClassName=TSAL Member=Component R47 10R
Added Member To Class: ClassName=Power Supply Member=Component U5 LM536015QDSXRQ1
Added Member To Class: ClassName=Power Supply Member=Component U6 RK-053.3S/H6
Added Member To Class: ClassName=TopLevel Member=Component U16 DTF13-4P
Added Member To Class: ClassName=HV SENSE Member=Component U19 TS391ILT
Added Member To Class: ClassName=TSAL Member=Component U20 NE555DR
Added Room: Name=CAN
Added Room: Name=Discharge
Added Room: Name=HV SENSE
Added Room: Name=Isolation
Added Room: Name=Microcontroller
Added Room: Name=PDOC
Added Room: Name=Power Supply
Added Room: Name=Safety Loop
Added Room: Name=TopLevel
