Removed Pin From Net: NetName=GLV- Pin=Q3-E
Removed Pin From Net: NetName=GLV- Pin=R42-1
Change Component Designator: OldDesignator=  NewDesignator=R27
Add Pin To Net: Unknown Pin: Pin P12-2
Added Pin To Net: NetName=DISCHARGE_DISABLE Pin=U16-1
Added Pin To Net: NetName=TSAL_GLV+ Pin=K2-4
Added Pin To Net: NetName=TSAL_GLV+ Pin=K2-16
Added Pin To Net: NetName=TSAL_GLV+ Pin=U16-3
Added Pin To Net: NetName=TSAL_GLV+ Pin=U17-4
Added Net: Name=TSAL_GLV+
Added Pin To Net: NetName=TSAL_GLV- Pin=Q3-E
Added Pin To Net: NetName=TSAL_GLV- Pin=R42-1
Added Pin To Net: NetName=TSAL_GLV- Pin=U16-4
Added Net: Name=TSAL_GLV-
Added Pin To Net: NetName=TSAL_RED Pin=K2-8
Added Pin To Net: NetName=TSAL_RED Pin=U16-2
Added Net: Name=TSAL_RED
Added Room: Name=CAN
Added Room: Name=Discharge
Added Room: Name=HV SENSE
Added Room: Name=Isolation
Added Room: Name=Microcontroller
Added Room: Name=PDOC
Added Room: Name=Power Supply
Added Room: Name=Safety Loop
Added Room: Name=TopLevel
