Removed Pin From Net: NetName=HIGH_SENSE Pin=P?-1
Removed Pin From Net: NetName=5V Pin=P?-2
Removed Pin From Net: NetName=0V Pin=P?-3
Removed Member From Class: ClassName=TopLevel Member=P?
Added Component: Designator=P12(39293026)
Add component (AddParameter): Name = "Angle"; Value = "0"; VariantName = "[No Variations]"
Add component (AddParameter): Name = "Contact"; Value = "Tin"; VariantName = "[No Variations]"
Add component (AddParameter): Name = "Digikey Part Number"; Value = "WM3843-ND"; VariantName = "[No Variations]"
Add component (AddParameter): Name = "Flange"; Value = "No"; VariantName = "[No Variations]"
Add component (AddParameter): Name = "Part Number"; Value = "39293026"; VariantName = "[No Variations]"
Add component (AddParameter): Name = "Pitch"; Value = "4.2mm"; VariantName = "[No Variations]"
Add component (AddParameter): Name = "Positions"; Value = "2"; VariantName = "[No Variations]"
Add component (AddParameter): Name = "Row Spacing"; Value = "5.5mm"; VariantName = "[No Variations]"
Added Component: Designator=P13(39293046)
Add component (AddParameter): Name = "Angle"; Value = "0"; VariantName = "[No Variations]"
Add component (AddParameter): Name = "Contact"; Value = "Tin"; VariantName = "[No Variations]"
Add component (AddParameter): Name = "Digikey Part Number"; Value = "WM3844-ND"; VariantName = "[No Variations]"
Add component (AddParameter): Name = "Flange"; Value = "No"; VariantName = "[No Variations]"
Add component (AddParameter): Name = "Part Number"; Value = "39293046"; VariantName = "[No Variations]"
Add component (AddParameter): Name = "Pitch"; Value = "4.2mm"; VariantName = "[No Variations]"
Add component (AddParameter): Name = "Positions"; Value = "4"; VariantName = "[No Variations]"
Add component (AddParameter): Name = "Row Spacing"; Value = "5.5mm"; VariantName = "[No Variations]"
Added Pin To Net: NetName=HIGH_SENSE Pin=P13-1
Added Pin To Net: NetName=5V Pin=P13-2
Added Pin To Net: NetName=0V Pin=P13-3
Added Member To Class: ClassName=TopLevel Member=Component P12 39293026
Added Member To Class: ClassName=TopLevel Member=Component P13 39293046
