Remove Pin from Net: Failed to remove Pin
Removed Pin From Net: NetName=GL_IN Pin=P7-2
Removed Pin From Net: NetName=0V_(ISO) Pin=U8-37
Change Component Designator: OldDesignator=Current Sense NewDesignator=P13
Change Component Designator: OldDesignator=HVD NewDesignator=P12
Added Pin To Net: NetName=GL_INT Pin=P7-2
Add Pin To Net: Unknown Pin: Pin P12-2
Add Net: Net with name "GLV-" already exists
Added Pin To Net: NetName=TSAL_GREEN Pin=K2-6
Added Pin To Net: NetName=TSAL_GREEN Pin=U16-4
Added Net: Name=TSAL_GREEN
Added Member To Class: ClassName=TopLevel Member=Component P13 39293046
Added Room: Name=CAN
Added Room: Name=Discharge
Added Room: Name=HV SENSE
Added Room: Name=Isolation
Added Room: Name=Microcontroller
Added Room: Name=PDOC
Added Room: Name=Power Supply
Added Room: Name=Safety Loop
Added Room: Name=TopLevel
