Removed Pin From Net: NetName=NetR29_1 Pin=R30-3
Change Component Footprint: Designator=R30 Old Footprint=B 3296 New Footprint=VB 0207
Change Component Comment : Designator=R30 Old Comment=10K (Var) New Comment=3.3K
Change Component Comment : Designator=R31 Old Comment=10K New Comment=3.3K
Change component parameters: Designator = "R30" ("R30"); Footprint = "B 3296"; UniqueID = "\QOMEHFZR\HTWRINAV" ("\QOMEHFZR\HTWRINAV")
Change component parameters (AddParameter): Name = "Digikey Part Number"; Value = "MMB-3.30KBCT-ND"; VariantName = "[No Variations]"
Change component parameters (AddParameter): Name = "Manufacturer"; Value = "Vishay Beyschlag"; VariantName = "[No Variations]"
Change component parameters (AddParameter): Name = "Part Number"; Value = "MMB02070C3301FB200"; VariantName = "[No Variations]"
Change component parameters (AddParameter): Name = "Rated Voltage"; Value = "1W"; VariantName = "[No Variations]"
Change component parameters (AddParameter): Name = "Tolerance"; Value = "0.01"; VariantName = "[No Variations]"
Change component parameters (AddParameter): Name = "Value"; Value = "3.3K"; VariantName = "[No Variations]"
Change component parameters: Designator = "R31" ("R31"); Footprint = "VB 0207"; UniqueID = "\QOMEHFZR\IJUQRUMT" ("\QOMEHFZR\IJUQRUMT")
Change component parameters (AddParameter): Name = "Digikey Part Number"; Value = "MMB-3.30KBCT-ND"; VariantName = "[No Variations]"
Change component parameters (AddParameter): Name = "Manufacturer"; Value = "Vishay Beyschlag"; VariantName = "[No Variations]"
Change component parameters (AddParameter): Name = "Part Number"; Value = "MMB02070C3301FB200"; VariantName = "[No Variations]"
Change component parameters (AddParameter): Name = "Rated Voltage"; Value = "1W"; VariantName = "[No Variations]"
Change component parameters (AddParameter): Name = "Tolerance"; Value = "0.01"; VariantName = "[No Variations]"
Change component parameters (AddParameter): Name = "Value"; Value = "3.3K"; VariantName = "[No Variations]"
Added Component: Designator=D2(SMB Diode)
Add component (AddParameter): Name = "Digikey Link"; Value = "https://www.digikey.com/product-detail/en/smc-diode-solutions/SD560BTR/1655-1530-2-ND/6022620"; VariantName = "[No Variations]"
Add component (AddParameter): Name = "Digikey Part Number"; Value = "1655-1530-2-ND"; VariantName = "[No Variations]"
Add component (AddParameter): Name = "Manufacturer"; Value = "SMC Diode Solutions"; VariantName = "[No Variations]"
Add component (AddParameter): Name = "Part Number"; Value = "SD560BTR"; VariantName = "[No Variations]"
Added Component: Designator=D13(DI SMB Diode)
Add component (AddParameter): Name = "Digikey Link"; Value = "https://www.digikey.com/product-detail/en/diodes-incorporated/1SMB5942B-13/1SMB5942B-13DICT-ND/5054245"; VariantName = "[No Variations]"
Add component (AddParameter): Name = "Digikey Part Number"; Value = "1SMB5942B-13DICT-ND"; VariantName = "[No Variations]"
Add component (AddParameter): Name = "Manufacturer"; Value = "Diodes Inc"; VariantName = "[No Variations]"
Add component (AddParameter): Name = "Part Number"; Value = "1SMB5942B-13"; VariantName = "[No Variations]"
Added Component: Designator=D14(0805 LED)
Add component (AddParameter): Name = "Colour"; Value = "Orange"; VariantName = "[No Variations]"
Add component (AddParameter): Name = "Digikey Link"; Value = "https://www.digikey.com/product-detail/en/rohm-semiconductor/SML-211DTT86/511-1291-1-ND/637104"; VariantName = "[No Variations]"
Add component (AddParameter): Name = "Digikey Part Number"; Value = "511-1291-1-ND"; VariantName = "[No Variations]"
Add component (AddParameter): Name = "Manufacturer"; Value = "ROHM Semiconductor"; VariantName = "[No Variations]"
Add component (AddParameter): Name = "Part Number"; Value = "SML-211DTT86"; VariantName = "[No Variations]"
Added Component: Designator=D15(DI SMA Diode)
Add component (AddParameter): Name = "Digikey Link"; Value = "https://www.digikey.com/product-detail/en/diodes-incorporated/SMAZ5V6-13-F/SMAZ5V6-FDICT-ND/755500"; VariantName = "[No Variations]"
Add component (AddParameter): Name = "Digikey Part Number"; Value = "SMAZ5V6-FDICT-ND"; VariantName = "[No Variations]"
Add component (AddParameter): Name = "Manufacturer"; Value = "Diodes Inc"; VariantName = "[No Variations]"
Add component (AddParameter): Name = "Part Number"; Value = "SMAZ5V6-13-F"; VariantName = "[No Variations]"
Added Component: Designator=K2(TI 2-DIL)
Add component (AddParameter): Name = "Digikey Link"; Value = "https://www.digikey.com/product-detail/en/te-connectivity-potter-brumfield-relays/V23105A5303A201/PB387-ND/291023"; VariantName = "[No Variations]"
Add component (AddParameter): Name = "Digikey Part Number"; Value = "PB387-ND"; VariantName = "[No Variations]"
Add component (AddParameter): Name = "Manufacturer"; Value = "TE Connectivity"; VariantName = "[No Variations]"
Add component (AddParameter): Name = "Part Number"; Value = "V23105A5303A201"; VariantName = "[No Variations]"
Added Component: Designator=Q3(ON SOT-23 BJT)
Add component (AddParameter): Name = "Digikey Link"; Value = "https://www.digikey.com.au/product-detail/en/on-semiconductor/BC817-16LT1/BC817-16LT1OSTR-ND/606178"; VariantName = "[No Variations]"
Add component (AddParameter): Name = "Digikey Part Number"; Value = "BC817-16LT1OSTR-ND"; VariantName = "[No Variations]"
Add component (AddParameter): Name = "Manufacturer"; Value = "ON Semiconductor"; VariantName = "[No Variations]"
Add component (AddParameter): Name = "Part Number"; Value = "BC817-16LT1"; VariantName = "[No Variations]"
Added Component: Designator=Q4(R TO-263 N-MOSFET)
Add component (AddParameter): Name = "Digikey Link"; Value = "https://www.digikey.com.au/product-detail/en/rohm-semiconductor/R6015ENJTL/R6015ENJTLCT-ND/5042516"; VariantName = "[No Variations]"
Add component (AddParameter): Name = "Digikey Part Number"; Value = "R6015ENJTLCT-ND"; VariantName = "[No Variations]"
Add component (AddParameter): Name = "LatestRevisionDate"; Value = "29-May-2009"; VariantName = "[No Variations]"
Add component (AddParameter): Name = "LatestRevisionNote"; Value = "IPC-7351 Footprint Added."; VariantName = "[No Variations]"
Add component (AddParameter): Name = "Manufacturer"; Value = "Rohm Semiconductor"; VariantName = "[No Variations]"
Add component (AddParameter): Name = "PackageDescription"; Value = "4-Pin SOT-343 Package 1.3 mm Pitch, 2.1 mm Lead Span"; VariantName = "[No Variations]"
Add component (AddParameter): Name = "PackageReference"; Value = "SOT-343"; VariantName = "[No Variations]"
Add component (AddParameter): Name = "PackageVersion"; Value = "Sep-2000"; VariantName = "[No Variations]"
Add component (AddParameter): Name = "Part Number"; Value = "R6015ENJTL"; VariantName = "[No Variations]"
Add component (AddParameter): Name = "Published"; Value = "24-Mar-1999"; VariantName = "[No Variations]"
Add component (AddParameter): Name = "Publisher"; Value = "Altium Limited"; VariantName = "[No Variations]"
Added Component: Designator=Q7(ON TO-236-3 BJT)
Add component (AddParameter): Name = "Digikey Link"; Value = "https://www.digikey.com.au/product-detail/en/on-semiconductor/BC858ALT1G/BC858ALT1GOSCT-ND/3462248?fbclid=IwAR0XE0JmsZu1bfxkpmh7_fMKeVVYT41RbargOB6Kv0hZlYRUvP_HzrN_yXU"; VariantName = "[No Variations]"
Add component (AddParameter): Name = "Digikey Part Number"; Value = "BC858ALT1GOSCT-ND"; VariantName = "[No Variations]"
Add component (AddParameter): Name = "Manufacturer"; Value = "ON Semiconductor"; VariantName = "[No Variations]"
Add component (AddParameter): Name = "Part Number"; Value = "BC858ALT1G"; VariantName = "[No Variations]"
Added Component: Designator=Q8(ON TO-236-3 BJT)
Add component (AddParameter): Name = "Digikey Link"; Value = "https://www.digikey.com/product-detail/en/on-semiconductor/BC848ALT1G/BC848ALT1GOSCT-ND/917837"; VariantName = "[No Variations]"
Add component (AddParameter): Name = "Digikey Part Number"; Value = "BC848ALT1GOSCT-ND"; VariantName = "[No Variations]"
Add component (AddParameter): Name = "Manufacturer"; Value = "ON Semiconductor"; VariantName = "[No Variations]"
Add component (AddParameter): Name = "Part Number"; Value = "BC848ALT1G"; VariantName = "[No Variations]"
Added Component: Designator=R5(VB 0204)
Add component (AddParameter): Name = "Digikey Part Number"; Value = "MMA-330KACT-ND"; VariantName = "[No Variations]"
Add component (AddParameter): Name = "Manufacturer"; Value = "Vishay Beyschlag"; VariantName = "[No Variations]"
Add component (AddParameter): Name = "Part Number"; Value = "MMA02040C3303FB300"; VariantName = "[No Variations]"
Add component (AddParameter): Name = "Rated Voltage"; Value = "0.4W"; VariantName = "[No Variations]"
Add component (AddParameter): Name = "Tolerance"; Value = "0.01"; VariantName = "[No Variations]"
Add component (AddParameter): Name = "Value"; Value = "330K"; VariantName = "[No Variations]"
Added Component: Designator=R40(VB 0204)
Add component (AddParameter): Name = "Digikey Part Number"; Value = "MMA-330KACT-ND"; VariantName = "[No Variations]"
Add component (AddParameter): Name = "Manufacturer"; Value = "Vishay Beyschlag"; VariantName = "[No Variations]"
Add component (AddParameter): Name = "Part Number"; Value = "MMA02040C3303FB300"; VariantName = "[No Variations]"
Add component (AddParameter): Name = "Rated Voltage"; Value = "0.4W"; VariantName = "[No Variations]"
Add component (AddParameter): Name = "Tolerance"; Value = "0.01"; VariantName = "[No Variations]"
Add component (AddParameter): Name = "Value"; Value = "330K"; VariantName = "[No Variations]"
Added Component: Designator=R41(0805)
Add component (AddParameter): Name = "Digikey Part Number"; Value = "311-2.00KCRCT-ND"; VariantName = "[No Variations]"
Add component (AddParameter): Name = "Manufacturer"; Value = "YAGEO"; VariantName = "[No Variations]"
Add component (AddParameter): Name = "Material"; Value = "FR-07"; VariantName = "[No Variations]"
Add component (AddParameter): Name = "Part Number"; Value = "RC0805FR072KL"; VariantName = "[No Variations]"
Add component (AddParameter): Name = "Rated Voltage"; Value = "0.125W"; VariantName = "[No Variations]"
Add component (AddParameter): Name = "Tolerance"; Value = "0.01"; VariantName = "[No Variations]"
Add component (AddParameter): Name = "Value"; Value = "2k"; VariantName = "[No Variations]"
Added Component: Designator=R42(0805)
Add component (AddParameter): Name = "Digikey Part Number"; Value = "311-20.0KCRCT-ND"; VariantName = "[No Variations]"
Add component (AddParameter): Name = "Manufacturer"; Value = "YAGEO"; VariantName = "[No Variations]"
Add component (AddParameter): Name = "Material"; Value = "FR-07"; VariantName = "[No Variations]"
Add component (AddParameter): Name = "Part Number"; Value = "RC0805FR0720KL"; VariantName = "[No Variations]"
Add component (AddParameter): Name = "Rated Voltage"; Value = "0.125W"; VariantName = "[No Variations]"
Add component (AddParameter): Name = "Tolerance"; Value = "0.01"; VariantName = "[No Variations]"
Add component (AddParameter): Name = "Value"; Value = "20k"; VariantName = "[No Variations]"
Added Component: Designator=R43(VB 0204)
Add component (AddParameter): Name = "Digikey Part Number"; Value = "MMA-330KACT-ND"; VariantName = "[No Variations]"
Add component (AddParameter): Name = "Manufacturer"; Value = "Vishay Beyschlag"; VariantName = "[No Variations]"
Add component (AddParameter): Name = "Part Number"; Value = "MMA02040C3303FB300"; VariantName = "[No Variations]"
Add component (AddParameter): Name = "Rated Voltage"; Value = "0.4W"; VariantName = "[No Variations]"
Add component (AddParameter): Name = "Tolerance"; Value = "0.01"; VariantName = "[No Variations]"
Add component (AddParameter): Name = "Value"; Value = "330K"; VariantName = "[No Variations]"
Added Component: Designator=R44(0805)
Add component (AddParameter): Name = "Digikey Part Number"; Value = "311-10.0KCRCT-ND"; VariantName = "[No Variations]"
Add component (AddParameter): Name = "Manufacturer"; Value = "YAGEO"; VariantName = "[No Variations]"
Add component (AddParameter): Name = "Material"; Value = "FR-07"; VariantName = "[No Variations]"
Add component (AddParameter): Name = "Part Number"; Value = "RC0805FR0710KL"; VariantName = "[No Variations]"
Add component (AddParameter): Name = "Rated Voltage"; Value = "0.125W"; VariantName = "[No Variations]"
Add component (AddParameter): Name = "Tolerance"; Value = "0.01"; VariantName = "[No Variations]"
Add component (AddParameter): Name = "Value"; Value = "10k"; VariantName = "[No Variations]"
Added Component: Designator=R45(0805)
Add component (AddParameter): Name = "Digikey Part Number"; Value = "311-240CRCT-ND"; VariantName = "[No Variations]"
Add component (AddParameter): Name = "Manufacturer"; Value = "YAGEO"; VariantName = "[No Variations]"
Add component (AddParameter): Name = "Material"; Value = "FR-07"; VariantName = "[No Variations]"
Add component (AddParameter): Name = "Part Number"; Value = "RC0805FR07240RL"; VariantName = "[No Variations]"
Add component (AddParameter): Name = "Rated Voltage"; Value = "0.125W"; VariantName = "[No Variations]"
Add component (AddParameter): Name = "Tolerance"; Value = "0.01"; VariantName = "[No Variations]"
Add component (AddParameter): Name = "Value"; Value = "240R"; VariantName = "[No Variations]"
Added Component: Designator=U17(ON 4-SMD)
Add component (AddParameter): Name = "Digikey Link"; Value = "https://www.digikey.com/product-detail/en/lite-on-inc/LTV-817S-TA1/160-1893-2-ND/388451"; VariantName = "[No Variations]"
Add component (AddParameter): Name = "Digikey Part Number"; Value = "160-1893-2-ND"; VariantName = "[No Variations]"
Add component (AddParameter): Name = "Manufacturer"; Value = "Lite-On Inc"; VariantName = "[No Variations]"
Add component (AddParameter): Name = "Part Number"; Value = "LTV-817S-TA1"; VariantName = "[No Variations]"
Added Pin To Net: NetName=HV_MC+ Pin=D2-A
Added Pin To Net: NetName=HV MC- Pin=D15-A
Add Pin To Net: Unknown Pin: Pin P12-2
Added Pin To Net: NetName=GLV- Pin=Q3-E
Added Pin To Net: NetName=HV MC- Pin=Q8-E
Added Pin To Net: NetName=GLV- Pin=R42-1
Added Pin To Net: NetName=HV MC- Pin=R45-1
Change Net Name : Old Net Name=HV_MC+ New Net Name=HV MC +
Add Net: Net with name "GLV+" already exists
Added Pin To Net: NetName=NetD2_K Pin=D2-K
Added Pin To Net: NetName=NetD2_K Pin=D13-K
Added Net: Name=NetD2_K
Added Pin To Net: NetName=NetD13_A Pin=D13-A
Added Pin To Net: NetName=NetD13_A Pin=D14-A
Added Pin To Net: NetName=NetD13_A Pin=R5-2
Added Net: Name=NetD13_A
Added Pin To Net: NetName=NetD14_K Pin=D14-K
Added Pin To Net: NetName=NetD14_K Pin=U17-1
Added Net: Name=NetD14_K
Added Pin To Net: NetName=NetD15_K Pin=D15-K
Added Pin To Net: NetName=NetD15_K Pin=Q4-G
Added Pin To Net: NetName=NetD15_K Pin=Q7-E
Added Pin To Net: NetName=NetD15_K Pin=R43-1
Added Pin To Net: NetName=NetD15_K Pin=R44-2
Added Net: Name=NetD15_K
Added Pin To Net: NetName=NetK2_1 Pin=K2-1
Added Pin To Net: NetName=NetK2_1 Pin=Q3-C
Added Net: Name=NetK2_1
Added Pin To Net: NetName=NetQ3_B Pin=Q3-B
Added Pin To Net: NetName=NetQ3_B Pin=R41-2
Added Net: Name=NetQ3_B
Added Pin To Net: NetName=NetQ4_D Pin=Q4-D
Added Pin To Net: NetName=NetQ4_D Pin=U17-2
Added Net: Name=NetQ4_D
Added Pin To Net: NetName=NetQ4_S Pin=Q4-S
Added Pin To Net: NetName=NetQ4_S Pin=Q7-C
Added Pin To Net: NetName=NetQ4_S Pin=Q8-B
Added Pin To Net: NetName=NetQ4_S Pin=R45-2
Added Net: Name=NetQ4_S
Added Pin To Net: NetName=NetQ7_B Pin=Q7-B
Added Pin To Net: NetName=NetQ7_B Pin=Q8-C
Added Pin To Net: NetName=NetQ7_B Pin=R44-1
Added Net: Name=NetQ7_B
Added Pin To Net: NetName=NetR5_1 Pin=R5-1
Added Pin To Net: NetName=NetR5_1 Pin=R40-2
Added Net: Name=NetR5_1
Added Pin To Net: NetName=NetR40_1 Pin=R40-1
Added Pin To Net: NetName=NetR40_1 Pin=R43-2
Added Net: Name=NetR40_1
Added Pin To Net: NetName=NetR41_1 Pin=R41-1
Added Pin To Net: NetName=NetR41_1 Pin=R42-2
Added Pin To Net: NetName=NetR41_1 Pin=U17-3
Added Net: Name=NetR41_1
Added Pin To Net: NetName=TSAL_RED_GND Pin=K2-8
Added Net: Name=TSAL_RED_GND
Added Member To Class: ClassName=HV SENSE Member=Component D2 SD560BTR
Added Member To Class: ClassName=HV SENSE Member=Component D13 1SMB5942B-13
Added Member To Class: ClassName=HV SENSE Member=Component D14 Orange
Added Member To Class: ClassName=HV SENSE Member=Component D15 SMAZ5V6-13-F
Added Member To Class: ClassName=HV SENSE Member=Component K2 V23105A5303A201
Added Member To Class: ClassName=HV SENSE Member=Component Q3 BC817-16LT1
Added Member To Class: ClassName=HV SENSE Member=Component Q4 R6015ENJTL
Added Member To Class: ClassName=HV SENSE Member=Component Q7 BC858ALT1G
Added Member To Class: ClassName=HV SENSE Member=Component Q8 BC848ALT1G
Added Member To Class: ClassName=HV SENSE Member=Component R5 330K
Added Member To Class: ClassName=HV SENSE Member=Component R40 330K
Added Member To Class: ClassName=HV SENSE Member=Component R41 2k
Added Member To Class: ClassName=HV SENSE Member=Component R42 20k
Added Member To Class: ClassName=HV SENSE Member=Component R43 330K
Added Member To Class: ClassName=HV SENSE Member=Component R44 10k
Added Member To Class: ClassName=HV SENSE Member=Component R45 240R
Added Member To Class: ClassName=HV SENSE Member=Component U17 LTV-817S-TA1
Added Room: Name=Microcontroller
Added Room: Name=Power Supply
Added Room: Name=Safety Loop
Added Room: Name=TopLevel
