Added Component: Designator=C55(0603)
Add component (AddParameter): Name = "Digikey Part Number"; Value = "490-6049-1-ND"; VariantName = "[No Variations]"
Add component (AddParameter): Name = "Manufacturer"; Value = "muRata"; VariantName = "[No Variations]"
Add component (AddParameter): Name = "Material"; Value = "MLCC"; VariantName = "[No Variations]"
Add component (AddParameter): Name = "Part Number"; Value = "GCM188L81H104KA57D"; VariantName = "[No Variations]"
Add component (AddParameter): Name = "Rated Voltage"; Value = "50V"; VariantName = "[No Variations]"
Add component (AddParameter): Name = "Temperature Rating"; Value = "X8L"; VariantName = "[No Variations]"
Add component (AddParameter): Name = "Tolerance"; Value = "±10%"; VariantName = "[No Variations]"
Add component (AddParameter): Name = "Value"; Value = "100nF"; VariantName = "[No Variations]"
Added Component: Designator=C56(0603)
Add component (AddParameter): Name = "Digikey Part Number"; Value = "490-6049-1-ND"; VariantName = "[No Variations]"
Add component (AddParameter): Name = "Manufacturer"; Value = "muRata"; VariantName = "[No Variations]"
Add component (AddParameter): Name = "Material"; Value = "MLCC"; VariantName = "[No Variations]"
Add component (AddParameter): Name = "Part Number"; Value = "GCM188L81H104KA57D"; VariantName = "[No Variations]"
Add component (AddParameter): Name = "Rated Voltage"; Value = "50V"; VariantName = "[No Variations]"
Add component (AddParameter): Name = "Temperature Rating"; Value = "X8L"; VariantName = "[No Variations]"
Add component (AddParameter): Name = "Tolerance"; Value = "±10%"; VariantName = "[No Variations]"
Add component (AddParameter): Name = "Value"; Value = "100nF"; VariantName = "[No Variations]"
Added Component: Designator=C57(0603)
Add component (AddParameter): Name = "Digikey Part Number"; Value = "490-GCM188L81H103KA03DCT-ND"; VariantName = "[No Variations]"
Add component (AddParameter): Name = "Manufacturer"; Value = "muRata"; VariantName = "[No Variations]"
Add component (AddParameter): Name = "Material"; Value = "MLCC"; VariantName = "[No Variations]"
Add component (AddParameter): Name = "Part Number"; Value = "GCM188L81H103KA03D"; VariantName = "[No Variations]"
Add component (AddParameter): Name = "Rated Voltage"; Value = "50V"; VariantName = "[No Variations]"
Add component (AddParameter): Name = "Temperature Rating"; Value = "X8L"; VariantName = "[No Variations]"
Add component (AddParameter): Name = "Tolerance"; Value = "±10%"; VariantName = "[No Variations]"
Add component (AddParameter): Name = "Value"; Value = "10nF"; VariantName = "[No Variations]"
Added Component: Designator=D16(0805 LED)
Add component (AddParameter): Name = "Colour"; Value = "Green"; VariantName = "[No Variations]"
Add component (AddParameter): Name = "Digikey Part Number"; Value = "511-1285-1-ND"; VariantName = "[No Variations]"
Add component (AddParameter): Name = "Manufacturer"; Value = "ROHM Semiconductor"; VariantName = "[No Variations]"
Add component (AddParameter): Name = "Part Number"; Value = "SML-210FTT86"; VariantName = "[No Variations]"
Added Component: Designator=P?(39300040)
Add component (AddParameter): Name = "Angle"; Value = "90"; VariantName = "[No Variations]"
Add component (AddParameter): Name = "Contact"; Value = "Tin"; VariantName = "[No Variations]"
Add component (AddParameter): Name = "Digikey Part Number"; Value = "WM21352-ND"; VariantName = "[No Variations]"
Add component (AddParameter): Name = "Flange"; Value = "No"; VariantName = "[No Variations]"
Add component (AddParameter): Name = "Part Number"; Value = "39300040"; VariantName = "[No Variations]"
Add component (AddParameter): Name = "Pitch"; Value = "4.2mm"; VariantName = "[No Variations]"
Add component (AddParameter): Name = "Positions"; Value = "4"; VariantName = "[No Variations]"
Add component (AddParameter): Name = "Row Spacing"; Value = "5.5mm"; VariantName = "[No Variations]"
Added Component: Designator=Q5(VSHY SOT-23-3)
Add component (AddParameter): Name = "Digikey Part Number"; Value = "SQ2308CES-T1_GE3CT-ND"; VariantName = "[No Variations]"
Add component (AddParameter): Name = "LatestRevisionDate"; Value = "29-May-2009"; VariantName = "[No Variations]"
Add component (AddParameter): Name = "LatestRevisionNote"; Value = "IPC-7351 Footprint Added."; VariantName = "[No Variations]"
Add component (AddParameter): Name = "Manufacturer"; Value = "Vishay Siliconix"; VariantName = "[No Variations]"
Add component (AddParameter): Name = "PackageDescription"; Value = "4-Pin SOT-343 Package 1.3 mm Pitch, 2.1 mm Lead Span"; VariantName = "[No Variations]"
Add component (AddParameter): Name = "PackageReference"; Value = "SOT-343"; VariantName = "[No Variations]"
Add component (AddParameter): Name = "PackageVersion"; Value = "Sep-2000"; VariantName = "[No Variations]"
Add component (AddParameter): Name = "Part Number"; Value = "SQ2308CES-T1_GE3"; VariantName = "[No Variations]"
Add component (AddParameter): Name = "Published"; Value = "24-Mar-1999"; VariantName = "[No Variations]"
Add component (AddParameter): Name = "Publisher"; Value = "Altium Limited"; VariantName = "[No Variations]"
Add component (AddParameter): Name = "Rated Power"; Value = "2W"; VariantName = "[No Variations]"
Add component (AddParameter): Name = "Type"; Value = "N-channel"; VariantName = "[No Variations]"
Added Component: Designator=Q6(VSHY SOT-23-3)
Add component (AddParameter): Name = "Digikey Part Number"; Value = "SQ2308CES-T1_GE3CT-ND"; VariantName = "[No Variations]"
Add component (AddParameter): Name = "LatestRevisionDate"; Value = "29-May-2009"; VariantName = "[No Variations]"
Add component (AddParameter): Name = "LatestRevisionNote"; Value = "IPC-7351 Footprint Added."; VariantName = "[No Variations]"
Add component (AddParameter): Name = "Manufacturer"; Value = "Vishay Siliconix"; VariantName = "[No Variations]"
Add component (AddParameter): Name = "PackageDescription"; Value = "4-Pin SOT-343 Package 1.3 mm Pitch, 2.1 mm Lead Span"; VariantName = "[No Variations]"
Add component (AddParameter): Name = "PackageReference"; Value = "SOT-343"; VariantName = "[No Variations]"
Add component (AddParameter): Name = "PackageVersion"; Value = "Sep-2000"; VariantName = "[No Variations]"
Add component (AddParameter): Name = "Part Number"; Value = "SQ2308CES-T1_GE3"; VariantName = "[No Variations]"
Add component (AddParameter): Name = "Published"; Value = "24-Mar-1999"; VariantName = "[No Variations]"
Add component (AddParameter): Name = "Publisher"; Value = "Altium Limited"; VariantName = "[No Variations]"
Add component (AddParameter): Name = "Rated Power"; Value = "2W"; VariantName = "[No Variations]"
Add component (AddParameter): Name = "Type"; Value = "N-channel"; VariantName = "[No Variations]"
Added Component: Designator=R56(0603)
Add component (AddParameter): Name = "Digikey Part Number"; Value = "311-2.00KHRCT-ND"; VariantName = "[No Variations]"
Add component (AddParameter): Name = "Manufacturer"; Value = "YAGEO"; VariantName = "[No Variations]"
Add component (AddParameter): Name = "Material"; Value = "FR-07"; VariantName = "[No Variations]"
Add component (AddParameter): Name = "Part Number"; Value = "RC0603FR-072KL"; VariantName = "[No Variations]"
Add component (AddParameter): Name = "Rated Power"; Value = "0.1W"; VariantName = "[No Variations]"
Add component (AddParameter): Name = "Tolerance"; Value = "0.01"; VariantName = "[No Variations]"
Add component (AddParameter): Name = "Value"; Value = "2K"; VariantName = "[No Variations]"
Added Component: Designator=R57(B 3296)
Add component (AddParameter): Name = "Digikey Part Number"; Value = "3296W-103LF-ND"; VariantName = "[No Variations]"
Add component (AddParameter): Name = "Manufacturer"; Value = "Bournes Inc"; VariantName = "[No Variations]"
Add component (AddParameter): Name = "Part Number"; Value = "3296W-1-103LF"; VariantName = "[No Variations]"
Add component (AddParameter): Name = "Rated Power"; Value = "0.5W"; VariantName = "[No Variations]"
Add component (AddParameter): Name = "Tolerance"; Value = "0.1"; VariantName = "[No Variations]"
Add component (AddParameter): Name = "Value"; Value = "10K (Var)"; VariantName = "[No Variations]"
Added Component: Designator=R58(0603)
Add component (AddParameter): Name = "Digikey Part Number"; Value = "311-10.0KHRCT-ND"; VariantName = "[No Variations]"
Add component (AddParameter): Name = "Manufacturer"; Value = "YAGEO"; VariantName = "[No Variations]"
Add component (AddParameter): Name = "Material"; Value = "FR-07"; VariantName = "[No Variations]"
Add component (AddParameter): Name = "Part Number"; Value = "RC0603FR-0710KL"; VariantName = "[No Variations]"
Add component (AddParameter): Name = "Rated Power"; Value = "0.1W"; VariantName = "[No Variations]"
Add component (AddParameter): Name = "Tolerance"; Value = "0.01"; VariantName = "[No Variations]"
Add component (AddParameter): Name = "Value"; Value = "10k"; VariantName = "[No Variations]"
Added Component: Designator=R59(0603)
Add component (AddParameter): Name = "Digikey Part Number"; Value = "311-1.00KHRCT-ND"; VariantName = "[No Variations]"
Add component (AddParameter): Name = "Manufacturer"; Value = "YAGEO"; VariantName = "[No Variations]"
Add component (AddParameter): Name = "Material"; Value = "FR-07"; VariantName = "[No Variations]"
Add component (AddParameter): Name = "Part Number"; Value = "RC0603FR-071KL"; VariantName = "[No Variations]"
Add component (AddParameter): Name = "Rated Power"; Value = "0.1W"; VariantName = "[No Variations]"
Add component (AddParameter): Name = "Tolerance"; Value = "0.01"; VariantName = "[No Variations]"
Add component (AddParameter): Name = "Value"; Value = "1k"; VariantName = "[No Variations]"
Added Component: Designator=R60(0603)
Add component (AddParameter): Name = "Digikey Part Number"; Value = "311-1.00KHRCT-ND"; VariantName = "[No Variations]"
Add component (AddParameter): Name = "Manufacturer"; Value = "YAGEO"; VariantName = "[No Variations]"
Add component (AddParameter): Name = "Material"; Value = "FR-07"; VariantName = "[No Variations]"
Add component (AddParameter): Name = "Part Number"; Value = "RC0603FR-071KL"; VariantName = "[No Variations]"
Add component (AddParameter): Name = "Rated Power"; Value = "0.1W"; VariantName = "[No Variations]"
Add component (AddParameter): Name = "Tolerance"; Value = "0.01"; VariantName = "[No Variations]"
Add component (AddParameter): Name = "Value"; Value = "1k"; VariantName = "[No Variations]"
Added Component: Designator=R61(0603)
Add component (AddParameter): Name = "Digikey Part Number"; Value = "311-20.0KHRCT-ND"; VariantName = "[No Variations]"
Add component (AddParameter): Name = "Manufacturer"; Value = "YAGEO"; VariantName = "[No Variations]"
Add component (AddParameter): Name = "Material"; Value = "FR-07"; VariantName = "[No Variations]"
Add component (AddParameter): Name = "Part Number"; Value = "RC0603FR-0720KL"; VariantName = "[No Variations]"
Add component (AddParameter): Name = "Rated Power"; Value = "0.1W"; VariantName = "[No Variations]"
Add component (AddParameter): Name = "Tolerance"; Value = "0.01"; VariantName = "[No Variations]"
Add component (AddParameter): Name = "Value"; Value = "20K"; VariantName = "[No Variations]"
Added Component: Designator=U18(TI SOT-23-5)
Add component (AddParameter): Name = "Channels"; Value = "1"; VariantName = "[No Variations]"
Add component (AddParameter): Name = "Digikey Part Number"; Value = "296-TLV7031QDBVRQ1CT-ND"; VariantName = "[No Variations]"
Add component (AddParameter): Name = "Input Voltage"; Value = "1.6 to 6.5 V"; VariantName = "[No Variations]"
Add component (AddParameter): Name = "Manufacturer"; Value = "Texas Instruments"; VariantName = "[No Variations]"
Add component (AddParameter): Name = "Output"; Value = "Push-Pull"; VariantName = "[No Variations]"
Add component (AddParameter): Name = "Part Number"; Value = "TLV7031-Q1"; VariantName = "[No Variations]"
Added Pin To Net: NetName=0V Pin=C55-1
Added Pin To Net: NetName=0V Pin=C56-1
Added Pin To Net: NetName=5V Pin=C56-2
Added Pin To Net: NetName=0V Pin=C57-1
Added Pin To Net: NetName=0V Pin=D16-K
Added Pin To Net: NetName=5V Pin=P?-2
Added Pin To Net: NetName=0V Pin=P?-3
Added Pin To Net: NetName=0V Pin=Q5-S
Added Pin To Net: NetName=0V Pin=Q6-S
Added Pin To Net: NetName=5V Pin=R56-2
Added Pin To Net: NetName=5V Pin=R57-1
Added Pin To Net: NetName=0V Pin=R57-3
Added Pin To Net: NetName=5V Pin=R59-2
Added Pin To Net: NetName=5kW Pin=R60-1
Added Pin To Net: NetName=0V Pin=R61-1
Added Pin To Net: NetName=0V Pin=U18-2
Added Pin To Net: NetName=5V Pin=U18-5
Added Pin To Net: NetName=HIGH_SENSE Pin=P?-1
Added Pin To Net: NetName=HIGH_SENSE Pin=R58-1
Added Net: Name=HIGH_SENSE
Added Pin To Net: NetName=NetC55_2 Pin=C55-2
Added Pin To Net: NetName=NetC55_2 Pin=R57-2
Added Pin To Net: NetName=NetC55_2 Pin=U18-3
Added Net: Name=NetC55_2
Added Pin To Net: NetName=NetC57_2 Pin=C57-2
Added Pin To Net: NetName=NetC57_2 Pin=R58-2
Added Pin To Net: NetName=NetC57_2 Pin=U18-4
Added Net: Name=NetC57_2
Added Pin To Net: NetName=NetD16_A Pin=D16-A
Added Pin To Net: NetName=NetD16_A Pin=Q5-D
Added Pin To Net: NetName=NetD16_A Pin=R56-1
Added Net: Name=NetD16_A
Added Pin To Net: NetName=NetQ5_G Pin=Q5-G
Added Pin To Net: NetName=NetQ5_G Pin=Q6-G
Added Pin To Net: NetName=NetQ5_G Pin=R61-2
Added Pin To Net: NetName=NetQ5_G Pin=U18-1
Added Net: Name=NetQ5_G
Added Pin To Net: NetName=NetQ6_D Pin=Q6-D
Added Pin To Net: NetName=NetQ6_D Pin=R59-1
Added Pin To Net: NetName=NetQ6_D Pin=R60-2
Added Net: Name=NetQ6_D
Added Class: Name=5kW Circuit
Added Member To Class: ClassName=TopLevel Member=Component P? 39300040
