Change Component Footprint: Designator=R1 Old Footprint=VB 0204 New Footprint=TE_SMF7
Change Component Footprint: Designator=R2 Old Footprint=VB 0204 New Footprint=TE_SMF7
Change Component Comment : Designator=R1 Old Comment=MMA02040C1503FB300 New Comment=15k
Change Component Comment : Designator=R2 Old Comment=MMA02040C1503FB300 New Comment=15k
Change Managed Component Library Link : Designator=R1 Old VaultGUID=ecd34074-613d-4b3a-80e3-696cd0f45c6e New VaultGUID= Old ItemGUID=BC2B9968-9D71-480A-A0C0-CE70CF652779 New ItemGUID= Old RevisionGUID=00B9BB23-2BFD-4897-A30E-F9EDBDF3DC5C New RevisionGUID=
Change Managed Component Library Link : Designator=R2 Old VaultGUID=ecd34074-613d-4b3a-80e3-696cd0f45c6e New VaultGUID= Old ItemGUID=BC2B9968-9D71-480A-A0C0-CE70CF652779 New ItemGUID= Old RevisionGUID=00B9BB23-2BFD-4897-A30E-F9EDBDF3DC5C New RevisionGUID=
Change component parameters: Designator = "R1" ("R1"); Footprint = "VB 0204"; UniqueID = "\YVFGDBIC" ("\YVFGDBIC")
Change component parameters (AddParameter): Name = "Manufacturer"; Value = "TE"; VariantName = "[No Variations]"
Change component parameters (AddParameter): Name = "Material"; Value = "Metal Film"; VariantName = "[No Variations]"
Change component parameters (AddParameter): Name = "Part Number"; Value = "SMF715KJ"; VariantName = "[No Variations]"
Change component parameters (AddParameter): Name = "Rated Power"; Value = "7W"; VariantName = "[No Variations]"
Change component parameters (AddParameter): Name = "Tolerance"; Value = "0.05"; VariantName = "[No Variations]"
Change component parameters (AddParameter): Name = "Value"; Value = "15k"; VariantName = "[No Variations]"
Change component parameters: Designator = "R2" ("R2"); Footprint = "VB 0204"; UniqueID = "\LQVKJVRB" ("\LQVKJVRB")
Change component parameters (AddParameter): Name = "Manufacturer"; Value = "TE"; VariantName = "[No Variations]"
Change component parameters (AddParameter): Name = "Material"; Value = "Metal Film"; VariantName = "[No Variations]"
Change component parameters (AddParameter): Name = "Part Number"; Value = "SMF715KJ"; VariantName = "[No Variations]"
Change component parameters (AddParameter): Name = "Rated Power"; Value = "7W"; VariantName = "[No Variations]"
Change component parameters (AddParameter): Name = "Tolerance"; Value = "0.05"; VariantName = "[No Variations]"
Change component parameters (AddParameter): Name = "Value"; Value = "15k"; VariantName = "[No Variations]"
Add Pin To Net: Unknown Pin: Pin P12-2
Add Net: Net with name "GLV+" already exists
