Remove Pin from Net: Failed to remove Pin
Added Component: Designator=P9(TH 2.54mm Header 1x4)
Add component (AddParameter): Name = "Angle"; Value = "0"; VariantName = "[No Variations]"
Add component (AddParameter): Name = "Contact"; Value = "NA"; VariantName = "[No Variations]"
Add component (AddParameter): Name = "Flange"; Value = "No"; VariantName = "[No Variations]"
Add component (AddParameter): Name = "Part Number"; Value = "TH 2.54mm Header 1x4"; VariantName = "[No Variations]"
Add component (AddParameter): Name = "Pitch"; Value = "2.54mm"; VariantName = "[No Variations]"
Add component (AddParameter): Name = "Positions"; Value = "4"; VariantName = "[No Variations]"
Add component (AddParameter): Name = "Row Spacing"; Value = "2.54mm"; VariantName = "[No Variations]"
Added Component: Designator=P?(3221-10-0300-00)
Add component (AddParameter): Name = "Angle"; Value = "0"; VariantName = "[No Variations]"
Add component (AddParameter): Name = "Contact"; Value = "NA"; VariantName = "[No Variations]"
Add component (AddParameter): Name = "Flange"; Value = "No"; VariantName = "[No Variations]"
Add component (AddParameter): Name = "Part Number"; Value = "SMD 1.27mm Header 2x5 (3221-10-0300-00)"; VariantName = "[No Variations]"
Add component (AddParameter): Name = "Pitch"; Value = "1.27mm"; VariantName = "[No Variations]"
Add component (AddParameter): Name = "Positions"; Value = "10"; VariantName = "[No Variations]"
Add component (AddParameter): Name = "Row Spacing"; Value = "1.27mm"; VariantName = "[No Variations]"
Added Pin To Net: NetName=0V_(ISO) Pin=P9-1
Added Pin To Net: NetName=UART_RX Pin=P9-2
Added Pin To Net: NetName=UART_TX Pin=P9-3
Added Pin To Net: NetName=3V3 Pin=P9-4
Add Pin To Net: Unknown Pin: Pin P12-2
Added Pin To Net: NetName=NRST Pin=P?-1
Added Pin To Net: NetName=SWCLK Pin=P?-2
Added Pin To Net: NetName=SWDIO Pin=P?-4
Added Pin To Net: NetName=0V_(ISO) Pin=P?-5
Added Pin To Net: NetName=0V_(ISO) Pin=P?-6
Added Pin To Net: NetName=3V3 Pin=P?-7
Added Pin To Net: NetName=3V3 Pin=P?-8
Added Member To Class: ClassName=Microcontroller Member=Component P9 2.54mm
Added Member To Class: ClassName=Microcontroller Member=Component P? 1.27mm
Added Room: Name=CAN
Added Room: Name=Discharge
Added Room: Name=HV SENSE
Added Room: Name=Isolation
Added Room: Name=Microcontroller
Added Room: Name=PDOC
Added Room: Name=Power Supply
Added Room: Name=Safety Loop
Added Room: Name=TopLevel
