Removed Pin From Net: NetName=0V Pin=C7-1
Removed Pin From Net: NetName=0V Pin=C14-1
Removed Pin From Net: NetName=VBAT_F Pin=C14-2
Removed Pin From Net: NetName=0V Pin=C15-1
Removed Pin From Net: NetName=VBAT_F Pin=C15-2
Removed Pin From Net: NetName=0V Pin=C16-1
Removed Pin From Net: NetName=0V Pin=C17-1
Removed Pin From Net: NetName=5V Pin=C17-2
Removed Pin From Net: NetName=0V Pin=C18-1
Removed Pin From Net: NetName=0V Pin=C19-1
Removed Pin From Net: NetName=5V Pin=C19-2
Removed Pin From Net: NetName=0V Pin=C20-1
Removed Pin From Net: NetName=5V Pin=C20-2
Removed Pin From Net: NetName=0V_(ISO) Pin=C21-1
Removed Pin From Net: NetName=3V3 Pin=C21-2
Removed Pin From Net: NetName=GLV- Pin=C49-1
Removed Pin From Net: NetName=TSAL_GLV+ Pin=C49-2
Removed Pin From Net: NetName=GLV- Pin=C50-1
Removed Pin From Net: NetName=GLV- Pin=C51-1
Removed Pin From Net: NetName=GLV- Pin=C52-1
Removed Pin From Net: NetName=Trigger Pin=C52-2
Removed Pin From Net: NetName=HV MC + Pin=D2-A
Removed Pin From Net: NetName=5V Pin=D4-A
Removed Pin From Net: NetName=0V_(ISO) Pin=D12-K
Removed Pin From Net: NetName=HV MC- Pin=D20-A
Remove Pin from Net: Failed to remove Pin
Removed Pin From Net: NetName=TSAL_GREEN Pin=K2-6
Removed Pin From Net: NetName=5V Pin=L2-1
Removed Pin From Net: NetName=3V3 Pin=L3-1
Removed Pin From Net: NetName=GLV- Pin=Q3-E
Removed Pin From Net: NetName=HV MC- Pin=Q8-E
Removed Pin From Net: NetName=TSAL_RED Pin=Q9-S
Removed Pin From Net: NetName=CAN1_P Pin=R3-2
Removed Pin From Net: NetName=CAN1_N Pin=R4-1
Removed Pin From Net: NetName=0V Pin=R6-1
Removed Pin From Net: NetName=CAN_RX_INDC Pin=R18-2
Removed Pin From Net: NetName=NetR29_1 Pin=R30-2
Removed Pin From Net: NetName=GLV- Pin=R43-1
Removed Pin From Net: NetName=Discharge Pin=R46-1
Removed Pin From Net: NetName=Clock Pin=R47-1
Removed Pin From Net: NetName=HV MC- Pin=R48-1
Removed Pin From Net: NetName=GLV- Pin=R49-1
Removed Pin From Net: NetName=Clock Pin=R49-2
Removed Pin From Net: NetName=Trigger Pin=R76-1
Removed Pin From Net: NetName=Trigger Pin=R76-2
Removed Pin From Net: NetName=Discharge Pin=R76-3
Removed Pin From Net: NetName=5V Pin=U5-4
Removed Pin From Net: NetName=0V Pin=U5-5
Removed Pin From Net: NetName=VBAT_F Pin=U5-7
Removed Pin From Net: NetName=VBAT_F Pin=U5-8
Removed Pin From Net: NetName=VBAT_F Pin=U5-9
Removed Pin From Net: NetName=0V Pin=U5-10
Removed Pin From Net: NetName=0V Pin=U5-11
Removed Pin From Net: NetName=0V Pin=U6-1
Removed Pin From Net: NetName=5V Pin=U6-2
Removed Pin From Net: NetName=0V_(ISO) Pin=U6-4
Removed Pin From Net: NetName=0V_(ISO) Pin=U8-37
Removed Pin From Net: NetName=GND_PDOC Pin=U14-17
Removed Pin From Net: NetName=TSAL_GLV+ Pin=U17-1
Removed Pin From Net: NetName=GLV- Pin=U17-2
Removed Pin From Net: NetName=GLV- Pin=U23-1
Removed Pin From Net: NetName=Trigger Pin=U23-2
Removed Pin From Net: NetName=Clock Pin=U23-3
Removed Pin From Net: NetName=Trigger Pin=U23-6
Removed Pin From Net: NetName=Discharge Pin=U23-7
Removed Member From Class: ClassName=CAN Member=C7
Removed Member From Class: ClassName=Power Supply Member=C14
Removed Member From Class: ClassName=Power Supply Member=C15
Removed Member From Class: ClassName=Power Supply Member=C16
Removed Member From Class: ClassName=Power Supply Member=C17
Removed Member From Class: ClassName=Power Supply Member=C18
Removed Member From Class: ClassName=Power Supply Member=C19
Removed Member From Class: ClassName=Power Supply Member=C20
Removed Member From Class: ClassName=Power Supply Member=C21
Removed Member From Class: ClassName=TSAL Member=C49
Removed Member From Class: ClassName=TSAL Member=C50
Removed Member From Class: ClassName=TSAL Member=C51
Removed Member From Class: ClassName=TSAL Member=C52
Removed Member From Class: ClassName=TSAL Member=D2
Removed Member From Class: ClassName=Power Supply Member=D4
Removed Member From Class: ClassName=Microcontroller Member=D12
Removed Member From Class: ClassName=TSAL Member=D13
Removed Member From Class: ClassName=TSAL Member=D15
Removed Member From Class: ClassName=TSAL Member=D19
Removed Member From Class: ClassName=TSAL Member=D20
Removed Member From Class: ClassName=TSAL Member=K2
Removed Member From Class: ClassName=Power Supply Member=L2
Removed Member From Class: ClassName=Power Supply Member=L3
Removed Member From Class: ClassName=TSAL Member=Q3
Removed Member From Class: ClassName=TSAL Member=Q4
Removed Member From Class: ClassName=TSAL Member=Q7
Removed Member From Class: ClassName=TSAL Member=Q8
Removed Member From Class: ClassName=TSAL Member=Q9
Removed Member From Class: ClassName=CAN Member=R3
Removed Member From Class: ClassName=CAN Member=R4
Removed Member From Class: ClassName=TSAL Member=R5
Removed Member From Class: ClassName=Power Supply Member=R6
Removed Member From Class: ClassName=Microcontroller Member=R18
Removed Member From Class: ClassName=HV SENSE Member=R30
Removed Member From Class: ClassName=TSAL Member=R40
Removed Member From Class: ClassName=TSAL Member=R41
Removed Member From Class: ClassName=TSAL Member=R42
Removed Member From Class: ClassName=TSAL Member=R43
Removed Member From Class: ClassName=TSAL Member=R44
Removed Member From Class: ClassName=TSAL Member=R45
Removed Member From Class: ClassName=TSAL Member=R46
Removed Member From Class: ClassName=TSAL Member=R47
Removed Member From Class: ClassName=TSAL Member=R48
Removed Member From Class: ClassName=TSAL Member=R49
Removed Member From Class: ClassName=TSAL Member=R76
Removed Member From Class: ClassName=Power Supply Member=U5
Removed Member From Class: ClassName=Power Supply Member=U6
Removed Member From Class: ClassName=TSAL Member=U17
Removed Member From Class: ClassName=TSAL Member=U19
Removed Member From Class: ClassName=TSAL Member=U23
Change Component Designator: OldDesignator=CS NewDesignator=P13
Change Component Designator: OldDesignator=HVD NewDesignator=P12
Added Component: Designator=C?(0603)
Add component (AddParameter): Name = "Digikey Part Number"; Value = "490-6049-1-ND"; VariantName = "[No Variations]"
Add component (AddParameter): Name = "Manufacturer"; Value = "muRata"; VariantName = "[No Variations]"
Add component (AddParameter): Name = "Material"; Value = "MLCC"; VariantName = "[No Variations]"
Add component (AddParameter): Name = "Part Number"; Value = "GCM188L81H104KA57D"; VariantName = "[No Variations]"
Add component (AddParameter): Name = "Rated Voltage"; Value = "50V"; VariantName = "[No Variations]"
Add component (AddParameter): Name = "Temperature Rating"; Value = "X8L"; VariantName = "[No Variations]"
Add component (AddParameter): Name = "Tolerance"; Value = "±10%"; VariantName = "[No Variations]"
Add component (AddParameter): Name = "Value"; Value = "100nF"; VariantName = "[No Variations]"
Added Component: Designator=C?(0805)
Add component (AddParameter): Name = "Digikey Part Number"; Value = "490-10514-6-ND"; VariantName = "[No Variations]"
Add component (AddParameter): Name = "Manufacturer"; Value = "muRata"; VariantName = "[No Variations]"
Add component (AddParameter): Name = "Material"; Value = "MLCC"; VariantName = "[No Variations]"
Add component (AddParameter): Name = "Part Number"; Value = "GRM21BR6YA106KE43L"; VariantName = "[No Variations]"
Add component (AddParameter): Name = "Rated Voltage"; Value = "50V"; VariantName = "[No Variations]"
Add component (AddParameter): Name = "Temperature Rating"; Value = "X5R"; VariantName = "[No Variations]"
Add component (AddParameter): Name = "Tolerance"; Value = "10%"; VariantName = "[No Variations]"
Add component (AddParameter): Name = "Value"; Value = "10uF"; VariantName = "[No Variations]"
Added Component: Designator=C?(0805)
Add component (AddParameter): Name = "Digikey Part Number"; Value = "490-10514-6-ND"; VariantName = "[No Variations]"
Add component (AddParameter): Name = "Manufacturer"; Value = "muRata"; VariantName = "[No Variations]"
Add component (AddParameter): Name = "Material"; Value = "MLCC"; VariantName = "[No Variations]"
Add component (AddParameter): Name = "Part Number"; Value = "GRM21BR6YA106KE43L"; VariantName = "[No Variations]"
Add component (AddParameter): Name = "Rated Voltage"; Value = "50V"; VariantName = "[No Variations]"
Add component (AddParameter): Name = "Temperature Rating"; Value = "X5R"; VariantName = "[No Variations]"
Add component (AddParameter): Name = "Tolerance"; Value = "10%"; VariantName = "[No Variations]"
Add component (AddParameter): Name = "Value"; Value = "10uF"; VariantName = "[No Variations]"
Added Component: Designator=C?(0805)
Add component (AddParameter): Name = "Digikey Part Number"; Value = "490-10675-1-ND"; VariantName = "[No Variations]"
Add component (AddParameter): Name = "Manufacturer"; Value = "muRata"; VariantName = "[No Variations]"
Add component (AddParameter): Name = "Material"; Value = "MLCC"; VariantName = "[No Variations]"
Add component (AddParameter): Name = "Part Number"; Value = "GCM21BR71H105KA03L"; VariantName = "[No Variations]"
Add component (AddParameter): Name = "Rated Voltage"; Value = "50V"; VariantName = "[No Variations]"
Add component (AddParameter): Name = "Temperature Rating"; Value = "X7R"; VariantName = "[No Variations]"
Add component (AddParameter): Name = "Tolerance"; Value = "±10%"; VariantName = "[No Variations]"
Add component (AddParameter): Name = "Value"; Value = "1µF"; VariantName = "[No Variations]"
Added Component: Designator=C?(0603)
Add component (AddParameter): Name = "Digikey Part Number"; Value = "490-6123-1-ND"; VariantName = "[No Variations]"
Add component (AddParameter): Name = "Manufacturer"; Value = "Murata Electronics"; VariantName = "[No Variations]"
Add component (AddParameter): Name = "Material"; Value = "MLCC"; VariantName = "[No Variations]"
Add component (AddParameter): Name = "Part Number"; Value = "GRM0335C1H220JA01D"; VariantName = "[No Variations]"
Add component (AddParameter): Name = "Rated Voltage"; Value = "50V"; VariantName = "[No Variations]"
Add component (AddParameter): Name = "Temperature Rating"; Value = "C0G, NP0"; VariantName = "[No Variations]"
Add component (AddParameter): Name = "Tolerance"; Value = "±5%"; VariantName = "[No Variations]"
Add component (AddParameter): Name = "Value"; Value = "22pF"; VariantName = "[No Variations]"
Added Component: Designator=C?(0603)
Add component (AddParameter): Name = "Digikey Part Number"; Value = "490-6049-1-ND"; VariantName = "[No Variations]"
Add component (AddParameter): Name = "Manufacturer"; Value = "muRata"; VariantName = "[No Variations]"
Add component (AddParameter): Name = "Material"; Value = "MLCC"; VariantName = "[No Variations]"
Add component (AddParameter): Name = "Part Number"; Value = "GCM188L81H104KA57D"; VariantName = "[No Variations]"
Add component (AddParameter): Name = "Rated Voltage"; Value = "50V"; VariantName = "[No Variations]"
Add component (AddParameter): Name = "Temperature Rating"; Value = "X8L"; VariantName = "[No Variations]"
Add component (AddParameter): Name = "Tolerance"; Value = "±10%"; VariantName = "[No Variations]"
Add component (AddParameter): Name = "Value"; Value = "100nF"; VariantName = "[No Variations]"
Added Component: Designator=C?(0603)
Add component (AddParameter): Name = "Digikey Part Number"; Value = "490-GCM188L81H103KA03DCT-ND"; VariantName = "[No Variations]"
Add component (AddParameter): Name = "Manufacturer"; Value = "muRata"; VariantName = "[No Variations]"
Add component (AddParameter): Name = "Material"; Value = "MLCC"; VariantName = "[No Variations]"
Add component (AddParameter): Name = "Part Number"; Value = "GCM188L81H103KA03D"; VariantName = "[No Variations]"
Add component (AddParameter): Name = "Rated Voltage"; Value = "50V"; VariantName = "[No Variations]"
Add component (AddParameter): Name = "Temperature Rating"; Value = "X8L"; VariantName = "[No Variations]"
Add component (AddParameter): Name = "Tolerance"; Value = "±10%"; VariantName = "[No Variations]"
Add component (AddParameter): Name = "Value"; Value = "10nF"; VariantName = "[No Variations]"
Added Component: Designator=C?(0805)
Add component (AddParameter): Name = "Digikey Part Number"; Value = "490-10514-6-ND"; VariantName = "[No Variations]"
Add component (AddParameter): Name = "Manufacturer"; Value = "muRata"; VariantName = "[No Variations]"
Add component (AddParameter): Name = "Material"; Value = "MLCC"; VariantName = "[No Variations]"
Add component (AddParameter): Name = "Part Number"; Value = "GRM21BR6YA106KE43L"; VariantName = "[No Variations]"
Add component (AddParameter): Name = "Rated Voltage"; Value = "50V"; VariantName = "[No Variations]"
Add component (AddParameter): Name = "Temperature Rating"; Value = "X5R"; VariantName = "[No Variations]"
Add component (AddParameter): Name = "Tolerance"; Value = "10%"; VariantName = "[No Variations]"
Add component (AddParameter): Name = "Value"; Value = "10uF"; VariantName = "[No Variations]"
Added Component: Designator=C?(0603)
Add component (AddParameter): Name = "Digikey Part Number"; Value = "490-6049-1-ND"; VariantName = "[No Variations]"
Add component (AddParameter): Name = "Manufacturer"; Value = "muRata"; VariantName = "[No Variations]"
Add component (AddParameter): Name = "Material"; Value = "MLCC"; VariantName = "[No Variations]"
Add component (AddParameter): Name = "Part Number"; Value = "GCM188L81H104KA57D"; VariantName = "[No Variations]"
Add component (AddParameter): Name = "Rated Voltage"; Value = "50V"; VariantName = "[No Variations]"
Add component (AddParameter): Name = "Temperature Rating"; Value = "X8L"; VariantName = "[No Variations]"
Add component (AddParameter): Name = "Tolerance"; Value = "±10%"; VariantName = "[No Variations]"
Add component (AddParameter): Name = "Value"; Value = "100nF"; VariantName = "[No Variations]"
Added Component: Designator=C?(0603)
Add component (AddParameter): Name = "Digikey Part Number"; Value = "490-6049-1-ND"; VariantName = "[No Variations]"
Add component (AddParameter): Name = "Manufacturer"; Value = "muRata"; VariantName = "[No Variations]"
Add component (AddParameter): Name = "Material"; Value = "MLCC"; VariantName = "[No Variations]"
Add component (AddParameter): Name = "Part Number"; Value = "GCM188L81H104KA57D"; VariantName = "[No Variations]"
Add component (AddParameter): Name = "Rated Voltage"; Value = "50V"; VariantName = "[No Variations]"
Add component (AddParameter): Name = "Temperature Rating"; Value = "X8L"; VariantName = "[No Variations]"
Add component (AddParameter): Name = "Tolerance"; Value = "±10%"; VariantName = "[No Variations]"
Add component (AddParameter): Name = "Value"; Value = "100nF"; VariantName = "[No Variations]"
Added Component: Designator=C?(0603)
Add component (AddParameter): Name = "Digikey Part Number"; Value = "490-6049-1-ND"; VariantName = "[No Variations]"
Add component (AddParameter): Name = "Manufacturer"; Value = "muRata"; VariantName = "[No Variations]"
Add component (AddParameter): Name = "Material"; Value = "MLCC"; VariantName = "[No Variations]"
Add component (AddParameter): Name = "Part Number"; Value = "GCM188L81H104KA57D"; VariantName = "[No Variations]"
Add component (AddParameter): Name = "Rated Voltage"; Value = "50V"; VariantName = "[No Variations]"
Add component (AddParameter): Name = "Temperature Rating"; Value = "X8L"; VariantName = "[No Variations]"
Add component (AddParameter): Name = "Tolerance"; Value = "±10%"; VariantName = "[No Variations]"
Add component (AddParameter): Name = "Value"; Value = "100nF"; VariantName = "[No Variations]"
Added Component: Designator=C?(0603)
Add component (AddParameter): Name = "Digikey Part Number"; Value = "490-6049-1-ND"; VariantName = "[No Variations]"
Add component (AddParameter): Name = "Manufacturer"; Value = "muRata"; VariantName = "[No Variations]"
Add component (AddParameter): Name = "Material"; Value = "MLCC"; VariantName = "[No Variations]"
Add component (AddParameter): Name = "Part Number"; Value = "GCM188L81H104KA57D"; VariantName = "[No Variations]"
Add component (AddParameter): Name = "Rated Voltage"; Value = "50V"; VariantName = "[No Variations]"
Add component (AddParameter): Name = "Temperature Rating"; Value = "X8L"; VariantName = "[No Variations]"
Add component (AddParameter): Name = "Tolerance"; Value = "±10%"; VariantName = "[No Variations]"
Add component (AddParameter): Name = "Value"; Value = "100nF"; VariantName = "[No Variations]"
Added Component: Designator=C?(0805)
Add component (AddParameter): Name = "Digikey Part Number"; Value = "490-10514-6-ND"; VariantName = "[No Variations]"
Add component (AddParameter): Name = "Manufacturer"; Value = "muRata"; VariantName = "[No Variations]"
Add component (AddParameter): Name = "Material"; Value = "MLCC"; VariantName = "[No Variations]"
Add component (AddParameter): Name = "Part Number"; Value = "GRM21BR6YA106KE43L"; VariantName = "[No Variations]"
Add component (AddParameter): Name = "Rated Voltage"; Value = "50V"; VariantName = "[No Variations]"
Add component (AddParameter): Name = "Temperature Rating"; Value = "X5R"; VariantName = "[No Variations]"
Add component (AddParameter): Name = "Tolerance"; Value = "10%"; VariantName = "[No Variations]"
Add component (AddParameter): Name = "Value"; Value = "10uF"; VariantName = "[No Variations]"
Added Component: Designator=C?(1206 CAP)
Add component (AddParameter): Name = "Digikey Part Number"; Value = "490-GRM31CR71H475KA12KTR-ND"; VariantName = "[No Variations]"
Add component (AddParameter): Name = "Manufacturer"; Value = "Murata Electronics"; VariantName = "[No Variations]"
Add component (AddParameter): Name = "Material"; Value = "MLCC"; VariantName = "[No Variations]"
Add component (AddParameter): Name = "Part Number"; Value = "GRM31CR71H475KA12K"; VariantName = "[No Variations]"
Add component (AddParameter): Name = "Rated Voltage"; Value = "50V"; VariantName = "[No Variations]"
Add component (AddParameter): Name = "Temperature Rating"; Value = "X7R"; VariantName = "[No Variations]"
Add component (AddParameter): Name = "Tolerance"; Value = "±10%"; VariantName = "[No Variations]"
Add component (AddParameter): Name = "Value"; Value = "4.7uF"; VariantName = "[No Variations]"
Added Component: Designator=C?(1206 CAP)
Add component (AddParameter): Name = "Digikey Part Number"; Value = "490-GRM31CR71H475KA12KTR-ND"; VariantName = "[No Variations]"
Add component (AddParameter): Name = "Manufacturer"; Value = "Murata Electronics"; VariantName = "[No Variations]"
Add component (AddParameter): Name = "Material"; Value = "MLCC"; VariantName = "[No Variations]"
Add component (AddParameter): Name = "Part Number"; Value = "GRM31CR71H475KA12K"; VariantName = "[No Variations]"
Add component (AddParameter): Name = "Rated Voltage"; Value = "50V"; VariantName = "[No Variations]"
Add component (AddParameter): Name = "Temperature Rating"; Value = "X7R"; VariantName = "[No Variations]"
Add component (AddParameter): Name = "Tolerance"; Value = "±10%"; VariantName = "[No Variations]"
Add component (AddParameter): Name = "Value"; Value = "4.7uF"; VariantName = "[No Variations]"
Added Component: Designator=C?(0603)
Add component (AddParameter): Name = "Digikey Part Number"; Value = "490-6049-1-ND"; VariantName = "[No Variations]"
Add component (AddParameter): Name = "Manufacturer"; Value = "muRata"; VariantName = "[No Variations]"
Add component (AddParameter): Name = "Material"; Value = "MLCC"; VariantName = "[No Variations]"
Add component (AddParameter): Name = "Part Number"; Value = "GCM188L81H104KA57D"; VariantName = "[No Variations]"
Add component (AddParameter): Name = "Rated Voltage"; Value = "50V"; VariantName = "[No Variations]"
Add component (AddParameter): Name = "Temperature Rating"; Value = "X8L"; VariantName = "[No Variations]"
Add component (AddParameter): Name = "Tolerance"; Value = "±10%"; VariantName = "[No Variations]"
Add component (AddParameter): Name = "Value"; Value = "100nF"; VariantName = "[No Variations]"
Added Component: Designator=D?(0805 LED)
Add component (AddParameter): Name = "Colour"; Value = "Orange"; VariantName = "[No Variations]"
Add component (AddParameter): Name = "Digikey Part Number"; Value = "511-1291-1-ND"; VariantName = "[No Variations]"
Add component (AddParameter): Name = "Manufacturer"; Value = "ROHM Semiconductor"; VariantName = "[No Variations]"
Add component (AddParameter): Name = "Part Number"; Value = "SML-211DTT86"; VariantName = "[No Variations]"
Added Component: Designator=D?(0805 LED)
Add component (AddParameter): Name = "Colour"; Value = "Red"; VariantName = "[No Variations]"
Add component (AddParameter): Name = "Digikey Part Number"; Value = "511-1286-1-ND"; VariantName = "[No Variations]"
Add component (AddParameter): Name = "Manufacturer"; Value = "ROHM Semiconductor"; VariantName = "[No Variations]"
Add component (AddParameter): Name = "Part Number"; Value = "SML-210LTT86"; VariantName = "[No Variations]"
Added Component: Designator=D?(NXP SOD123W)
Add component (AddParameter): Name = "Breakdown Voltage"; Value = "100 V"; VariantName = "[No Variations]"
Add component (AddParameter): Name = "Digikey Part Number"; Value = "1727-PMEG100T10ELR-QXCT-ND"; VariantName = "[No Variations]"
Add component (AddParameter): Name = "Forward Voltage"; Value = "0.75 V @ 1A"; VariantName = "[No Variations]"
Add component (AddParameter): Name = "Manufacturer"; Value = "Nexperia USA Inc."; VariantName = "[No Variations]"
Add component (AddParameter): Name = "Part Number"; Value = "PMEG100T10ELR-QX"; VariantName = "[No Variations]"
Add component (AddParameter): Name = "Rated Power"; Value = "680 mW"; VariantName = "[No Variations]"
Added Component: Designator=D?(0805 LED)
Add component (AddParameter): Name = "Colour"; Value = "Red"; VariantName = "[No Variations]"
Add component (AddParameter): Name = "Digikey Part Number"; Value = "511-1286-1-ND"; VariantName = "[No Variations]"
Add component (AddParameter): Name = "Manufacturer"; Value = "ROHM Semiconductor"; VariantName = "[No Variations]"
Add component (AddParameter): Name = "Part Number"; Value = "SML-210LTT86"; VariantName = "[No Variations]"
Added Component: Designator=D?(0805 LED)
Add component (AddParameter): Name = "Colour"; Value = "Red"; VariantName = "[No Variations]"
Add component (AddParameter): Name = "Digikey Part Number"; Value = "511-1286-1-ND"; VariantName = "[No Variations]"
Add component (AddParameter): Name = "Manufacturer"; Value = "ROHM Semiconductor"; VariantName = "[No Variations]"
Add component (AddParameter): Name = "Part Number"; Value = "SML-210LTT86"; VariantName = "[No Variations]"
Added Component: Designator=K?(TI 2-DIL)
Add component (AddParameter): Name = "Part Number"; Value = "V23105A5475A201"; VariantName = "[No Variations]"
Added Component: Designator=K?(TI 2-DIL)
Add component (AddParameter): Name = "Part Number"; Value = "V23105A5475A201"; VariantName = "[No Variations]"
Added Component: Designator=L?(1812)
Add component (AddParameter): Name = "Digikey Part Number"; Value = "945-3429-ND"; VariantName = "[No Variations]"
Add component (AddParameter): Name = "Impedance"; Value = "230mOhm"; VariantName = "[No Variations]"
Add component (AddParameter): Name = "Manufacturer"; Value = "Recom"; VariantName = "[No Variations]"
Add component (AddParameter): Name = "Material"; Value = "Wirewound"; VariantName = "[No Variations]"
Add component (AddParameter): Name = "Part Number"; Value = "RLS-126"; VariantName = "[No Variations]"
Add component (AddParameter): Name = "Rated Current"; Value = "0.8 A"; VariantName = "[No Variations]"
Add component (AddParameter): Name = "Tolerance"; Value = "0.2"; VariantName = "[No Variations]"
Add component (AddParameter): Name = "Value"; Value = "12uH"; VariantName = "[No Variations]"
Added Component: Designator=L?(SRN3015TA-4R7M)
Add component (AddParameter): Name = "Digikey Part Number"; Value = "SRN3015TA-4R7MCT-ND"; VariantName = "[No Variations]"
Add component (AddParameter): Name = "Impedance"; Value = "120mOhms"; VariantName = "[No Variations]"
Add component (AddParameter): Name = "Manufacturer"; Value = "Bourns"; VariantName = "[No Variations]"
Add component (AddParameter): Name = "Material"; Value = "Wirewound"; VariantName = "[No Variations]"
Add component (AddParameter): Name = "Part Number"; Value = "SRN3015TA-4R7M"; VariantName = "[No Variations]"
Add component (AddParameter): Name = "Rated Current"; Value = "1.2A"; VariantName = "[No Variations]"
Add component (AddParameter): Name = "Tolerance"; Value = "0.2"; VariantName = "[No Variations]"
Add component (AddParameter): Name = "Value"; Value = "4.7uH"; VariantName = "[No Variations]"
Added Component: Designator=Q?(STM TO-252 MOSFET)
Add component (AddParameter): Name = "Digikey Part Number"; Value = "497-8806-2-ND"; VariantName = "[No Variations]"
Add component (AddParameter): Name = "LatestRevisionDate"; Value = "29-May-2009"; VariantName = "[No Variations]"
Add component (AddParameter): Name = "LatestRevisionNote"; Value = "IPC-7351 Footprint Added."; VariantName = "[No Variations]"
Add component (AddParameter): Name = "Manufacturer"; Value = "STMicroelectronics"; VariantName = "[No Variations]"
Add component (AddParameter): Name = "PackageDescription"; Value = "4-Pin SOT-343 Package 1.3 mm Pitch, 2.1 mm Lead Span"; VariantName = "[No Variations]"
Add component (AddParameter): Name = "PackageReference"; Value = "SOT-343"; VariantName = "[No Variations]"
Add component (AddParameter): Name = "PackageVersion"; Value = "Sep-2000"; VariantName = "[No Variations]"
Add component (AddParameter): Name = "Part Number"; Value = "STD70N10F4"; VariantName = "[No Variations]"
Add component (AddParameter): Name = "Published"; Value = "24-Mar-1999"; VariantName = "[No Variations]"
Add component (AddParameter): Name = "Publisher"; Value = "Altium Limited"; VariantName = "[No Variations]"
Add component (AddParameter): Name = "Rated Power"; Value = "125W"; VariantName = "[No Variations]"
Add component (AddParameter): Name = "Type"; Value = "N-channel"; VariantName = "[No Variations]"
Added Component: Designator=Q?(VSHY SOT-23-3)
Add component (AddParameter): Name = "Digikey Part Number"; Value = "SQ2308CES-T1_GE3CT-ND"; VariantName = "[No Variations]"
Add component (AddParameter): Name = "LatestRevisionDate"; Value = "29-May-2009"; VariantName = "[No Variations]"
Add component (AddParameter): Name = "LatestRevisionNote"; Value = "IPC-7351 Footprint Added."; VariantName = "[No Variations]"
Add component (AddParameter): Name = "Manufacturer"; Value = "Vishay Siliconix"; VariantName = "[No Variations]"
Add component (AddParameter): Name = "PackageDescription"; Value = "4-Pin SOT-343 Package 1.3 mm Pitch, 2.1 mm Lead Span"; VariantName = "[No Variations]"
Add component (AddParameter): Name = "PackageReference"; Value = "SOT-343"; VariantName = "[No Variations]"
Add component (AddParameter): Name = "PackageVersion"; Value = "Sep-2000"; VariantName = "[No Variations]"
Add component (AddParameter): Name = "Part Number"; Value = "SQ2308CES-T1_GE3"; VariantName = "[No Variations]"
Add component (AddParameter): Name = "Published"; Value = "24-Mar-1999"; VariantName = "[No Variations]"
Add component (AddParameter): Name = "Publisher"; Value = "Altium Limited"; VariantName = "[No Variations]"
Add component (AddParameter): Name = "Rated Power"; Value = "2W"; VariantName = "[No Variations]"
Add component (AddParameter): Name = "Type"; Value = "N-channel"; VariantName = "[No Variations]"
Added Component: Designator=R?(0603)
Add component (AddParameter): Name = "Digikey Part Number"; Value = "311-10.0HRCT-ND"; VariantName = "[No Variations]"
Add component (AddParameter): Name = "Manufacturer"; Value = "YAGEO"; VariantName = "[No Variations]"
Add component (AddParameter): Name = "Material"; Value = "FR-07"; VariantName = "[No Variations]"
Add component (AddParameter): Name = "Part Number"; Value = "RC0603FR-0710RL"; VariantName = "[No Variations]"
Add component (AddParameter): Name = "Rated Power"; Value = "0.1W"; VariantName = "[No Variations]"
Add component (AddParameter): Name = "Tolerance"; Value = "0.01"; VariantName = "[No Variations]"
Add component (AddParameter): Name = "Value"; Value = "10R"; VariantName = "[No Variations]"
Added Component: Designator=R?(0603)
Add component (AddParameter): Name = "Digikey Part Number"; Value = "311-1.00KHRCT-ND"; VariantName = "[No Variations]"
Add component (AddParameter): Name = "Manufacturer"; Value = "YAGEO"; VariantName = "[No Variations]"
Add component (AddParameter): Name = "Material"; Value = "FR-07"; VariantName = "[No Variations]"
Add component (AddParameter): Name = "Part Number"; Value = "RC0603FR-071KL"; VariantName = "[No Variations]"
Add component (AddParameter): Name = "Rated Power"; Value = "0.1W"; VariantName = "[No Variations]"
Add component (AddParameter): Name = "Tolerance"; Value = "0.01"; VariantName = "[No Variations]"
Add component (AddParameter): Name = "Value"; Value = "1k"; VariantName = "[No Variations]"
Added Component: Designator=R?(0603)
Add component (AddParameter): Name = "Digikey Part Number"; Value = "311-20.0KHRCT-ND"; VariantName = "[No Variations]"
Add component (AddParameter): Name = "Manufacturer"; Value = "YAGEO"; VariantName = "[No Variations]"
Add component (AddParameter): Name = "Material"; Value = "FR-07"; VariantName = "[No Variations]"
Add component (AddParameter): Name = "Part Number"; Value = "RC0603FR-0720KL"; VariantName = "[No Variations]"
Add component (AddParameter): Name = "Rated Power"; Value = "0.1W"; VariantName = "[No Variations]"
Add component (AddParameter): Name = "Tolerance"; Value = "0.01"; VariantName = "[No Variations]"
Add component (AddParameter): Name = "Value"; Value = "20K"; VariantName = "[No Variations]"
Added Component: Designator=R?(0603)
Add component (AddParameter): Name = "Digikey Part Number"; Value = "311-1.00KHRCT-ND"; VariantName = "[No Variations]"
Add component (AddParameter): Name = "Manufacturer"; Value = "YAGEO"; VariantName = "[No Variations]"
Add component (AddParameter): Name = "Material"; Value = "FR-07"; VariantName = "[No Variations]"
Add component (AddParameter): Name = "Part Number"; Value = "RC0603FR-071KL"; VariantName = "[No Variations]"
Add component (AddParameter): Name = "Rated Power"; Value = "0.1W"; VariantName = "[No Variations]"
Add component (AddParameter): Name = "Tolerance"; Value = "0.01"; VariantName = "[No Variations]"
Add component (AddParameter): Name = "Value"; Value = "1k"; VariantName = "[No Variations]"
Added Component: Designator=R?(0603)
Add component (AddParameter): Name = "Digikey Part Number"; Value = "311-5.1KGRCT-ND"; VariantName = "[No Variations]"
Add component (AddParameter): Name = "Manufacturer"; Value = "YAGEO"; VariantName = "[No Variations]"
Add component (AddParameter): Name = "Material"; Value = "FR-07"; VariantName = "[No Variations]"
Add component (AddParameter): Name = "Part Number"; Value = "RC0603JR-075K1L"; VariantName = "[No Variations]"
Add component (AddParameter): Name = "Rated Power"; Value = "0.1W"; VariantName = "[No Variations]"
Add component (AddParameter): Name = "Tolerance"; Value = "0.01"; VariantName = "[No Variations]"
Add component (AddParameter): Name = "Value"; Value = "5.1k"; VariantName = "[No Variations]"
Added Component: Designator=R?(B 3296)
Add component (AddParameter): Name = "Digikey Part Number"; Value = "3296W-103LF-ND"; VariantName = "[No Variations]"
Add component (AddParameter): Name = "Manufacturer"; Value = "Bournes Inc"; VariantName = "[No Variations]"
Add component (AddParameter): Name = "Part Number"; Value = "3296W-1-103LF"; VariantName = "[No Variations]"
Add component (AddParameter): Name = "Rated Power"; Value = "0.5W"; VariantName = "[No Variations]"
Add component (AddParameter): Name = "Tolerance"; Value = "0.1"; VariantName = "[No Variations]"
Add component (AddParameter): Name = "Value"; Value = "10K (Var)"; VariantName = "[No Variations]"
Added Component: Designator=R?(0603)
Add component (AddParameter): Name = "Digikey Part Number"; Value = "311-10.0HRCT-ND"; VariantName = "[No Variations]"
Add component (AddParameter): Name = "Manufacturer"; Value = "YAGEO"; VariantName = "[No Variations]"
Add component (AddParameter): Name = "Material"; Value = "FR-07"; VariantName = "[No Variations]"
Add component (AddParameter): Name = "Part Number"; Value = "RC0603FR-0710RL"; VariantName = "[No Variations]"
Add component (AddParameter): Name = "Rated Power"; Value = "0.1W"; VariantName = "[No Variations]"
Add component (AddParameter): Name = "Tolerance"; Value = "0.01"; VariantName = "[No Variations]"
Add component (AddParameter): Name = "Value"; Value = "10R"; VariantName = "[No Variations]"
Added Component: Designator=R?(0603)
Add component (AddParameter): Name = "Digikey Part Number"; Value = "311-20.0KHRCT-ND"; VariantName = "[No Variations]"
Add component (AddParameter): Name = "Manufacturer"; Value = "YAGEO"; VariantName = "[No Variations]"
Add component (AddParameter): Name = "Material"; Value = "FR-07"; VariantName = "[No Variations]"
Add component (AddParameter): Name = "Part Number"; Value = "RC0603FR-0720KL"; VariantName = "[No Variations]"
Add component (AddParameter): Name = "Rated Power"; Value = "0.1W"; VariantName = "[No Variations]"
Add component (AddParameter): Name = "Tolerance"; Value = "0.01"; VariantName = "[No Variations]"
Add component (AddParameter): Name = "Value"; Value = "20K"; VariantName = "[No Variations]"
Added Component: Designator=R?(B 3296)
Add component (AddParameter): Name = "Digikey Part Number"; Value = "3296W-103LF-ND"; VariantName = "[No Variations]"
Add component (AddParameter): Name = "Manufacturer"; Value = "Bournes Inc"; VariantName = "[No Variations]"
Add component (AddParameter): Name = "Part Number"; Value = "3296W-1-103LF"; VariantName = "[No Variations]"
Add component (AddParameter): Name = "Rated Power"; Value = "0.5W"; VariantName = "[No Variations]"
Add component (AddParameter): Name = "Tolerance"; Value = "0.1"; VariantName = "[No Variations]"
Add component (AddParameter): Name = "Value"; Value = "10K (Var)"; VariantName = "[No Variations]"
Added Component: Designator=R?(0603)
Add component (AddParameter): Name = "Digikey Part Number"; Value = "311-10.0KHRCT-ND"; VariantName = "[No Variations]"
Add component (AddParameter): Name = "Manufacturer"; Value = "YAGEO"; VariantName = "[No Variations]"
Add component (AddParameter): Name = "Material"; Value = "FR-07"; VariantName = "[No Variations]"
Add component (AddParameter): Name = "Part Number"; Value = "RC0603FR-0710KL"; VariantName = "[No Variations]"
Add component (AddParameter): Name = "Rated Power"; Value = "0.1W"; VariantName = "[No Variations]"
Add component (AddParameter): Name = "Tolerance"; Value = "0.01"; VariantName = "[No Variations]"
Add component (AddParameter): Name = "Value"; Value = "10k"; VariantName = "[No Variations]"
Added Component: Designator=R?(0603)
Add component (AddParameter): Name = "Digikey Part Number"; Value = "311-1.00KHRCT-ND"; VariantName = "[No Variations]"
Add component (AddParameter): Name = "Manufacturer"; Value = "YAGEO"; VariantName = "[No Variations]"
Add component (AddParameter): Name = "Material"; Value = "FR-07"; VariantName = "[No Variations]"
Add component (AddParameter): Name = "Part Number"; Value = "RC0603FR-071KL"; VariantName = "[No Variations]"
Add component (AddParameter): Name = "Rated Power"; Value = "0.1W"; VariantName = "[No Variations]"
Add component (AddParameter): Name = "Tolerance"; Value = "0.01"; VariantName = "[No Variations]"
Add component (AddParameter): Name = "Value"; Value = "1k"; VariantName = "[No Variations]"
Added Component: Designator=R?(0603)
Add component (AddParameter): Name = "Digikey Part Number"; Value = "311-10.0KHRCT-ND"; VariantName = "[No Variations]"
Add component (AddParameter): Name = "Manufacturer"; Value = "YAGEO"; VariantName = "[No Variations]"
Add component (AddParameter): Name = "Material"; Value = "FR-07"; VariantName = "[No Variations]"
Add component (AddParameter): Name = "Part Number"; Value = "RC0603FR-0710KL"; VariantName = "[No Variations]"
Add component (AddParameter): Name = "Rated Power"; Value = "0.1W"; VariantName = "[No Variations]"
Add component (AddParameter): Name = "Tolerance"; Value = "0.01"; VariantName = "[No Variations]"
Add component (AddParameter): Name = "Value"; Value = "10k"; VariantName = "[No Variations]"
Added Component: Designator=R?(0603)
Add component (AddParameter): Name = "Digikey Part Number"; Value = "311-10.0KHRCT-ND"; VariantName = "[No Variations]"
Add component (AddParameter): Name = "Manufacturer"; Value = "YAGEO"; VariantName = "[No Variations]"
Add component (AddParameter): Name = "Material"; Value = "FR-07"; VariantName = "[No Variations]"
Add component (AddParameter): Name = "Part Number"; Value = "RC0603FR-0710KL"; VariantName = "[No Variations]"
Add component (AddParameter): Name = "Rated Power"; Value = "0.1W"; VariantName = "[No Variations]"
Add component (AddParameter): Name = "Tolerance"; Value = "0.01"; VariantName = "[No Variations]"
Add component (AddParameter): Name = "Value"; Value = "10k"; VariantName = "[No Variations]"
Added Component: Designator=R?(0603)
Add component (AddParameter): Name = "Digikey Part Number"; Value = "311-2.00KHRCT-ND"; VariantName = "[No Variations]"
Add component (AddParameter): Name = "Manufacturer"; Value = "YAGEO"; VariantName = "[No Variations]"
Add component (AddParameter): Name = "Material"; Value = "FR-07"; VariantName = "[No Variations]"
Add component (AddParameter): Name = "Part Number"; Value = "RC0603FR-072KL"; VariantName = "[No Variations]"
Add component (AddParameter): Name = "Rated Power"; Value = "0.1W"; VariantName = "[No Variations]"
Add component (AddParameter): Name = "Tolerance"; Value = "0.01"; VariantName = "[No Variations]"
Add component (AddParameter): Name = "Value"; Value = "2K"; VariantName = "[No Variations]"
Added Component: Designator=R?(B 3296)
Add component (AddParameter): Name = "Digikey Part Number"; Value = "3296W-103LF-ND"; VariantName = "[No Variations]"
Add component (AddParameter): Name = "Manufacturer"; Value = "Bournes Inc"; VariantName = "[No Variations]"
Add component (AddParameter): Name = "Part Number"; Value = "3296W-1-103LF"; VariantName = "[No Variations]"
Add component (AddParameter): Name = "Rated Power"; Value = "0.5W"; VariantName = "[No Variations]"
Add component (AddParameter): Name = "Tolerance"; Value = "0.1"; VariantName = "[No Variations]"
Add component (AddParameter): Name = "Value"; Value = "10K (Var)"; VariantName = "[No Variations]"
Added Component: Designator=U?(RK-053.3S/H6)
Add component (AddParameter): Name = "Input Voltage"; Value = "5V"; VariantName = "[No Variations]"
Add component (AddParameter): Name = "Manufacturer"; Value = "Recom"; VariantName = "[No Variations]"
Add component (AddParameter): Name = "Output Current"; Value = "303mA"; VariantName = "[No Variations]"
Add component (AddParameter): Name = "Output Voltage"; Value = "3.3V"; VariantName = "[No Variations]"
Add component (AddParameter): Name = "Part Number"; Value = "RK-053.3S/H6"; VariantName = "[No Variations]"
Added Component: Designator=U?(TI 8-SOIC)
Add component (AddParameter): Name = "Part Number"; Value = "NE555DR"; VariantName = "[No Variations]"
Added Component: Designator=U?(TI_10_WSON)
Add component (AddParameter): Name = "Digikey Part Number"; Value = "296-50359-1-ND"; VariantName = "[No Variations]"
Add component (AddParameter): Name = "Input Voltage"; Value = "4.5 to 36 V"; VariantName = "[No Variations]"
Add component (AddParameter): Name = "Manufacturer"; Value = "Texas Instruments"; VariantName = "[No Variations]"
Add component (AddParameter): Name = "Output Current"; Value = "1.0 A"; VariantName = "[No Variations]"
Add component (AddParameter): Name = "Output Voltage"; Value = "5V"; VariantName = "[No Variations]"
Add component (AddParameter): Name = "Part Number"; Value = "LM536015QDSXRQ1"; VariantName = "[No Variations]"
Added Component: Designator=U?(ON SOT-23-5)
Add component (AddParameter): Name = "Part Number"; Value = "TS391ILT"; VariantName = "[No Variations]"
Added Component: Designator=U?(SOIC-8W)
Add component (AddParameter): Name = "Digikey Link"; Value = "#https://www.analog.com/media/en/technical-documentation/data-sheets/ADuM210N.pdf#"; VariantName = "[No Variations]"
Add component (AddParameter): Name = "Part Number"; Value = "ADuM210N"; VariantName = "[No Variations]"
Added Pin To Net: NetName=0V_(ISO) Pin=C?-1
Added Pin To Net: NetName=0V Pin=C?-1
Added Pin To Net: NetName=0V Pin=C?-1
Added Pin To Net: NetName=0V Pin=C?-1
Added Pin To Net: NetName=0V Pin=C?-1
Added Pin To Net: NetName=0V Pin=C?-1
Added Pin To Net: NetName=0V Pin=C?-1
Added Pin To Net: NetName=0V Pin=C?-1
Added Pin To Net: NetName=0V Pin=C?-1
Added Pin To Net: NetName=0V Pin=C?-1
Added Pin To Net: NetName=0V Pin=C?-1
Added Pin To Net: NetName=0V Pin=C?-1
Added Pin To Net: NetName=HV MC- Pin=C?-1
Added Pin To Net: NetName=HV MC- Pin=C?-1
Added Pin To Net: NetName=HV MC- Pin=C?-1
Added Pin To Net: NetName=3V3 Pin=C?-2
Added Pin To Net: NetName=5V Pin=C?-2
Added Pin To Net: NetName=5V Pin=C?-2
Added Pin To Net: NetName=5V Pin=C?-2
Added Pin To Net: NetName=5V Pin=C?-2
Added Pin To Net: NetName=5V Pin=C?-2
Added Pin To Net: NetName=HVVDD Pin=C?-2
Added Pin To Net: NetName=HVVDD Pin=C?-2
Added Pin To Net: NetName=Trigger Pin=C?-2
Added Pin To Net: NetName=VBAT_F Pin=C?-2
Added Pin To Net: NetName=VBAT_F Pin=C?-2
Added Pin To Net: NetName=VBAT_F Pin=C?-2
Added Pin To Net: NetName=5V Pin=D?-A
Added Pin To Net: NetName=5V Pin=D?-A
Added Pin To Net: NetName=VBAT_F Pin=D?-A
Added Pin To Net: NetName=5V Pin=D?-K
Added Pin To Net: NetName=5V Pin=K?-1
Added Pin To Net: NetName=0V Pin=K?-4
Added Pin To Net: NetName=TSAL_GREEN Pin=K?-6
Added Pin To Net: NetName=5V Pin=L?-1
Added Pin To Net: NetName=5V Pin=L?-2
Add Pin To Net: Unknown Pin: Pin P12-2
Added Pin To Net: NetName=TSAL_RED Pin=Q?-D
Added Pin To Net: NetName=0V Pin=Q?-S
Added Pin To Net: NetName=0V Pin=R?-1
Added Pin To Net: NetName=0V Pin=R?-1
Added Pin To Net: NetName=5V Pin=R?-1
Added Pin To Net: NetName=5V Pin=R?-1
Added Pin To Net: NetName=Clock Pin=R?-1
Added Pin To Net: NetName=Clock Pin=R?-1
Added Pin To Net: NetName=HV MC- Pin=R?-1
Added Pin To Net: NetName=Trigger Pin=R?-1
Added Pin To Net: NetName=TSAL_RED Pin=R?-1
Added Pin To Net: NetName=0V Pin=R?-2
Added Pin To Net: NetName=5V Pin=R?-2
Added Pin To Net: NetName=Discharge Pin=R?-2
Added Pin To Net: NetName=HVVDD Pin=R?-2
Added Pin To Net: NetName=NetR29_1 Pin=R?-2
Added Pin To Net: NetName=Trigger Pin=R?-2
Added Pin To Net: NetName=Discharge Pin=R?-3
Added Pin To Net: NetName=NetR29_1 Pin=R?-3
Added Pin To Net: NetName=0V Pin=U?-1
Added Pin To Net: NetName=HVVDD Pin=U?-1
Added Pin To Net: NetName=0V Pin=U?-2
Added Pin To Net: NetName=HV MC- Pin=U?-2
Added Pin To Net: NetName=Trigger Pin=U?-2
Added Pin To Net: NetName=Clock Pin=U?-3
Added Pin To Net: NetName=HVVDD Pin=U?-3
Added Pin To Net: NetName=5V Pin=U?-4
Added Pin To Net: NetName=5V Pin=U?-4
Added Pin To Net: NetName=HV MC- Pin=U?-4
Added Pin To Net: NetName=NetR29_1 Pin=U?-4
Added Pin To Net: NetName=0V_(ISO) Pin=U?-5
Added Pin To Net: NetName=0V Pin=U?-5
Added Pin To Net: NetName=0V Pin=U?-5
Added Pin To Net: NetName=HVVDD Pin=U?-5
Added Pin To Net: NetName=Trigger Pin=U?-6
Added Pin To Net: NetName=0V Pin=U?-7
Added Pin To Net: NetName=3V3 Pin=U?-7
Added Pin To Net: NetName=Discharge Pin=U?-7
Added Pin To Net: NetName=VBAT_F Pin=U?-7
Added Pin To Net: NetName=5V Pin=U?-8
Added Pin To Net: NetName=5V Pin=U?-8
Added Pin To Net: NetName=VBAT_F Pin=U?-8
Added Pin To Net: NetName=VBAT_F Pin=U?-9
Added Pin To Net: NetName=0V Pin=U?-10
Added Pin To Net: NetName=0V Pin=U?-11
Added Pin To Net: NetName=NetC?_1 Pin=C?-1
Added Pin To Net: NetName=NetC?_1 Pin=L?-2
Added Pin To Net: NetName=NetC?_1 Pin=U?-1
Added Net: Name=NetC?_1
Added Pin To Net: NetName=NetC?_2 Pin=C?-2
Added Pin To Net: NetName=NetC?_2 Pin=U?-3
Added Net: Name=NetC?_2
Add Net: Net with name "NetC?_2" already exists
Add Net: Net with name "NetC?_2" already exists
Add Net: Net with name "NetC?_2" already exists
Added Pin To Net: NetName=NetD?_A Pin=D?-A
Added Pin To Net: NetName=NetD?_A Pin=D?-K
Added Pin To Net: NetName=NetD?_A Pin=K?-16
Added Pin To Net: NetName=NetD?_A Pin=Q?-D
Added Net: Name=NetD?_A
Add Net: Net with name "NetD?_A" already exists
Added Pin To Net: NetName=NetD?_K Pin=D?-K
Added Pin To Net: NetName=NetD?_K Pin=R?-2
Added Net: Name=NetD?_K
Add Net: Net with name "NetD?_K" already exists
Add Net: Net with name "NetD?_K" already exists
Added Pin To Net: NetName=NetK?_8 Pin=K?-8
Added Pin To Net: NetName=NetK?_8 Pin=Q?-S
Added Net: Name=NetK?_8
Added Pin To Net: NetName=NetL?_1 Pin=L?-1
Added Pin To Net: NetName=NetL?_1 Pin=U?-1
Added Net: Name=NetL?_1
Added Pin To Net: NetName=NetQ?_G Pin=Q?-G
Added Pin To Net: NetName=NetQ?_G Pin=R?-2
Added Net: Name=NetQ?_G
Add Net: Net with name "NetQ?_G" already exists
Added Pin To Net: NetName=NetR31_2 Pin=R31-2
Added Pin To Net: NetName=NetR31_2 Pin=R?-1
Added Net: Name=NetR31_2
Added Pin To Net: NetName=NetR?_1 Pin=R?-1
Added Pin To Net: NetName=NetR?_1 Pin=U?-1
Added Net: Name=NetR?_1
Add Net: Net with name "NetR?_1" already exists
Added Pin To Net: NetName=NetR?_2 Pin=R?-2
Added Pin To Net: NetName=NetR?_2 Pin=U?-2
Added Net: Name=NetR?_2
Add Net: Net with name "NetR?_2" already exists
Add Net: Net with name "NetR?_2" already exists
Added Pin To Net: NetName=NetU?_6 Pin=U?-6
Added Net: Name=NetU?_6
Added Member To Class: ClassName=HV SENSE Member=Component C? 100nF
Added Member To Class: ClassName=HV SENSE Member=Component C? 100nF
Added Member To Class: ClassName=HV SENSE Member=Component C? 100nF
Added Member To Class: ClassName=HV SENSE Member=Component C? 100nF
Added Member To Class: ClassName=Power Supply Member=Component C? 100nF
Added Member To Class: ClassName=Power Supply Member=Component C? 1µF
Added Member To Class: ClassName=Power Supply Member=Component C? 10uF
Added Member To Class: ClassName=Power Supply Member=Component C? 10uF
Added Member To Class: ClassName=Power Supply Member=Component C? 10nF
Added Member To Class: ClassName=Power Supply Member=Component C? 100nF
Added Member To Class: ClassName=Power Supply Member=Component C? 4.7uF
Added Member To Class: ClassName=Power Supply Member=Component C? 10uF
Added Member To Class: ClassName=Power Supply Member=Component C? 10uF
Added Member To Class: ClassName=Power Supply Member=Component C? 4.7uF
Added Member To Class: ClassName=TSAL Member=Component C? 100nF
Added Member To Class: ClassName=TSAL Member=Component C? 22pF
Added Member To Class: ClassName=Power Supply Member=Component D? Red
Added Member To Class: ClassName=Power Supply Member=Component D? Red
Added Member To Class: ClassName=TSAL Member=Component D? Red
Added Member To Class: ClassName=TSAL Member=Component D? Orange
Added Member To Class: ClassName=TSAL Member=Component D? PMEG100T10ELR-QX
Added Member To Class: ClassName=TSAL Member=Component K? V23105A5475A201
Added Member To Class: ClassName=TSAL Member=Component K? V23105A5475A201
Added Member To Class: ClassName=Power Supply Member=Component L? 12uH
Added Member To Class: ClassName=Power Supply Member=Component L? 4.7uH
Added Member To Class: ClassName=TSAL Member=Component Q? STD70N10F4
Added Member To Class: ClassName=TSAL Member=Component Q? SQ2308CES-T1_GE3
Added Member To Class: ClassName=HV SENSE Member=Component R? 10k
Added Member To Class: ClassName=HV SENSE Member=Component R? 10K (Var)
Added Member To Class: ClassName=HV SENSE Member=Component R? 10K (Var)
Added Member To Class: ClassName=HV SENSE Member=Component R? 1k
Added Member To Class: ClassName=HV SENSE Member=Component R? 10k
Added Member To Class: ClassName=Power Supply Member=Component R? 20K
Added Member To Class: ClassName=Power Supply Member=Component R? 100k
Added Member To Class: ClassName=Power Supply Member=Component R? 2K
Added Member To Class: ClassName=TSAL Member=Component R? 10R
Added Member To Class: ClassName=TSAL Member=Component R? 10K (Var)
Added Member To Class: ClassName=TSAL Member=Component R? 5.1k
Added Member To Class: ClassName=TSAL Member=Component R? 1k
Added Member To Class: ClassName=TSAL Member=Component R? 20K
Added Member To Class: ClassName=TSAL Member=Component R? 1k
Added Member To Class: ClassName=TSAL Member=Component R? 10R
Added Member To Class: ClassName=HV SENSE Member=Component U? ADuM210N
Added Member To Class: ClassName=HV SENSE Member=Component U? TS391ILT
Added Member To Class: ClassName=Power Supply Member=Component U? RK-053.3S/H6
Added Member To Class: ClassName=Power Supply Member=Component U? LM536015QDSXRQ1
Added Member To Class: ClassName=TSAL Member=Component U? NE555DR
Added Room: Name=CAN
Added Room: Name=Discharge
Added Room: Name=HV SENSE
Added Room: Name=Isolation
Added Room: Name=Microcontroller
Added Room: Name=PDOC
Added Room: Name=Power Supply
Added Room: Name=Safety Loop
Added Room: Name=TopLevel
