Removed Pin From Net: NetName=5V Pin=C14-2
Removed Pin From Net: NetName=0V_(ISO) Pin=C19-1
Removed Pin From Net: NetName=3V3 Pin=C19-2
Removed Pin From Net: NetName=0V Pin=C35-1
Removed Pin From Net: NetName=5V Pin=C35-2
Removed Pin From Net: NetName=HV MC- Pin=C36-1
Removed Pin From Net: NetName=HVVDD Pin=C36-2
Removed Pin From Net: NetName=HV MC- Pin=C37-1
Removed Pin From Net: NetName=HV MC- Pin=C38-1
Removed Pin From Net: NetName=HVVDD Pin=C38-2
Removed Pin From Net: NetName=0V Pin=C53-1
Removed Pin From Net: NetName=0V Pin=C54-1
Removed Pin From Net: NetName=VBAT_F Pin=D2-A
Removed Pin From Net: NetName=5V Pin=D13-A
Removed Pin From Net: NetName=5V Pin=D14-K
Removed Pin From Net: NetName=GL_IN Pin=K1-4
Removed Pin From Net: NetName=GL_OUT Pin=K1-8
Removed Pin From Net: NetName=5V Pin=K2-1
Removed Pin From Net: NetName=0V Pin=K2-4
Removed Pin From Net: NetName=3V3 Pin=L2-1
Removed Pin From Net: NetName=0V Pin=P1-0
Removed Pin From Net: NetName=0V Pin=P1-0
Removed Pin From Net: NetName=CAN1_P Pin=P1-2
Removed Pin From Net: NetName=CAN1_N Pin=P1-3
Removed Pin From Net: NetName=GLV- Pin=P1-4
Removed Pin From Net: NetName=GLV+ Pin=P1-6
Removed Pin From Net: NetName=GL_IN Pin=P6-2
Removed Pin From Net: NetName=0V_(ISO) Pin=P7-2
Removed Pin From Net: NetName=SWCLK Pin=P7-4
Removed Pin From Net: NetName=SWDIO Pin=P7-6
Removed Pin From Net: NetName=0V Pin=P20-0
Removed Pin From Net: NetName=0V Pin=P20-0
Removed Pin From Net: NetName=GL_OUT Pin=P20-1
Removed Pin From Net: NetName=GL_IN Pin=P20-2
Removed Pin From Net: NetName=DISCHARGE_DISABLE Pin=P20-3
Removed Pin From Net: NetName=0V Pin=P20-4
Removed Pin From Net: NetName=HIGH_SENSE Pin=P20-7
Removed Pin From Net: NetName=5kW Pin=P20-8
Removed Pin From Net: NetName=0V Pin=Q4-S
Removed Pin From Net: NetName=0V Pin=R3-1
Removed Pin From Net: NetName=0V Pin=R5-1
Removed Pin From Net: NetName=0V_(ISO) Pin=R6-1
Removed Pin From Net: NetName=NetD5_K Pin=R6-2
Removed Pin From Net: NetName=HVVDD Pin=R35-2
Removed Pin From Net: NetName=HV MC- Pin=R38-1
Removed Pin From Net: NetName=5V Pin=R50-1
Removed Pin From Net: NetName=0V Pin=R53-2
Removed Pin From Net: NetName=5V Pin=R54-2
Removed Pin From Net: NetName=NetC16_2 Pin=U5-1
Removed Pin From Net: NetName=5V Pin=U5-5
Removed Pin From Net: NetName=5V Pin=U5-6
Removed Pin From Net: NetName=NetC18_2 Pin=U5-10
Removed Pin From Net: NetName=VBAT_F Pin=U5-14
Removed Pin From Net: NetName=VBAT_F Pin=U5-15
Removed Pin From Net: NetName=0V Pin=U5-16
Removed Pin From Net: NetName=0V Pin=U5-17
Removed Pin From Net: NetName=NetL2_2 Pin=U6-5
Removed Pin From Net: NetName=0V_(ISO) Pin=U8-37
Removed Pin From Net: NetName=HVVDD Pin=U11-1
Removed Pin From Net: NetName=HVVDD Pin=U11-3
Removed Pin From Net: NetName=HV MC- Pin=U11-4
Removed Pin From Net: NetName=0V Pin=U11-5
Removed Pin From Net: NetName=0V Pin=U11-7
Removed Pin From Net: NetName=5V Pin=U11-8
Removed Pin From Net: NetName=HV MC- Pin=U12-2
Removed Pin From Net: NetName=NetR30_1 Pin=U12-4
Removed Pin From Net: NetName=HVVDD Pin=U12-5
Removed Pin From Net: NetName=0V Pin=U17-1
Removed Pin From Net: NetName=5V Pin=U17-4
Removed Pin From Net: NetName=5V Pin=U17-8
Removed Member From Class: ClassName=HV SENSE Member=C35
Removed Member From Class: ClassName=HV SENSE Member=C36
Removed Member From Class: ClassName=HV SENSE Member=C37
Removed Member From Class: ClassName=HV SENSE Member=C38
Removed Member From Class: ClassName=Power Supply Member=D2
Removed Member From Class: ClassName=Power Supply Member=R3
Removed Member From Class: ClassName=Power Supply Member=R4
Removed Member From Class: ClassName=Power Supply Member=R5
Removed Member From Class: ClassName=Discharge Member=R14
Removed Member From Class: ClassName=HV SENSE Member=R35
Removed Member From Class: ClassName=HV SENSE Member=R36
Removed Member From Class: ClassName=HV SENSE Member=R37
Removed Member From Class: ClassName=HV SENSE Member=R38
Removed Member From Class: ClassName=HV SENSE Member=U11
Removed Member From Class: ClassName=HV SENSE Member=U12
Change Component Footprint: Designator=C16 Old Footprint=0603 New Footprint=0805
Change Component Footprint: Designator=C17 Old Footprint=0805 New Footprint=0603
Change Component Footprint: Designator=C14 Old Footprint=0805 New Footprint=1206 CAP
Change Component Footprint: Designator=C15 Old Footprint=1206 CAP New Footprint=0603
Change Component Footprint: Designator=C19 Old Footprint=1206 CAP New Footprint=0805
Change Component Footprint: Designator=L2 Old Footprint=82473C New Footprint=SRN3015TA-4R7M
Change Component Footprint: Designator=P1 Old Footprint=DTF13-6P New Footprint=T4145035051-001
Change Component Footprint: Designator=U5 Old Footprint=MAXM17631AME+T New Footprint=TI_10_WSON
Change Component Footprint: Designator=C13 Old Footprint=Vishay Radial 1213 New Footprint=CHEMI-CON ELCO
Change Component Comment : Designator=R6 Old Comment=1k New Comment=2K
Change Component Comment : Designator=C17 Old Comment=2.2uF New Comment=10nF
Change Component Comment : Designator=C19 Old Comment=4.7uF New Comment=10uF
Change Component Comment : Designator=C15 Old Comment=4.7uF New Comment=100nF
Change Component Comment : Designator=C18 Old Comment=6.8nF New Comment=100nF
Change Component Comment : Designator=C14 Old Comment=22uF New Comment=4.7uF
Change Component Comment : Designator=L2 Old Comment=47 uH New Comment=4.7uH
Change Component Comment : Designator=C16 Old Comment=100nF New Comment=1µF
Change Component Comment : Designator=C13 Old Comment=220uF New Comment=47uF
Change Component Comment : Designator=P1 Old Comment=DT13-6P New Comment=T4145035051-001
Change Component Comment : Designator=U5 Old Comment=MAXM17631AME+T New Comment=LM536015QDSXRQ1
Change Component Designator: OldDesignator=C20 NewDesignator=C22
Change Component Designator: OldDesignator=C21 NewDesignator=C23
Change Component Designator: OldDesignator=C22 NewDesignator=C24
Change Component Designator: OldDesignator=C23 NewDesignator=C25
Change Component Designator: OldDesignator=C24 NewDesignator=C26
Change Component Designator: OldDesignator=C25 NewDesignator=C27
Change Component Designator: OldDesignator=C26 NewDesignator=C28
Change Component Designator: OldDesignator=C27 NewDesignator=C29
Change Component Designator: OldDesignator=C28 NewDesignator=C30
Change Component Designator: OldDesignator=C29 NewDesignator=C31
Change Component Designator: OldDesignator=C30 NewDesignator=C32
Change Component Designator: OldDesignator=C31 NewDesignator=C33
Change Component Designator: OldDesignator=C32 NewDesignator=C34
Change Component Designator: OldDesignator=C39 NewDesignator=C35
Change Component Designator: OldDesignator=C40 NewDesignator=C36
Change Component Designator: OldDesignator=C41 NewDesignator=C37
Change Component Designator: OldDesignator=C42 NewDesignator=C38
Change Component Designator: OldDesignator=C43 NewDesignator=C39
Change Component Designator: OldDesignator=C44 NewDesignator=C40
Change Component Designator: OldDesignator=C45 NewDesignator=C41
Change Component Designator: OldDesignator=C46 NewDesignator=C42
Change Component Designator: OldDesignator=C47 NewDesignator=C43
Change Component Designator: OldDesignator=C48 NewDesignator=C44
Change Component Designator: OldDesignator=C49 NewDesignator=C45
Change Component Designator: OldDesignator=C50 NewDesignator=C46
Change Component Designator: OldDesignator=C58 NewDesignator=C47
Change Component Designator: OldDesignator=C59 NewDesignator=C48
Change Component Designator: OldDesignator=P2 NewDesignator=P3
Change Component Designator: OldDesignator=P3 NewDesignator=P4
Change Component Designator: OldDesignator=P4 NewDesignator=P5
Change Component Designator: OldDesignator=P5 NewDesignator=P6
Change Component Designator: OldDesignator=P6 NewDesignator=P7
Change Component Designator: OldDesignator=P7 NewDesignator=P8
Change Component Designator: OldDesignator=P8 NewDesignator=P9
Change Component Designator: OldDesignator=P9 NewDesignator=P10
Change Component Designator: OldDesignator=P10 NewDesignator=P11
Change Component Designator: OldDesignator=R1 NewDesignator=R3
Change Component Designator: OldDesignator=R2 NewDesignator=R4
Change Component Designator: OldDesignator=R7 NewDesignator=R8
Change Component Designator: OldDesignator=R8 NewDesignator=R9
Change Component Designator: OldDesignator=R9 NewDesignator=R10
Change Component Designator: OldDesignator=R10 NewDesignator=R12
Change Component Designator: OldDesignator=R11 NewDesignator=R13
Change Component Designator: OldDesignator=R12 NewDesignator=R14
Change Component Designator: OldDesignator=R13 NewDesignator=R15
Change Component Designator: OldDesignator=R14 NewDesignator=R11
Change Component Designator: OldDesignator=R15 NewDesignator=R16
Change Component Designator: OldDesignator=R16 NewDesignator=R17
Change Component Designator: OldDesignator=R17 NewDesignator=R18
Change Component Designator: OldDesignator=R18 NewDesignator=R19
Change Component Designator: OldDesignator=R19 NewDesignator=R20
Change Component Designator: OldDesignator=R20 NewDesignator=R21
Change Component Designator: OldDesignator=R21 NewDesignator=R22
Change Component Designator: OldDesignator=R22 NewDesignator=R23
Change Component Designator: OldDesignator=R23 NewDesignator=R24
Change Component Designator: OldDesignator=R24 NewDesignator=R25
Change Component Designator: OldDesignator=R25 NewDesignator=R26
Change Component Designator: OldDesignator=R26 NewDesignator=R32
Change Component Designator: OldDesignator=R28 NewDesignator=R27
Change Component Designator: OldDesignator=R29 NewDesignator=R28
Change Component Designator: OldDesignator=R30 NewDesignator=R29
Change Component Designator: OldDesignator=R31 NewDesignator=R30
Change Component Designator: OldDesignator=R33 NewDesignator=R31
Change Component Designator: OldDesignator=R39 NewDesignator=R33
Change Component Designator: OldDesignator=R40 NewDesignator=R34
Change Component Designator: OldDesignator=R41 NewDesignator=R35
Change Component Designator: OldDesignator=R42 NewDesignator=R36
Change Component Designator: OldDesignator=R43 NewDesignator=R37
Change Component Designator: OldDesignator=R44 NewDesignator=R38
Change Component Designator: OldDesignator=R45 NewDesignator=R39
Change Component Designator: OldDesignator=R62 NewDesignator=R1
Change Component Designator: OldDesignator=R63 NewDesignator=R2
Change Component Designator: OldDesignator=U13 NewDesignator=U11
Change Component Designator: OldDesignator=U14 NewDesignator=U12
Change Component Designator: OldDesignator=U15 NewDesignator=U13
Change Component Designator: OldDesignator=U16 NewDesignator=U14
Change Component Designator: OldDesignator=U19 NewDesignator=U15
Change component parameters: Designator = "C13" ("C13"); Footprint = "Vishay Radial 1213"; UniqueID = "\EISFBQCD\JPBUDEGU" ("\EISFBQCD\JPBUDEGU")
Change component parameters (AddParameter): Name = "Part Number"; Value = "HHXA350ARA470MF61G"; VariantName = "[No Variations]"
Change component parameters: Designator = "C14" ("C14"); Footprint = "0805"; UniqueID = "\EISFBQCD\MCXJKQBB" ("\EISFBQCD\MCXJKQBB")
Change component parameters (AddParameter): Name = "Digikey Part Number"; Value = "490-GRM31CR71H475KA12KTR-ND"; VariantName = "[No Variations]"
Change component parameters (AddParameter): Name = "Manufacturer"; Value = "Murata Electronics"; VariantName = "[No Variations]"
Change component parameters (AddParameter): Name = "Material"; Value = "MLCC"; VariantName = "[No Variations]"
Change component parameters (AddParameter): Name = "Part Number"; Value = "GRM31CR71H475KA12K"; VariantName = "[No Variations]"
Change component parameters (AddParameter): Name = "Rated Voltage"; Value = "50V"; VariantName = "[No Variations]"
Change component parameters (AddParameter): Name = "Temperature Rating"; Value = "X7R"; VariantName = "[No Variations]"
Change component parameters (AddParameter): Name = "Tolerance"; Value = "±10%"; VariantName = "[No Variations]"
Change component parameters (AddParameter): Name = "Value"; Value = "4.7uF"; VariantName = "[No Variations]"
Change component parameters: Designator = "C15" ("C15"); Footprint = "1206 CAP"; UniqueID = "\EISFBQCD\RBREEEAN" ("\EISFBQCD\RBREEEAN")
Change component parameters (AddParameter): Name = "Digikey Part Number"; Value = "490-6049-1-ND"; VariantName = "[No Variations]"
Change component parameters (AddParameter): Name = "Manufacturer"; Value = "muRata"; VariantName = "[No Variations]"
Change component parameters (AddParameter): Name = "Material"; Value = "MLCC"; VariantName = "[No Variations]"
Change component parameters (AddParameter): Name = "Part Number"; Value = "GCM188L81H104KA57D"; VariantName = "[No Variations]"
Change component parameters (AddParameter): Name = "Rated Voltage"; Value = "50V"; VariantName = "[No Variations]"
Change component parameters (AddParameter): Name = "Temperature Rating"; Value = "X8L"; VariantName = "[No Variations]"
Change component parameters (AddParameter): Name = "Tolerance"; Value = "±10%"; VariantName = "[No Variations]"
Change component parameters (AddParameter): Name = "Value"; Value = "100nF"; VariantName = "[No Variations]"
Change component parameters: Designator = "C16" ("C16"); Footprint = "0603"; UniqueID = "\EISFBQCD\EGCDDGVL" ("\EISFBQCD\EGCDDGVL")
Change component parameters (AddParameter): Name = "Digikey Part Number"; Value = "490-10675-1-ND"; VariantName = "[No Variations]"
Change component parameters (AddParameter): Name = "Manufacturer"; Value = "muRata"; VariantName = "[No Variations]"
Change component parameters (AddParameter): Name = "Material"; Value = "MLCC"; VariantName = "[No Variations]"
Change component parameters (AddParameter): Name = "Part Number"; Value = "GCM21BR71H105KA03L"; VariantName = "[No Variations]"
Change component parameters (AddParameter): Name = "Rated Voltage"; Value = "50V"; VariantName = "[No Variations]"
Change component parameters (AddParameter): Name = "Temperature Rating"; Value = "X7R"; VariantName = "[No Variations]"
Change component parameters (AddParameter): Name = "Tolerance"; Value = "±10%"; VariantName = "[No Variations]"
Change component parameters (AddParameter): Name = "Value"; Value = "1µF"; VariantName = "[No Variations]"
Change component parameters: Designator = "C17" ("C17"); Footprint = "0805"; UniqueID = "\EISFBQCD\WDBHWQKN" ("\EISFBQCD\WDBHWQKN")
Change component parameters (AddParameter): Name = "Digikey Part Number"; Value = "490-GCM188L81H103KA03DCT-ND"; VariantName = "[No Variations]"
Change component parameters (AddParameter): Name = "Manufacturer"; Value = "muRata"; VariantName = "[No Variations]"
Change component parameters (AddParameter): Name = "Material"; Value = "MLCC"; VariantName = "[No Variations]"
Change component parameters (AddParameter): Name = "Part Number"; Value = "GCM188L81H103KA03D"; VariantName = "[No Variations]"
Change component parameters (AddParameter): Name = "Rated Voltage"; Value = "50V"; VariantName = "[No Variations]"
Change component parameters (AddParameter): Name = "Temperature Rating"; Value = "X8L"; VariantName = "[No Variations]"
Change component parameters (AddParameter): Name = "Tolerance"; Value = "±10%"; VariantName = "[No Variations]"
Change component parameters (AddParameter): Name = "Value"; Value = "10nF"; VariantName = "[No Variations]"
Change component parameters: Designator = "C18" ("C18"); Footprint = "0603"; UniqueID = "\EISFBQCD\JJUOEIKC" ("\EISFBQCD\JJUOEIKC")
Change component parameters (AddParameter): Name = "Digikey Part Number"; Value = "490-6049-1-ND"; VariantName = "[No Variations]"
Change component parameters (AddParameter): Name = "Manufacturer"; Value = "muRata"; VariantName = "[No Variations]"
Change component parameters (AddParameter): Name = "Material"; Value = "MLCC"; VariantName = "[No Variations]"
Change component parameters (AddParameter): Name = "Part Number"; Value = "GCM188L81H104KA57D"; VariantName = "[No Variations]"
Change component parameters (AddParameter): Name = "Rated Voltage"; Value = "50V"; VariantName = "[No Variations]"
Change component parameters (AddParameter): Name = "Temperature Rating"; Value = "X8L"; VariantName = "[No Variations]"
Change component parameters (AddParameter): Name = "Tolerance"; Value = "±10%"; VariantName = "[No Variations]"
Change component parameters (AddParameter): Name = "Value"; Value = "100nF"; VariantName = "[No Variations]"
Change component parameters: Designator = "C19" ("C19"); Footprint = "1206 CAP"; UniqueID = "\EISFBQCD\DEJLJDWD" ("\EISFBQCD\DEJLJDWD")
Change component parameters (AddParameter): Name = "Digikey Part Number"; Value = "490-10514-6-ND"; VariantName = "[No Variations]"
Change component parameters (AddParameter): Name = "Manufacturer"; Value = "muRata"; VariantName = "[No Variations]"
Change component parameters (AddParameter): Name = "Material"; Value = "MLCC"; VariantName = "[No Variations]"
Change component parameters (AddParameter): Name = "Part Number"; Value = "GRM21BR6YA106KE43L"; VariantName = "[No Variations]"
Change component parameters (AddParameter): Name = "Rated Voltage"; Value = "50V"; VariantName = "[No Variations]"
Change component parameters (AddParameter): Name = "Temperature Rating"; Value = "X5R"; VariantName = "[No Variations]"
Change component parameters (AddParameter): Name = "Tolerance"; Value = "10%"; VariantName = "[No Variations]"
Change component parameters (AddParameter): Name = "Value"; Value = "10uF"; VariantName = "[No Variations]"
Change component parameters: Designator = "L2" ("L2"); Footprint = "82473C"; UniqueID = "\EISFBQCD\ZAHBZZCR" ("\EISFBQCD\ZAHBZZCR")
Change component parameters (AddParameter): Name = "Digikey Part Number"; Value = "SRN3015TA-4R7MCT-ND"; VariantName = "[No Variations]"
Change component parameters (AddParameter): Name = "Impedance"; Value = "120mOhms"; VariantName = "[No Variations]"
Change component parameters (AddParameter): Name = "Manufacturer"; Value = "Bourns"; VariantName = "[No Variations]"
Change component parameters (AddParameter): Name = "Material"; Value = "Wirewound"; VariantName = "[No Variations]"
Change component parameters (AddParameter): Name = "Part Number"; Value = "SRN3015TA-4R7M"; VariantName = "[No Variations]"
Change component parameters (AddParameter): Name = "Rated Current"; Value = "1.2A"; VariantName = "[No Variations]"
Change component parameters (AddParameter): Name = "Tolerance"; Value = "0.2"; VariantName = "[No Variations]"
Change component parameters (AddParameter): Name = "Value"; Value = "4.7uH"; VariantName = "[No Variations]"
Change component parameters: Designator = "P1" ("P1"); Footprint = "DTF13-6P"; UniqueID = "\NIQUMJIM" ("\NIQUMJIM")
Change component parameters (AddParameter): Name = "Angle"; Value = "90"; VariantName = "[No Variations]"
Change component parameters (AddParameter): Name = "Contact"; Value = "Copper Alloy"; VariantName = "[No Variations]"
Change component parameters (AddParameter): Name = "Flange"; Value = "Yes"; VariantName = "[No Variations]"
Change component parameters (AddParameter): Name = "Part Number"; Value = "T4145035051-001"; VariantName = "[No Variations]"
Change component parameters (AddParameter): Name = "Positions"; Value = "5"; VariantName = "[No Variations]"
Change component parameters: Designator = "R6" ("R6"); Footprint = "0603"; UniqueID = "\EISFBQCD\LGBDDACC" ("\EISFBQCD\LGBDDACC")
Change component parameters (AddParameter): Name = "Digikey Part Number"; Value = "311-2.00KHRCT-ND"; VariantName = "[No Variations]"
Change component parameters (AddParameter): Name = "Manufacturer"; Value = "YAGEO"; VariantName = "[No Variations]"
Change component parameters (AddParameter): Name = "Material"; Value = "FR-07"; VariantName = "[No Variations]"
Change component parameters (AddParameter): Name = "Part Number"; Value = "RC0603FR-072KL"; VariantName = "[No Variations]"
Change component parameters (AddParameter): Name = "Rated Power"; Value = "0.1W"; VariantName = "[No Variations]"
Change component parameters (AddParameter): Name = "Tolerance"; Value = "0.01"; VariantName = "[No Variations]"
Change component parameters (AddParameter): Name = "Value"; Value = "2K"; VariantName = "[No Variations]"
Change component parameters: Designator = "U5" ("U5"); Footprint = "MAXM17631AME+T"; UniqueID = "\EISFBQCD\JTZOTIYU" ("\EISFBQCD\JTZOTIYU")
Change component parameters (AddParameter): Name = "Digikey Part Number"; Value = "296-50359-1-ND"; VariantName = "[No Variations]"
Change component parameters (AddParameter): Name = "Input Voltage"; Value = "4.5 to 36 V"; VariantName = "[No Variations]"
Change component parameters (AddParameter): Name = "Manufacturer"; Value = "Texas Instruments"; VariantName = "[No Variations]"
Change component parameters (AddParameter): Name = "Output Current"; Value = "1.0 A"; VariantName = "[No Variations]"
Change component parameters (AddParameter): Name = "Output Voltage"; Value = "5V"; VariantName = "[No Variations]"
Change component parameters (AddParameter): Name = "Part Number"; Value = "LM536015QDSXRQ1"; VariantName = "[No Variations]"
Added Component: Designator=C20(0805)
Add component (AddParameter): Name = "Digikey Part Number"; Value = "490-10514-6-ND"; VariantName = "[No Variations]"
Add component (AddParameter): Name = "Manufacturer"; Value = "muRata"; VariantName = "[No Variations]"
Add component (AddParameter): Name = "Material"; Value = "MLCC"; VariantName = "[No Variations]"
Add component (AddParameter): Name = "Part Number"; Value = "GRM21BR6YA106KE43L"; VariantName = "[No Variations]"
Add component (AddParameter): Name = "Rated Voltage"; Value = "50V"; VariantName = "[No Variations]"
Add component (AddParameter): Name = "Temperature Rating"; Value = "X5R"; VariantName = "[No Variations]"
Add component (AddParameter): Name = "Tolerance"; Value = "10%"; VariantName = "[No Variations]"
Add component (AddParameter): Name = "Value"; Value = "10uF"; VariantName = "[No Variations]"
Added Component: Designator=C21(1206 CAP)
Add component (AddParameter): Name = "Digikey Part Number"; Value = "490-GRM31CR71H475KA12KTR-ND"; VariantName = "[No Variations]"
Add component (AddParameter): Name = "Manufacturer"; Value = "Murata Electronics"; VariantName = "[No Variations]"
Add component (AddParameter): Name = "Material"; Value = "MLCC"; VariantName = "[No Variations]"
Add component (AddParameter): Name = "Part Number"; Value = "GRM31CR71H475KA12K"; VariantName = "[No Variations]"
Add component (AddParameter): Name = "Rated Voltage"; Value = "50V"; VariantName = "[No Variations]"
Add component (AddParameter): Name = "Temperature Rating"; Value = "X7R"; VariantName = "[No Variations]"
Add component (AddParameter): Name = "Tolerance"; Value = "±10%"; VariantName = "[No Variations]"
Add component (AddParameter): Name = "Value"; Value = "4.7uF"; VariantName = "[No Variations]"
Added Component: Designator=L3(82473C)
Add component (AddParameter): Name = "Digikey Part Number"; Value = "811-2477-2-ND"; VariantName = "[No Variations]"
Add component (AddParameter): Name = "Impedance"; Value = "1.69 Ohms"; VariantName = "[No Variations]"
Add component (AddParameter): Name = "Manufacturer"; Value = "Murata Power Solutions Inc."; VariantName = "[No Variations]"
Add component (AddParameter): Name = "Material"; Value = "Wirewound"; VariantName = "[No Variations]"
Add component (AddParameter): Name = "Part Number"; Value = "82473C"; VariantName = "[No Variations]"
Add component (AddParameter): Name = "Rated Current"; Value = "250mA"; VariantName = "[No Variations]"
Add component (AddParameter): Name = "Tolerance"; Value = "0.1"; VariantName = "[No Variations]"
Add component (AddParameter): Name = "Value"; Value = "47 uH"; VariantName = "[No Variations]"
Added Component: Designator=P2(T4145415041-001)
Add component (AddParameter): Name = "Angle"; Value = "90"; VariantName = "[No Variations]"
Add component (AddParameter): Name = "Contact"; Value = "Copper Alloy"; VariantName = "[No Variations]"
Add component (AddParameter): Name = "Flange"; Value = "Yes"; VariantName = "[No Variations]"
Add component (AddParameter): Name = "Part Number"; Value = "T4145415041-001"; VariantName = "[No Variations]"
Add component (AddParameter): Name = "Positions"; Value = "4"; VariantName = "[No Variations]"
Added Component: Designator=P12(39293026)
Add component (AddParameter): Name = "Angle"; Value = "0"; VariantName = "[No Variations]"
Add component (AddParameter): Name = "Contact"; Value = "Tin"; VariantName = "[No Variations]"
Add component (AddParameter): Name = "Digikey Part Number"; Value = "WM3843-ND"; VariantName = "[No Variations]"
Add component (AddParameter): Name = "Flange"; Value = "No"; VariantName = "[No Variations]"
Add component (AddParameter): Name = "Part Number"; Value = "39293026"; VariantName = "[No Variations]"
Add component (AddParameter): Name = "Pitch"; Value = "4.2mm"; VariantName = "[No Variations]"
Add component (AddParameter): Name = "Positions"; Value = "2"; VariantName = "[No Variations]"
Add component (AddParameter): Name = "Row Spacing"; Value = "5.5mm"; VariantName = "[No Variations]"
Added Component: Designator=P13(39293046)
Add component (AddParameter): Name = "Angle"; Value = "0"; VariantName = "[No Variations]"
Add component (AddParameter): Name = "Contact"; Value = "Tin"; VariantName = "[No Variations]"
Add component (AddParameter): Name = "Digikey Part Number"; Value = "WM3844-ND"; VariantName = "[No Variations]"
Add component (AddParameter): Name = "Flange"; Value = "No"; VariantName = "[No Variations]"
Add component (AddParameter): Name = "Part Number"; Value = "39293046"; VariantName = "[No Variations]"
Add component (AddParameter): Name = "Pitch"; Value = "4.2mm"; VariantName = "[No Variations]"
Add component (AddParameter): Name = "Positions"; Value = "4"; VariantName = "[No Variations]"
Add component (AddParameter): Name = "Row Spacing"; Value = "5.5mm"; VariantName = "[No Variations]"
Added Component: Designator=R7(0603)
Add component (AddParameter): Name = "Digikey Part Number"; Value = "311-1.00KHRCT-ND"; VariantName = "[No Variations]"
Add component (AddParameter): Name = "Manufacturer"; Value = "YAGEO"; VariantName = "[No Variations]"
Add component (AddParameter): Name = "Material"; Value = "FR-07"; VariantName = "[No Variations]"
Add component (AddParameter): Name = "Part Number"; Value = "RC0603FR-071KL"; VariantName = "[No Variations]"
Add component (AddParameter): Name = "Rated Power"; Value = "0.1W"; VariantName = "[No Variations]"
Add component (AddParameter): Name = "Tolerance"; Value = "0.01"; VariantName = "[No Variations]"
Add component (AddParameter): Name = "Value"; Value = "1k"; VariantName = "[No Variations]"
Added Pin To Net: NetName=VBAT_F Pin=C14-2
Added Pin To Net: NetName=0V Pin=C16-1
Added Pin To Net: NetName=0V Pin=C17-1
Added Pin To Net: NetName=5V Pin=C17-2
Added Pin To Net: NetName=0V Pin=C18-1
Added Pin To Net: NetName=0V Pin=C19-1
Added Pin To Net: NetName=5V Pin=C19-2
Added Pin To Net: NetName=0V Pin=C20-1
Added Pin To Net: NetName=5V Pin=C20-2
Added Pin To Net: NetName=0V_(ISO) Pin=C21-1
Added Pin To Net: NetName=3V3 Pin=C21-2
Added Pin To Net: NetName=GL_OUT Pin=K1-13
Added Pin To Net: NetName=5V Pin=L2-1
Added Pin To Net: NetName=3V3 Pin=L3-1
Added Pin To Net: NetName=GLV+ Pin=P1-2
Added Pin To Net: NetName=GLV- Pin=P1-3
Added Pin To Net: NetName=CAN1_P Pin=P1-4
Added Pin To Net: NetName=CAN1_N Pin=P1-5
Added Pin To Net: NetName=GL_IN Pin=P2-1
Added Pin To Net: NetName=DISCHARGE_DISABLE Pin=P2-2
Added Pin To Net: NetName=5kW Pin=P2-3
Added Pin To Net: NetName=GL_OUT Pin=P2-4
Added Pin To Net: NetName=SWCLK Pin=P8-2
Added Pin To Net: NetName=SWDIO Pin=P8-4
Added Pin To Net: NetName=0V_(ISO) Pin=P8-5
Added Pin To Net: NetName=0V_(ISO) Pin=P8-6
Added Pin To Net: NetName=GL_IN Pin=P12-1
Added Pin To Net: NetName=GL_IN Pin=P12-1
Added Pin To Net: NetName=HIGH_SENSE Pin=P13-1
Added Pin To Net: NetName=5V Pin=P13-2
Added Pin To Net: NetName=0V Pin=P13-3
Added Pin To Net: NetName=0V Pin=R6-1
Added Pin To Net: NetName=0V_(ISO) Pin=R7-1
Added Pin To Net: NetName=NetD5_K Pin=R7-2
Added Pin To Net: NetName=NetL2_2 Pin=U5-1
Added Pin To Net: NetName=NetC18_2 Pin=U5-2
Added Pin To Net: NetName=NetC16_2 Pin=U5-3
Added Pin To Net: NetName=0V Pin=U5-5
Added Pin To Net: NetName=VBAT_F Pin=U5-7
Added Pin To Net: NetName=VBAT_F Pin=U5-8
Added Pin To Net: NetName=0V Pin=U5-9
Added Pin To Net: NetName=0V Pin=U5-10
Added Pin To Net: NetName=0V Pin=U5-11
Change Net Name : Old Net Name=NetC5_2 New Net Name=CAN1_F_N
Change Net Name : Old Net Name=NetC6_2 New Net Name=CAN1_F_P
Change Net Name : Old Net Name=NetC24_2 New Net Name=NetC26_2
Change Net Name : Old Net Name=NetC25_2 New Net Name=NetC27_2
Change Net Name : Old Net Name=NetC30_2 New Net Name=NetC32_2
Change Net Name : Old Net Name=NetC40_2 New Net Name=NetC36_2
Change Net Name : Old Net Name=NetC43_2 New Net Name=NetC39_2
Change Net Name : Old Net Name=NetC48_2 New Net Name=NetC44_2
Change Net Name : Old Net Name=NetP2_1 New Net Name=NetP3_1
Change Net Name : Old Net Name=NetP3_1 New Net Name=NetP4_1
Change Net Name : Old Net Name=NetP10_1 New Net Name=NetP11_1
Change Net Name : Old Net Name=NetR8_1 New Net Name=NetR9_1
Change Net Name : Old Net Name=NetR9_2 New Net Name=NetR10_2
Change Net Name : Old Net Name=NetR10_2 New Net Name=NetR12_2
Change Net Name : Old Net Name=NetR12_1 New Net Name=NetR14_1
Change Net Name : Old Net Name=NetR12_2 New Net Name=NetR14_2
Change Net Name : Old Net Name=NetR14_1 New Net Name=NetR11_1
Change Net Name : Old Net Name=NetR18_1 New Net Name=NetR19_1
Change Net Name : Old Net Name=NetR19_1 New Net Name=NetR20_1
Change Net Name : Old Net Name=NetR21_1 New Net Name=NetR22_1
Change Net Name : Old Net Name=NetR22_1 New Net Name=NetR23_1
Change Net Name : Old Net Name=NetR23_2 New Net Name=NetR24_2
Change Net Name : Old Net Name=NetR25_1 New Net Name=NetR26_1
Change Net Name : Old Net Name=NetR28_1 New Net Name=NetR27_1
Change Net Name : Old Net Name=NetR29_1 New Net Name=NetR28_1
Change Net Name : Old Net Name=NetR30_1 New Net Name=NetR29_1
Change Net Name : Old Net Name=NetR31_1 New Net Name=NetR30_1
Change Net Name : Old Net Name=NetR40_1 New Net Name=NetR34_1
Change Net Name : Old Net Name=NetR40_2 New Net Name=NetR34_2
Change Net Name : Old Net Name=NetR43_3 New Net Name=NetR37_3
Added Pin To Net: NetName=GL_INT Pin=K1-9
Added Pin To Net: NetName=GL_INT Pin=P7-2
Added Net: Name=GL_INT
Added Pin To Net: NetName=NetD4_K Pin=D4-K
Added Pin To Net: NetName=NetD4_K Pin=R6-2
Added Net: Name=NetD4_K
Added Pin To Net: NetName=NetL3_2 Pin=L3-2
Added Pin To Net: NetName=NetL3_2 Pin=U6-5
Added Net: Name=NetL3_2
Added Differential Pair: Name=CAN1_F
Added Member To Class: ClassName=Power Supply Member=Component C20 10uF
Added Member To Class: ClassName=Power Supply Member=Component C21 4.7uF
Added Member To Class: ClassName=Power Supply Member=Component L3 47 uH
Added Member To Class: ClassName=TopLevel Member=Component P6 39300020
Added Member To Class: ClassName=TopLevel Member=Component P12 39293026
Added Member To Class: ClassName=TopLevel Member=Component P13 39293046
Added Member To Class: ClassName=Power Supply Member=Component R7 1k
Added Member To Class: ClassName=Discharge Member=Component R15 PWR263S-35-1001J
Added Room: Name=CAN
Added Room: Name=Discharge
Added Room: Name=HV SENSE
Added Room: Name=Isolation
Added Room: Name=Microcontroller
Added Room: Name=PDOC
Added Room: Name=Power Supply
Added Room: Name=Safety Loop
Added Room: Name=TopLevel
