Change Component Footprint: Designator=C19 Old Footprint=1206 CAP New Footprint=0805
Change Component Footprint: Designator=L2 Old Footprint=82473C New Footprint=SRN3015TA-4R7M
Added Component: Designator=C8(0805)
Add component (AddParameter): Name = "Digikey Part Number"; Value = "490-10514-6-ND"; VariantName = "[No Variations]"
Add component (AddParameter): Name = "Manufacturer"; Value = "muRata"; VariantName = "[No Variations]"
Add component (AddParameter): Name = "Material"; Value = "MLCC"; VariantName = "[No Variations]"
Add component (AddParameter): Name = "Part Number"; Value = "GRM21BR6YA106KE43L"; VariantName = "[No Variations]"
Add component (AddParameter): Name = "Rated Voltage"; Value = "50V"; VariantName = "[No Variations]"
Add component (AddParameter): Name = "Temperature Rating"; Value = "X5R"; VariantName = "[No Variations]"
Add component (AddParameter): Name = "Tolerance"; Value = "10%"; VariantName = "[No Variations]"
Add component (AddParameter): Name = "Value"; Value = "10uF"; VariantName = "[No Variations]"
Added Component: Designator=C9(0805)
Add component (AddParameter): Name = "Digikey Part Number"; Value = "490-10514-6-ND"; VariantName = "[No Variations]"
Add component (AddParameter): Name = "Manufacturer"; Value = "muRata"; VariantName = "[No Variations]"
Add component (AddParameter): Name = "Material"; Value = "MLCC"; VariantName = "[No Variations]"
Add component (AddParameter): Name = "Part Number"; Value = "GRM21BR6YA106KE43L"; VariantName = "[No Variations]"
Add component (AddParameter): Name = "Rated Voltage"; Value = "50V"; VariantName = "[No Variations]"
Add component (AddParameter): Name = "Temperature Rating"; Value = "X5R"; VariantName = "[No Variations]"
Add component (AddParameter): Name = "Tolerance"; Value = "10%"; VariantName = "[No Variations]"
Add component (AddParameter): Name = "Value"; Value = "10uF"; VariantName = "[No Variations]"
Added Component: Designator=C10(0603)
Add component (AddParameter): Name = "Digikey Part Number"; Value = "490-6049-1-ND"; VariantName = "[No Variations]"
Add component (AddParameter): Name = "Manufacturer"; Value = "muRata"; VariantName = "[No Variations]"
Add component (AddParameter): Name = "Material"; Value = "MLCC"; VariantName = "[No Variations]"
Add component (AddParameter): Name = "Part Number"; Value = "GCM188L81H104KA57D"; VariantName = "[No Variations]"
Add component (AddParameter): Name = "Rated Voltage"; Value = "50V"; VariantName = "[No Variations]"
Add component (AddParameter): Name = "Temperature Rating"; Value = "X8L"; VariantName = "[No Variations]"
Add component (AddParameter): Name = "Tolerance"; Value = "±10%"; VariantName = "[No Variations]"
Add component (AddParameter): Name = "Value"; Value = "100nF"; VariantName = "[No Variations]"
Added Component: Designator=C11(0603)
Add component (AddParameter): Name = "Digikey Part Number"; Value = "490-6049-1-ND"; VariantName = "[No Variations]"
Add component (AddParameter): Name = "Manufacturer"; Value = "muRata"; VariantName = "[No Variations]"
Add component (AddParameter): Name = "Material"; Value = "MLCC"; VariantName = "[No Variations]"
Add component (AddParameter): Name = "Part Number"; Value = "GCM188L81H104KA57D"; VariantName = "[No Variations]"
Add component (AddParameter): Name = "Rated Voltage"; Value = "50V"; VariantName = "[No Variations]"
Add component (AddParameter): Name = "Temperature Rating"; Value = "X8L"; VariantName = "[No Variations]"
Add component (AddParameter): Name = "Tolerance"; Value = "±10%"; VariantName = "[No Variations]"
Add component (AddParameter): Name = "Value"; Value = "100nF"; VariantName = "[No Variations]"
Added Component: Designator=C12(0603)
Add component (AddParameter): Name = "Digikey Part Number"; Value = "490-6049-1-ND"; VariantName = "[No Variations]"
Add component (AddParameter): Name = "Manufacturer"; Value = "muRata"; VariantName = "[No Variations]"
Add component (AddParameter): Name = "Material"; Value = "MLCC"; VariantName = "[No Variations]"
Add component (AddParameter): Name = "Part Number"; Value = "GCM188L81H104KA57D"; VariantName = "[No Variations]"
Add component (AddParameter): Name = "Rated Voltage"; Value = "50V"; VariantName = "[No Variations]"
Add component (AddParameter): Name = "Temperature Rating"; Value = "X8L"; VariantName = "[No Variations]"
Add component (AddParameter): Name = "Tolerance"; Value = "±10%"; VariantName = "[No Variations]"
Add component (AddParameter): Name = "Value"; Value = "100nF"; VariantName = "[No Variations]"
Added Component: Designator=C13(CHEMI-CON ELCO)
Add component (AddParameter): Name = "Part Number"; Value = "HHXA350ARA470MF61G"; VariantName = "[No Variations]"
Added Component: Designator=C14(1206 CAP)
Add component (AddParameter): Name = "Digikey Part Number"; Value = "490-GRM31CR71H475KA12KTR-ND"; VariantName = "[No Variations]"
Add component (AddParameter): Name = "Manufacturer"; Value = "Murata Electronics"; VariantName = "[No Variations]"
Add component (AddParameter): Name = "Material"; Value = "MLCC"; VariantName = "[No Variations]"
Add component (AddParameter): Name = "Part Number"; Value = "GRM31CR71H475KA12K"; VariantName = "[No Variations]"
Add component (AddParameter): Name = "Rated Voltage"; Value = "50V"; VariantName = "[No Variations]"
Add component (AddParameter): Name = "Temperature Rating"; Value = "X7R"; VariantName = "[No Variations]"
Add component (AddParameter): Name = "Tolerance"; Value = "±10%"; VariantName = "[No Variations]"
Add component (AddParameter): Name = "Value"; Value = "4.7uF"; VariantName = "[No Variations]"
Added Component: Designator=C15(0603)
Add component (AddParameter): Name = "Digikey Part Number"; Value = "490-6049-1-ND"; VariantName = "[No Variations]"
Add component (AddParameter): Name = "Manufacturer"; Value = "muRata"; VariantName = "[No Variations]"
Add component (AddParameter): Name = "Material"; Value = "MLCC"; VariantName = "[No Variations]"
Add component (AddParameter): Name = "Part Number"; Value = "GCM188L81H104KA57D"; VariantName = "[No Variations]"
Add component (AddParameter): Name = "Rated Voltage"; Value = "50V"; VariantName = "[No Variations]"
Add component (AddParameter): Name = "Temperature Rating"; Value = "X8L"; VariantName = "[No Variations]"
Add component (AddParameter): Name = "Tolerance"; Value = "±10%"; VariantName = "[No Variations]"
Add component (AddParameter): Name = "Value"; Value = "100nF"; VariantName = "[No Variations]"
Added Component: Designator=C16(0805)
Add component (AddParameter): Name = "Digikey Part Number"; Value = "490-10675-1-ND"; VariantName = "[No Variations]"
Add component (AddParameter): Name = "Manufacturer"; Value = "muRata"; VariantName = "[No Variations]"
Add component (AddParameter): Name = "Material"; Value = "MLCC"; VariantName = "[No Variations]"
Add component (AddParameter): Name = "Part Number"; Value = "GCM21BR71H105KA03L"; VariantName = "[No Variations]"
Add component (AddParameter): Name = "Rated Voltage"; Value = "50V"; VariantName = "[No Variations]"
Add component (AddParameter): Name = "Temperature Rating"; Value = "X7R"; VariantName = "[No Variations]"
Add component (AddParameter): Name = "Tolerance"; Value = "±10%"; VariantName = "[No Variations]"
Add component (AddParameter): Name = "Value"; Value = "1µF"; VariantName = "[No Variations]"
Added Component: Designator=C17(0603)
Add component (AddParameter): Name = "Digikey Part Number"; Value = "490-GCM188L81H103KA03DCT-ND"; VariantName = "[No Variations]"
Add component (AddParameter): Name = "Manufacturer"; Value = "muRata"; VariantName = "[No Variations]"
Add component (AddParameter): Name = "Material"; Value = "MLCC"; VariantName = "[No Variations]"
Add component (AddParameter): Name = "Part Number"; Value = "GCM188L81H103KA03D"; VariantName = "[No Variations]"
Add component (AddParameter): Name = "Rated Voltage"; Value = "50V"; VariantName = "[No Variations]"
Add component (AddParameter): Name = "Temperature Rating"; Value = "X8L"; VariantName = "[No Variations]"
Add component (AddParameter): Name = "Tolerance"; Value = "±10%"; VariantName = "[No Variations]"
Add component (AddParameter): Name = "Value"; Value = "10nF"; VariantName = "[No Variations]"
Added Component: Designator=C18(0603)
Add component (AddParameter): Name = "Digikey Part Number"; Value = "490-6049-1-ND"; VariantName = "[No Variations]"
Add component (AddParameter): Name = "Manufacturer"; Value = "muRata"; VariantName = "[No Variations]"
Add component (AddParameter): Name = "Material"; Value = "MLCC"; VariantName = "[No Variations]"
Add component (AddParameter): Name = "Part Number"; Value = "GCM188L81H104KA57D"; VariantName = "[No Variations]"
Add component (AddParameter): Name = "Rated Voltage"; Value = "50V"; VariantName = "[No Variations]"
Add component (AddParameter): Name = "Temperature Rating"; Value = "X8L"; VariantName = "[No Variations]"
Add component (AddParameter): Name = "Tolerance"; Value = "±10%"; VariantName = "[No Variations]"
Add component (AddParameter): Name = "Value"; Value = "100nF"; VariantName = "[No Variations]"
Added Component: Designator=C33(0805)
Add component (AddParameter): Name = "Digikey Part Number"; Value = "490-10514-6-ND"; VariantName = "[No Variations]"
Add component (AddParameter): Name = "Manufacturer"; Value = "muRata"; VariantName = "[No Variations]"
Add component (AddParameter): Name = "Material"; Value = "MLCC"; VariantName = "[No Variations]"
Add component (AddParameter): Name = "Part Number"; Value = "GRM21BR6YA106KE43L"; VariantName = "[No Variations]"
Add component (AddParameter): Name = "Rated Voltage"; Value = "50V"; VariantName = "[No Variations]"
Add component (AddParameter): Name = "Temperature Rating"; Value = "X5R"; VariantName = "[No Variations]"
Add component (AddParameter): Name = "Tolerance"; Value = "10%"; VariantName = "[No Variations]"
Add component (AddParameter): Name = "Value"; Value = "10uF"; VariantName = "[No Variations]"
Added Component: Designator=C34(1206 CAP)
Add component (AddParameter): Name = "Digikey Part Number"; Value = "490-GRM31CR71H475KA12KTR-ND"; VariantName = "[No Variations]"
Add component (AddParameter): Name = "Manufacturer"; Value = "Murata Electronics"; VariantName = "[No Variations]"
Add component (AddParameter): Name = "Material"; Value = "MLCC"; VariantName = "[No Variations]"
Add component (AddParameter): Name = "Part Number"; Value = "GRM31CR71H475KA12K"; VariantName = "[No Variations]"
Add component (AddParameter): Name = "Rated Voltage"; Value = "50V"; VariantName = "[No Variations]"
Add component (AddParameter): Name = "Temperature Rating"; Value = "X7R"; VariantName = "[No Variations]"
Add component (AddParameter): Name = "Tolerance"; Value = "±10%"; VariantName = "[No Variations]"
Add component (AddParameter): Name = "Value"; Value = "4.7uF"; VariantName = "[No Variations]"
Added Component: Designator=D2(0805 LED)
Add component (AddParameter): Name = "Colour"; Value = "Red"; VariantName = "[No Variations]"
Add component (AddParameter): Name = "Digikey Part Number"; Value = "511-1286-1-ND"; VariantName = "[No Variations]"
Add component (AddParameter): Name = "Manufacturer"; Value = "ROHM Semiconductor"; VariantName = "[No Variations]"
Add component (AddParameter): Name = "Part Number"; Value = "SML-210LTT86"; VariantName = "[No Variations]"
Added Component: Designator=D4(0805 LED)
Add component (AddParameter): Name = "Colour"; Value = "Red"; VariantName = "[No Variations]"
Add component (AddParameter): Name = "Digikey Part Number"; Value = "511-1286-1-ND"; VariantName = "[No Variations]"
Add component (AddParameter): Name = "Manufacturer"; Value = "ROHM Semiconductor"; VariantName = "[No Variations]"
Add component (AddParameter): Name = "Part Number"; Value = "SML-210LTT86"; VariantName = "[No Variations]"
Added Component: Designator=F1(2920)
Add component (AddParameter): Name = "Digikey Link"; Value = "https://www.digikey.com/product-detail/en/bel-fuse-inc/0ZCF0100AF2A/507-2070-1-ND/6210547"; VariantName = "[No Variations]"
Add component (AddParameter): Name = "Digikey Part Number"; Value = "507-2070-1-ND"; VariantName = "[No Variations]"
Add component (AddParameter): Name = "Manufacturer"; Value = "Littelfuse Inc."; VariantName = "[No Variations]"
Add component (AddParameter): Name = "Part Number"; Value = "0ZCF0100AF2A"; VariantName = "[No Variations]"
Added Component: Designator=L1(1812)
Add component (AddParameter): Name = "Digikey Part Number"; Value = "945-3429-ND"; VariantName = "[No Variations]"
Add component (AddParameter): Name = "Impedance"; Value = "230mOhm"; VariantName = "[No Variations]"
Add component (AddParameter): Name = "Manufacturer"; Value = "Recom"; VariantName = "[No Variations]"
Add component (AddParameter): Name = "Material"; Value = "Wirewound"; VariantName = "[No Variations]"
Add component (AddParameter): Name = "Part Number"; Value = "RLS-126"; VariantName = "[No Variations]"
Add component (AddParameter): Name = "Rated Current"; Value = "0.8 A"; VariantName = "[No Variations]"
Add component (AddParameter): Name = "Tolerance"; Value = "0.2"; VariantName = "[No Variations]"
Add component (AddParameter): Name = "Value"; Value = "12uH"; VariantName = "[No Variations]"
Added Component: Designator=L3(82473C)
Add component (AddParameter): Name = "Digikey Part Number"; Value = "811-2477-2-ND"; VariantName = "[No Variations]"
Add component (AddParameter): Name = "Impedance"; Value = "1.69 Ohms"; VariantName = "[No Variations]"
Add component (AddParameter): Name = "Manufacturer"; Value = "Murata Power Solutions Inc."; VariantName = "[No Variations]"
Add component (AddParameter): Name = "Material"; Value = "Wirewound"; VariantName = "[No Variations]"
Add component (AddParameter): Name = "Part Number"; Value = "82473C"; VariantName = "[No Variations]"
Add component (AddParameter): Name = "Rated Current"; Value = "250mA"; VariantName = "[No Variations]"
Add component (AddParameter): Name = "Tolerance"; Value = "0.1"; VariantName = "[No Variations]"
Add component (AddParameter): Name = "Value"; Value = "47 uH"; VariantName = "[No Variations]"
Added Component: Designator=R3(0603)
Add component (AddParameter): Name = "Digikey Part Number"; Value = "311-20.0KHRCT-ND"; VariantName = "[No Variations]"
Add component (AddParameter): Name = "Manufacturer"; Value = "YAGEO"; VariantName = "[No Variations]"
Add component (AddParameter): Name = "Material"; Value = "FR-07"; VariantName = "[No Variations]"
Add component (AddParameter): Name = "Part Number"; Value = "RC0603FR-0720KL"; VariantName = "[No Variations]"
Add component (AddParameter): Name = "Rated Power"; Value = "0.1W"; VariantName = "[No Variations]"
Add component (AddParameter): Name = "Tolerance"; Value = "0.01"; VariantName = "[No Variations]"
Add component (AddParameter): Name = "Value"; Value = "20K"; VariantName = "[No Variations]"
Added Component: Designator=R4(0603)
Add component (AddParameter): Name = "Digikey Part Number"; Value = "311-2.00KHRCT-ND"; VariantName = "[No Variations]"
Add component (AddParameter): Name = "Manufacturer"; Value = "YAGEO"; VariantName = "[No Variations]"
Add component (AddParameter): Name = "Material"; Value = "FR-07"; VariantName = "[No Variations]"
Add component (AddParameter): Name = "Part Number"; Value = "RC0603FR-072KL"; VariantName = "[No Variations]"
Add component (AddParameter): Name = "Rated Power"; Value = "0.1W"; VariantName = "[No Variations]"
Add component (AddParameter): Name = "Tolerance"; Value = "0.01"; VariantName = "[No Variations]"
Add component (AddParameter): Name = "Value"; Value = "2K"; VariantName = "[No Variations]"
Added Component: Designator=R5(0603)
Add component (AddParameter): Name = "Digikey Part Number"; Value = "311-1.00KHRCT-ND"; VariantName = "[No Variations]"
Add component (AddParameter): Name = "Manufacturer"; Value = "YAGEO"; VariantName = "[No Variations]"
Add component (AddParameter): Name = "Material"; Value = "FR-07"; VariantName = "[No Variations]"
Add component (AddParameter): Name = "Part Number"; Value = "RC0603FR-071KL"; VariantName = "[No Variations]"
Add component (AddParameter): Name = "Rated Power"; Value = "0.1W"; VariantName = "[No Variations]"
Add component (AddParameter): Name = "Tolerance"; Value = "0.01"; VariantName = "[No Variations]"
Add component (AddParameter): Name = "Value"; Value = "1k"; VariantName = "[No Variations]"
Added Component: Designator=U4(Wurth 4-PC Pad)
Add component (AddParameter): Name = "Digikey Part Number"; Value = "732-1489-1-ND"; VariantName = "[No Variations]"
Add component (AddParameter): Name = "Impedance"; Value = "460 Ohms @ 30MHz"; VariantName = "[No Variations]"
Add component (AddParameter): Name = "Manufacturer"; Value = "Wurth Electronics Inc"; VariantName = "[No Variations]"
Add component (AddParameter): Name = "Material"; Value = "Wirewound"; VariantName = "[No Variations]"
Add component (AddParameter): Name = "Part Number"; Value = "744272121"; VariantName = "[No Variations]"
Add component (AddParameter): Name = "Rated Current"; Value = "2.5 A"; VariantName = "[No Variations]"
Add component (AddParameter): Name = "Value"; Value = "120uH @ 100kHz"; VariantName = "[No Variations]"
Added Component: Designator=U5(TI_10_WSON)
Add component (AddParameter): Name = "Digikey Part Number"; Value = "296-50359-1-ND"; VariantName = "[No Variations]"
Add component (AddParameter): Name = "Input Voltage"; Value = "4.5 to 36 V"; VariantName = "[No Variations]"
Add component (AddParameter): Name = "Manufacturer"; Value = "Texas Instruments"; VariantName = "[No Variations]"
Add component (AddParameter): Name = "Output Current"; Value = "1.0 A"; VariantName = "[No Variations]"
Add component (AddParameter): Name = "Output Voltage"; Value = "5V"; VariantName = "[No Variations]"
Add component (AddParameter): Name = "Part Number"; Value = "LM536015QDSXRQ1"; VariantName = "[No Variations]"
Added Pin To Net: NetName=0V Pin=C8-1
Added Pin To Net: NetName=NetC8_2 Pin=C8-2
Added Pin To Net: NetName=0V Pin=C9-1
Added Pin To Net: NetName=VBAT_F Pin=C9-2
Added Pin To Net: NetName=0V Pin=C10-1
Added Pin To Net: NetName=VBAT_F Pin=C10-2
Added Pin To Net: NetName=GLV- Pin=C11-1
Added Pin To Net: NetName=NetC11_2 Pin=C11-2
Added Pin To Net: NetName=GLV- Pin=C12-1
Added Pin To Net: NetName=VBAT_D Pin=C12-2
Added Pin To Net: NetName=GLV- Pin=C13-1
Added Pin To Net: NetName=VBAT_D Pin=C13-2
Added Pin To Net: NetName=0V Pin=C14-1
Added Pin To Net: NetName=VBAT_F Pin=C14-2
Added Pin To Net: NetName=0V Pin=C15-1
Added Pin To Net: NetName=VBAT_F Pin=C15-2
Added Pin To Net: NetName=0V Pin=C16-1
Added Pin To Net: NetName=NetC16_2 Pin=C16-2
Added Pin To Net: NetName=0V Pin=C17-1
Added Pin To Net: NetName=5V Pin=C17-2
Added Pin To Net: NetName=NetC18_1 Pin=C18-1
Added Pin To Net: NetName=NetC18_2 Pin=C18-2
Added Pin To Net: NetName=0V Pin=C33-1
Added Pin To Net: NetName=5V Pin=C33-2
Added Pin To Net: NetName=0V_(ISO) Pin=C34-1
Added Pin To Net: NetName=3V3 Pin=C34-2
Added Pin To Net: NetName=VBAT_F Pin=D2-A
Added Pin To Net: NetName=NetD2_K Pin=D2-K
Added Pin To Net: NetName=5V Pin=D4-A
Added Pin To Net: NetName=NetD4_K Pin=D4-K
Added Pin To Net: NetName=GLV+ Pin=F1-1
Added Pin To Net: NetName=NetC11_2 Pin=F1-2
Added Pin To Net: NetName=VBAT_F Pin=L1-1
Added Pin To Net: NetName=NetC8_2 Pin=L1-2
Added Pin To Net: NetName=3V3 Pin=L3-1
Added Pin To Net: NetName=NetL3_2 Pin=L3-2
Added Pin To Net: NetName=0V Pin=R3-1
Added Pin To Net: NetName=NetD2_K Pin=R3-2
Added Pin To Net: NetName=0V Pin=R4-1
Added Pin To Net: NetName=NetD4_K Pin=R4-2
Added Pin To Net: NetName=0V_(ISO) Pin=R5-1
Added Pin To Net: NetName=NetD5_K Pin=R5-2
Added Pin To Net: NetName=VBAT_D Pin=U4-1
Added Pin To Net: NetName=NetC8_2 Pin=U4-2
Added Pin To Net: NetName=0V Pin=U4-3
Added Pin To Net: NetName=GLV- Pin=U4-4
Added Pin To Net: NetName=NetC18_1 Pin=U5-1
Added Pin To Net: NetName=NetC18_2 Pin=U5-2
Added Pin To Net: NetName=NetC16_2 Pin=U5-3
Added Pin To Net: NetName=5V Pin=U5-4
Added Pin To Net: NetName=0V Pin=U5-5
Added Pin To Net: NetName=VBAT_F Pin=U5-7
Added Pin To Net: NetName=VBAT_F Pin=U5-8
Added Pin To Net: NetName=0V Pin=U5-9
Added Pin To Net: NetName=0V Pin=U5-10
Added Pin To Net: NetName=0V Pin=U5-11
Added Member To Class: ClassName=Power Supply Member=Component C8 10uF
Added Member To Class: ClassName=Power Supply Member=Component C9 10uF
Added Member To Class: ClassName=Power Supply Member=Component C10 100nF
Added Member To Class: ClassName=Power Supply Member=Component C11 100nF
Added Member To Class: ClassName=Power Supply Member=Component C12 100nF
Added Member To Class: ClassName=Power Supply Member=Component C13 47uF
Added Member To Class: ClassName=Power Supply Member=Component C14 4.7uF
Added Member To Class: ClassName=Power Supply Member=Component C15 100nF
Added Member To Class: ClassName=Power Supply Member=Component C16 1µF
Added Member To Class: ClassName=Power Supply Member=Component C17 10nF
Added Member To Class: ClassName=Power Supply Member=Component C18 100nF
Added Member To Class: ClassName=Power Supply Member=Component C33 10uF
Added Member To Class: ClassName=Power Supply Member=Component C34 4.7uF
Added Member To Class: ClassName=Power Supply Member=Component D2 Red
Added Member To Class: ClassName=Power Supply Member=Component D4 Red
Added Member To Class: ClassName=Power Supply Member=Component F1 0ZCF0100AF2A
Added Member To Class: ClassName=Power Supply Member=Component L1 12uH
Added Member To Class: ClassName=Power Supply Member=Component L3 47 uH
Added Member To Class: ClassName=Power Supply Member=Component R3 20K
Added Member To Class: ClassName=Power Supply Member=Component R4 2K
Added Member To Class: ClassName=Power Supply Member=Component R5 1k
Added Member To Class: ClassName=Power Supply Member=Component U4 744272121
Added Member To Class: ClassName=Power Supply Member=Component U5 LM536015QDSXRQ1
