Remove Pin from Net: Failed to remove Pin
Removed Member From Class: ClassName=TSAL Member=D2
Removed Member From Class: ClassName=HV SENSE Member=R41
Removed Member From Class: ClassName=HV SENSE Member=U5
Added Component: Designator=C54(0603)
Add component (AddParameter): Name = "Digikey Part Number"; Value = "490-6049-1-ND"; VariantName = "[No Variations]"
Add component (AddParameter): Name = "Manufacturer"; Value = "muRata"; VariantName = "[No Variations]"
Add component (AddParameter): Name = "Material"; Value = "MLCC"; VariantName = "[No Variations]"
Add component (AddParameter): Name = "Part Number"; Value = "GCM188L81H104KA57D"; VariantName = "[No Variations]"
Add component (AddParameter): Name = "Rated Voltage"; Value = "50V"; VariantName = "[No Variations]"
Add component (AddParameter): Name = "Temperature Rating"; Value = "X8L"; VariantName = "[No Variations]"
Add component (AddParameter): Name = "Tolerance"; Value = "±10%"; VariantName = "[No Variations]"
Add component (AddParameter): Name = "Value"; Value = "100nF"; VariantName = "[No Variations]"
Added Pin To Net: NetName=0V Pin=C54-1
Added Pin To Net: NetName=5V Pin=C54-2
Add Pin To Net: Unknown Pin: Pin P12-2
Added Member To Class: ClassName=Power Supply Member=Component C16 1µF
Added Member To Class: ClassName=TSAL Member=Component C54 100nF
Added Member To Class: ClassName=TSAL Member=Component D14 Orange
Added Member To Class: ClassName=TSAL Member=Component Q4 SQ2308CES-T1_GE3
Added Member To Class: ClassName=HV SENSE Member=Component R6 10K (Var)
Added Member To Class: ClassName=HV SENSE Member=Component U17 ADuM210N
