Added Component: Designator=R4(3339P-1-1103LF)
Add component (AddParameter): Name = "Manufacturer"; Value = "Bournes Inc"; VariantName = "[No Variations]"
Add component (AddParameter): Name = "Part Number"; Value = "3339P-1-1103LF"; VariantName = "[No Variations]"
Add component (AddParameter): Name = "Rated Power"; Value = "0.5W"; VariantName = "[No Variations]"
Add component (AddParameter): Name = "Tolerance"; Value = "0.1"; VariantName = "[No Variations]"
Add component (AddParameter): Name = "Value"; Value = "10K (Var)"; VariantName = "[No Variations]"
Added Component: Designator=R5(3339P-1-1103LF)
Add component (AddParameter): Name = "Manufacturer"; Value = "Bournes Inc"; VariantName = "[No Variations]"
Add component (AddParameter): Name = "Part Number"; Value = "3339P-1-1103LF"; VariantName = "[No Variations]"
Add component (AddParameter): Name = "Rated Power"; Value = "0.5W"; VariantName = "[No Variations]"
Add component (AddParameter): Name = "Tolerance"; Value = "0.1"; VariantName = "[No Variations]"
Add component (AddParameter): Name = "Value"; Value = "10K (Var)"; VariantName = "[No Variations]"
Added Pin To Net: NetName=5V Pin=R4-1
Added Pin To Net: NetName=H REF 1 Pin=R4-2
Added Pin To Net: NetName=0V Pin=R4-3
Added Pin To Net: NetName=5V Pin=R5-1
Added Pin To Net: NetName=L REF Pin=R5-2
Added Pin To Net: NetName=0V Pin=R5-3
Added Member To Class: ClassName=BSPD Member=Component R4 10K (Var)
Added Member To Class: ClassName=BSPD Member=Component R5 10K (Var)
Added Room: Name=BSPD
