Removed Pin From Net: NetName=0V Pin=ADC1-17
Removed Pin From Net: NetName=0V_(ISO) Pin=U6-37
Removed Member From Class: ClassName=Power Supply Member=U17
Change Component Designator: OldDesignator=C31 NewDesignator=C30
Change Component Designator: OldDesignator=C32 NewDesignator=C31
Change Component Designator: OldDesignator=C33 NewDesignator=C32
Change Component Designator: OldDesignator=C36 NewDesignator=C33
Change Component Designator: OldDesignator=C37 NewDesignator=C34
Change Component Designator: OldDesignator=C39 NewDesignator=C35
Change Component Designator: OldDesignator=C40 NewDesignator=C36
Change Component Designator: OldDesignator=C41 NewDesignator=C37
Change Component Designator: OldDesignator=C42 NewDesignator=C38
Change Component Designator: OldDesignator=C43 NewDesignator=C39
Change Component Designator: OldDesignator=C44 NewDesignator=C40
Change Component Designator: OldDesignator=C45 NewDesignator=C41
Change Component Designator: OldDesignator=C46 NewDesignator=C42
Change Component Designator: OldDesignator=C47 NewDesignator=C43
Change Component Designator: OldDesignator=C48 NewDesignator=C44
Change Component Designator: OldDesignator=C49 NewDesignator=C45
Change Component Designator: OldDesignator=C50 NewDesignator=C46
Change Component Designator: OldDesignator=C51 NewDesignator=C47
Change Component Designator: OldDesignator=C52 NewDesignator=C48
Change Component Designator: OldDesignator=C53 NewDesignator=C49
Change Component Designator: OldDesignator=L2 NewDesignator=L3
Change Component Designator: OldDesignator=L3 NewDesignator=L2
Change Component Designator: OldDesignator=P2 NewDesignator=P1
Change Component Designator: OldDesignator=P5 NewDesignator=P3
Change Component Designator: OldDesignator=P6 NewDesignator=P4
Change Component Designator: OldDesignator=P7 NewDesignator=P5
Change Component Designator: OldDesignator=P8 NewDesignator=P6
Change Component Designator: OldDesignator=P9 NewDesignator=P7
Change Component Designator: OldDesignator=P NewDesignator=P2
Change Component Designator: OldDesignator=R17 NewDesignator=R16
Change Component Designator: OldDesignator=R18 NewDesignator=R17
Change Component Designator: OldDesignator=R19 NewDesignator=R18
Change Component Designator: OldDesignator=R20 NewDesignator=R19
Change Component Designator: OldDesignator=R21 NewDesignator=R20
Change Component Designator: OldDesignator=R23 NewDesignator=R21
Change Component Designator: OldDesignator=R24 NewDesignator=R22
Change Component Designator: OldDesignator=R27 NewDesignator=R23
Change Component Designator: OldDesignator=R28 NewDesignator=R24
Change Component Designator: OldDesignator=R29 NewDesignator=R25
Change Component Designator: OldDesignator=R30 NewDesignator=R26
Change Component Designator: OldDesignator=R31 NewDesignator=R27
Change Component Designator: OldDesignator=R32 NewDesignator=R28
Change Component Designator: OldDesignator=R33 NewDesignator=R29
Change Component Designator: OldDesignator=R34 NewDesignator=R30
Change Component Designator: OldDesignator=R35 NewDesignator=R31
Change Component Designator: OldDesignator=R36 NewDesignator=R32
Change Component Designator: OldDesignator=R37 NewDesignator=R33
Change Component Designator: OldDesignator=R38 NewDesignator=R34
Change Component Designator: OldDesignator=U2 NewDesignator=U3
Change Component Designator: OldDesignator=U3 NewDesignator=U4
Change Component Designator: OldDesignator=U4 NewDesignator=U5
Change Component Designator: OldDesignator=U5 NewDesignator=U6
Change Component Designator: OldDesignator=U6 NewDesignator=U7
Change Component Designator: OldDesignator=U7 NewDesignator=U8
Change Component Designator: OldDesignator=U8 NewDesignator=U9
Change Component Designator: OldDesignator=U9 NewDesignator=U10
Change Component Designator: OldDesignator=U10 NewDesignator=U11
Change Component Designator: OldDesignator=U11 NewDesignator=U12
Change Component Designator: OldDesignator=U12 NewDesignator=U13
Change Component Designator: OldDesignator=U13 NewDesignator=U14
Change Component Designator: OldDesignator=U14 NewDesignator=U15
Change Component Designator: OldDesignator=U15 NewDesignator=U16
Change Component Designator: OldDesignator=U17 NewDesignator=U2
Change Net Name : Old Net Name=NetC32_2 New Net Name=NetC31_2
Change Net Name : Old Net Name=NetL2_2 New Net Name=NetL3_2
Change Net Name : Old Net Name=NetP9_1 New Net Name=NetP7_1
Change Net Name : Old Net Name=NetP9_2 New Net Name=NetP7_2
Change Net Name : Old Net Name=NetR18_1 New Net Name=NetR17_1
Change Net Name : Old Net Name=NetR28_1 New Net Name=NetR24_1
Change Net Name : Old Net Name=NetR29_1 New Net Name=NetR25_1
Change Net Name : Old Net Name=NetR36_1 New Net Name=NetR32_1
Change Net Name : Old Net Name=NetR38_1 New Net Name=NetR34_1
Change Net Name : Old Net Name=NetU6_9 New Net Name=NetU7_9
Change Net Name : Old Net Name=NetU6_10 New Net Name=NetU7_10
Change Net Name : Old Net Name=NetU6_12 New Net Name=NetU7_12
Change Net Name : Old Net Name=NetU6_13 New Net Name=NetU7_13
Change Net Name : Old Net Name=NetU6_14 New Net Name=NetU7_14
Change Net Name : Old Net Name=NetU6_15 New Net Name=NetU7_15
Change Net Name : Old Net Name=NetU6_16 New Net Name=NetU7_16
Change Net Name : Old Net Name=NetU6_17 New Net Name=NetU7_17
Change Net Name : Old Net Name=NetU8_1 New Net Name=NetU9_1
Change Net Name : Old Net Name=NetU8_2 New Net Name=NetU9_2
Change Net Name : Old Net Name=NetU8_3 New Net Name=NetU9_3
Change Net Name : Old Net Name=NetU8_4 New Net Name=NetU9_4
Change Net Name : Old Net Name=NetU8_5 New Net Name=NetU9_5
Change Net Name : Old Net Name=NetU8_6 New Net Name=NetU9_6
Change Net Name : Old Net Name=NetU8_7 New Net Name=NetU9_7
Change Net Name : Old Net Name=NetU8_14 New Net Name=NetU9_14
Change Net Name : Old Net Name=NetU8_15 New Net Name=NetU9_15
Change Net Name : Old Net Name=NetU10_3 New Net Name=NetU11_3
Change Net Name : Old Net Name=NetU10_6 New Net Name=NetU11_6
Added Member To Class: ClassName=Power Supply Member=Component U3 R2S-053.3/P
Added Room: Name=BSPD
Added Room: Name=CAN
Added Room: Name=Isolation
Added Room: Name=Microcontroller
Added Room: Name=Power Supply
Added Room: Name=Safety Loop
Added Room: Name=TopLevel
