Added Component: Designator=C14(1206 CAP)
Add component (AddParameter): Name = "Digikey Part Number"; Value = "490-GRM31CR71H475KA12KTR-ND"; VariantName = "[No Variations]"
Add component (AddParameter): Name = "Manufacturer"; Value = "Murata Electronics"; VariantName = "[No Variations]"
Add component (AddParameter): Name = "Material"; Value = "MLCC"; VariantName = "[No Variations]"
Add component (AddParameter): Name = "Part Number"; Value = "GRM31CR71H475KA12K"; VariantName = "[No Variations]"
Add component (AddParameter): Name = "Rated Voltage"; Value = "50V"; VariantName = "[No Variations]"
Add component (AddParameter): Name = "Temperature Rating"; Value = "X7R"; VariantName = "[No Variations]"
Add component (AddParameter): Name = "Tolerance"; Value = "±10%"; VariantName = "[No Variations]"
Add component (AddParameter): Name = "Value"; Value = "4.7uF"; VariantName = "[No Variations]"
Added Component: Designator=C15(0805)
Add component (AddParameter): Name = "Digikey Part Number"; Value = "490-10675-1-ND"; VariantName = "[No Variations]"
Add component (AddParameter): Name = "Manufacturer"; Value = "muRata"; VariantName = "[No Variations]"
Add component (AddParameter): Name = "Material"; Value = "MLCC"; VariantName = "[No Variations]"
Add component (AddParameter): Name = "Part Number"; Value = "GCM21BR71H105KA03L"; VariantName = "[No Variations]"
Add component (AddParameter): Name = "Rated Voltage"; Value = "50V"; VariantName = "[No Variations]"
Add component (AddParameter): Name = "Temperature Rating"; Value = "X7R"; VariantName = "[No Variations]"
Add component (AddParameter): Name = "Tolerance"; Value = "±10%"; VariantName = "[No Variations]"
Add component (AddParameter): Name = "Value"; Value = "1µF"; VariantName = "[No Variations]"
Added Component: Designator=C16(0603)
Add component (AddParameter): Name = "Digikey Part Number"; Value = "490-6049-1-ND"; VariantName = "[No Variations]"
Add component (AddParameter): Name = "Manufacturer"; Value = "muRata"; VariantName = "[No Variations]"
Add component (AddParameter): Name = "Material"; Value = "MLCC"; VariantName = "[No Variations]"
Add component (AddParameter): Name = "Part Number"; Value = "GCM188L81H104KA57D"; VariantName = "[No Variations]"
Add component (AddParameter): Name = "Rated Voltage"; Value = "50V"; VariantName = "[No Variations]"
Add component (AddParameter): Name = "Temperature Rating"; Value = "X8L"; VariantName = "[No Variations]"
Add component (AddParameter): Name = "Tolerance"; Value = "±10%"; VariantName = "[No Variations]"
Add component (AddParameter): Name = "Value"; Value = "100nF"; VariantName = "[No Variations]"
Added Component: Designator=C26(0603)
Add component (AddParameter): Name = "Digikey Part Number"; Value = "490-6049-1-ND"; VariantName = "[No Variations]"
Add component (AddParameter): Name = "Manufacturer"; Value = "muRata"; VariantName = "[No Variations]"
Add component (AddParameter): Name = "Material"; Value = "MLCC"; VariantName = "[No Variations]"
Add component (AddParameter): Name = "Part Number"; Value = "GCM188L81H104KA57D"; VariantName = "[No Variations]"
Add component (AddParameter): Name = "Rated Voltage"; Value = "50V"; VariantName = "[No Variations]"
Add component (AddParameter): Name = "Temperature Rating"; Value = "X8L"; VariantName = "[No Variations]"
Add component (AddParameter): Name = "Tolerance"; Value = "±10%"; VariantName = "[No Variations]"
Add component (AddParameter): Name = "Value"; Value = "100nF"; VariantName = "[No Variations]"
Added Component: Designator=C27(0805)
Add component (AddParameter): Name = "Digikey Part Number"; Value = "490-10675-1-ND"; VariantName = "[No Variations]"
Add component (AddParameter): Name = "Manufacturer"; Value = "muRata"; VariantName = "[No Variations]"
Add component (AddParameter): Name = "Material"; Value = "MLCC"; VariantName = "[No Variations]"
Add component (AddParameter): Name = "Part Number"; Value = "GCM21BR71H105KA03L"; VariantName = "[No Variations]"
Add component (AddParameter): Name = "Rated Voltage"; Value = "50V"; VariantName = "[No Variations]"
Add component (AddParameter): Name = "Temperature Rating"; Value = "X7R"; VariantName = "[No Variations]"
Add component (AddParameter): Name = "Tolerance"; Value = "±10%"; VariantName = "[No Variations]"
Add component (AddParameter): Name = "Value"; Value = "1µF"; VariantName = "[No Variations]"
Added Component: Designator=C42(0603)
Add component (AddParameter): Name = "Digikey Part Number"; Value = "490-6049-1-ND"; VariantName = "[No Variations]"
Add component (AddParameter): Name = "Manufacturer"; Value = "muRata"; VariantName = "[No Variations]"
Add component (AddParameter): Name = "Material"; Value = "MLCC"; VariantName = "[No Variations]"
Add component (AddParameter): Name = "Part Number"; Value = "GCM188L81H104KA57D"; VariantName = "[No Variations]"
Add component (AddParameter): Name = "Rated Voltage"; Value = "50V"; VariantName = "[No Variations]"
Add component (AddParameter): Name = "Temperature Rating"; Value = "X8L"; VariantName = "[No Variations]"
Add component (AddParameter): Name = "Tolerance"; Value = "±10%"; VariantName = "[No Variations]"
Add component (AddParameter): Name = "Value"; Value = "100nF"; VariantName = "[No Variations]"
Added Component: Designator=R3(0603)
Add component (AddParameter): Name = "Digikey Part Number"; Value = "311-10.0KHRCT-ND"; VariantName = "[No Variations]"
Add component (AddParameter): Name = "Manufacturer"; Value = "YAGEO"; VariantName = "[No Variations]"
Add component (AddParameter): Name = "Material"; Value = "FR-07"; VariantName = "[No Variations]"
Add component (AddParameter): Name = "Part Number"; Value = "RC0603FR-0710KL"; VariantName = "[No Variations]"
Add component (AddParameter): Name = "Rated Power"; Value = "0.1W"; VariantName = "[No Variations]"
Add component (AddParameter): Name = "Tolerance"; Value = "0.01"; VariantName = "[No Variations]"
Add component (AddParameter): Name = "Value"; Value = "10k"; VariantName = "[No Variations]"
Added Component: Designator=R13(0603)
Add component (AddParameter): Name = "Digikey Part Number"; Value = "13-RC0603JR-13680RLCT-ND"; VariantName = "[No Variations]"
Add component (AddParameter): Name = "Manufacturer"; Value = "YAGEO"; VariantName = "[No Variations]"
Add component (AddParameter): Name = "Material"; Value = "FR-07"; VariantName = "[No Variations]"
Add component (AddParameter): Name = "Part Number"; Value = "RC0603JR-13680RL"; VariantName = "[No Variations]"
Add component (AddParameter): Name = "Rated Power"; Value = "0.1W"; VariantName = "[No Variations]"
Add component (AddParameter): Name = "Tolerance"; Value = "0.01"; VariantName = "[No Variations]"
Add component (AddParameter): Name = "Value"; Value = "680R"; VariantName = "[No Variations]"
Added Component: Designator=U3(TI SOT-23-5)
Add component (AddParameter): Name = "Digikey Part Number"; Value = "296-27780-1-ND"; VariantName = "[No Variations]"
Add component (AddParameter): Name = "Input Voltage"; Value = "2 to 5.5 V"; VariantName = "[No Variations]"
Add component (AddParameter): Name = "Manufacturer"; Value = "Texas Instruments"; VariantName = "[No Variations]"
Add component (AddParameter): Name = "Output Current"; Value = "0.2 A"; VariantName = "[No Variations]"
Add component (AddParameter): Name = "Output Voltage"; Value = "3.3 V"; VariantName = "[No Variations]"
Add component (AddParameter): Name = "Part Number"; Value = "TLV70033-Q1"; VariantName = "[No Variations]"
Added Component: Designator=U4(SOIC127P600X175-8N)
Add component (AddParameter): Name = "Arrow Part Number"; Value = "TJA1042T/1J"; VariantName = "[No Variations]"
Add component (AddParameter): Name = "Arrow Price/Stock"; Value = "https://www.arrow.com/en/products/tja1042t1j/nxp-semiconductors?region=nac"; VariantName = "[No Variations]"
Add component (AddParameter): Name = "Datasheet Link"; Value = "http://www.nxp.com/docs/en/data-sheet/TJA1042.pdf"; VariantName = "[No Variations]"
Add component (AddParameter): Name = "Height"; Value = "1.75mm"; VariantName = "[No Variations]"
Add component (AddParameter): Name = "Manufacturer_Name"; Value = "NXP"; VariantName = "[No Variations]"
Add component (AddParameter): Name = "Manufacturer_Part_Number"; Value = "TJA1042T/1J"; VariantName = "[No Variations]"
Add component (AddParameter): Name = "Mouser Part Number"; Value = "771-TJA1042T/1J"; VariantName = "[No Variations]"
Add component (AddParameter): Name = "Mouser Price/Stock"; Value = "https://www.mouser.co.uk/ProductDetail/NXP-Semiconductors/TJA1042T-1J?qs=gNSudQoqUYB5nZpx0evBtw%3D%3D"; VariantName = "[No Variations]"
Added Pin To Net: NetName=0V Pin=C14-1
Added Pin To Net: NetName=VBAT_F Pin=C14-2
Added Pin To Net: NetName=0V Pin=C15-1
Added Pin To Net: NetName=5V Pin=C15-2
Added Pin To Net: NetName=0V Pin=C16-1
Added Pin To Net: NetName=5V Pin=C16-2
Added Pin To Net: NetName=0V Pin=C26-1
Added Pin To Net: NetName=3V3 Pin=C26-2
Added Pin To Net: NetName=0V Pin=C27-1
Added Pin To Net: NetName=3V3 Pin=C27-2
Added Pin To Net: NetName=0V Pin=C42-1
Added Pin To Net: NetName=5V Pin=C42-2
Added Pin To Net: NetName=5V Pin=R3-1
Added Pin To Net: NetName=0V Pin=R13-1
Added Pin To Net: NetName=NetD5_K Pin=R13-2
Added Pin To Net: NetName=5V Pin=U3-1
Added Pin To Net: NetName=0V Pin=U3-2
Added Pin To Net: NetName=5V Pin=U3-3
Added Pin To Net: NetName=3V3 Pin=U3-5
Added Pin To Net: NetName=NetR10_1 Pin=U4-1
Added Pin To Net: NetName=0V Pin=U4-2
Added Pin To Net: NetName=5V Pin=U4-3
Added Pin To Net: NetName=NetR9_1 Pin=U4-4
Added Pin To Net: NetName=NetC19_2 Pin=U4-6
Added Pin To Net: NetName=NetC20_2 Pin=U4-7
Added Pin To Net: NetName=0V Pin=U4-8
Added Pin To Net: NetName=NetR3_2 Pin=R3-2
Added Pin To Net: NetName=NetR3_2 Pin=U2-6
Added Net: Name=NetR3_2
Added Member To Class: ClassName=Power Supply Member=Component C14 4.7uF
Added Member To Class: ClassName=Power Supply Member=Component C15 1µF
Added Member To Class: ClassName=Power Supply Member=Component C16 100nF
Added Member To Class: ClassName=Power Supply Member=Component C26 100nF
Added Member To Class: ClassName=Power Supply Member=Component C27 1µF
Added Member To Class: ClassName=CAN Member=Component C42 100nF
Added Member To Class: ClassName=Power Supply Member=Component R3 100k
Added Member To Class: ClassName=Power Supply Member=Component R13 680R
Added Member To Class: ClassName=Power Supply Member=Component U3 TLV70033-Q1
Added Member To Class: ClassName=CAN Member=Component U4 TJA1042T_1J
Added Room: Name=Power Supply
