Removed Pin From Net: NetName=0V Pin=ADC1-17
Removed Pin From Net: NetName=0V_(ISO) Pin=U7-37
Removed Member From Class: ClassName=Safety Loop Member=P5
Removed Member From Class: ClassName=Safety Loop Member=R27
Removed Member From Class: ClassName=Isolation Member=R30
Removed Member From Class: ClassName=Power Supply Member=U4
Removed Member From Class: ClassName=Microcontroller Member=U8
Removed Member From Class: ClassName=BSPD Member=U15
Removed Member From Class: ClassName=Safety Loop Member=U15
Added Pin To Net: NetName=0V Pin=C11-1
Added Pin To Net: NetName=NetL2_2 Pin=L2-2
Added Pin To Net: NetName=NetL2_2 Pin=U2-1
Added Net: Name=NetL2_2
Added Member To Class: ClassName=BSPD Member=Component C33 100nF
Added Member To Class: ClassName=BSPD Member=Component C37 100nF
Added Member To Class: ClassName=BSPD Member=Component C40 100nF
Added Member To Class: ClassName=Isolation Member=Component C48 100nF
Added Member To Class: ClassName=Power Supply Member=Component L3 47 uH
Added Member To Class: ClassName=Safety Loop Member=Component P7 2.54mm
Added Member To Class: ClassName=BSPD Member=Component R18 1.2k
Added Member To Class: ClassName=BSPD Member=Component R21 1.2k
Added Member To Class: ClassName=BSPD Member=Component R28 3339P-1-103LF
Added Member To Class: ClassName=Safety Loop Member=Component R31 680R
Added Member To Class: ClassName=Isolation Member=Component R34 1.2k
Added Member To Class: ClassName=Power Supply Member=Component U2 LM536015QDSXRQ1
Added Member To Class: ClassName=Power Supply Member=Component U3 R2S-053.3/P
Added Member To Class: ClassName=CAN Member=Component U5 B82787C0104H002
Added Member To Class: ClassName=Microcontroller Member=Component U7 STM32F103T8U6
Added Member To Class: ClassName=BSPD Member=Component U9 MC74HC595ADR2G
Added Member To Class: ClassName=BSPD Member=Component U11 SN74HC00DR
Added Member To Class: ClassName=BSPD Member=Component U12 LMV339IDR
Added Member To Class: ClassName=Safety Loop Member=Component U13 ADuM210N
Added Member To Class: ClassName=Isolation Member=Component U14 ADuM1400
Added Room: Name=BSPD
Added Room: Name=CAN
Added Room: Name=Isolation
Added Room: Name=Microcontroller
Added Room: Name=Power Supply
Added Room: Name=Safety Loop
Added Room: Name=TopLevel
