Removed Pin From Net: NetName=0V Pin=ADC1-17
Removed Pin From Net: NetName=0V Pin=C11-1
Removed Pin From Net: NetName=0V_(ISO) Pin=C14-1
Removed Pin From Net: NetName=3V3 Pin=C14-2
Removed Pin From Net: NetName=0V_(ISO) Pin=C44-1
Removed Pin From Net: NetName=3V3 Pin=C44-2
Removed Pin From Net: NetName=0V Pin=C45-1
Removed Pin From Net: NetName=5V Pin=C45-2
Removed Pin From Net: NetName=0V_(ISO) Pin=C46-1
Removed Pin From Net: NetName=3V3 Pin=C46-2
Removed Pin From Net: NetName=0V Pin=C47-1
Removed Pin From Net: NetName=5V Pin=C47-2
Removed Pin From Net: NetName=0V Pin=C48-1
Removed Pin From Net: NetName=5V Pin=C48-2
Removed Pin From Net: NetName=0V_(ISO) Pin=C49-1
Removed Pin From Net: NetName=3V3 Pin=C49-2
Removed Pin From Net: NetName=3V3 Pin=L3-1
Removed Pin From Net: NetName=0V_(ISO) Pin=R3-1
Removed Pin From Net: NetName=NetD5_K Pin=R3-2
Removed Pin From Net: NetName=3V3 Pin=R34-2
Removed Pin From Net: NetName=0V Pin=U3-1
Removed Pin From Net: NetName=5V Pin=U3-2
Removed Pin From Net: NetName=0V_(ISO) Pin=U3-4
Removed Pin From Net: NetName=0V_(ISO) Pin=U7-37
Removed Pin From Net: NetName=5V Pin=U14-1
Removed Pin From Net: NetName=0V Pin=U14-2
Removed Pin From Net: NetName=5kW Pin=U14-3
Removed Pin From Net: NetName=NetR24_1 Pin=U14-4
Removed Pin From Net: NetName=NetR25_1 Pin=U14-5
Removed Pin From Net: NetName=0V Pin=U14-8
Removed Pin From Net: NetName=0V_(ISO) Pin=U14-9
Removed Pin From Net: NetName=3V3 Pin=U14-10
Removed Pin From Net: NetName=0V_(ISO) Pin=U14-15
Removed Pin From Net: NetName=3V3 Pin=U14-16
Removed Pin From Net: NetName=5V Pin=U15-1
Removed Pin From Net: NetName=0V Pin=U15-2
Removed Pin From Net: NetName=BPSD LATCH Pin=U15-3
Removed Pin From Net: NetName=BSPD OK Pin=U15-4
Removed Pin From Net: NetName=0V Pin=U15-8
Removed Pin From Net: NetName=0V_(ISO) Pin=U15-9
Removed Pin From Net: NetName=3V3 Pin=U15-10
Removed Pin From Net: NetName=0V_(ISO) Pin=U15-15
Removed Pin From Net: NetName=3V3 Pin=U15-16
Removed Pin From Net: NetName=3V3 Pin=U16-1
Removed Pin From Net: NetName=0V_(ISO) Pin=U16-2
Removed Pin From Net: NetName=3V3 Pin=U16-7
Removed Pin From Net: NetName=0V_(ISO) Pin=U16-8
Removed Pin From Net: NetName=0V Pin=U16-9
Removed Pin From Net: NetName=5V Pin=U16-10
Removed Pin From Net: NetName=NetADC1_12 Pin=U16-11
Removed Pin From Net: NetName=NetADC1_14 Pin=U16-12
Removed Pin From Net: NetName=NetADC1_13 Pin=U16-13
Removed Pin From Net: NetName=CS (ADC) Pin=U16-14
Removed Pin From Net: NetName=0V Pin=U16-15
Removed Pin From Net: NetName=5V Pin=U16-16
Removed Member From Class: ClassName=Power Supply Member=C14
Removed Member From Class: ClassName=Power Supply Member=L3
Removed Member From Class: ClassName=Power Supply Member=R3
Removed Member From Class: ClassName=Power Supply Member=U3
Added Component: Designator=C?(0603)
Add component (AddParameter): Name = "Digikey Part Number"; Value = "490-6049-1-ND"; VariantName = "[No Variations]"
Add component (AddParameter): Name = "Manufacturer"; Value = "muRata"; VariantName = "[No Variations]"
Add component (AddParameter): Name = "Material"; Value = "MLCC"; VariantName = "[No Variations]"
Add component (AddParameter): Name = "Part Number"; Value = "GCM188L81H104KA57D"; VariantName = "[No Variations]"
Add component (AddParameter): Name = "Rated Voltage"; Value = "50V"; VariantName = "[No Variations]"
Add component (AddParameter): Name = "Temperature Rating"; Value = "X8L"; VariantName = "[No Variations]"
Add component (AddParameter): Name = "Tolerance"; Value = "±10%"; VariantName = "[No Variations]"
Add component (AddParameter): Name = "Value"; Value = "100nF"; VariantName = "[No Variations]"
Added Component: Designator=C?(1206 CAP)
Add component (AddParameter): Name = "Digikey Part Number"; Value = "490-GRM31CR71H475KA12KTR-ND"; VariantName = "[No Variations]"
Add component (AddParameter): Name = "Manufacturer"; Value = "Murata Electronics"; VariantName = "[No Variations]"
Add component (AddParameter): Name = "Material"; Value = "MLCC"; VariantName = "[No Variations]"
Add component (AddParameter): Name = "Part Number"; Value = "GRM31CR71H475KA12K"; VariantName = "[No Variations]"
Add component (AddParameter): Name = "Rated Voltage"; Value = "50V"; VariantName = "[No Variations]"
Add component (AddParameter): Name = "Temperature Rating"; Value = "X7R"; VariantName = "[No Variations]"
Add component (AddParameter): Name = "Tolerance"; Value = "±10%"; VariantName = "[No Variations]"
Add component (AddParameter): Name = "Value"; Value = "4.7uF"; VariantName = "[No Variations]"
Added Component: Designator=C?(0805)
Add component (AddParameter): Name = "Digikey Part Number"; Value = "490-10675-1-ND"; VariantName = "[No Variations]"
Add component (AddParameter): Name = "Manufacturer"; Value = "muRata"; VariantName = "[No Variations]"
Add component (AddParameter): Name = "Material"; Value = "MLCC"; VariantName = "[No Variations]"
Add component (AddParameter): Name = "Part Number"; Value = "GCM21BR71H105KA03L"; VariantName = "[No Variations]"
Add component (AddParameter): Name = "Rated Voltage"; Value = "50V"; VariantName = "[No Variations]"
Add component (AddParameter): Name = "Temperature Rating"; Value = "X7R"; VariantName = "[No Variations]"
Add component (AddParameter): Name = "Tolerance"; Value = "±10%"; VariantName = "[No Variations]"
Add component (AddParameter): Name = "Value"; Value = "1µF"; VariantName = "[No Variations]"
Added Component: Designator=C?(0805)
Add component (AddParameter): Name = "Digikey Part Number"; Value = "490-10675-1-ND"; VariantName = "[No Variations]"
Add component (AddParameter): Name = "Manufacturer"; Value = "muRata"; VariantName = "[No Variations]"
Add component (AddParameter): Name = "Material"; Value = "MLCC"; VariantName = "[No Variations]"
Add component (AddParameter): Name = "Part Number"; Value = "GCM21BR71H105KA03L"; VariantName = "[No Variations]"
Add component (AddParameter): Name = "Rated Voltage"; Value = "50V"; VariantName = "[No Variations]"
Add component (AddParameter): Name = "Temperature Rating"; Value = "X7R"; VariantName = "[No Variations]"
Add component (AddParameter): Name = "Tolerance"; Value = "±10%"; VariantName = "[No Variations]"
Add component (AddParameter): Name = "Value"; Value = "1µF"; VariantName = "[No Variations]"
Added Component: Designator=C?(0603)
Add component (AddParameter): Name = "Digikey Part Number"; Value = "490-6049-1-ND"; VariantName = "[No Variations]"
Add component (AddParameter): Name = "Manufacturer"; Value = "muRata"; VariantName = "[No Variations]"
Add component (AddParameter): Name = "Material"; Value = "MLCC"; VariantName = "[No Variations]"
Add component (AddParameter): Name = "Part Number"; Value = "GCM188L81H104KA57D"; VariantName = "[No Variations]"
Add component (AddParameter): Name = "Rated Voltage"; Value = "50V"; VariantName = "[No Variations]"
Add component (AddParameter): Name = "Temperature Rating"; Value = "X8L"; VariantName = "[No Variations]"
Add component (AddParameter): Name = "Tolerance"; Value = "±10%"; VariantName = "[No Variations]"
Add component (AddParameter): Name = "Value"; Value = "100nF"; VariantName = "[No Variations]"
Added Component: Designator=R?(0603)
Add component (AddParameter): Name = "Digikey Part Number"; Value = "13-RC0603JR-13680RLCT-ND"; VariantName = "[No Variations]"
Add component (AddParameter): Name = "Manufacturer"; Value = "YAGEO"; VariantName = "[No Variations]"
Add component (AddParameter): Name = "Material"; Value = "FR-07"; VariantName = "[No Variations]"
Add component (AddParameter): Name = "Part Number"; Value = "RC0603JR-13680RL"; VariantName = "[No Variations]"
Add component (AddParameter): Name = "Rated Power"; Value = "0.1W"; VariantName = "[No Variations]"
Add component (AddParameter): Name = "Tolerance"; Value = "0.01"; VariantName = "[No Variations]"
Add component (AddParameter): Name = "Value"; Value = "680R"; VariantName = "[No Variations]"
Added Component: Designator=R?(0603)
Add component (AddParameter): Name = "Digikey Part Number"; Value = "311-10.0KHRCT-ND"; VariantName = "[No Variations]"
Add component (AddParameter): Name = "Manufacturer"; Value = "YAGEO"; VariantName = "[No Variations]"
Add component (AddParameter): Name = "Material"; Value = "FR-07"; VariantName = "[No Variations]"
Add component (AddParameter): Name = "Part Number"; Value = "RC0603FR-0710KL"; VariantName = "[No Variations]"
Add component (AddParameter): Name = "Rated Power"; Value = "0.1W"; VariantName = "[No Variations]"
Add component (AddParameter): Name = "Tolerance"; Value = "0.01"; VariantName = "[No Variations]"
Add component (AddParameter): Name = "Value"; Value = "10k"; VariantName = "[No Variations]"
Added Component: Designator=U?(TI SOT-23-5)
Add component (AddParameter): Name = "Digikey Part Number"; Value = "296-27780-1-ND"; VariantName = "[No Variations]"
Add component (AddParameter): Name = "Input Voltage"; Value = "2 to 5.5 V"; VariantName = "[No Variations]"
Add component (AddParameter): Name = "Manufacturer"; Value = "Texas Instruments"; VariantName = "[No Variations]"
Add component (AddParameter): Name = "Output Current"; Value = "0.2 A"; VariantName = "[No Variations]"
Add component (AddParameter): Name = "Output Voltage"; Value = "3.3 V"; VariantName = "[No Variations]"
Add component (AddParameter): Name = "Part Number"; Value = "TLV70033-Q1"; VariantName = "[No Variations]"
Added Pin To Net: NetName=0V Pin=C?-1
Added Pin To Net: NetName=0V Pin=C?-1
Added Pin To Net: NetName=0V Pin=C?-1
Added Pin To Net: NetName=0V Pin=C?-1
Added Pin To Net: NetName=0V Pin=C?-1
Added Pin To Net: NetName=3V3 Pin=C?-2
Added Pin To Net: NetName=3V3 Pin=C?-2
Added Pin To Net: NetName=5V Pin=C?-2
Added Pin To Net: NetName=5V Pin=C?-2
Added Pin To Net: NetName=VBAT_F Pin=C?-2
Added Pin To Net: NetName=0V Pin=R?-1
Added Pin To Net: NetName=5V Pin=R?-1
Added Pin To Net: NetName=NetD5_K Pin=R?-2
Added Pin To Net: NetName=BSPD OK Pin=U7-9
Added Pin To Net: NetName=BPSD LATCH Pin=U7-10
Added Pin To Net: NetName=CS (ADC) Pin=U7-11
Added Pin To Net: NetName=NetADC1_13 Pin=U7-12
Added Pin To Net: NetName=NetADC1_12 Pin=U7-13
Added Pin To Net: NetName=NetADC1_14 Pin=U7-14
Added Pin To Net: NetName=5kW Pin=U7-15
Added Pin To Net: NetName=NetR24_1 Pin=U7-16
Added Pin To Net: NetName=NetR25_1 Pin=U7-17
Added Pin To Net: NetName=5V Pin=U?-1
Added Pin To Net: NetName=0V Pin=U?-2
Added Pin To Net: NetName=5V Pin=U?-3
Added Pin To Net: NetName=3V3 Pin=U?-5
Added Pin To Net: NetName=NetC11_1 Pin=C11-1
Added Pin To Net: NetName=NetC11_1 Pin=L2-2
Added Pin To Net: NetName=NetC11_1 Pin=U2-1
Added Net: Name=NetC11_1
Added Pin To Net: NetName=NetR?_2 Pin=R?-2
Added Pin To Net: NetName=NetR?_2 Pin=U2-6
Added Net: Name=NetR?_2
Added Member To Class: ClassName=Power Supply Member=Component C? 100nF
Added Member To Class: ClassName=Power Supply Member=Component C? 4.7uF
Added Member To Class: ClassName=Power Supply Member=Component C? 1µF
Added Member To Class: ClassName=Power Supply Member=Component C? 1µF
Added Member To Class: ClassName=Power Supply Member=Component C? 100nF
Added Member To Class: ClassName=Microcontroller Member=Component R11 10k
Added Member To Class: ClassName=Power Supply Member=Component R? 680R
Added Member To Class: ClassName=Power Supply Member=Component R? 100k
Added Member To Class: ClassName=Power Supply Member=Component U? TLV70033-Q1
Added Room: Name=BSPD
Added Room: Name=CAN
Added Room: Name=Microcontroller
Added Room: Name=Power Supply
Added Room: Name=Safety Loop
Added Room: Name=TopLevel
