Removed Pin From Net: NetName=0V Pin=C40-1
Removed Pin From Net: NetName=H REF 1 Pin=C40-2
Removed Pin From Net: NetName=5V Pin=R27-1
Removed Pin From Net: NetName=H REF 1 Pin=R27-2
Removed Pin From Net: NetName=0V Pin=R27-3
Removed Pin From Net: NetName=5V Pin=R28-1
Removed Pin From Net: NetName=L REF Pin=R28-2
Removed Pin From Net: NetName=0V Pin=R28-3
Removed Pin From Net: NetName=0V Pin=U7-37
Removed Member From Class: ClassName=BSPD Member=C40
Removed Member From Class: ClassName=BSPD Member=R27
Removed Member From Class: ClassName=BSPD Member=R28
Added Component: Designator=C21(0603)
Add component (AddParameter): Name = "Digikey Part Number"; Value = "490-6049-1-ND"; VariantName = "[No Variations]"
Add component (AddParameter): Name = "Manufacturer"; Value = "muRata"; VariantName = "[No Variations]"
Add component (AddParameter): Name = "Material"; Value = "MLCC"; VariantName = "[No Variations]"
Add component (AddParameter): Name = "Part Number"; Value = "GCM188L81H104KA57D"; VariantName = "[No Variations]"
Add component (AddParameter): Name = "Rated Voltage"; Value = "50V"; VariantName = "[No Variations]"
Add component (AddParameter): Name = "Temperature Rating"; Value = "X8L"; VariantName = "[No Variations]"
Add component (AddParameter): Name = "Tolerance"; Value = "±10%"; VariantName = "[No Variations]"
Add component (AddParameter): Name = "Value"; Value = "100nF"; VariantName = "[No Variations]"
Added Pin To Net: NetName=0V Pin=C21-1
Added Pin To Net: NetName=H REF 1 Pin=C21-2
Add Pin To Net: Unknown Pin: Pin R4-1
Add Pin To Net: Unknown Pin: Pin R4-2
Add Pin To Net: Unknown Pin: Pin R4-3
Add Pin To Net: Unknown Pin: Pin R5-1
Add Pin To Net: Unknown Pin: Pin R5-2
Add Pin To Net: Unknown Pin: Pin R5-3
Added Member To Class: ClassName=BSPD Member=Component C21 100nF
Add Class Member: Failed to add class member : Component R4 10K (Var)
Add Class Member: Failed to add class member : Component R5 10K (Var)
Added Room: Name=BSPD
Added Room: Name=CAN
Added Room: Name=Microcontroller
Added Room: Name=Power Supply
Added Room: Name=Safety Loop
Added Room: Name=TopLevel
