Removed Pin From Net: NetName=0V Pin=C15-1
Removed Pin From Net: NetName=5V Pin=C15-2
Removed Pin From Net: NetName=0V_(ISO) Pin=C16-1
Removed Pin From Net: NetName=3V3 Pin=C16-2
Removed Pin From Net: NetName=0V Pin=C42-1
Removed Pin From Net: NetName=5V Pin=C42-2
Removed Pin From Net: NetName=0V_(ISO) Pin=C43-1
Removed Pin From Net: NetName=3V3 Pin=C43-2
Removed Pin From Net: NetName=3V3 Pin=U4-1
Removed Pin From Net: NetName=NetR10_1 Pin=U4-2
Removed Pin From Net: NetName=NetR9_1 Pin=U4-3
Removed Pin From Net: NetName=0V_(ISO) Pin=U4-4
Removed Pin From Net: NetName=0V Pin=U4-5
Removed Pin From Net: NetName=NetC19_2 Pin=U4-6
Removed Pin From Net: NetName=NetC20_2 Pin=U4-7
Removed Pin From Net: NetName=5V Pin=U4-8
Removed Pin From Net: NetName=5V Pin=U13-1
Removed Pin From Net: NetName=5V Pin=U13-3
Removed Pin From Net: NetName=0V Pin=U13-4
Removed Pin From Net: NetName=0V_(ISO) Pin=U13-5
Removed Pin From Net: NetName=GL_IN_OK Pin=U13-6
Removed Pin From Net: NetName=0V_(ISO) Pin=U13-7
Removed Pin From Net: NetName=3V3 Pin=U13-8
Removed Member From Class: ClassName=CAN Member=C15
Removed Member From Class: ClassName=CAN Member=C16
Removed Member From Class: ClassName=Safety Loop Member=C42
Removed Member From Class: ClassName=Safety Loop Member=C43
Removed Member From Class: ClassName=CAN Member=U4
Removed Member From Class: ClassName=Safety Loop Member=U13
Added Component: Designator=C?(0603)
Add component (AddParameter): Name = "Digikey Part Number"; Value = "490-6049-1-ND"; VariantName = "[No Variations]"
Add component (AddParameter): Name = "Manufacturer"; Value = "muRata"; VariantName = "[No Variations]"
Add component (AddParameter): Name = "Material"; Value = "MLCC"; VariantName = "[No Variations]"
Add component (AddParameter): Name = "Part Number"; Value = "GCM188L81H104KA57D"; VariantName = "[No Variations]"
Add component (AddParameter): Name = "Rated Voltage"; Value = "50V"; VariantName = "[No Variations]"
Add component (AddParameter): Name = "Temperature Rating"; Value = "X8L"; VariantName = "[No Variations]"
Add component (AddParameter): Name = "Tolerance"; Value = "±10%"; VariantName = "[No Variations]"
Add component (AddParameter): Name = "Value"; Value = "100nF"; VariantName = "[No Variations]"
Added Component: Designator=U?(SOIC127P600X175-8N)
Add component (AddParameter): Name = "Arrow Part Number"; Value = "TJA1042T/1J"; VariantName = "[No Variations]"
Add component (AddParameter): Name = "Arrow Price/Stock"; Value = "https://www.arrow.com/en/products/tja1042t1j/nxp-semiconductors?region=nac"; VariantName = "[No Variations]"
Add component (AddParameter): Name = "Datasheet Link"; Value = "http://www.nxp.com/docs/en/data-sheet/TJA1042.pdf"; VariantName = "[No Variations]"
Add component (AddParameter): Name = "Height"; Value = "1.75mm"; VariantName = "[No Variations]"
Add component (AddParameter): Name = "Manufacturer_Name"; Value = "NXP"; VariantName = "[No Variations]"
Add component (AddParameter): Name = "Manufacturer_Part_Number"; Value = "TJA1042T/1J"; VariantName = "[No Variations]"
Add component (AddParameter): Name = "Mouser Part Number"; Value = "771-TJA1042T/1J"; VariantName = "[No Variations]"
Add component (AddParameter): Name = "Mouser Price/Stock"; Value = "https://www.mouser.co.uk/ProductDetail/NXP-Semiconductors/TJA1042T-1J?qs=gNSudQoqUYB5nZpx0evBtw%3D%3D"; VariantName = "[No Variations]"
Added Pin To Net: NetName=0V Pin=C?-1
Added Pin To Net: NetName=5V Pin=C?-2
Added Pin To Net: NetName=GL_IN_OK Pin=D12-K
Added Pin To Net: NetName=GL_IN_OK Pin=R32-1
Added Pin To Net: NetName=NetR10_1 Pin=U?-1
Added Pin To Net: NetName=0V Pin=U?-2
Added Pin To Net: NetName=5V Pin=U?-3
Added Pin To Net: NetName=NetR9_1 Pin=U?-4
Added Pin To Net: NetName=NetC19_2 Pin=U?-6
Added Pin To Net: NetName=NetC20_2 Pin=U?-7
Added Pin To Net: NetName=0V Pin=U?-8
Added Member To Class: ClassName=CAN Member=Component C? 100nF
Added Member To Class: ClassName=Power Supply Member=Component C? 4.7uF
Added Member To Class: ClassName=Power Supply Member=Component C? 100nF
Added Member To Class: ClassName=Power Supply Member=Component C? 100nF
Added Member To Class: ClassName=Power Supply Member=Component C? 1µF
Added Member To Class: ClassName=Power Supply Member=Component R? 100k
Added Member To Class: ClassName=CAN Member=Component U? TJA1042T_1J
