Removed Pin From Net: NetName=BPPS_1 Pin=P6-3
Removed Pin From Net: NetName=BPPS_2 Pin=P6-4
Add Component: Footprint Not Found 0603
Add Component: Footprint Not Found 0603
Add Component: Footprint Not Found 0603
Add Component: Footprint Not Found 0603
Added Pin To Net: NetName=BPPS_1 Pin=ADC1-5
Added Pin To Net: NetName=BPPS_2 Pin=ADC1-6
Add Pin To Net: Unknown Pin: Pin C11-1
Add Pin To Net: Unknown Pin: Pin C11-2
Add Pin To Net: Unknown Pin: Pin C37-1
Add Pin To Net: Unknown Pin: Pin C37-2
Add Pin To Net: Unknown Pin: Pin R30-2
Add Pin To Net: Unknown Pin: Pin R37-2
Add Net: Net with name "BPPS_1" already exists
Add Net: Net with name "BPPS_2" already exists
Add Class Member: Failed to add class member : Component C11 100nF
Add Class Member: Failed to add class member : Component C37 100nF
Add Class Member: Failed to add class member : Component R30 1k
Add Class Member: Failed to add class member : Component R37 1k
Added Room: Name=BSPD
Added Room: Name=CAN
Added Room: Name=Isolation
Added Room: Name=Microcontroller
Added Room: Name=Power Supply
Added Room: Name=Safety Loop
Added Room: Name=TopLevel
