Removed Pin From Net: NetName=0V Pin=C7-1
Removed Pin From Net: NetName=VBAT_F Pin=C7-2
Removed Pin From Net: NetName=0V Pin=C8-1
Removed Pin From Net: NetName=0V Pin=C9-1
Removed Pin From Net: NetName=0V Pin=C10-1
Removed Pin From Net: NetName=0V Pin=C12-1
Removed Pin From Net: NetName=5V Pin=C12-2
Removed Pin From Net: NetName=0V Pin=C13-1
Removed Pin From Net: NetName=5V Pin=C13-2
Removed Pin From Net: NetName=0V Pin=C14-1
Removed Pin From Net: NetName=VBAT_F Pin=C14-2
Removed Pin From Net: NetName=5V Pin=R3-1
Removed Pin From Net: NetName=5V Pin=U2-4
Removed Pin From Net: NetName=0V Pin=U2-5
Removed Pin From Net: NetName=VBAT_F Pin=U2-7
Removed Pin From Net: NetName=VBAT_F Pin=U2-8
Removed Pin From Net: NetName=VBAT_F Pin=U2-9
Removed Pin From Net: NetName=0V Pin=U2-10
Removed Pin From Net: NetName=0V Pin=U2-11
Removed Pin From Net: NetName=0V Pin=U7-37
Removed Member From Class: ClassName=Power Supply Member=C11
Removed Member From Class: ClassName=Power Supply Member=C12
Removed Member From Class: ClassName=Power Supply Member=C13
Removed Member From Class: ClassName=Power Supply Member=C14
Removed Member From Class: ClassName=Power Supply Member=R3
Change Component Footprint: Designator=C8 Old Footprint=0603 New Footprint=0805
Change Component Footprint: Designator=C10 Old Footprint=0603 New Footprint=0805
Change Component Footprint: Designator=C9 Old Footprint=0805 New Footprint=0603
Change Component Footprint: Designator=C7 Old Footprint=1206 CAP New Footprint=0603
Change Component Footprint: Designator=U2 Old Footprint=TI_10_WSON New Footprint=TI-SOT23-6
Change Component Comment : Designator=C9 Old Comment=1µF New Comment=100nF
Change Component Comment : Designator=C7 Old Comment=4.7uF New Comment=100nF
Change Component Comment : Designator=C10 Old Comment=10nF New Comment=10uF
Change Component Comment : Designator=C8 Old Comment=100nF New Comment=2.2uF
Change Component Comment : Designator=U2 Old Comment=LM536015QDSXRQ1 New Comment=LMR50410Y5FQDBVRQ1
Change component parameters: Designator = "C7" ("C7"); Footprint = "1206 CAP"; UniqueID = "\FBAZFRPN\MIYPXLNG" ("\FBAZFRPN\MIYPXLNG")
Change component parameters (AddParameter): Name = "Digikey Part Number"; Value = "490-6049-1-ND"; VariantName = "[No Variations]"
Change component parameters (AddParameter): Name = "Manufacturer"; Value = "muRata"; VariantName = "[No Variations]"
Change component parameters (AddParameter): Name = "Material"; Value = "MLCC"; VariantName = "[No Variations]"
Change component parameters (AddParameter): Name = "Part Number"; Value = "GCM188L81H104KA57D"; VariantName = "[No Variations]"
Change component parameters (AddParameter): Name = "Rated Voltage"; Value = "50V"; VariantName = "[No Variations]"
Change component parameters (AddParameter): Name = "Temperature Rating"; Value = "X8L"; VariantName = "[No Variations]"
Change component parameters (AddParameter): Name = "Tolerance"; Value = "±10%"; VariantName = "[No Variations]"
Change component parameters (AddParameter): Name = "Value"; Value = "100nF"; VariantName = "[No Variations]"
Change component parameters: Designator = "C8" ("C8"); Footprint = "0603"; UniqueID = "\FBAZFRPN\KPAVUYSX" ("\FBAZFRPN\KPAVUYSX")
Change component parameters (AddParameter): Name = "Digikey Part Number"; Value = "490-14467-2-ND"; VariantName = "[No Variations]"
Change component parameters (AddParameter): Name = "Manufacturer"; Value = "Murata Electronics"; VariantName = "[No Variations]"
Change component parameters (AddParameter): Name = "Material"; Value = "MLCC"; VariantName = "[No Variations]"
Change component parameters (AddParameter): Name = "Part Number"; Value = "GRM21BR71E225KE11L"; VariantName = "[No Variations]"
Change component parameters (AddParameter): Name = "Rated Voltage"; Value = "25V"; VariantName = "[No Variations]"
Change component parameters (AddParameter): Name = "Temperature Rating"; Value = "X7R"; VariantName = "[No Variations]"
Change component parameters (AddParameter): Name = "Tolerance"; Value = "±10%"; VariantName = "[No Variations]"
Change component parameters (AddParameter): Name = "Value"; Value = "2.2uF"; VariantName = "[No Variations]"
Change component parameters: Designator = "C9" ("C9"); Footprint = "0805"; UniqueID = "\FBAZFRPN\DHPDRWSI" ("\FBAZFRPN\DHPDRWSI")
Change component parameters (AddParameter): Name = "Digikey Part Number"; Value = "490-6049-1-ND"; VariantName = "[No Variations]"
Change component parameters (AddParameter): Name = "Manufacturer"; Value = "muRata"; VariantName = "[No Variations]"
Change component parameters (AddParameter): Name = "Material"; Value = "MLCC"; VariantName = "[No Variations]"
Change component parameters (AddParameter): Name = "Part Number"; Value = "GCM188L81H104KA57D"; VariantName = "[No Variations]"
Change component parameters (AddParameter): Name = "Rated Voltage"; Value = "50V"; VariantName = "[No Variations]"
Change component parameters (AddParameter): Name = "Temperature Rating"; Value = "X8L"; VariantName = "[No Variations]"
Change component parameters (AddParameter): Name = "Tolerance"; Value = "±10%"; VariantName = "[No Variations]"
Change component parameters (AddParameter): Name = "Value"; Value = "100nF"; VariantName = "[No Variations]"
Change component parameters: Designator = "C10" ("C10"); Footprint = "0603"; UniqueID = "\FBAZFRPN\QSPZAVZM" ("\FBAZFRPN\QSPZAVZM")
Change component parameters (AddParameter): Name = "Digikey Part Number"; Value = "490-10514-6-ND"; VariantName = "[No Variations]"
Change component parameters (AddParameter): Name = "Manufacturer"; Value = "muRata"; VariantName = "[No Variations]"
Change component parameters (AddParameter): Name = "Material"; Value = "MLCC"; VariantName = "[No Variations]"
Change component parameters (AddParameter): Name = "Part Number"; Value = "GRM21BR6YA106KE43L"; VariantName = "[No Variations]"
Change component parameters (AddParameter): Name = "Rated Voltage"; Value = "50V"; VariantName = "[No Variations]"
Change component parameters (AddParameter): Name = "Temperature Rating"; Value = "X5R"; VariantName = "[No Variations]"
Change component parameters (AddParameter): Name = "Tolerance"; Value = "10%"; VariantName = "[No Variations]"
Change component parameters (AddParameter): Name = "Value"; Value = "10uF"; VariantName = "[No Variations]"
Change component parameters: Designator = "L2" ("L2"); Footprint = "SRN3015TA-4R7M"; UniqueID = "\FBAZFRPN\GWUQNIQW" ("\FBAZFRPN\GWUQNIQW")
Change component parameters (AddParameter): Name = "Digikey Part Number"; Value = "SRN3015TA-4R7MCT-ND"; VariantName = "[No Variations]"
Change component parameters (AddParameter): Name = "Impedance"; Value = "84mOhms"; VariantName = "[No Variations]"
Change component parameters (AddParameter): Name = "Manufacturer"; Value = "Bourns"; VariantName = "[No Variations]"
Change component parameters (AddParameter): Name = "Material"; Value = "Wirewound"; VariantName = "[No Variations]"
Change component parameters (AddParameter): Name = "Part Number"; Value = "SRN4018-4R7M"; VariantName = "[No Variations]"
Change component parameters (AddParameter): Name = "Rated Current"; Value = "1.9A"; VariantName = "[No Variations]"
Change component parameters (AddParameter): Name = "Tolerance"; Value = "0.2"; VariantName = "[No Variations]"
Change component parameters (AddParameter): Name = "Value"; Value = "4.7uH"; VariantName = "[No Variations]"
Change component parameters: Designator = "U2" ("U2"); Footprint = "TI_10_WSON"; UniqueID = "\FBAZFRPN\BJFMOMAS" ("\FBAZFRPN\BJFMOMAS")
Change component parameters (AddParameter): Name = "Digikey Part Number"; Value = "296-LMR50410Y5FQDBVRQ1CT-ND"; VariantName = "[No Variations]"
Change component parameters (AddParameter): Name = "Input Voltage"; Value = "4-36V"; VariantName = "[No Variations]"
Change component parameters (AddParameter): Name = "Manufacturer"; Value = "Texas Instruments"; VariantName = "[No Variations]"
Change component parameters (AddParameter): Name = "Output Current"; Value = "1A"; VariantName = "[No Variations]"
Change component parameters (AddParameter): Name = "Output Voltage"; Value = "5V"; VariantName = "[No Variations]"
Change component parameters (AddParameter): Name = "Part Number"; Value = "LMR50410-Q1"; VariantName = "[No Variations]"
Added Pin To Net: NetName=VBAT_F Pin=C9-2
Added Pin To Net: NetName=5V Pin=U2-3
Added Pin To Net: NetName=VBAT_F Pin=U2-4
Added Pin To Net: NetName=VBAT_F Pin=U2-5
Added Pin To Net: NetName=GND Pin=C8-1
Added Pin To Net: NetName=GND Pin=C9-1
Added Pin To Net: NetName=GND Pin=C10-1
Added Pin To Net: NetName=GND Pin=U2-2
Added Net: Name=GND
Added Pin To Net: NetName=NetC7_1 Pin=C7-1
Added Pin To Net: NetName=NetC7_1 Pin=L2-2
Added Pin To Net: NetName=NetC7_1 Pin=U2-6
Added Net: Name=NetC7_1
Added Pin To Net: NetName=NetC7_2 Pin=C7-2
Added Pin To Net: NetName=NetC7_2 Pin=U2-1
Added Net: Name=NetC7_2
Added Room: Name=BSPD
Added Room: Name=CAN
Added Room: Name=Microcontroller
Added Room: Name=Power Supply
Added Room: Name=Safety Loop
Added Room: Name=TopLevel
