Removed Pin From Net: NetName=5V Pin=C7-2
Removed Pin From Net: NetName=5V Pin=C9-2
Removed Pin From Net: NetName=VBAT_F Pin=U2-1
Removed Pin From Net: NetName=0V Pin=U2-2
Removed Pin From Net: NetName=5V Pin=U2-3
Removed Pin From Net: NetName=5V Pin=U13-1
Removed Pin From Net: NetName=0V Pin=U13-2
Removed Pin From Net: NetName=BPSD LATCH Pin=U13-3
Removed Pin From Net: NetName=BSPD OK Pin=U13-4
Removed Pin From Net: NetName=0V Pin=U13-8
Removed Pin From Net: NetName=0V_(ISO) Pin=U13-9
Removed Pin From Net: NetName=3V3 Pin=U13-10
Removed Pin From Net: NetName=0V_(ISO) Pin=U13-15
Removed Pin From Net: NetName=3V3 Pin=U13-16
Removed Pin From Net: NetName=5kW Pin=U14-3
Removed Pin From Net: NetName=NetR26_1 Pin=U14-4
Removed Member From Class: ClassName=BSPD Member=C37
Removed Member From Class: ClassName=BSPD Member=C45
Removed Member From Class: ClassName=BSPD Member=C46
Removed Member From Class: ClassName=BSPD Member=R36
Removed Member From Class: ClassName=Power Supply Member=U3
Change Component Footprint: Designator=C9 Old Footprint=0603 New Footprint=0805
Change Component Footprint: Designator=C7 Old Footprint=0805 New Footprint=1206 CAP
Change Component Comment : Designator=C7 Old Comment=22uF New Comment=4.7uF
Change Component Comment : Designator=C9 Old Comment=100nF New Comment=1µF
Change Component Designator: OldDesignator=C8 NewDesignator=C35
Change Component Designator: OldDesignator=C10 NewDesignator=C38
Change Component Designator: OldDesignator=C11 NewDesignator=C30
Change Component Designator: OldDesignator=C12 NewDesignator=C14
Change Component Designator: OldDesignator=C13 NewDesignator=C15
Change Component Designator: OldDesignator=C14 NewDesignator=C16
Change Component Designator: OldDesignator=C15 NewDesignator=C17
Change Component Designator: OldDesignator=C16 NewDesignator=C18
Change Component Designator: OldDesignator=C17 NewDesignator=C19
Change Component Designator: OldDesignator=C18 NewDesignator=C20
Change Component Designator: OldDesignator=C19 NewDesignator=C21
Change Component Designator: OldDesignator=C20 NewDesignator=C22
Change Component Designator: OldDesignator=C21 NewDesignator=C23
Change Component Designator: OldDesignator=C22 NewDesignator=C24
Change Component Designator: OldDesignator=C23 NewDesignator=C25
Change Component Designator: OldDesignator=C24 NewDesignator=C26
Change Component Designator: OldDesignator=C25 NewDesignator=C27
Change Component Designator: OldDesignator=C26 NewDesignator=C28
Change Component Designator: OldDesignator=C27 NewDesignator=C31
Change Component Designator: OldDesignator=C28 NewDesignator=C32
Change Component Designator: OldDesignator=C29 NewDesignator=C36
Change Component Designator: OldDesignator=C30 NewDesignator=C37
Change Component Designator: OldDesignator=C31 NewDesignator=C39
Change Component Designator: OldDesignator=C32 NewDesignator=C40
Change Component Designator: OldDesignator=C33 NewDesignator=C41
Change Component Designator: OldDesignator=C34 NewDesignator=C42
Change Component Designator: OldDesignator=C35 NewDesignator=C43
Change Component Designator: OldDesignator=C36 NewDesignator=C44
Change Component Designator: OldDesignator=C37 NewDesignator=C34
Change Component Designator: OldDesignator=C38 NewDesignator=C45
Change Component Designator: OldDesignator=C39 NewDesignator=C49
Change Component Designator: OldDesignator=C40 NewDesignator=C48
Change Component Designator: OldDesignator=C41 NewDesignator=C51
Change Component Designator: OldDesignator=C42 NewDesignator=C50
Change Component Designator: OldDesignator=C43 NewDesignator=C52
Change Component Designator: OldDesignator=C44 NewDesignator=C53
Change Component Designator: OldDesignator=C45 NewDesignator=C29
Change Component Designator: OldDesignator=C46 NewDesignator=C33
Change Component Designator: OldDesignator=C47 NewDesignator=C46
Change Component Designator: OldDesignator=C48 NewDesignator=C47
Change Component Designator: OldDesignator=D11 NewDesignator=D10
Change Component Designator: OldDesignator=D12 NewDesignator=D11
Change Component Designator: OldDesignator=P2 NewDesignator=P5
Change Component Designator: OldDesignator=P3 NewDesignator=P6
Change Component Designator: OldDesignator=P4 NewDesignator=P7
Change Component Designator: OldDesignator=P5 NewDesignator=P8
Change Component Designator: OldDesignator=P6 NewDesignator=P2
Change Component Designator: OldDesignator=P7 NewDesignator=P3
Change Component Designator: OldDesignator=P9 NewDesignator=P4
Change Component Designator: OldDesignator=P10 NewDesignator=P9
Change Component Designator: OldDesignator=R2 NewDesignator=R25
Change Component Designator: OldDesignator=R3 NewDesignator=R2
Change Component Designator: OldDesignator=R4 NewDesignator=R3
Change Component Designator: OldDesignator=R5 NewDesignator=R4
Change Component Designator: OldDesignator=R6 NewDesignator=R5
Change Component Designator: OldDesignator=R7 NewDesignator=R6
Change Component Designator: OldDesignator=R8 NewDesignator=R7
Change Component Designator: OldDesignator=R9 NewDesignator=R8
Change Component Designator: OldDesignator=R10 NewDesignator=R9
Change Component Designator: OldDesignator=R11 NewDesignator=R10
Change Component Designator: OldDesignator=R12 NewDesignator=R11
Change Component Designator: OldDesignator=R13 NewDesignator=R12
Change Component Designator: OldDesignator=R14 NewDesignator=R13
Change Component Designator: OldDesignator=R16 NewDesignator=R17
Change Component Designator: OldDesignator=R17 NewDesignator=R18
Change Component Designator: OldDesignator=R18 NewDesignator=R19
Change Component Designator: OldDesignator=R19 NewDesignator=R21
Change Component Designator: OldDesignator=R20 NewDesignator=R23
Change Component Designator: OldDesignator=R21 NewDesignator=R24
Change Component Designator: OldDesignator=R22 NewDesignator=R14
Change Component Designator: OldDesignator=R23 NewDesignator=R27
Change Component Designator: OldDesignator=R24 NewDesignator=R20
Change Component Designator: OldDesignator=R25 NewDesignator=R36
Change Component Designator: OldDesignator=R26 NewDesignator=R28
Change Component Designator: OldDesignator=R27 NewDesignator=R29
Change Component Designator: OldDesignator=R28 NewDesignator=R30
Change Component Designator: OldDesignator=R29 NewDesignator=R31
Change Component Designator: OldDesignator=R30 NewDesignator=R16
Change Component Designator: OldDesignator=R31 NewDesignator=R32
Change Component Designator: OldDesignator=R32 NewDesignator=R33
Change Component Designator: OldDesignator=R33 NewDesignator=R34
Change Component Designator: OldDesignator=R34 NewDesignator=R35
Change Component Designator: OldDesignator=R35 NewDesignator=R37
Change Component Designator: OldDesignator=R36 NewDesignator=R26
Change Component Designator: OldDesignator=R37 NewDesignator=R22
Change Component Designator: OldDesignator=U3 NewDesignator=U2
Change Component Designator: OldDesignator=U4 NewDesignator=U3
Change Component Designator: OldDesignator=U5 NewDesignator=U4
Change Component Designator: OldDesignator=U6 NewDesignator=U5
Change Component Designator: OldDesignator=U7 NewDesignator=U6
Change Component Designator: OldDesignator=U8 NewDesignator=U7
Change Component Designator: OldDesignator=U9 NewDesignator=U8
Change Component Designator: OldDesignator=U10 NewDesignator=U9
Change Component Designator: OldDesignator=U11 NewDesignator=U10
Change Component Designator: OldDesignator=U12 NewDesignator=U11
Change Component Designator: OldDesignator=U14 NewDesignator=U13
Change Component Designator: OldDesignator=U15 NewDesignator=U?
Change Component Designator: OldDesignator=U16 NewDesignator=U12
Change Component Designator: OldDesignator=X1 NewDesignator=X?
Change component parameters: Designator = "C7" ("C7"); Footprint = "0805"; UniqueID = "\FBAZFRPN\AGSDSDWV" ("\FBAZFRPN\AGSDSDWV")
Change component parameters (AddParameter): Name = "Digikey Part Number"; Value = "490-GRM31CR71H475KA12KTR-ND"; VariantName = "[No Variations]"
Change component parameters (AddParameter): Name = "Manufacturer"; Value = "Murata Electronics"; VariantName = "[No Variations]"
Change component parameters (AddParameter): Name = "Material"; Value = "MLCC"; VariantName = "[No Variations]"
Change component parameters (AddParameter): Name = "Part Number"; Value = "GRM31CR71H475KA12K"; VariantName = "[No Variations]"
Change component parameters (AddParameter): Name = "Rated Voltage"; Value = "50V"; VariantName = "[No Variations]"
Change component parameters (AddParameter): Name = "Temperature Rating"; Value = "X7R"; VariantName = "[No Variations]"
Change component parameters (AddParameter): Name = "Tolerance"; Value = "±10%"; VariantName = "[No Variations]"
Change component parameters (AddParameter): Name = "Value"; Value = "4.7uF"; VariantName = "[No Variations]"
Change component parameters: Designator = "C9" ("C9"); Footprint = "0603"; UniqueID = "\FBAZFRPN\POJYSVLM" ("\FBAZFRPN\POJYSVLM")
Change component parameters (AddParameter): Name = "Digikey Part Number"; Value = "490-10675-1-ND"; VariantName = "[No Variations]"
Change component parameters (AddParameter): Name = "Manufacturer"; Value = "muRata"; VariantName = "[No Variations]"
Change component parameters (AddParameter): Name = "Material"; Value = "MLCC"; VariantName = "[No Variations]"
Change component parameters (AddParameter): Name = "Part Number"; Value = "GCM21BR71H105KA03L"; VariantName = "[No Variations]"
Change component parameters (AddParameter): Name = "Rated Voltage"; Value = "50V"; VariantName = "[No Variations]"
Change component parameters (AddParameter): Name = "Temperature Rating"; Value = "X7R"; VariantName = "[No Variations]"
Change component parameters (AddParameter): Name = "Tolerance"; Value = "±10%"; VariantName = "[No Variations]"
Change component parameters (AddParameter): Name = "Value"; Value = "1µF"; VariantName = "[No Variations]"
Added Component: Designator=C8(0603)
Add component (AddParameter): Name = "Digikey Part Number"; Value = "490-6049-1-ND"; VariantName = "[No Variations]"
Add component (AddParameter): Name = "Manufacturer"; Value = "muRata"; VariantName = "[No Variations]"
Add component (AddParameter): Name = "Material"; Value = "MLCC"; VariantName = "[No Variations]"
Add component (AddParameter): Name = "Part Number"; Value = "GCM188L81H104KA57D"; VariantName = "[No Variations]"
Add component (AddParameter): Name = "Rated Voltage"; Value = "50V"; VariantName = "[No Variations]"
Add component (AddParameter): Name = "Temperature Rating"; Value = "X8L"; VariantName = "[No Variations]"
Add component (AddParameter): Name = "Tolerance"; Value = "±10%"; VariantName = "[No Variations]"
Add component (AddParameter): Name = "Value"; Value = "100nF"; VariantName = "[No Variations]"
Added Component: Designator=C10(0603)
Add component (AddParameter): Name = "Digikey Part Number"; Value = "490-GCM188L81H103KA03DCT-ND"; VariantName = "[No Variations]"
Add component (AddParameter): Name = "Manufacturer"; Value = "muRata"; VariantName = "[No Variations]"
Add component (AddParameter): Name = "Material"; Value = "MLCC"; VariantName = "[No Variations]"
Add component (AddParameter): Name = "Part Number"; Value = "GCM188L81H103KA03D"; VariantName = "[No Variations]"
Add component (AddParameter): Name = "Rated Voltage"; Value = "50V"; VariantName = "[No Variations]"
Add component (AddParameter): Name = "Temperature Rating"; Value = "X8L"; VariantName = "[No Variations]"
Add component (AddParameter): Name = "Tolerance"; Value = "±10%"; VariantName = "[No Variations]"
Add component (AddParameter): Name = "Value"; Value = "10nF"; VariantName = "[No Variations]"
Added Component: Designator=C11(0603)
Add component (AddParameter): Name = "Digikey Part Number"; Value = "490-6049-1-ND"; VariantName = "[No Variations]"
Add component (AddParameter): Name = "Manufacturer"; Value = "muRata"; VariantName = "[No Variations]"
Add component (AddParameter): Name = "Material"; Value = "MLCC"; VariantName = "[No Variations]"
Add component (AddParameter): Name = "Part Number"; Value = "GCM188L81H104KA57D"; VariantName = "[No Variations]"
Add component (AddParameter): Name = "Rated Voltage"; Value = "50V"; VariantName = "[No Variations]"
Add component (AddParameter): Name = "Temperature Rating"; Value = "X8L"; VariantName = "[No Variations]"
Add component (AddParameter): Name = "Tolerance"; Value = "±10%"; VariantName = "[No Variations]"
Add component (AddParameter): Name = "Value"; Value = "100nF"; VariantName = "[No Variations]"
Added Component: Designator=C12(0805)
Add component (AddParameter): Name = "Digikey Part Number"; Value = "490-10514-6-ND"; VariantName = "[No Variations]"
Add component (AddParameter): Name = "Manufacturer"; Value = "muRata"; VariantName = "[No Variations]"
Add component (AddParameter): Name = "Material"; Value = "MLCC"; VariantName = "[No Variations]"
Add component (AddParameter): Name = "Part Number"; Value = "GRM21BR6YA106KE43L"; VariantName = "[No Variations]"
Add component (AddParameter): Name = "Rated Voltage"; Value = "50V"; VariantName = "[No Variations]"
Add component (AddParameter): Name = "Temperature Rating"; Value = "X5R"; VariantName = "[No Variations]"
Add component (AddParameter): Name = "Tolerance"; Value = "10%"; VariantName = "[No Variations]"
Add component (AddParameter): Name = "Value"; Value = "10uF"; VariantName = "[No Variations]"
Added Component: Designator=C13(0805)
Add component (AddParameter): Name = "Digikey Part Number"; Value = "490-10514-6-ND"; VariantName = "[No Variations]"
Add component (AddParameter): Name = "Manufacturer"; Value = "muRata"; VariantName = "[No Variations]"
Add component (AddParameter): Name = "Material"; Value = "MLCC"; VariantName = "[No Variations]"
Add component (AddParameter): Name = "Part Number"; Value = "GRM21BR6YA106KE43L"; VariantName = "[No Variations]"
Add component (AddParameter): Name = "Rated Voltage"; Value = "50V"; VariantName = "[No Variations]"
Add component (AddParameter): Name = "Temperature Rating"; Value = "X5R"; VariantName = "[No Variations]"
Add component (AddParameter): Name = "Tolerance"; Value = "10%"; VariantName = "[No Variations]"
Add component (AddParameter): Name = "Value"; Value = "10uF"; VariantName = "[No Variations]"
Added Component: Designator=U14(AD 16-SOIC)
Add component (AddParameter): Name = "Digikey Link"; Value = "https://www.digikey.com/product-detail/en/analog-devices-inc/ADUM1400WSRWZ/ADUM1400WSRWZ-ND/1873713"; VariantName = "[No Variations]"
Add component (AddParameter): Name = "Digikey Part Number"; Value = "ADUM1400WSRWZ-ND"; VariantName = "[No Variations]"
Add component (AddParameter): Name = "Manufacturer"; Value = "Analog Devices"; VariantName = "[No Variations]"
Add component (AddParameter): Name = "Part Number"; Value = "ADuM1400"; VariantName = "[No Variations]"
Added Pin To Net: NetName=VBAT_F Pin=C7-2
Added Pin To Net: NetName=0V Pin=C8-1
Added Pin To Net: NetName=VBAT_F Pin=C8-2
Added Pin To Net: NetName=0V Pin=C10-1
Added Pin To Net: NetName=5V Pin=C10-2
Added Pin To Net: NetName=5V Pin=C11-1
Added Pin To Net: NetName=0V Pin=C12-1
Added Pin To Net: NetName=5V Pin=C12-2
Added Pin To Net: NetName=0V Pin=C13-1
Added Pin To Net: NetName=5V Pin=C13-2
Added Pin To Net: NetName=BPSD LATCH Pin=U13-3
Added Pin To Net: NetName=BSPD OK Pin=U13-4
Added Pin To Net: NetName=5V Pin=U14-1
Added Pin To Net: NetName=0V Pin=U14-2
Added Pin To Net: NetName=5kW Pin=U14-3
Added Pin To Net: NetName=NetR26_1 Pin=U14-4
Added Pin To Net: NetName=0V Pin=U14-8
Added Pin To Net: NetName=0V_(ISO) Pin=U14-9
Added Pin To Net: NetName=3V3 Pin=U14-10
Added Pin To Net: NetName=0V_(ISO) Pin=U14-15
Added Pin To Net: NetName=3V3 Pin=U14-16
Add Pin To Net: Unknown Pin: Pin U17-1
Add Pin To Net: Unknown Pin: Pin U17-4
Add Pin To Net: Unknown Pin: Pin U17-5
Add Pin To Net: Unknown Pin: Pin U17-7
Add Pin To Net: Unknown Pin: Pin U17-8
Add Pin To Net: Unknown Pin: Pin U17-9
Add Pin To Net: Unknown Pin: Pin U17-10
Add Pin To Net: Unknown Pin: Pin U17-11
Change Net Name : Old Net Name=NetC17_2 New Net Name=NetC19_2
Change Net Name : Old Net Name=NetC18_2 New Net Name=NetC20_2
Change Net Name : Old Net Name=NetC19_2 New Net Name=NetC21_2
Change Net Name : Old Net Name=NetC24_2 New Net Name=NetC26_2
Change Net Name : Old Net Name=NetC25_2 New Net Name=NetC27_2
Change Net Name : Old Net Name=NetC28_2 New Net Name=NetC32_2
Change Net Name : Old Net Name=NetD11_K New Net Name=NetD10_K
Change Net Name : Old Net Name=NetD12_A New Net Name=NetD11_A
Change Net Name : Old Net Name=NetP10_1 New Net Name=NetP9_1
Change Net Name : Old Net Name=NetP10_2 New Net Name=NetP9_2
Change Net Name : Old Net Name=NetR10_1 New Net Name=NetR9_1
Change Net Name : Old Net Name=NetR11_1 New Net Name=NetR10_1
Change Net Name : Old Net Name=NetR13_2 New Net Name=NetR12_2
Change Net Name : Old Net Name=NetR17_1 New Net Name=NetR18_1
Change Net Name : Old Net Name=NetR25_1 New Net Name=NetR36_1
Change Net Name : Old Net Name=NetR26_1 New Net Name=NetR28_1
Change Net Name : Old Net Name=NetR27_1 New Net Name=NetR29_1
Change Net Name : Old Net Name=NetU7_12 New Net Name=NetU6_12
Change Net Name : Old Net Name=NetU7_13 New Net Name=NetU6_13
Change Net Name : Old Net Name=NetU7_14 New Net Name=NetU6_14
Change Net Name : Old Net Name=NetU7_17 New Net Name=NetU6_17
Change Net Name : Old Net Name=NetU9_1 New Net Name=NetU8_1
Change Net Name : Old Net Name=NetU9_2 New Net Name=NetU8_2
Change Net Name : Old Net Name=NetU9_3 New Net Name=NetU8_3
Change Net Name : Old Net Name=NetU9_4 New Net Name=NetU8_4
Change Net Name : Old Net Name=NetU9_5 New Net Name=NetU8_5
Change Net Name : Old Net Name=NetU9_6 New Net Name=NetU8_6
Change Net Name : Old Net Name=NetU9_7 New Net Name=NetU8_7
Change Net Name : Old Net Name=NetU9_14 New Net Name=NetU8_14
Change Net Name : Old Net Name=NetU9_15 New Net Name=NetU8_15
Change Net Name : Old Net Name=NetU11_3 New Net Name=NetU10_3
Change Net Name : Old Net Name=NetU11_6 New Net Name=NetU10_6
Added Pin To Net: NetName=NetC9_2 Pin=C9-2
Added Net: Name=NetC9_2
Added Pin To Net: NetName=NetC11_2 Pin=C11-2
Added Net: Name=NetC11_2
Added Pin To Net: NetName=NetU6_9 Pin=U6-9
Added Pin To Net: NetName=NetU6_9 Pin=U13-13
Added Net: Name=NetU6_9
Added Pin To Net: NetName=NetU6_10 Pin=U6-10
Added Pin To Net: NetName=NetU6_10 Pin=U13-14
Added Net: Name=NetU6_10
Added Pin To Net: NetName=NetU6_15 Pin=U6-15
Added Pin To Net: NetName=NetU6_15 Pin=U14-14
Added Net: Name=NetU6_15
Added Pin To Net: NetName=NetU6_16 Pin=U6-16
Added Pin To Net: NetName=NetU6_16 Pin=U14-13
Added Net: Name=NetU6_16
Added Member To Class: ClassName=Power Supply Member=Component C8 100nF
Added Member To Class: ClassName=Power Supply Member=Component C10 10nF
Added Member To Class: ClassName=Power Supply Member=Component C11 100nF
Added Member To Class: ClassName=Power Supply Member=Component C13 10uF
Added Member To Class: ClassName=Power Supply Member=Component C14 4.7uF
Added Member To Class: ClassName=BSPD Member=Component C41 100nF
Added Member To Class: ClassName=BSPD Member=Component C42 100nF
Added Member To Class: ClassName=BSPD Member=Component C44 100nF
Added Member To Class: ClassName=BSPD Member=Component R32 3339P-1-103LF
Add Class Member: Failed to add class member : Component U17 LM536015QDSXRQ1
