Added Component: Designator=D1(SMB Diode)
Add component (AddParameter): Name = "Digikey Link"; Value = "https://www.digikey.com/product-detail/en/smc-diode-solutions/SD560BTR/1655-1530-2-ND/6022620"; VariantName = "[No Variations]"
Add component (AddParameter): Name = "Digikey Part Number"; Value = "1655-1530-2-ND"; VariantName = "[No Variations]"
Add component (AddParameter): Name = "Manufacturer"; Value = "SMC Diode Solutions"; VariantName = "[No Variations]"
Add component (AddParameter): Name = "Part Number"; Value = "SD560BTR"; VariantName = "[No Variations]"
Added Component: Designator=D2(DI SMB Diode)
Add component (AddParameter): Name = "Digikey Link"; Value = "https://www.digikey.com/product-detail/en/diodes-incorporated/1SMB5942B-13/1SMB5942B-13DICT-ND/5054245"; VariantName = "[No Variations]"
Add component (AddParameter): Name = "Digikey Part Number"; Value = "1SMB5942B-13DICT-ND"; VariantName = "[No Variations]"
Add component (AddParameter): Name = "Manufacturer"; Value = "Diodes Inc"; VariantName = "[No Variations]"
Add component (AddParameter): Name = "Part Number"; Value = "1SMB5942B-13"; VariantName = "[No Variations]"
Added Component: Designator=D3(0805 LED)
Add component (AddParameter): Name = "Colour"; Value = "Orange"; VariantName = "[No Variations]"
Add component (AddParameter): Name = "Digikey Link"; Value = "https://www.digikey.com/product-detail/en/rohm-semiconductor/SML-211DTT86/511-1291-1-ND/637104"; VariantName = "[No Variations]"
Add component (AddParameter): Name = "Digikey Part Number"; Value = "511-1291-1-ND"; VariantName = "[No Variations]"
Add component (AddParameter): Name = "Manufacturer"; Value = "ROHM Semiconductor"; VariantName = "[No Variations]"
Add component (AddParameter): Name = "Part Number"; Value = "SML-211DTT86"; VariantName = "[No Variations]"
Added Component: Designator=D4(DI SMA Diode)
Add component (AddParameter): Name = "Digikey Link"; Value = "https://www.digikey.com/product-detail/en/diodes-incorporated/SMAZ5V6-13-F/SMAZ5V6-FDICT-ND/755500"; VariantName = "[No Variations]"
Add component (AddParameter): Name = "Digikey Part Number"; Value = "SMAZ5V6-FDICT-ND"; VariantName = "[No Variations]"
Add component (AddParameter): Name = "Manufacturer"; Value = "Diodes Inc"; VariantName = "[No Variations]"
Add component (AddParameter): Name = "Part Number"; Value = "SMAZ5V6-13-F"; VariantName = "[No Variations]"
Added Component: Designator=Q1(ON SOT-23 BJT)
Add component (AddParameter): Name = "Digikey Link"; Value = "https://www.digikey.com.au/product-detail/en/on-semiconductor/BC817-16LT1/BC817-16LT1OSTR-ND/606178"; VariantName = "[No Variations]"
Add component (AddParameter): Name = "Digikey Part Number"; Value = "BC817-16LT1OSTR-ND"; VariantName = "[No Variations]"
Add component (AddParameter): Name = "Manufacturer"; Value = "ON Semiconductor"; VariantName = "[No Variations]"
Add component (AddParameter): Name = "Part Number"; Value = "BC817-16LT1"; VariantName = "[No Variations]"
Added Component: Designator=Q2(R TO-263 N-MOSFET)
Add component (AddParameter): Name = "Digikey Link"; Value = "https://www.digikey.com.au/product-detail/en/rohm-semiconductor/R6015ENJTL/R6015ENJTLCT-ND/5042516"; VariantName = "[No Variations]"
Add component (AddParameter): Name = "Digikey Part Number"; Value = "R6015ENJTLCT-ND"; VariantName = "[No Variations]"
Add component (AddParameter): Name = "LatestRevisionDate"; Value = "29-May-2009"; VariantName = "[No Variations]"
Add component (AddParameter): Name = "LatestRevisionNote"; Value = "IPC-7351 Footprint Added."; VariantName = "[No Variations]"
Add component (AddParameter): Name = "Manufacturer"; Value = "Rohm Semiconductor"; VariantName = "[No Variations]"
Add component (AddParameter): Name = "PackageDescription"; Value = "4-Pin SOT-343 Package 1.3 mm Pitch, 2.1 mm Lead Span"; VariantName = "[No Variations]"
Add component (AddParameter): Name = "PackageReference"; Value = "SOT-343"; VariantName = "[No Variations]"
Add component (AddParameter): Name = "PackageVersion"; Value = "Sep-2000"; VariantName = "[No Variations]"
Add component (AddParameter): Name = "Part Number"; Value = "R6015ENJTL"; VariantName = "[No Variations]"
Add component (AddParameter): Name = "Published"; Value = "24-Mar-1999"; VariantName = "[No Variations]"
Add component (AddParameter): Name = "Publisher"; Value = "Altium Limited"; VariantName = "[No Variations]"
Added Component: Designator=Q3(ON TO-236-3 BJT)
Add component (AddParameter): Name = "Digikey Link"; Value = "https://www.digikey.com.au/product-detail/en/on-semiconductor/BC858ALT1G/BC858ALT1GOSCT-ND/3462248?fbclid=IwAR0XE0JmsZu1bfxkpmh7_fMKeVVYT41RbargOB6Kv0hZlYRUvP_HzrN_yXU"; VariantName = "[No Variations]"
Add component (AddParameter): Name = "Digikey Part Number"; Value = "BC858ALT1GOSCT-ND"; VariantName = "[No Variations]"
Add component (AddParameter): Name = "Manufacturer"; Value = "ON Semiconductor"; VariantName = "[No Variations]"
Add component (AddParameter): Name = "Part Number"; Value = "BC858ALT1G"; VariantName = "[No Variations]"
Added Component: Designator=Q4(ON TO-236-3 BJT)
Add component (AddParameter): Name = "Digikey Link"; Value = "https://www.digikey.com/product-detail/en/on-semiconductor/BC848ALT1G/BC848ALT1GOSCT-ND/917837"; VariantName = "[No Variations]"
Add component (AddParameter): Name = "Digikey Part Number"; Value = "BC848ALT1GOSCT-ND"; VariantName = "[No Variations]"
Add component (AddParameter): Name = "Manufacturer"; Value = "ON Semiconductor"; VariantName = "[No Variations]"
Add component (AddParameter): Name = "Part Number"; Value = "BC848ALT1G"; VariantName = "[No Variations]"
Added Component: Designator=R1(VB 0204)
Add component (AddParameter): Name = "Digikey Part Number"; Value = "MMA-330KACT-ND"; VariantName = "[No Variations]"
Add component (AddParameter): Name = "Manufacturer"; Value = "Vishay Beyschlag"; VariantName = "[No Variations]"
Add component (AddParameter): Name = "Part Number"; Value = "MMA02040C3303FB300"; VariantName = "[No Variations]"
Add component (AddParameter): Name = "Rated Voltage"; Value = "0.4W"; VariantName = "[No Variations]"
Add component (AddParameter): Name = "Tolerance"; Value = "0.01"; VariantName = "[No Variations]"
Add component (AddParameter): Name = "Value"; Value = "330K"; VariantName = "[No Variations]"
Added Component: Designator=R2(VB 0204)
Add component (AddParameter): Name = "Digikey Part Number"; Value = "MMA-330KACT-ND"; VariantName = "[No Variations]"
Add component (AddParameter): Name = "Manufacturer"; Value = "Vishay Beyschlag"; VariantName = "[No Variations]"
Add component (AddParameter): Name = "Part Number"; Value = "MMA02040C3303FB300"; VariantName = "[No Variations]"
Add component (AddParameter): Name = "Rated Voltage"; Value = "0.4W"; VariantName = "[No Variations]"
Add component (AddParameter): Name = "Tolerance"; Value = "0.01"; VariantName = "[No Variations]"
Add component (AddParameter): Name = "Value"; Value = "330K"; VariantName = "[No Variations]"
Added Component: Designator=R3(0805)
Add component (AddParameter): Name = "Digikey Part Number"; Value = "311-2.00KCRCT-ND"; VariantName = "[No Variations]"
Add component (AddParameter): Name = "Manufacturer"; Value = "YAGEO"; VariantName = "[No Variations]"
Add component (AddParameter): Name = "Material"; Value = "FR-07"; VariantName = "[No Variations]"
Add component (AddParameter): Name = "Part Number"; Value = "RC0805FR072KL"; VariantName = "[No Variations]"
Add component (AddParameter): Name = "Rated Voltage"; Value = "0.125W"; VariantName = "[No Variations]"
Add component (AddParameter): Name = "Tolerance"; Value = "0.01"; VariantName = "[No Variations]"
Add component (AddParameter): Name = "Value"; Value = "2k"; VariantName = "[No Variations]"
Added Component: Designator=R4(0805)
Add component (AddParameter): Name = "Digikey Part Number"; Value = "311-20.0KCRCT-ND"; VariantName = "[No Variations]"
Add component (AddParameter): Name = "Manufacturer"; Value = "YAGEO"; VariantName = "[No Variations]"
Add component (AddParameter): Name = "Material"; Value = "FR-07"; VariantName = "[No Variations]"
Add component (AddParameter): Name = "Part Number"; Value = "RC0805FR0720KL"; VariantName = "[No Variations]"
Add component (AddParameter): Name = "Rated Voltage"; Value = "0.125W"; VariantName = "[No Variations]"
Add component (AddParameter): Name = "Tolerance"; Value = "0.01"; VariantName = "[No Variations]"
Add component (AddParameter): Name = "Value"; Value = "20k"; VariantName = "[No Variations]"
Added Component: Designator=R5(VB 0204)
Add component (AddParameter): Name = "Digikey Part Number"; Value = "MMA-330KACT-ND"; VariantName = "[No Variations]"
Add component (AddParameter): Name = "Manufacturer"; Value = "Vishay Beyschlag"; VariantName = "[No Variations]"
Add component (AddParameter): Name = "Part Number"; Value = "MMA02040C3303FB300"; VariantName = "[No Variations]"
Add component (AddParameter): Name = "Rated Voltage"; Value = "0.4W"; VariantName = "[No Variations]"
Add component (AddParameter): Name = "Tolerance"; Value = "0.01"; VariantName = "[No Variations]"
Add component (AddParameter): Name = "Value"; Value = "330K"; VariantName = "[No Variations]"
Added Component: Designator=R6(0805)
Add component (AddParameter): Name = "Digikey Part Number"; Value = "311-10.0KCRCT-ND"; VariantName = "[No Variations]"
Add component (AddParameter): Name = "Manufacturer"; Value = "YAGEO"; VariantName = "[No Variations]"
Add component (AddParameter): Name = "Material"; Value = "FR-07"; VariantName = "[No Variations]"
Add component (AddParameter): Name = "Part Number"; Value = "RC0805FR0710KL"; VariantName = "[No Variations]"
Add component (AddParameter): Name = "Rated Voltage"; Value = "0.125W"; VariantName = "[No Variations]"
Add component (AddParameter): Name = "Tolerance"; Value = "0.01"; VariantName = "[No Variations]"
Add component (AddParameter): Name = "Value"; Value = "10k"; VariantName = "[No Variations]"
Added Component: Designator=R7(0805)
Add component (AddParameter): Name = "Digikey Part Number"; Value = "311-240CRCT-ND"; VariantName = "[No Variations]"
Add component (AddParameter): Name = "Manufacturer"; Value = "YAGEO"; VariantName = "[No Variations]"
Add component (AddParameter): Name = "Material"; Value = "FR-07"; VariantName = "[No Variations]"
Add component (AddParameter): Name = "Part Number"; Value = "RC0805FR07240RL"; VariantName = "[No Variations]"
Add component (AddParameter): Name = "Rated Voltage"; Value = "0.125W"; VariantName = "[No Variations]"
Add component (AddParameter): Name = "Tolerance"; Value = "0.01"; VariantName = "[No Variations]"
Add component (AddParameter): Name = "Value"; Value = "240R"; VariantName = "[No Variations]"
Added Component: Designator=U1(ON 4-SMD)
Add component (AddParameter): Name = "Digikey Link"; Value = "https://www.digikey.com/product-detail/en/lite-on-inc/LTV-817S-TA1/160-1893-2-ND/388451"; VariantName = "[No Variations]"
Add component (AddParameter): Name = "Digikey Part Number"; Value = "160-1893-2-ND"; VariantName = "[No Variations]"
Add component (AddParameter): Name = "Manufacturer"; Value = "Lite-On Inc"; VariantName = "[No Variations]"
Add component (AddParameter): Name = "Part Number"; Value = "LTV-817S-TA1"; VariantName = "[No Variations]"
Added Pin To Net: NetName=GLV+ Pin=U1-4
Added Net: Name=GLV+
Added Pin To Net: NetName=GLV- Pin=Q1-E
Added Pin To Net: NetName=GLV- Pin=R4-1
Added Net: Name=GLV-
Added Pin To Net: NetName=NetD1_K Pin=D1-K
Added Pin To Net: NetName=NetD1_K Pin=D2-K
Added Net: Name=NetD1_K
Added Pin To Net: NetName=NetD2_A Pin=D2-A
Added Pin To Net: NetName=NetD2_A Pin=D3-A
Added Pin To Net: NetName=NetD2_A Pin=R1-2
Added Net: Name=NetD2_A
Added Pin To Net: NetName=NetD3_K Pin=D3-K
Added Pin To Net: NetName=NetD3_K Pin=U1-1
Added Net: Name=NetD3_K
Added Pin To Net: NetName=NetD4_A Pin=D4-A
Added Pin To Net: NetName=NetD4_A Pin=Q4-E
Added Pin To Net: NetName=NetD4_A Pin=R7-1
Added Net: Name=NetD4_A
Added Pin To Net: NetName=NetD4_K Pin=D4-K
Added Pin To Net: NetName=NetD4_K Pin=Q2-G
Added Pin To Net: NetName=NetD4_K Pin=Q3-E
Added Pin To Net: NetName=NetD4_K Pin=R5-1
Added Pin To Net: NetName=NetD4_K Pin=R6-2
Added Net: Name=NetD4_K
Added Pin To Net: NetName=NetQ1_B Pin=Q1-B
Added Pin To Net: NetName=NetQ1_B Pin=R3-2
Added Net: Name=NetQ1_B
Added Pin To Net: NetName=NetQ2_D Pin=Q2-D
Added Pin To Net: NetName=NetQ2_D Pin=U1-2
Added Net: Name=NetQ2_D
Added Pin To Net: NetName=NetQ2_S Pin=Q2-S
Added Pin To Net: NetName=NetQ2_S Pin=Q3-C
Added Pin To Net: NetName=NetQ2_S Pin=Q4-B
Added Pin To Net: NetName=NetQ2_S Pin=R7-2
Added Net: Name=NetQ2_S
Added Pin To Net: NetName=NetQ3_B Pin=Q3-B
Added Pin To Net: NetName=NetQ3_B Pin=Q4-C
Added Pin To Net: NetName=NetQ3_B Pin=R6-1
Added Net: Name=NetQ3_B
Added Pin To Net: NetName=NetR1_1 Pin=R1-1
Added Pin To Net: NetName=NetR1_1 Pin=R2-2
Added Net: Name=NetR1_1
Added Pin To Net: NetName=NetR2_1 Pin=R2-1
Added Pin To Net: NetName=NetR2_1 Pin=R5-2
Added Net: Name=NetR2_1
Added Pin To Net: NetName=NetR3_1 Pin=R3-1
Added Pin To Net: NetName=NetR3_1 Pin=R4-2
Added Pin To Net: NetName=NetR3_1 Pin=U1-3
Added Net: Name=NetR3_1
Added Class: Name=TSAL_Logic
