Removed Member From Class: ClassName=Power Supply Member=C2
Removed Member From Class: ClassName=Power Supply Member=C10
Removed Member From Class: ClassName=Power Supply Member=C15
Removed Member From Class: ClassName=Power Supply Member=C16
Removed Member From Class: ClassName=CAN Member=C17
Removed Member From Class: ClassName=Power Supply Member=C17
Removed Member From Class: ClassName=Power Supply Member=C18
Removed Member From Class: ClassName=Contoller Peripheral Comms Isolation Member=C19
Removed Member From Class: ClassName=Power Supply Member=C19
Removed Member From Class: ClassName=Power Supply Member=C20
Removed Member From Class: ClassName=CAN Member=C22
Removed Member From Class: ClassName=Power Supply Member=D3
Removed Member From Class: ClassName=Power Supply Member=D4
Removed Member From Class: ClassName=Microcontroller Member=D10
Removed Member From Class: ClassName=TopLevel Member=P2
Removed Member From Class: ClassName=Microcontroller Member=P4
Removed Member From Class: ClassName=ADC1 Member=R16
Removed Member From Class: ClassName=Microcontroller Member=R16
Removed Member From Class: ClassName=Microcontroller Member=U7
Added Member To Class: ClassName=CAN Member=Component C4 100nF
Added Member To Class: ClassName=CAN Member=Component C6 100pF
Added Member To Class: ClassName=CAN Member=Component C8 100pF
Added Member To Class: ClassName=CAN Member=Component C9 100pF
Added Member To Class: ClassName=Contoller Peripheral Comms Isolation Member=Component C11 100nF
Added Member To Class: ClassName=Power Supply Member=Component C21 10uF
Added Member To Class: ClassName=Power Supply Member=Component C23 100nF
Added Member To Class: ClassName=Power Supply Member=Component C24 100nF
Added Member To Class: ClassName=Power Supply Member=Component C25 100nF
Added Member To Class: ClassName=Power Supply Member=Component C26 47uF
Added Member To Class: ClassName=Power Supply Member=Component C27 4.7uF
Added Member To Class: ClassName=Power Supply Member=Component C28 4.7uF
Added Member To Class: ClassName=Power Supply Member=Component C29 100nF
Added Member To Class: ClassName=Power Supply Member=Component C30 1µF
Added Member To Class: ClassName=Power Supply Member=Component C34 10uF
Added Member To Class: ClassName=Microcontroller Member=Component D5 Yellow
Added Member To Class: ClassName=Power Supply Member=Component D6 PMEG100T10ELR-QX
Added Member To Class: ClassName=Power Supply Member=Component D7 Red
Added Member To Class: ClassName=Microcontroller Member=Component P1 1.27mm
Added Member To Class: ClassName=TopLevel Member=Component P5 ATF13-08
Added Member To Class: ClassName=ADC1 Member=Component R1 100K
Added Member To Class: ClassName=Microcontroller Member=Component R9 500R
Added Member To Class: ClassName=Microcontroller Member=Component R12 5.1k
Added Member To Class: ClassName=Microcontroller Member=Component U5 STM32F103T8U6
Added Member To Class: ClassName=Power Supply Member=Component U6 744272121
Added Room: Name=ADC1
Added Room: Name=CAN
Added Room: Name=Contoller Peripheral Comms Isolation
Added Room: Name=High-Side Driver Enable Pin Isolator
Added Room: Name=HSD1A
Added Room: Name=HSD1B
Added Room: Name=HSD1C
Added Room: Name=HSD1D
Added Room: Name=Microcontroller
Added Room: Name=TopLevel
