Removed Pin From Net: NetName=0V Pin=ADC1-17
Removed Pin From Net: NetName=0V Pin=C14-1
Removed Pin From Net: NetName=VBAT_F Pin=C14-2
Removed Pin From Net: NetName=0V Pin=C21-1
Removed Pin From Net: NetName=5V Pin=C21-2
Removed Pin From Net: NetName=0V_(ISO) Pin=C26-1
Removed Pin From Net: NetName=3V3 Pin=C26-2
Removed Pin From Net: NetName=5V Pin=L3-2
Removed Pin From Net: NetName=NetP7_2 Pin=Q3-G
Removed Pin From Net: NetName=5V Pin=R13-1
Removed Pin From Net: NetName=NetP7_1 Pin=R31-2
Removed Pin From Net: NetName=0V Pin=U3-2
Removed Pin From Net: NetName=0V_(ISO) Pin=U3-5
Removed Pin From Net: NetName=3V3 Pin=U3-7
Removed Pin From Net: NetName=0V_(ISO) Pin=U7-37
Removed Pin From Net: NetName=5V Pin=U10-7
Removed Pin From Net: NetName=0V Pin=U10-14
Removed Member From Class: ClassName=Power Supply Member=C21
Removed Member From Class: ClassName=Power Supply Member=C26
Removed Member From Class: ClassName=Power Supply Member=R13
Change Component Footprint: Designator=L3 Old Footprint=1812 New Footprint=82473C
Change Footprint: Footprint Not Found RN-053.3S/P
Change Component Comment : Designator=L3 Old Comment=12uH New Comment=47 uH
Change Component Comment : Designator=U3 Old Comment=RK-053.3S/H6 New Comment=RN-053.3S/P
Change component parameters: Designator = "L2" ("L2"); Footprint = "SRN3015TA-4R7M"; UniqueID = "\FBAZFRPN\ERFZGYSL" ("\FBAZFRPN\ERFZGYSL")
Change component parameters (AddParameter): Name = "Digikey Part Number"; Value = "SRN3015TA-4R7MCT-ND"; VariantName = "[No Variations]"
Change component parameters (AddParameter): Name = "Impedance"; Value = "120mOhms"; VariantName = "[No Variations]"
Change component parameters (AddParameter): Name = "Manufacturer"; Value = "Bourns"; VariantName = "[No Variations]"
Change component parameters (AddParameter): Name = "Material"; Value = "Wirewound"; VariantName = "[No Variations]"
Change component parameters (AddParameter): Name = "Part Number"; Value = "SRN3015TA-4R7M"; VariantName = "[No Variations]"
Change component parameters (AddParameter): Name = "Rated Current"; Value = "1.2A"; VariantName = "[No Variations]"
Change component parameters (AddParameter): Name = "Tolerance"; Value = "0.2"; VariantName = "[No Variations]"
Change component parameters (AddParameter): Name = "Value"; Value = "4.7uH"; VariantName = "[No Variations]"
Change component parameters: Designator = "L3" ("L3"); Footprint = "1812"; UniqueID = "\FBAZFRPN\WDVQJYOH" ("\FBAZFRPN\WDVQJYOH")
Change component parameters (AddParameter): Name = "Digikey Part Number"; Value = "811-2477-2-ND"; VariantName = "[No Variations]"
Change component parameters (AddParameter): Name = "Impedance"; Value = "1.69 Ohms"; VariantName = "[No Variations]"
Change component parameters (AddParameter): Name = "Manufacturer"; Value = "Murata Power Solutions Inc."; VariantName = "[No Variations]"
Change component parameters (AddParameter): Name = "Material"; Value = "Wirewound"; VariantName = "[No Variations]"
Change component parameters (AddParameter): Name = "Part Number"; Value = "82473C"; VariantName = "[No Variations]"
Change component parameters (AddParameter): Name = "Rated Current"; Value = "250mA"; VariantName = "[No Variations]"
Change component parameters (AddParameter): Name = "Tolerance"; Value = "0.1"; VariantName = "[No Variations]"
Change component parameters (AddParameter): Name = "Value"; Value = "47 uH"; VariantName = "[No Variations]"
Change component parameters: Designator = "U3" ("U3"); Footprint = "RK-053.3S/H6"; UniqueID = "\FBAZFRPN\OZAXUDNQ" ("\FBAZFRPN\OZAXUDNQ")
Change component parameters (AddParameter): Name = "Input Voltage"; Value = "5V"; VariantName = "[No Variations]"
Change component parameters (AddParameter): Name = "Manufacturer"; Value = "Recom"; VariantName = "[No Variations]"
Change component parameters (AddParameter): Name = "Output Current"; Value = "378mA"; VariantName = "[No Variations]"
Change component parameters (AddParameter): Name = "Output Voltage"; Value = "3.3V"; VariantName = "[No Variations]"
Change component parameters (AddParameter): Name = "Part Number"; Value = "RN-053.3S/P"; VariantName = "[No Variations]"
Added Pin To Net: NetName=0V_(ISO) Pin=C14-1
Added Pin To Net: NetName=3V3 Pin=C14-2
Added Pin To Net: NetName=3V3 Pin=L3-1
Added Pin To Net: NetName=NetP7_1 Pin=Q3-G
Added Pin To Net: NetName=NetP7_2 Pin=R31-2
Added Pin To Net: NetName=0V Pin=U3-1
Added Pin To Net: NetName=5V Pin=U3-2
Add Pin To Net: Unknown Pin: Pin U3-4
Added Pin To Net: NetName=0V Pin=U10-7
Added Pin To Net: NetName=5V Pin=U10-14
Added Pin To Net: NetName=NetL3_2 Pin=L3-2
Added Pin To Net: NetName=NetL3_2 Pin=U3-5
Added Net: Name=NetL3_2
Added Room: Name=BSPD
Added Room: Name=CAN
Added Room: Name=Isolation
Added Room: Name=Microcontroller
Added Room: Name=Power Supply
Added Room: Name=Safety Loop
Added Room: Name=TopLevel
