Removed Pin From Net: NetName=0V Pin=ADC1-17
Removed Pin From Net: NetName=0V Pin=C37-1
Removed Pin From Net: NetName=H REF 2 Pin=C37-2
Removed Pin From Net: NetName=0V Pin=P1-7
Removed Pin From Net: NetName=0V Pin=P1-8
Removed Pin From Net: NetName=0V Pin=P6-3
Removed Pin From Net: NetName=0V Pin=P6-4
Removed Pin From Net: NetName=5V Pin=P6-5
Removed Pin From Net: NetName=5V Pin=P6-8
Removed Pin From Net: NetName=0V Pin=P6-MH1
Removed Pin From Net: NetName=0V Pin=P6-MH2
Removed Pin From Net: NetName=0V Pin=P6-MH3
Removed Pin From Net: NetName=0V Pin=P6-MH4
Removed Pin From Net: NetName=0V Pin=P6-MH5
Removed Pin From Net: NetName=0V Pin=P7-MH1
Removed Pin From Net: NetName=0V Pin=P7-MH2
Removed Pin From Net: NetName=0V Pin=P9-15
Removed Pin From Net: NetName=0V Pin=P9-15
Removed Pin From Net: NetName=0V Pin=P9-15
Removed Pin From Net: NetName=0V Pin=P9-15
Removed Pin From Net: NetName=5V Pin=R30-1
Removed Pin From Net: NetName=H REF 2 Pin=R30-2
Removed Pin From Net: NetName=0V Pin=R30-3
Removed Pin From Net: NetName=0V_(ISO) Pin=U7-37
Removed Member From Class: ClassName=BSPD Member=C37
Removed Member From Class: ClassName=BSPD Member=R30
Change Component Comment : Designator=P9 Old Comment=HPC-05PMMP-SF8001 New Comment=T4145015041-001
