Removed Pin From Net: NetName=BRAKE SIG 1 Pin=P2-2
Removed Member From Class: ClassName=Isolation Member=C29
Removed Member From Class: ClassName=CAN Member=C31
Removed Member From Class: ClassName=Microcontroller Member=C31
Removed Member From Class: ClassName=Power Supply Member=C31
Removed Member From Class: ClassName=Isolation Member=C32
Removed Member From Class: ClassName=CAN Member=C38
Removed Member From Class: ClassName=Microcontroller Member=C38
Removed Member From Class: ClassName=Power Supply Member=C38
Removed Member From Class: ClassName=BSPD Member=C42
Removed Member From Class: ClassName=Isolation Member=C42
Removed Member From Class: ClassName=Isolation Member=C43
Removed Member From Class: ClassName=BSPD Member=C49
Removed Member From Class: ClassName=TopLevel Member=P4
Removed Member From Class: ClassName=Microcontroller Member=P6
Removed Member From Class: ClassName=Safety Loop Member=R27
Removed Member From Class: ClassName=BSPD Member=R32
Added Pin To Net: NetName=5V Pin=P2-1
Added Pin To Net: NetName=0V Pin=P2-2
Added Pin To Net: NetName=BRAKE SIG 1 Pin=P2-4
Added Pin To Net: NetName=0V Pin=P2-5
Added Pin To Net: NetName=5V Pin=P2-6
Added Member To Class: ClassName=Power Supply Member=Component C12 10uF
Added Member To Class: ClassName=Power Supply Member=Component C13 10uF
Added Member To Class: ClassName=Power Supply Member=Component C14 4.7uF
Added Member To Class: ClassName=CAN Member=Component C15 100nF
Added Member To Class: ClassName=CAN Member=Component C16 100nF
Added Member To Class: ClassName=CAN Member=Component C17 100pF
Added Member To Class: ClassName=CAN Member=Component C18 100pF
Added Member To Class: ClassName=CAN Member=Component C19 100pF
Added Member To Class: ClassName=CAN Member=Component C20 100pF
Added Member To Class: ClassName=CAN Member=Component C21 22uF
Added Member To Class: ClassName=Microcontroller Member=Component C22 100nF
Added Member To Class: ClassName=Microcontroller Member=Component C23 100nF
Added Member To Class: ClassName=Microcontroller Member=Component C24 100nF
Added Member To Class: ClassName=Microcontroller Member=Component C25 100nF
Added Member To Class: ClassName=Microcontroller Member=Component C26 22pF
Added Member To Class: ClassName=Microcontroller Member=Component C27 22pF
Added Member To Class: ClassName=BSPD Member=Component C28 100nF
Added Member To Class: ClassName=BSPD Member=Component C30 10uF
Added Member To Class: ClassName=BSPD Member=Component C32 100nF
Added Member To Class: ClassName=BSPD Member=Component C33 100nF
Added Member To Class: ClassName=BSPD Member=Component C34 100nF
Added Member To Class: ClassName=BSPD Member=Component C35 1µF
Added Member To Class: ClassName=BSPD Member=Component C36 100nF
Added Member To Class: ClassName=BSPD Member=Component C37 100nF
Added Member To Class: ClassName=BSPD Member=Component C39 100nF
Added Member To Class: ClassName=BSPD Member=Component C40 100nF
Added Member To Class: ClassName=BSPD Member=Component C41 100nF
Added Member To Class: ClassName=Isolation Member=Component C44 100nF
Added Member To Class: ClassName=Isolation Member=Component C45 100nF
Added Member To Class: ClassName=Isolation Member=Component C46 100nF
Added Member To Class: ClassName=Isolation Member=Component C47 100nF
Added Member To Class: ClassName=Isolation Member=Component C48 100nF
Added Member To Class: ClassName=Power Supply Member=Component L2 4.7uH
Added Member To Class: ClassName=TopLevel Member=Component P2 DT13-6P
Added Member To Class: ClassName=Microcontroller Member=Component P3 2.54mm
Added Member To Class: ClassName=Microcontroller Member=Component P5 2.54mm
Added Member To Class: ClassName=Power Supply Member=Component R2 2K
Added Member To Class: ClassName=Power Supply Member=Component R3 1k
Added Member To Class: ClassName=CAN Member=Component R5 56R
Added Member To Class: ClassName=Microcontroller Member=Component R7 500R
Added Member To Class: ClassName=Microcontroller Member=Component R9 5.1k
Added Member To Class: ClassName=Microcontroller Member=Component R11 10k
Added Member To Class: ClassName=Microcontroller Member=Component R13 10M
Added Member To Class: ClassName=BSPD Member=Component R21 1.2k
Added Member To Class: ClassName=BSPD Member=Component R24 1.2k
Added Member To Class: ClassName=BSPD Member=Component R25 1.2k
Added Member To Class: ClassName=BSPD Member=Component R28 3339P-1-103LF
Added Member To Class: ClassName=Safety Loop Member=Component R29 680R
Added Member To Class: ClassName=Safety Loop Member=Component R30 680R
Added Member To Class: ClassName=Safety Loop Member=Component U13 ADuM210N
Added Member To Class: ClassName=Isolation Member=Component U15 ADuM1400
Added Member To Class: ClassName=Isolation Member=Component U16 ADum1401
Added Room: Name=CAN
Added Room: Name=Isolation
Added Room: Name=Microcontroller
Added Room: Name=Power Supply
Added Room: Name=TopLevel
