Removed Pin From Net: NetName=0V Pin=ADC1-17
Removed Pin From Net: NetName=0V_(ISO) Pin=C26-1
Removed Pin From Net: NetName=0V_(ISO) Pin=C27-1
Removed Pin From Net: NetName=0V_(ISO) Pin=U7-37
Removed Member From Class: ClassName=Microcontroller Member=C26
Removed Member From Class: ClassName=Microcontroller Member=C27
Removed Member From Class: ClassName=Microcontroller Member=R13
Removed Member From Class: ClassName=Microcontroller Member=X1
Change Component Footprint: Designator=P3 Old Footprint=TH 2.54mm Header 2x5 New Footprint=3221-10-0300-00
Change Component Comment : Designator=P3 Old Comment=2.54mm New Comment=1.27mm
Change component parameters: Designator = "P3" ("P3"); Footprint = "TH 2.54mm Header 2x5"; UniqueID = "\KXYLONJZ\DGFQGCHC" ("\KXYLONJZ\DGFQGCHC")
Change component parameters (AddParameter): Name = "Angle"; Value = "0"; VariantName = "[No Variations]"
Change component parameters (AddParameter): Name = "Contact"; Value = "NA"; VariantName = "[No Variations]"
Change component parameters (AddParameter): Name = "Flange"; Value = "No"; VariantName = "[No Variations]"
Change component parameters (AddParameter): Name = "Part Number"; Value = "SMD 1.27mm Header 2x5 (3221-10-0300-00)"; VariantName = "[No Variations]"
Change component parameters (AddParameter): Name = "Pitch"; Value = "1.27mm"; VariantName = "[No Variations]"
Change component parameters (AddParameter): Name = "Positions"; Value = "10"; VariantName = "[No Variations]"
Change component parameters (AddParameter): Name = "Row Spacing"; Value = "1.27mm"; VariantName = "[No Variations]"
Added Room: Name=BSPD
Added Room: Name=CAN
Added Room: Name=Isolation
Added Room: Name=Microcontroller
Added Room: Name=Power Supply
Added Room: Name=Safety Loop
Added Room: Name=TopLevel
