Removed Pin From Net: NetName=5V Pin=P1-1
Removed Pin From Net: NetName=5V Pin=P1-2
Removed Pin From Net: NetName=0V Pin=P1-5
Removed Pin From Net: NetName=0V Pin=P1-6
Removed Pin From Net: NetName=BOTS Pin=P2-7
Removed Pin From Net: NetName=0V Pin=P2-8
Removed Member From Class: ClassName=TopLevel Member=P1
Added Pin To Net: NetName=5V Pin=P2-4
Added Pin To Net: NetName=0V Pin=P2-6
Added Pin To Net: NetName=0V Pin=P2-7
Added Pin To Net: NetName=BOTS Pin=P3-1
Change Net Name : Old Net Name=BOTS New Net Name=GL_IN
Added Pin To Net: NetName=NetR16_1 Pin=R16-1
Added Net: Name=NetR16_1
Added Pin To Net: NetName=NetR22_1 Pin=R22-1
Added Net: Name=NetR22_1
Added Pin To Net: NetName=NetR25_1 Pin=R25-1
Added Net: Name=NetR25_1
Added Pin To Net: NetName=NetR26_1 Pin=R26-1
Added Net: Name=NetR26_1
