Removed Member From Class: ClassName=CAN Member=C27
Removed Member From Class: ClassName=Power Supply Member=C27
Removed Member From Class: ClassName=Power Supply Member=C37
Removed Member From Class: ClassName=Power Supply Member=C38
Removed Member From Class: ClassName=BSPD Member=C47
Removed Member From Class: ClassName=CAN Member=C47
Removed Member From Class: ClassName=Isolation Member=C47
Removed Member From Class: ClassName=Microcontroller Member=C47
Removed Member From Class: ClassName=Power Supply Member=C47
Removed Member From Class: ClassName=BSPD Member=C49
Removed Member From Class: ClassName=BSPD Member=C50
Removed Member From Class: ClassName=BSPD Member=C51
Removed Member From Class: ClassName=BSPD Member=C52
Removed Member From Class: ClassName=Power Supply Member=C52
Removed Member From Class: ClassName=BSPD Member=C53
Removed Member From Class: ClassName=Microcontroller Member=P2
Removed Member From Class: ClassName=Microcontroller Member=P3
Removed Member From Class: ClassName=Microcontroller Member=P8
Removed Member From Class: ClassName=Safety Loop Member=R26
Removed Member From Class: ClassName=BSPD Member=R34
Add Pin To Net: Unknown Pin: Pin U17-1
Add Pin To Net: Unknown Pin: Pin U17-2
Add Pin To Net: Unknown Pin: Pin U17-3
Add Pin To Net: Unknown Pin: Pin U17-4
Add Pin To Net: Unknown Pin: Pin U17-5
Add Pin To Net: Unknown Pin: Pin U17-7
Add Pin To Net: Unknown Pin: Pin U17-8
Add Pin To Net: Unknown Pin: Pin U17-9
Add Pin To Net: Unknown Pin: Pin U17-10
Add Pin To Net: Unknown Pin: Pin U17-11
Added Member To Class: ClassName=Power Supply Member=Component C8 100nF
Added Member To Class: ClassName=Power Supply Member=Component C10 10nF
Added Member To Class: ClassName=Power Supply Member=Component C11 100nF
Added Member To Class: ClassName=Power Supply Member=Component C12 10uF
Added Member To Class: ClassName=Power Supply Member=Component C13 10uF
Added Member To Class: ClassName=Power Supply Member=Component C14 4.7uF
Added Member To Class: ClassName=CAN Member=Component C15 100nF
Added Member To Class: ClassName=CAN Member=Component C16 100nF
Added Member To Class: ClassName=CAN Member=Component C17 100pF
Added Member To Class: ClassName=CAN Member=Component C18 100pF
Added Member To Class: ClassName=CAN Member=Component C19 100pF
Added Member To Class: ClassName=CAN Member=Component C20 100pF
Added Member To Class: ClassName=CAN Member=Component C21 22uF
Added Member To Class: ClassName=Microcontroller Member=Component C22 100nF
Added Member To Class: ClassName=Microcontroller Member=Component C23 100nF
Added Member To Class: ClassName=Microcontroller Member=Component C24 100nF
Added Member To Class: ClassName=Microcontroller Member=Component C25 100nF
Added Member To Class: ClassName=Microcontroller Member=Component C26 22pF
Added Member To Class: ClassName=BSPD Member=Component C28 100nF
Added Member To Class: ClassName=BSPD Member=Component C30 100nF
Added Member To Class: ClassName=BSPD Member=Component C31 10uF
Added Member To Class: ClassName=BSPD Member=Component C32 10pF
Added Member To Class: ClassName=BSPD Member=Component C33 100nF
Added Member To Class: ClassName=BSPD Member=Component C34 100nF
Added Member To Class: ClassName=BSPD Member=Component C35 100nF
Added Member To Class: ClassName=BSPD Member=Component C36 100nF
Added Member To Class: ClassName=BSPD Member=Component C39 1µF
Added Member To Class: ClassName=BSPD Member=Component C40 100nF
Added Member To Class: ClassName=BSPD Member=Component C41 100nF
Added Member To Class: ClassName=BSPD Member=Component C42 100nF
Added Member To Class: ClassName=BSPD Member=Component C43 100nF
Added Member To Class: ClassName=BSPD Member=Component C44 100nF
Added Member To Class: ClassName=BSPD Member=Component C45 100nF
Added Member To Class: ClassName=Isolation Member=Component C48 100nF
Added Member To Class: ClassName=Safety Loop Member=Component D11 PMEG100T10ELR-QX
Added Member To Class: ClassName=TopLevel Member=Component P4 T4145015041-001
Added Member To Class: ClassName=Microcontroller Member=Component P5 2.54mm
Added Member To Class: ClassName=Microcontroller Member=Component P6 2.54mm
Added Member To Class: ClassName=Microcontroller Member=Component P7 2.54mm
Added Member To Class: ClassName=Power Supply Member=Component R3 1k
Added Member To Class: ClassName=CAN Member=Component R5 56R
Added Member To Class: ClassName=Microcontroller Member=Component R7 500R
Added Member To Class: ClassName=Microcontroller Member=Component R9 5.1k
Added Member To Class: ClassName=Microcontroller Member=Component R11 10k
Added Member To Class: ClassName=Microcontroller Member=Component R13 10M
Added Member To Class: ClassName=BSPD Member=Component R17 10K (Var)
Added Member To Class: ClassName=BSPD Member=Component R19 1.2k
Added Member To Class: ClassName=BSPD Member=Component R21 10k
Added Member To Class: ClassName=BSPD Member=Component R22 1k
Added Member To Class: ClassName=BSPD Member=Component R23 1.2k
Added Member To Class: ClassName=BSPD Member=Component R25 1k
Added Member To Class: ClassName=BSPD Member=Component R27 1.2k
Added Member To Class: ClassName=BSPD Member=Component R28 1.2k
Added Member To Class: ClassName=BSPD Member=Component R29 1.2k
Added Member To Class: ClassName=BSPD Member=Component R32 3339P-1-103LF
Added Member To Class: ClassName=Safety Loop Member=Component R33 680R
Added Member To Class: ClassName=Safety Loop Member=Component R35 680R
Added Member To Class: ClassName=Safety Loop Member=Component R36 10k
Added Member To Class: ClassName=Power Supply Member=Component U2 R2S-053.3/P
Added Member To Class: ClassName=CAN Member=Component U4 B82787C0104H002
Added Member To Class: ClassName=BSPD Member=Component U8 MC74HC595ADR2G
Added Member To Class: ClassName=BSPD Member=Component U10 SN74HC00DR
Added Member To Class: ClassName=Isolation Member=Component U13 ADuM1400
Added Member To Class: ClassName=Isolation Member=Component U14 ADuM1400
Add Class Member: Failed to add class member : Component U17 LM536015QDSXRQ1
