Removed Pin From Net: NetName=0V Pin=U3-1
Removed Pin From Net: NetName=5V Pin=U3-2
Removed Pin From Net: NetName=0V_(ISO) Pin=U3-4
Removed Pin From Net: NetName=3V3 Pin=U3-5
Change Footprint: Footprint Not Found RK-053.3S/H6
Change Component Comment : Designator=U3 Old Comment=RN-053.3S/P New Comment=RK-053.3S/H6
Change component parameters: Designator = "U3" ("U3"); Footprint = "RN-053.3S/P"; UniqueID = "\FBAZFRPN\CSICAVLB" ("\FBAZFRPN\CSICAVLB")
Change component parameters (AddParameter): Name = "Input Voltage"; Value = "5V"; VariantName = "[No Variations]"
Change component parameters (AddParameter): Name = "Manufacturer"; Value = "Recom"; VariantName = "[No Variations]"
Change component parameters (AddParameter): Name = "Output Current"; Value = "303mA"; VariantName = "[No Variations]"
Change component parameters (AddParameter): Name = "Output Voltage"; Value = "3.3V"; VariantName = "[No Variations]"
Change component parameters (AddParameter): Name = "Part Number"; Value = "RK-053.3S/H6"; VariantName = "[No Variations]"
Added Component: Designator=D7(0805 LED)
Add component (AddParameter): Name = "Colour"; Value = "Yellow"; VariantName = "[No Variations]"
Add component (AddParameter): Name = "Digikey Part Number"; Value = "511-1293-1-ND"; VariantName = "[No Variations]"
Add component (AddParameter): Name = "Manufacturer"; Value = "ROHM Semiconductor"; VariantName = "[No Variations]"
Add component (AddParameter): Name = "Part Number"; Value = "SML-211YTT86"; VariantName = "[No Variations]"
Added Component: Designator=R7(0603)
Add component (AddParameter): Name = "Digikey Part Number"; Value = "13-RT0603BRD07500RL-ND"; VariantName = "[No Variations]"
Add component (AddParameter): Name = "Manufacturer"; Value = "YAGEO"; VariantName = "[No Variations]"
Add component (AddParameter): Name = "Material"; Value = "FR-07"; VariantName = "[No Variations]"
Add component (AddParameter): Name = "Part Number"; Value = "RT0603BRD07500RL"; VariantName = "[No Variations]"
Add component (AddParameter): Name = "Rated Power"; Value = "0.1W"; VariantName = "[No Variations]"
Add component (AddParameter): Name = "Tolerance"; Value = "0.01"; VariantName = "[No Variations]"
Add component (AddParameter): Name = "Value"; Value = "500R"; VariantName = "[No Variations]"
Added Pin To Net: NetName=NetD7_A Pin=D7-A
Added Pin To Net: NetName=0V_(ISO) Pin=D7-K
Added Pin To Net: NetName=NetD7_A Pin=R7-1
Added Pin To Net: NetName=CAN_TX_INDC Pin=R7-2
Added Pin To Net: NetName=5V Pin=U3-1
Added Pin To Net: NetName=0V Pin=U3-2
Added Pin To Net: NetName=0V_(ISO) Pin=U3-5
Add Pin To Net: Unknown Pin: Pin U3-7
Added Member To Class: ClassName=Microcontroller Member=Component D7 Yellow
Added Member To Class: ClassName=Microcontroller Member=Component R7 500R
Added Room: Name=BSPD
Added Room: Name=CAN
Added Room: Name=Isolation
Added Room: Name=Microcontroller
Added Room: Name=Power Supply
Added Room: Name=Safety Loop
Added Room: Name=TopLevel
