Removed Pin From Net: NetName=0V Pin=ADC1-17
Removed Pin From Net: NetName=0V Pin=C9-1
Removed Pin From Net: NetName=0V Pin=C10-1
Removed Pin From Net: NetName=5V Pin=C10-2
Removed Pin From Net: NetName=0V Pin=C13-1
Removed Pin From Net: NetName=5V Pin=C13-2
Removed Pin From Net: NetName=0V Pin=C14-1
Removed Pin From Net: NetName=VBAT_F Pin=C14-2
Removed Pin From Net: NetName=5V Pin=R13-1
Removed Pin From Net: NetName=NetC11_1 Pin=U2-1
Removed Pin From Net: NetName=NetC11_2 Pin=U2-2
Removed Pin From Net: NetName=5V Pin=U2-4
Removed Pin From Net: NetName=0V Pin=U2-5
Removed Pin From Net: NetName=VBAT_F Pin=U2-7
Removed Pin From Net: NetName=VBAT_F Pin=U2-8
Removed Pin From Net: NetName=VBAT_F Pin=U2-9
Removed Pin From Net: NetName=0V Pin=U2-10
Removed Pin From Net: NetName=0V Pin=U2-11
Removed Pin From Net: NetName=0V_(ISO) Pin=U7-37
Removed Member From Class: ClassName=Power Supply Member=C9
Removed Member From Class: ClassName=Power Supply Member=C10
Removed Member From Class: ClassName=Power Supply Member=C13
Removed Member From Class: ClassName=Power Supply Member=C14
Removed Member From Class: ClassName=Power Supply Member=R13
Change Component Footprint: Designator=C7 Old Footprint=1206 CAP New Footprint=0805
Change Component Footprint: Designator=U2 Old Footprint=TI_10_WSON New Footprint=TI-SOT23-6
Change Component Comment : Designator=C7 Old Comment=4.7uF New Comment=2.2uF
Change Component Comment : Designator=U2 Old Comment=LM536015QDSXRQ1 New Comment=LMR50410Y5FQDBVRQ1
Change component parameters: Designator = "C7" ("C7"); Footprint = "1206 CAP"; UniqueID = "\FBAZFRPN\IDERGCVT" ("\FBAZFRPN\IDERGCVT")
Change component parameters (AddParameter): Name = "Digikey Part Number"; Value = "490-10511-1-ND"; VariantName = "[No Variations]"
Change component parameters (AddParameter): Name = "Manufacturer"; Value = "muRata"; VariantName = "[No Variations]"
Change component parameters (AddParameter): Name = "Material"; Value = "MLCC"; VariantName = "[No Variations]"
Change component parameters (AddParameter): Name = "Part Number"; Value = "GRM21BR61A226ME51L"; VariantName = "[No Variations]"
Change component parameters (AddParameter): Name = "Rated Voltage"; Value = "50V"; VariantName = "[No Variations]"
Change component parameters (AddParameter): Name = "Temperature Rating"; Value = "X5R"; VariantName = "[No Variations]"
Change component parameters (AddParameter): Name = "Tolerance"; Value = "20%"; VariantName = "[No Variations]"
Change component parameters (AddParameter): Name = "Value"; Value = "22uF"; VariantName = "[No Variations]"
Change component parameters: Designator = "U2" ("U2"); Footprint = "TI_10_WSON"; UniqueID = "\FBAZFRPN\JZORMVKV" ("\FBAZFRPN\JZORMVKV")
Change component parameters (AddParameter): Name = "Digikey Part Number"; Value = "296-LMR50410Y5FQDBVRQ1CT-ND"; VariantName = "[No Variations]"
Change component parameters (AddParameter): Name = "Input Voltage"; Value = "4-36V"; VariantName = "[No Variations]"
Change component parameters (AddParameter): Name = "Manufacturer"; Value = "Texas Instruments"; VariantName = "[No Variations]"
Change component parameters (AddParameter): Name = "Output Current"; Value = "1A"; VariantName = "[No Variations]"
Change component parameters (AddParameter): Name = "Output Voltage"; Value = "5V"; VariantName = "[No Variations]"
Change component parameters (AddParameter): Name = "Part Number"; Value = "LMR50410-Q1"; VariantName = "[No Variations]"
Added Pin To Net: NetName=NetC11_2 Pin=U2-1
Added Pin To Net: NetName=0V Pin=U2-2
Added Pin To Net: NetName=5V Pin=U2-3
Added Pin To Net: NetName=VBAT_F Pin=U2-4
Added Pin To Net: NetName=VBAT_F Pin=U2-5
Added Pin To Net: NetName=NetC11_1 Pin=U2-6
Change Net Name : Old Net Name=NetP7_1 New Net Name=NetP7_2
Change Net Name : Old Net Name=NetP7_2 New Net Name=NetP7_1
Added Room: Name=BSPD
Added Room: Name=CAN
Added Room: Name=Isolation
Added Room: Name=Microcontroller
Added Room: Name=Power Supply
Added Room: Name=Safety Loop
Added Room: Name=TopLevel
