Removed Pin From Net: NetName=0V Pin=ADC1-17
Removed Pin From Net: NetName=0V Pin=R33-2
Removed Pin From Net: NetName=0V Pin=U2-9
Removed Member From Class: ClassName=Safety Loop Member=R33
Added Component: Designator=D12(NEXPERIA_SOT23)
Add component (AddParameter): Name = "Breakdown Voltage"; Value = "4.7V"; VariantName = "[No Variations]"
Add component (AddParameter): Name = "Digikey Part Number"; Value = "MMBZ5230BLT1GOSTR-ND"; VariantName = "[No Variations]"
Add component (AddParameter): Name = "Manufacturer"; Value = "onsemi"; VariantName = "[No Variations]"
Add component (AddParameter): Name = "Part Number"; Value = "MMBZ5230BLT1G"; VariantName = "[No Variations]"
Add component (AddParameter): Name = "Rated Power"; Value = "225mW"; VariantName = "[No Variations]"
Added Pin To Net: NetName=0V Pin=D12-A
Added Pin To Net: NetName=VBAT_F Pin=U2-9
Added Pin To Net: NetName=NetD12_K Pin=D12-K
Added Pin To Net: NetName=NetD12_K Pin=R32-1
Added Pin To Net: NetName=NetD12_K Pin=U13-2
Added Net: Name=NetD12_K
Added Member To Class: ClassName=Safety Loop Member=Component D12 MMBZ5230BLT1G
Added Room: Name=BSPD
Added Room: Name=CAN
Added Room: Name=Isolation
Added Room: Name=Microcontroller
Added Room: Name=Power Supply
Added Room: Name=Safety Loop
Added Room: Name=TopLevel
