Removed Pin From Net: NetName=0V_(ISO) Pin=C14-1
Removed Pin From Net: NetName=3V3 Pin=C14-2
Removed Pin From Net: NetName=3V3 Pin=L3-1
Removed Pin From Net: NetName=0V Pin=U3-1
Removed Pin From Net: NetName=5V Pin=U3-2
Change Component Footprint: Designator=L3 Old Footprint=82473C New Footprint=1812
Change Component Comment : Designator=L3 Old Comment=47 uH New Comment=12uH
Change Component Comment : Designator=U3 Old Comment=RN-053.3S/P New Comment=RK-053.3S/H6
Change component parameters: Designator = "L2" ("L2"); Footprint = "SRN3015TA-4R7M"; UniqueID = "\FBAZFRPN\CSXBUNMU" ("\FBAZFRPN\CSXBUNMU")
Change component parameters (AddParameter): Name = "Digikey Part Number"; Value = "SRN3015TA-4R7MCT-ND"; VariantName = "[No Variations]"
Change component parameters (AddParameter): Name = "Impedance"; Value = "84mOhms"; VariantName = "[No Variations]"
Change component parameters (AddParameter): Name = "Manufacturer"; Value = "Bourns"; VariantName = "[No Variations]"
Change component parameters (AddParameter): Name = "Material"; Value = "Wirewound"; VariantName = "[No Variations]"
Change component parameters (AddParameter): Name = "Part Number"; Value = "SRN4018-4R7M"; VariantName = "[No Variations]"
Change component parameters (AddParameter): Name = "Rated Current"; Value = "1.9A"; VariantName = "[No Variations]"
Change component parameters (AddParameter): Name = "Tolerance"; Value = "0.2"; VariantName = "[No Variations]"
Change component parameters (AddParameter): Name = "Value"; Value = "4.7uH"; VariantName = "[No Variations]"
Change component parameters: Designator = "L3" ("L3"); Footprint = "82473C"; UniqueID = "\FBAZFRPN\NQEYNFQI" ("\FBAZFRPN\NQEYNFQI")
Change component parameters (AddParameter): Name = "Digikey Part Number"; Value = "945-3429-ND"; VariantName = "[No Variations]"
Change component parameters (AddParameter): Name = "Impedance"; Value = "230mOhm"; VariantName = "[No Variations]"
Change component parameters (AddParameter): Name = "Manufacturer"; Value = "Recom"; VariantName = "[No Variations]"
Change component parameters (AddParameter): Name = "Material"; Value = "Wirewound"; VariantName = "[No Variations]"
Change component parameters (AddParameter): Name = "Part Number"; Value = "RLS-126"; VariantName = "[No Variations]"
Change component parameters (AddParameter): Name = "Rated Current"; Value = "0.8 A"; VariantName = "[No Variations]"
Change component parameters (AddParameter): Name = "Tolerance"; Value = "0.2"; VariantName = "[No Variations]"
Change component parameters (AddParameter): Name = "Value"; Value = "12uH"; VariantName = "[No Variations]"
Change component parameters: Designator = "U3" ("U3"); Footprint = "RK-053.3S/H6"; UniqueID = "\FBAZFRPN\WQBZQRXG" ("\FBAZFRPN\WQBZQRXG")
Change component parameters (AddParameter): Name = "Input Voltage"; Value = "5V"; VariantName = "[No Variations]"
Change component parameters (AddParameter): Name = "Manufacturer"; Value = "Recom"; VariantName = "[No Variations]"
Change component parameters (AddParameter): Name = "Output Current"; Value = "303mA"; VariantName = "[No Variations]"
Change component parameters (AddParameter): Name = "Output Voltage"; Value = "3.3V"; VariantName = "[No Variations]"
Change component parameters (AddParameter): Name = "Part Number"; Value = "RK-053.3S/H6"; VariantName = "[No Variations]"
Added Component: Designator=C21(0805)
Add component (AddParameter): Name = "Digikey Part Number"; Value = "490-10514-6-ND"; VariantName = "[No Variations]"
Add component (AddParameter): Name = "Manufacturer"; Value = "muRata"; VariantName = "[No Variations]"
Add component (AddParameter): Name = "Material"; Value = "MLCC"; VariantName = "[No Variations]"
Add component (AddParameter): Name = "Part Number"; Value = "GRM21BR6YA106KE43L"; VariantName = "[No Variations]"
Add component (AddParameter): Name = "Rated Voltage"; Value = "50V"; VariantName = "[No Variations]"
Add component (AddParameter): Name = "Temperature Rating"; Value = "X5R"; VariantName = "[No Variations]"
Add component (AddParameter): Name = "Tolerance"; Value = "10%"; VariantName = "[No Variations]"
Add component (AddParameter): Name = "Value"; Value = "10uF"; VariantName = "[No Variations]"
Added Component: Designator=C26(0805)
Add component (AddParameter): Name = "Digikey Part Number"; Value = "490-10514-6-ND"; VariantName = "[No Variations]"
Add component (AddParameter): Name = "Manufacturer"; Value = "muRata"; VariantName = "[No Variations]"
Add component (AddParameter): Name = "Material"; Value = "MLCC"; VariantName = "[No Variations]"
Add component (AddParameter): Name = "Part Number"; Value = "GRM21BR6YA106KE43L"; VariantName = "[No Variations]"
Add component (AddParameter): Name = "Rated Voltage"; Value = "50V"; VariantName = "[No Variations]"
Add component (AddParameter): Name = "Temperature Rating"; Value = "X5R"; VariantName = "[No Variations]"
Add component (AddParameter): Name = "Tolerance"; Value = "10%"; VariantName = "[No Variations]"
Add component (AddParameter): Name = "Value"; Value = "10uF"; VariantName = "[No Variations]"
Added Component: Designator=R13(0603)
Add component (AddParameter): Name = "Digikey Part Number"; Value = "311-10.0KHRCT-ND"; VariantName = "[No Variations]"
Add component (AddParameter): Name = "Manufacturer"; Value = "YAGEO"; VariantName = "[No Variations]"
Add component (AddParameter): Name = "Material"; Value = "FR-07"; VariantName = "[No Variations]"
Add component (AddParameter): Name = "Part Number"; Value = "RC0603FR-0710KL"; VariantName = "[No Variations]"
Add component (AddParameter): Name = "Rated Power"; Value = "0.1W"; VariantName = "[No Variations]"
Add component (AddParameter): Name = "Tolerance"; Value = "0.01"; VariantName = "[No Variations]"
Add component (AddParameter): Name = "Value"; Value = "10k"; VariantName = "[No Variations]"
Added Pin To Net: NetName=0V Pin=C14-1
Added Pin To Net: NetName=VBAT_F Pin=C14-2
Added Pin To Net: NetName=0V Pin=C21-1
Added Pin To Net: NetName=5V Pin=C21-2
Added Pin To Net: NetName=0V_(ISO) Pin=C26-1
Added Pin To Net: NetName=3V3 Pin=C26-2
Added Pin To Net: NetName=5V Pin=L3-2
Added Pin To Net: NetName=5V Pin=R13-1
Added Pin To Net: NetName=0V Pin=U3-2
Added Pin To Net: NetName=0V_(ISO) Pin=U3-5
Added Pin To Net: NetName=3V3 Pin=U3-7
Added Pin To Net: NetName=NetL3_1 Pin=L3-1
Added Pin To Net: NetName=NetL3_1 Pin=U3-1
Added Net: Name=NetL3_1
Added Pin To Net: NetName=NetR13_2 Pin=R13-2
Added Pin To Net: NetName=NetR13_2 Pin=U2-6
Added Net: Name=NetR13_2
Added Member To Class: ClassName=Power Supply Member=Component C21 10uF
Added Member To Class: ClassName=Power Supply Member=Component C26 10uF
Added Member To Class: ClassName=Power Supply Member=Component R13 100k
