Removed Pin From Net: NetName=LATCHA Pin=ADCA-1
Removed Pin From Net: NetName=DIAG_ENA Pin=ADCA-2
Removed Pin From Net: NetName=SNSB Pin=ADCA-3
Removed Pin From Net: NetName=FAULTB Pin=ADCA-4
Removed Pin From Net: NetName=LATCHB Pin=ADCA-5
Removed Pin From Net: NetName=DIAG_ENB Pin=ADCA-6
Removed Pin From Net: NetName=SNSA Pin=ADCA-15
Removed Pin From Net: NetName=FAULTA Pin=ADCA-16
Removed Pin From Net: NetName=LATCHC Pin=ADCB-1
Removed Pin From Net: NetName=DIAG_ENC Pin=ADCB-2
Removed Pin From Net: NetName=SNSD Pin=ADCB-3
Removed Pin From Net: NetName=FAULTD Pin=ADCB-4
Removed Pin From Net: NetName=LATCHD Pin=ADCB-5
Removed Pin From Net: NetName=DIAG_END Pin=ADCB-6
Removed Pin From Net: NetName=SNSC Pin=ADCB-15
Removed Pin From Net: NetName=FAULTC Pin=ADCB-16
Added Pin To Net: NetName=LATCHB Pin=ADCA-1
Added Pin To Net: NetName=DIAG_ENB Pin=ADCA-2
Added Pin To Net: NetName=SNSA Pin=ADCA-3
Added Pin To Net: NetName=FAULTA Pin=ADCA-4
Added Pin To Net: NetName=LATCHA Pin=ADCA-5
Added Pin To Net: NetName=DIAG_ENA Pin=ADCA-6
Added Pin To Net: NetName=SNSB Pin=ADCA-15
Added Pin To Net: NetName=FAULTB Pin=ADCA-16
Added Pin To Net: NetName=LATCHD Pin=ADCB-1
Added Pin To Net: NetName=DIAG_END Pin=ADCB-2
Added Pin To Net: NetName=SNSC Pin=ADCB-3
Added Pin To Net: NetName=FAULTC Pin=ADCB-4
Added Pin To Net: NetName=LATCHC Pin=ADCB-5
Added Pin To Net: NetName=DIAG_ENC Pin=ADCB-6
Added Pin To Net: NetName=SNSD Pin=ADCB-15
Added Pin To Net: NetName=FAULTD Pin=ADCB-16
