Add Component: Footprint Not Found SODFL350X110-2N
Add Component: Footprint Not Found SM6T39CAY-Footprint-1
Added Pin To Net: NetName=3V3 Pin=C?-1
Added Pin To Net: NetName=3V3 Pin=C?-2
Add Pin To Net: Unknown Pin: Pin D4-A
Add Pin To Net: Unknown Pin: Pin D4-K
Add Pin To Net: Unknown Pin: Pin D6-A
Add Pin To Net: Unknown Pin: Pin D6-K
Add Net: Net with name "HSD2_EN" already exists
Add Differential Pair: Number of nets in differential pair NetP1_4 is 1 instead of 2
Add Differential Pair: Number of nets in differential pair NetP1_5 is 1 instead of 2
Added Member To Class: ClassName=ADC1 Member=Component C?_ADC1 (C?) 100nF
Added Member To Class: ClassName=ADC2 Member=Component C?_ADC2 (C?) 100nF
Added Member To Class: ClassName=Power Supply Member=Component C? 10uF
Added Member To Class: ClassName=Power Supply Member=Component C? 4.7uF
Add Class Member: Failed to add class member : Component D4 PMEG100T10ELR-QX
Add Class Member: Failed to add class member : Component D6 SM6T39CAY
Added Member To Class: ClassName=Power Supply Member=Component L? 4.7uH
Added Member To Class: ClassName=Microcontroller Member=Component P3 1.27mm
Added Member To Class: ClassName=Microcontroller Member=Component P5 2.54mm
Added Room: Name=ADC1
Added Room: Name=ADC2
Added Room: Name=ADC Chip Select Isolation
Added Room: Name=CAN
Added Room: Name=Contoller Peripheral Comms Isolation
Added Room: Name=High-Side Driver Enable Pin Isolator
Added Room: Name=HSD1
Added Room: Name=HSD2
Added Room: Name=HSD3
Added Room: Name=HSD4
Added Room: Name=Microcontroller
Added Room: Name=Power Supply
Added Room: Name=TopLevel
