Removed Pin From Net: NetName=NetR19_HSD1_2 Pin=R20_HSD1-1
Removed Pin From Net: NetName=0V Pin=R20_HSD1-2
Removed Pin From Net: NetName=NetR19_HSD2_2 Pin=R20_HSD2-1
Removed Pin From Net: NetName=0V Pin=R20_HSD2-2
Removed Pin From Net: NetName=NetR19_HSD3_2 Pin=R20_HSD3-1
Removed Pin From Net: NetName=0V Pin=R20_HSD3-2
Removed Pin From Net: NetName=NetR19_HSD4_2 Pin=R20_HSD4-1
Removed Pin From Net: NetName=0V Pin=R20_HSD4-2
Removed Pin From Net: NetName=0V Pin=R22_HSD1-1
Removed Pin From Net: NetName=NetD9_HSD1_A Pin=R22_HSD1-2
Removed Pin From Net: NetName=0V Pin=R22_HSD2-1
Removed Pin From Net: NetName=NetD9_HSD2_A Pin=R22_HSD2-2
Removed Pin From Net: NetName=0V Pin=R22_HSD3-1
Removed Pin From Net: NetName=NetD9_HSD3_A Pin=R22_HSD3-2
Removed Pin From Net: NetName=0V Pin=R22_HSD4-1
Removed Pin From Net: NetName=NetD9_HSD4_A Pin=R22_HSD4-2
Removed Member From Class: ClassName=HSD1 Member=R20_HSD1
Removed Member From Class: ClassName=HSD2 Member=R20_HSD2
Removed Member From Class: ClassName=HSD3 Member=R20_HSD3
Removed Member From Class: ClassName=HSD4 Member=R20_HSD4
Removed Member From Class: ClassName=HSD1 Member=R22_HSD1
Removed Member From Class: ClassName=HSD2 Member=R22_HSD2
Removed Member From Class: ClassName=HSD3 Member=R22_HSD3
Removed Member From Class: ClassName=HSD4 Member=R22_HSD4
Add Component: Footprint Not Found SODFL350X110-2N
Add Component: Footprint Not Found SM6T39CAY-Footprint-1
Added Component: Designator=R?_HSD1(0603)
Add component (AddParameter): Name = "Part Number"; Value = "RC0603FR-071KL"; VariantName = "[No Variations]"
Added Component: Designator=R?_HSD1(0603)
Add component (AddParameter): Name = "Part Number"; Value = "RC0603FR-071KL"; VariantName = "[No Variations]"
Added Component: Designator=R?_HSD2(0603)
Add component (AddParameter): Name = "Part Number"; Value = "RC0603FR-071KL"; VariantName = "[No Variations]"
Added Component: Designator=R?_HSD2(0603)
Add component (AddParameter): Name = "Part Number"; Value = "RC0603FR-071KL"; VariantName = "[No Variations]"
Added Component: Designator=R?_HSD3(0603)
Add component (AddParameter): Name = "Part Number"; Value = "RC0603FR-071KL"; VariantName = "[No Variations]"
Added Component: Designator=R?_HSD3(0603)
Add component (AddParameter): Name = "Part Number"; Value = "RC0603FR-071KL"; VariantName = "[No Variations]"
Added Component: Designator=R?_HSD4(0603)
Add component (AddParameter): Name = "Part Number"; Value = "RC0603FR-071KL"; VariantName = "[No Variations]"
Added Component: Designator=R?_HSD4(0603)
Add component (AddParameter): Name = "Part Number"; Value = "RC0603FR-071KL"; VariantName = "[No Variations]"
Added Pin To Net: NetName=0V_(ISO) Pin=C?-1
Added Pin To Net: NetName=0V_(ISO) Pin=C?-2
Add Pin To Net: Unknown Pin: Pin D4-A
Add Pin To Net: Unknown Pin: Pin D4-K
Add Pin To Net: Unknown Pin: Pin D6-A
Add Pin To Net: Unknown Pin: Pin D6-K
Added Pin To Net: NetName=0V Pin=R?_HSD1-1
Added Pin To Net: NetName=NetD9_HSD1_A Pin=R?_HSD1-2
Added Pin To Net: NetName=NetR19_HSD1_2 Pin=R?_HSD1-2
Added Pin To Net: NetName=0V Pin=R?_HSD2-1
Added Pin To Net: NetName=NetD9_HSD2_A Pin=R?_HSD2-2
Added Pin To Net: NetName=NetR19_HSD2_2 Pin=R?_HSD2-2
Added Pin To Net: NetName=0V Pin=R?_HSD3-1
Added Pin To Net: NetName=NetD9_HSD3_A Pin=R?_HSD3-2
Added Pin To Net: NetName=NetR19_HSD3_2 Pin=R?_HSD3-2
Added Pin To Net: NetName=0V Pin=R?_HSD4-1
Added Pin To Net: NetName=NetD9_HSD4_A Pin=R?_HSD4-2
Added Pin To Net: NetName=NetR19_HSD4_2 Pin=R?_HSD4-2
Add Net: Net with name "HSD2_EN" already exists
Add Differential Pair: Number of nets in differential pair NetP1_4 is 1 instead of 2
Add Differential Pair: Number of nets in differential pair NetP1_5 is 1 instead of 2
Added Member To Class: ClassName=ADC1 Member=Component C?_ADC1 (C?) 100nF
Added Member To Class: ClassName=ADC2 Member=Component C?_ADC2 (C?) 100nF
Added Member To Class: ClassName=Power Supply Member=Component C? 4.7uF
Added Member To Class: ClassName=Power Supply Member=Component C? 10uF
Add Class Member: Failed to add class member : Component D4 PMEG100T10ELR-QX
Add Class Member: Failed to add class member : Component D6 SM6T39CAY
Added Member To Class: ClassName=Power Supply Member=Component L? 4.7uH
Added Member To Class: ClassName=HSD1 Member=Component R?_HSD1 (R?) Value
Added Member To Class: ClassName=HSD1 Member=Component R?_HSD1 (R?) Value
Added Member To Class: ClassName=HSD2 Member=Component R?_HSD2 (R?) Value
Added Member To Class: ClassName=HSD2 Member=Component R?_HSD2 (R?) Value
Added Member To Class: ClassName=HSD3 Member=Component R?_HSD3 (R?) Value
Added Member To Class: ClassName=HSD3 Member=Component R?_HSD3 (R?) Value
Added Member To Class: ClassName=HSD4 Member=Component R?_HSD4 (R?) Value
Added Member To Class: ClassName=HSD4 Member=Component R?_HSD4 (R?) Value
