Change Component Designator: OldDesignator=R18A NewDesignator=R18.1
Change Component Designator: OldDesignator=R18B NewDesignator=R18.2
Change Component Designator: OldDesignator=R18C NewDesignator=R18.3
Change Component Designator: OldDesignator=R18D NewDesignator=R18.4
Change Component Designator: OldDesignator=R20A NewDesignator=R20.1
Change Component Designator: OldDesignator=R20B NewDesignator=R20.2
Change Component Designator: OldDesignator=R20C NewDesignator=R20.3
Change Component Designator: OldDesignator=R20D NewDesignator=R20.4
Added Pin To Net: NetName=3V3 Pin=C7-2
Added Pin To Net: NetName=3V3 Pin=C27-1
Change Net Name : Old Net Name=DIAG_EN1A New Net Name=DIAG_EN1.1
Change Net Name : Old Net Name=DIAG_EN1B New Net Name=DIAG_EN1.2
Change Net Name : Old Net Name=DIAG_EN2A New Net Name=DIAG_EN2.1
Change Net Name : Old Net Name=DIAG_EN2B New Net Name=DIAG_EN2.2
Change Net Name : Old Net Name=DIAG_ENA New Net Name=DIAG_EN.1
Change Net Name : Old Net Name=DIAG_ENB New Net Name=DIAG_EN.2
Change Net Name : Old Net Name=DIAG_ENC New Net Name=DIAG_EN.3
Change Net Name : Old Net Name=DIAG_END New Net Name=DIAG_EN.4
Change Net Name : Old Net Name=ENA New Net Name=EN.1
Change Net Name : Old Net Name=ENB New Net Name=EN.2
Change Net Name : Old Net Name=ENC New Net Name=EN.3
Change Net Name : Old Net Name=END New Net Name=EN.4
Change Net Name : Old Net Name=FAULT1A New Net Name=FAULT1.1
Change Net Name : Old Net Name=FAULT1B New Net Name=FAULT1.2
Change Net Name : Old Net Name=FAULT2A New Net Name=FAULT2.1
Change Net Name : Old Net Name=FAULT2B New Net Name=FAULT2.2
Change Net Name : Old Net Name=FAULTA New Net Name=FAULT.1
Change Net Name : Old Net Name=FAULTB New Net Name=FAULT.2
Change Net Name : Old Net Name=FAULTC New Net Name=FAULT.3
Change Net Name : Old Net Name=FAULTD New Net Name=FAULT.4
Change Net Name : Old Net Name=LATCH1A New Net Name=LATCH1.1
Change Net Name : Old Net Name=LATCH1B New Net Name=LATCH1.2
Change Net Name : Old Net Name=LATCH2A New Net Name=LATCH2.1
Change Net Name : Old Net Name=LATCH2B New Net Name=LATCH2.2
Change Net Name : Old Net Name=LATCHA New Net Name=LATCH.1
Change Net Name : Old Net Name=LATCHB New Net Name=LATCH.2
Change Net Name : Old Net Name=LATCHC New Net Name=LATCH.3
Change Net Name : Old Net Name=LATCHD New Net Name=LATCH.4
Change Net Name : Old Net Name=NetR18A_2 New Net Name=NetR18.1_2
Change Net Name : Old Net Name=NetR18B_2 New Net Name=NetR18.2_2
Change Net Name : Old Net Name=NetR18C_2 New Net Name=NetR18.3_2
Change Net Name : Old Net Name=NetR18D_2 New Net Name=NetR18.4_2
Change Net Name : Old Net Name=SCLCKA New Net Name=SCLCK.1
Change Net Name : Old Net Name=SDIA New Net Name=SDI.1
Change Net Name : Old Net Name=SDOA New Net Name=SDO.1
Change Net Name : Old Net Name=SNS1A New Net Name=SNS1.1
Change Net Name : Old Net Name=SNS1B New Net Name=SNS1.2
Change Net Name : Old Net Name=SNS2A New Net Name=SNS2.1
Change Net Name : Old Net Name=SNS2B New Net Name=SNS2.2
Change Net Name : Old Net Name=SNSA New Net Name=SNS.1
Change Net Name : Old Net Name=SNSB New Net Name=SNS.2
Change Net Name : Old Net Name=SNSC New Net Name=SNS.3
Change Net Name : Old Net Name=SNSD New Net Name=SNS.4
Change Net Name : Old Net Name=VOUTA New Net Name=VOUT.1
Change Net Name : Old Net Name=VOUTB New Net Name=VOUT.2
Change Net Name : Old Net Name=VOUTC New Net Name=VOUT.3
Change Net Name : Old Net Name=VOUTD New Net Name=VOUT.4
Change Net Name : Old Net Name=VSA New Net Name=VS.1
Added Member To Class: ClassName=HSD1 Member=Component R18_1 (R16) 10k
Added Member To Class: ClassName=HSD2 Member=Component R18_2 (R16) 10k
Added Member To Class: ClassName=HSD3 Member=Component R18_3 (R16) 10k
Added Member To Class: ClassName=HSD4 Member=Component R18_4 (R16) 10k
