Change Component Designator: OldDesignator=ADC_ADC1 NewDesignator=ADC_1
Change Component Designator: OldDesignator=ADC_ADC2 NewDesignator=ADC_2
Change Component Designator: OldDesignator=C28_HSD1 NewDesignator=C28_1
Change Component Designator: OldDesignator=C28_HSD2 NewDesignator=C28_2
Change Component Designator: OldDesignator=C28_HSD3 NewDesignator=C28_3
Change Component Designator: OldDesignator=C28_HSD4 NewDesignator=C28_4
Change Component Designator: OldDesignator=C29_HSD1 NewDesignator=C29_1
Change Component Designator: OldDesignator=C29_HSD2 NewDesignator=C29_2
Change Component Designator: OldDesignator=C29_HSD3 NewDesignator=C29_3
Change Component Designator: OldDesignator=C29_HSD4 NewDesignator=C29_4
Change Component Designator: OldDesignator=C30_HSD1 NewDesignator=C30_1
Change Component Designator: OldDesignator=C30_HSD2 NewDesignator=C30_2
Change Component Designator: OldDesignator=C30_HSD3 NewDesignator=C30_3
Change Component Designator: OldDesignator=C30_HSD4 NewDesignator=C30_4
Change Component Designator: OldDesignator=C31_ADC1 NewDesignator=C31_1
Change Component Designator: OldDesignator=C31_ADC2 NewDesignator=C31_2
Change Component Designator: OldDesignator=C32_ADC1 NewDesignator=C32_1
Change Component Designator: OldDesignator=C32_ADC2 NewDesignator=C32_2
Change Component Designator: OldDesignator=C33_ADC1 NewDesignator=C33_1
Change Component Designator: OldDesignator=C33_ADC2 NewDesignator=C33_2
Change Component Designator: OldDesignator=D9_HSD1 NewDesignator=D9_1
Change Component Designator: OldDesignator=D9_HSD2 NewDesignator=D9_2
Change Component Designator: OldDesignator=D9_HSD3 NewDesignator=D9_3
Change Component Designator: OldDesignator=D9_HSD4 NewDesignator=D9_4
Change Component Designator: OldDesignator=R2_HSD1 NewDesignator=R?_1
Change Component Designator: OldDesignator=R2_HSD2 NewDesignator=R?_2
Change Component Designator: OldDesignator=R2_HSD3 NewDesignator=R?_3
Change Component Designator: OldDesignator=R2_HSD4 NewDesignator=R?_4
Change Component Designator: OldDesignator=R5_HSD1 NewDesignator=R?_1
Change Component Designator: OldDesignator=R5_HSD2 NewDesignator=R?_2
Change Component Designator: OldDesignator=R5_HSD3 NewDesignator=R?_3
Change Component Designator: OldDesignator=R5_HSD4 NewDesignator=R?_4
Change Component Designator: OldDesignator=R14_HSD1 NewDesignator=R14_1
Change Component Designator: OldDesignator=R14_HSD2 NewDesignator=R14_2
Change Component Designator: OldDesignator=R14_HSD3 NewDesignator=R14_3
Change Component Designator: OldDesignator=R14_HSD4 NewDesignator=R14_4
Change Component Designator: OldDesignator=R15_HSD1 NewDesignator=R15_1
Change Component Designator: OldDesignator=R15_HSD2 NewDesignator=R15_2
Change Component Designator: OldDesignator=R15_HSD3 NewDesignator=R15_3
Change Component Designator: OldDesignator=R15_HSD4 NewDesignator=R15_4
Change Component Designator: OldDesignator=R16_HSD1 NewDesignator=R16_1
Change Component Designator: OldDesignator=R16_HSD2 NewDesignator=R16_2
Change Component Designator: OldDesignator=R16_HSD3 NewDesignator=R16_3
Change Component Designator: OldDesignator=R16_HSD4 NewDesignator=R16_4
Change Component Designator: OldDesignator=R17_HSD1 NewDesignator=R17_1
Change Component Designator: OldDesignator=R17_HSD2 NewDesignator=R17_2
Change Component Designator: OldDesignator=R17_HSD3 NewDesignator=R17_3
Change Component Designator: OldDesignator=R17_HSD4 NewDesignator=R17_4
Change Component Designator: OldDesignator=R18_HSD1 NewDesignator=R18_1
Change Component Designator: OldDesignator=R18_HSD2 NewDesignator=R18_2
Change Component Designator: OldDesignator=R18_HSD3 NewDesignator=R18_3
Change Component Designator: OldDesignator=R18_HSD4 NewDesignator=R18_4
Change Component Designator: OldDesignator=R19_HSD1 NewDesignator=R19_1
Change Component Designator: OldDesignator=R19_HSD2 NewDesignator=R19_2
Change Component Designator: OldDesignator=R19_HSD3 NewDesignator=R19_3
Change Component Designator: OldDesignator=R19_HSD4 NewDesignator=R19_4
Change Component Designator: OldDesignator=R21_HSD1 NewDesignator=R21_1
Change Component Designator: OldDesignator=R21_HSD2 NewDesignator=R21_2
Change Component Designator: OldDesignator=R21_HSD3 NewDesignator=R21_3
Change Component Designator: OldDesignator=R21_HSD4 NewDesignator=R21_4
Change Component Designator: OldDesignator=R23_ADC1 NewDesignator=R23_1
Change Component Designator: OldDesignator=R23_ADC2 NewDesignator=R23_2
Change Component Designator: OldDesignator=U_HSD1 NewDesignator=U_1
Change Component Designator: OldDesignator=U_HSD2 NewDesignator=U_2
Change Component Designator: OldDesignator=U_HSD3 NewDesignator=U_3
Change Component Designator: OldDesignator=U_HSD4 NewDesignator=U_4
Added Pin To Net: NetName=3V3 Pin=C7-2
Added Pin To Net: NetName=3V3 Pin=C27-1
Change Net Name : Old Net Name=DIAG_EN1_ADC1 New Net Name=DIAG_EN1_1
Change Net Name : Old Net Name=DIAG_EN1_ADC2 New Net Name=DIAG_EN1_2
Change Net Name : Old Net Name=DIAG_EN2_ADC1 New Net Name=DIAG_EN2_1
Change Net Name : Old Net Name=DIAG_EN2_ADC2 New Net Name=DIAG_EN2_2
Change Net Name : Old Net Name=DIAG_EN_HSD1 New Net Name=DIAG_EN_1
Change Net Name : Old Net Name=DIAG_EN_HSD2 New Net Name=DIAG_EN_2
Change Net Name : Old Net Name=DIAG_EN_HSD3 New Net Name=DIAG_EN_3
Change Net Name : Old Net Name=DIAG_EN_HSD4 New Net Name=DIAG_EN_4
Change Net Name : Old Net Name=EN_HSD1 New Net Name=EN_1
Change Net Name : Old Net Name=EN_HSD2 New Net Name=EN_2
Change Net Name : Old Net Name=EN_HSD3 New Net Name=EN_3
Change Net Name : Old Net Name=EN_HSD4 New Net Name=EN_4
Change Net Name : Old Net Name=FAULT1_ADC1 New Net Name=FAULT1_1
Change Net Name : Old Net Name=FAULT1_ADC2 New Net Name=FAULT1_2
Change Net Name : Old Net Name=FAULT2_ADC1 New Net Name=FAULT2_1
Change Net Name : Old Net Name=FAULT2_ADC2 New Net Name=FAULT2_2
Change Net Name : Old Net Name=FAULT_HSD1 New Net Name=FAULT_1
Change Net Name : Old Net Name=FAULT_HSD2 New Net Name=FAULT_2
Change Net Name : Old Net Name=FAULT_HSD3 New Net Name=FAULT_3
Change Net Name : Old Net Name=FAULT_HSD4 New Net Name=FAULT_4
Change Net Name : Old Net Name=LATCH1_ADC1 New Net Name=LATCH1_1
Change Net Name : Old Net Name=LATCH1_ADC2 New Net Name=LATCH1_2
Change Net Name : Old Net Name=LATCH2_ADC1 New Net Name=LATCH2_1
Change Net Name : Old Net Name=LATCH2_ADC2 New Net Name=LATCH2_2
Change Net Name : Old Net Name=LATCH_HSD1 New Net Name=LATCH_1
Change Net Name : Old Net Name=LATCH_HSD2 New Net Name=LATCH_2
Change Net Name : Old Net Name=LATCH_HSD3 New Net Name=LATCH_3
Change Net Name : Old Net Name=LATCH_HSD4 New Net Name=LATCH_4
Change Net Name : Old Net Name=NetADC_ADC1_8 New Net Name=NetADC_1_8
Change Net Name : Old Net Name=NetADC_ADC2_8 New Net Name=NetADC_2_8
Change Net Name : Old Net Name=NetD9_HSD1_A New Net Name=NetD9_1_A
Change Net Name : Old Net Name=NetD9_HSD2_A New Net Name=NetD9_2_A
Change Net Name : Old Net Name=NetD9_HSD3_A New Net Name=NetD9_3_A
Change Net Name : Old Net Name=NetD9_HSD4_A New Net Name=NetD9_4_A
Change Net Name : Old Net Name=NetR2_HSD1_2 New Net Name=NetR19_1_2
Change Net Name : Old Net Name=NetR2_HSD2_2 New Net Name=NetR19_2_2
Change Net Name : Old Net Name=NetR2_HSD3_2 New Net Name=NetR19_3_2
Change Net Name : Old Net Name=NetR2_HSD4_2 New Net Name=NetR19_4_2
Change Net Name : Old Net Name=NetR14_HSD1_2 New Net Name=NetR14_1_2
Change Net Name : Old Net Name=NetR14_HSD2_2 New Net Name=NetR14_2_2
Change Net Name : Old Net Name=NetR14_HSD3_2 New Net Name=NetR14_3_2
Change Net Name : Old Net Name=NetR14_HSD4_2 New Net Name=NetR14_4_2
Change Net Name : Old Net Name=NetR15_HSD1_2 New Net Name=NetR15_1_2
Change Net Name : Old Net Name=NetR15_HSD2_2 New Net Name=NetR15_2_2
Change Net Name : Old Net Name=NetR15_HSD3_2 New Net Name=NetR15_3_2
Change Net Name : Old Net Name=NetR15_HSD4_2 New Net Name=NetR15_4_2
Change Net Name : Old Net Name=NetR16_HSD1_2 New Net Name=NetR16_1_2
Change Net Name : Old Net Name=NetR16_HSD2_2 New Net Name=NetR16_2_2
Change Net Name : Old Net Name=NetR16_HSD3_2 New Net Name=NetR16_3_2
Change Net Name : Old Net Name=NetR16_HSD4_2 New Net Name=NetR16_4_2
Change Net Name : Old Net Name=NetR17_HSD1_1 New Net Name=NetR17_1_1
Change Net Name : Old Net Name=NetR17_HSD2_1 New Net Name=NetR17_2_1
Change Net Name : Old Net Name=NetR17_HSD3_1 New Net Name=NetR17_3_1
Change Net Name : Old Net Name=NetR17_HSD4_1 New Net Name=NetR17_4_1
Change Net Name : Old Net Name=NetR21_HSD1_2 New Net Name=NetR21_1_2
Change Net Name : Old Net Name=NetR21_HSD2_2 New Net Name=NetR21_2_2
Change Net Name : Old Net Name=NetR21_HSD3_2 New Net Name=NetR21_3_2
Change Net Name : Old Net Name=NetR21_HSD4_2 New Net Name=NetR21_4_2
Change Net Name : Old Net Name=SCLCK_ADC1 New Net Name=SCLCK_1
Change Net Name : Old Net Name=SDI_ADC1 New Net Name=SDI_1
Change Net Name : Old Net Name=SDO_ADC1 New Net Name=SDO_1
Change Net Name : Old Net Name=SNS1_ADC1 New Net Name=SNS1_1
Change Net Name : Old Net Name=SNS1_ADC2 New Net Name=SNS1_2
Change Net Name : Old Net Name=SNS2_ADC1 New Net Name=SNS2_1
Change Net Name : Old Net Name=SNS2_ADC2 New Net Name=SNS2_2
Change Net Name : Old Net Name=SNS_HSD1 New Net Name=SNS_1
Change Net Name : Old Net Name=SNS_HSD2 New Net Name=SNS_2
Change Net Name : Old Net Name=SNS_HSD3 New Net Name=SNS_3
Change Net Name : Old Net Name=SNS_HSD4 New Net Name=SNS_4
Change Net Name : Old Net Name=VOUT_HSD1 New Net Name=VOUT_1
Change Net Name : Old Net Name=VOUT_HSD2 New Net Name=VOUT_2
Change Net Name : Old Net Name=VOUT_HSD3 New Net Name=VOUT_3
Change Net Name : Old Net Name=VOUT_HSD4 New Net Name=VOUT_4
Change Net Name : Old Net Name=VS_HSD1 New Net Name=VS_1
Add Net: Net with name "HSD2_EN" already exists
Add Differential Pair: Number of nets in differential pair NetP1_4 is 1 instead of 2
Add Differential Pair: Number of nets in differential pair NetP1_5 is 1 instead of 2
