Removed Pin From Net: NetName=0V Pin=C37-1
Removed Pin From Net: NetName=5V Pin=C37-2
Removed Pin From Net: NetName=3V3 Pin=ISO2-1
Removed Pin From Net: NetName=0V_(ISO) Pin=ISO2-2
Removed Pin From Net: NetName=0V_(ISO) Pin=ISO2-8
Removed Pin From Net: NetName=0V Pin=ISO2-9
Removed Pin From Net: NetName=5V Pin=ISO2-10
Removed Pin From Net: NetName=5V Pin=ISO2-16
Removed Pin From Net: NetName=3V3 Pin=ISO3-1
Removed Pin From Net: NetName=0V_(ISO) Pin=ISO3-2
Removed Pin From Net: NetName=0V_(ISO) Pin=ISO3-8
Removed Pin From Net: NetName=0V Pin=ISO3-9
Removed Pin From Net: NetName=5V Pin=ISO3-10
Removed Pin From Net: NetName=5V Pin=ISO3-16
Removed Member From Class: ClassName=High-Side Driver Enable Pin Isolator Member=U8
Removed Member From Class: ClassName=ADC Chip Select Isolation Member=U9
Change Component Designator: OldDesignator=?_ADC1 NewDesignator=ADC_ADC1
Change Component Designator: OldDesignator=?_ADC2 NewDesignator=ADC_ADC2
Change Component Designator: OldDesignator=U8 NewDesignator=ISO2
Change Component Designator: OldDesignator=U9 NewDesignator=ISO3
Add Component: Footprint Not Found SODFL350X110-2N
Add Component: Footprint Not Found SM6T39CAY-Footprint-1
Added Pin To Net: NetName=5V Pin=C37-1
Added Pin To Net: NetName=0V Pin=C37-2
Added Pin To Net: NetName=0V_(ISO) Pin=C?-1
Added Pin To Net: NetName=0V_(ISO) Pin=C?-2
Add Pin To Net: Unknown Pin: Pin D4-A
Add Pin To Net: Unknown Pin: Pin D4-K
Add Pin To Net: Unknown Pin: Pin D6-A
Add Pin To Net: Unknown Pin: Pin D6-K
Added Pin To Net: NetName=3V3 Pin=ISO2-1
Added Pin To Net: NetName=0V_(ISO) Pin=ISO2-2
Added Pin To Net: NetName=0V_(ISO) Pin=ISO2-8
Added Pin To Net: NetName=0V Pin=ISO2-9
Added Pin To Net: NetName=5V Pin=ISO2-10
Added Pin To Net: NetName=0V Pin=ISO2-15
Added Pin To Net: NetName=5V Pin=ISO2-16
Added Pin To Net: NetName=3V3 Pin=ISO3-1
Added Pin To Net: NetName=0V_(ISO) Pin=ISO3-2
Added Pin To Net: NetName=0V_(ISO) Pin=ISO3-8
Added Pin To Net: NetName=0V Pin=ISO3-9
Added Pin To Net: NetName=5V Pin=ISO3-10
Added Pin To Net: NetName=5V Pin=ISO3-16
Change Net Name : Old Net Name=Net?_ADC1_8 New Net Name=NetADC_ADC1_8
Change Net Name : Old Net Name=Net?_ADC2_8 New Net Name=NetADC_ADC2_8
Add Net: Net with name "HSD2_EN" already exists
Add Differential Pair: Number of nets in differential pair NetP1_4 is 1 instead of 2
Add Differential Pair: Number of nets in differential pair NetP1_5 is 1 instead of 2
Added Member To Class: ClassName=ADC1 Member=Component C?_ADC1 (C?) 100nF
Added Member To Class: ClassName=ADC2 Member=Component C?_ADC2 (C?) 100nF
Added Member To Class: ClassName=Power Supply Member=Component C? 4.7uF
Added Member To Class: ClassName=Power Supply Member=Component C? 10uF
Add Class Member: Failed to add class member : Component D4 PMEG100T10ELR-QX
Add Class Member: Failed to add class member : Component D6 SM6T39CAY
Added Member To Class: ClassName=Power Supply Member=Component L? 4.7uH
Added Member To Class: ClassName=HSD1 Member=Component R?_HSD1 (R?) Value
Added Member To Class: ClassName=HSD2 Member=Component R?_HSD2 (R?) Value
Added Member To Class: ClassName=HSD3 Member=Component R?_HSD3 (R?) Value
Added Member To Class: ClassName=HSD4 Member=Component R?_HSD4 (R?) Value
