Removed Member From Class: ClassName=Microcontroller Member=C?
Change Component Designator: OldDesignator=C? NewDesignator=C7
Change Component Designator: OldDesignator=C? NewDesignator=C12
Change Component Designator: OldDesignator=C? NewDesignator=C13
Change Component Designator: OldDesignator=C? NewDesignator=C27
Change Component Designator: OldDesignator=C?_ADC1 NewDesignator=C32_ADC1
Change Component Designator: OldDesignator=C?_ADC1 NewDesignator=C33_ADC1
Change Component Designator: OldDesignator=C?_ADC2 NewDesignator=C32_ADC2
Change Component Designator: OldDesignator=C?_ADC2 NewDesignator=C33_ADC2
Change Component Designator: OldDesignator=L? NewDesignator=L2
Change Component Designator: OldDesignator=L? NewDesignator=L3
Change Component Designator: OldDesignator=R? NewDesignator=R1
Change Component Designator: OldDesignator=R?_HSD1 NewDesignator=R2_HSD1
Change Component Designator: OldDesignator=R?_HSD1 NewDesignator=R5_HSD1
Change Component Designator: OldDesignator=R?_HSD2 NewDesignator=R2_HSD2
Change Component Designator: OldDesignator=R?_HSD2 NewDesignator=R5_HSD2
Change Component Designator: OldDesignator=R?_HSD3 NewDesignator=R2_HSD3
Change Component Designator: OldDesignator=R?_HSD3 NewDesignator=R5_HSD3
Change Component Designator: OldDesignator=R?_HSD4 NewDesignator=R2_HSD4
Change Component Designator: OldDesignator=R?_HSD4 NewDesignator=R5_HSD4
Change Component Designator: OldDesignator=U? NewDesignator=U7
Add Component: Footprint Not Found SODFL350X110-2N
Add Component: Footprint Not Found SM6T39CAY-Footprint-1
Added Pin To Net: NetName=3V3 Pin=C7-2
Added Pin To Net: NetName=3V3 Pin=C27-1
Add Pin To Net: Unknown Pin: Pin D4-A
Add Pin To Net: Unknown Pin: Pin D4-K
Add Pin To Net: Unknown Pin: Pin D6-A
Add Pin To Net: Unknown Pin: Pin D6-K
Change Net Name : Old Net Name=NetL?_1 New Net Name=NetL3_1
Change Net Name : Old Net Name=NetR19_HSD1_2 New Net Name=NetR2_HSD1_2
Change Net Name : Old Net Name=NetR19_HSD2_2 New Net Name=NetR2_HSD2_2
Change Net Name : Old Net Name=NetR19_HSD3_2 New Net Name=NetR2_HSD3_2
Change Net Name : Old Net Name=NetR19_HSD4_2 New Net Name=NetR2_HSD4_2
Change Net Name : Old Net Name=NetR?_2 New Net Name=NetR1_2
Add Net: Net with name "HSD2_EN" already exists
Add Differential Pair: Number of nets in differential pair NetP1_4 is 1 instead of 2
Add Differential Pair: Number of nets in differential pair NetP1_5 is 1 instead of 2
Added Member To Class: ClassName=Microcontroller Member=Component C7 1µF
Added Member To Class: ClassName=Power Supply Member=Component C12 4.7uF
Added Member To Class: ClassName=Power Supply Member=Component C13 10uF
Added Member To Class: ClassName=ADC1 Member=Component C33_ADC1 (C33) 100nF
Added Member To Class: ClassName=ADC2 Member=Component C33_ADC2 (C33) 100nF
Add Class Member: Failed to add class member : Component D4 PMEG100T10ELR-QX
Add Class Member: Failed to add class member : Component D6 SM6T39CAY
Added Member To Class: ClassName=High-Side Driver Enable Pin Isolator Member=Component ISO2 ADuM1400
Added Member To Class: ClassName=ADC Chip Select Isolation Member=Component ISO3 ADuM1400
Added Member To Class: ClassName=Power Supply Member=Component L3 12uH
Added Member To Class: ClassName=HSD1 Member=Component R2_HSD1 (R2) Value
Added Member To Class: ClassName=HSD3 Member=Component R2_HSD3 (R2) Value
Added Member To Class: ClassName=HSD4 Member=Component R2_HSD4 (R2) Value
Added Member To Class: ClassName=HSD2 Member=Component R5_HSD2 (R5) Value
