Removed Pin From Net: NetName=3V3 Pin=C7-2
Removed Pin From Net: NetName=0V_(ISO) Pin=C8-1
Removed Pin From Net: NetName=3V3 Pin=C8-2
Removed Pin From Net: NetName=0V_(ISO) Pin=C9-1
Removed Pin From Net: NetName=3V3 Pin=C9-2
Removed Pin From Net: NetName=0V_(ISO) Pin=C10-1
Removed Pin From Net: NetName=3V3 Pin=C10-2
Removed Pin From Net: NetName=0V_(ISO) Pin=C11-1
Removed Pin From Net: NetName=3V3 Pin=C11-2
Removed Pin From Net: NetName=0V Pin=C12-1
Removed Pin From Net: NetName=VBAT_F Pin=C12-2
Removed Pin From Net: NetName=5V Pin=C13-2
Removed Pin From Net: NetName=VBAT_F Pin=C16-2
Removed Pin From Net: NetName=GLV- Pin=C17-1
Removed Pin From Net: NetName=GLV- Pin=C18-1
Removed Pin From Net: NetName=VBAT_D Pin=C18-2
Removed Pin From Net: NetName=GLV- Pin=C19-1
Removed Pin From Net: NetName=VBAT_D Pin=C19-2
Removed Pin From Net: NetName=VBAT_F Pin=C20-2
Removed Pin From Net: NetName=VBAT_F Pin=C21-2
Removed Pin From Net: NetName=0V Pin=C22-1
Removed Pin From Net: NetName=0V Pin=C23-1
Removed Pin From Net: NetName=5V Pin=C23-2
Removed Pin From Net: NetName=0V Pin=C25-1
Removed Pin From Net: NetName=5V Pin=C25-2
Removed Pin From Net: NetName=0V Pin=C26-1
Removed Pin From Net: NetName=5V Pin=C26-2
Removed Pin From Net: NetName=3V3 Pin=C34-1
Removed Pin From Net: NetName=0V_(ISO) Pin=C34-2
Removed Pin From Net: NetName=0V Pin=C35-1
Removed Pin From Net: NetName=5V Pin=C35-2
Removed Pin From Net: NetName=3V3 Pin=C36-1
Removed Pin From Net: NetName=0V_(ISO) Pin=C36-2
Removed Pin From Net: NetName=5V Pin=C37-1
Removed Pin From Net: NetName=0V Pin=C37-2
Removed Pin From Net: NetName=3V3 Pin=C38-1
Removed Pin From Net: NetName=0V_(ISO) Pin=C38-2
Removed Pin From Net: NetName=0V Pin=C39-1
Removed Pin From Net: NetName=5V Pin=C39-2
Removed Pin From Net: NetName=0V_(ISO) Pin=D2-K
Removed Pin From Net: NetName=VBAT_D Pin=D4-K
Removed Pin From Net: NetName=VBAT_F Pin=D5-A
Removed Pin From Net: NetName=GLV- Pin=D6-K
Removed Pin From Net: NetName=5V Pin=D7-A
Removed Pin From Net: NetName=3V3 Pin=D8-A
Removed Pin From Net: NetName=3V3 Pin=R3-2
Removed Pin From Net: NetName=CAN_RX Pin=R6-1
Removed Pin From Net: NetName=3V3 Pin=R6-2
Removed Pin From Net: NetName=CAN_TX Pin=R7-1
Removed Pin From Net: NetName=NRST Pin=R8-1
Removed Pin From Net: NetName=0V Pin=R11-1
Removed Pin From Net: NetName=NetD5_K Pin=R11-2
Removed Pin From Net: NetName=0V Pin=R12-1
Removed Pin From Net: NetName=0V_(ISO) Pin=R13-1
Removed Pin From Net: NetName=3V3 Pin=U4-1
Removed Pin From Net: NetName=NRST Pin=U4-4
Removed Pin From Net: NetName=0V_(ISO) Pin=U4-5
Removed Pin From Net: NetName=3V3 Pin=U4-6
Removed Pin From Net: NetName=HSD1_EN(MCU) Pin=U4-8
Removed Pin From Net: NetName=HSD2_EN(MCU) Pin=U4-9
Removed Pin From Net: NetName=HSD3_EN(MCU) Pin=U4-10
Removed Pin From Net: NetName=SCLCK Pin=U4-12
Removed Pin From Net: NetName=MISO Pin=U4-13
Removed Pin From Net: NetName=MOSI Pin=U4-14
Removed Pin From Net: NetName=HSD4_EN(MCU) Pin=U4-15
Removed Pin From Net: NetName=0V_(ISO) Pin=U4-18
Removed Pin From Net: NetName=3V3 Pin=U4-19
Removed Pin From Net: NetName=ADC1_CS Pin=U4-20
Removed Pin From Net: NetName=CAN_RX Pin=U4-23
Removed Pin From Net: NetName=CAN_TX Pin=U4-24
Removed Pin From Net: NetName=0V_(ISO) Pin=U4-26
Removed Pin From Net: NetName=3V3 Pin=U4-27
Removed Pin From Net: NetName=ADC2_CS Pin=U4-30
Removed Pin From Net: NetName=0V_(ISO) Pin=U4-36
Removed Pin From Net: NetName=VBAT_D Pin=U5-1
Removed Pin From Net: NetName=0V Pin=U5-3
Removed Pin From Net: NetName=GLV- Pin=U5-4
Removed Pin From Net: NetName=5V Pin=U6-4
Removed Pin From Net: NetName=0V Pin=U6-5
Removed Pin From Net: NetName=VBAT_F Pin=U6-7
Removed Pin From Net: NetName=VBAT_F Pin=U6-8
Removed Pin From Net: NetName=VBAT_F Pin=U6-9
Removed Pin From Net: NetName=0V Pin=U6-10
Removed Pin From Net: NetName=0V Pin=U6-11
Removed Pin From Net: NetName=NetL3_1 Pin=U7-1
Removed Pin From Net: NetName=0V Pin=U7-2
Removed Pin From Net: NetName=3V3 Pin=U7-7
Removed Member From Class: ClassName=Microcontroller Member=C7
Removed Member From Class: ClassName=Microcontroller Member=C8
Removed Member From Class: ClassName=Microcontroller Member=C9
Removed Member From Class: ClassName=Microcontroller Member=C10
Removed Member From Class: ClassName=Microcontroller Member=C11
Removed Member From Class: ClassName=Power Supply Member=C23
Removed Member From Class: ClassName=Power Supply Member=C24
Removed Member From Class: ClassName=Power Supply Member=C25
Removed Member From Class: ClassName=Power Supply Member=C26
Removed Member From Class: ClassName=Power Supply Member=C27
Removed Member From Class: ClassName=Contoller Peripheral Comms Isolation Member=C34
Removed Member From Class: ClassName=Contoller Peripheral Comms Isolation Member=C35
Removed Member From Class: ClassName=High-Side Driver Enable Pin Isolator Member=C36
Removed Member From Class: ClassName=High-Side Driver Enable Pin Isolator Member=C37
Removed Member From Class: ClassName=ADC Chip Select Isolation Member=C38
Removed Member From Class: ClassName=ADC Chip Select Isolation Member=C39
Removed Member From Class: ClassName=Microcontroller Member=D1
Removed Member From Class: ClassName=Microcontroller Member=D2
Removed Member From Class: ClassName=Power Supply Member=D6
Removed Member From Class: ClassName=Power Supply Member=D7
Removed Member From Class: ClassName=Power Supply Member=D8
Removed Member From Class: ClassName=Microcontroller Member=R3
Removed Member From Class: ClassName=Microcontroller Member=R4
Removed Member From Class: ClassName=Power Supply Member=R11
Removed Member From Class: ClassName=Power Supply Member=R12
Removed Member From Class: ClassName=Power Supply Member=R13
Removed Member From Class: ClassName=Microcontroller Member=U4
Removed Member From Class: ClassName=Power Supply Member=U7
Change Component Footprint: Designator=C8 Old Footprint=0603 New Footprint=0805
Change Component Footprint: Designator=C16 Old Footprint=0603 New Footprint=0805
Change Component Footprint: Designator=C21 Old Footprint=0603 New Footprint=0805
Change Component Footprint: Designator=R8 Old Footprint=0603 New Footprint=0805
Change Component Footprint: Designator=C15 Old Footprint=0805 New Footprint=0603
Change Component Footprint: Designator=C25 Old Footprint=0805 New Footprint=0603
Change Component Footprint: Designator=C26 Old Footprint=0805 New Footprint=0603
Change Component Footprint: Designator=C27 Old Footprint=0805 New Footprint=0603
Change Component Footprint: Designator=R6 Old Footprint=0805 New Footprint=0603
Change Component Footprint: Designator=C13 Old Footprint=0805 New Footprint=1206 CAP
Change Component Footprint: Designator=C14 Old Footprint=0805 New Footprint=1206 CAP
Change Component Footprint: Designator=D1 Old Footprint=0805 LED New Footprint=NXP SOD123W
Change Component Footprint: Designator=C20 Old Footprint=1206 CAP New Footprint=0805
Change Component Footprint: Designator=C12 Old Footprint=1206 CAP New Footprint=CHEMI-CON ELCO
Change Component Footprint: Designator=C19 Old Footprint=CHEMI-CON ELCO New Footprint=0805
Change Component Footprint: Designator=D4 Old Footprint=NXP SOD123W New Footprint=0805 LED
Change Component Footprint: Designator=U7 Old Footprint=RK-053.3S/H6 New Footprint=STM_QFN-36
Change Component Footprint: Designator=U4 Old Footprint=STM_QFN-36 New Footprint=Wurth 4-PC Pad
Change Component Footprint: Designator=D6 Old Footprint=ST SMB DIODE New Footprint=0805 LED
Change Component Footprint: Designator=U6 Old Footprint=TI_10_WSON New Footprint=RK-053.3S/H6
Change Component Footprint: Designator=U5 Old Footprint=Wurth 4-PC Pad New Footprint=TI_10_WSON
Change Component Comment : Designator=C7 Old Comment=1µF New Comment=10uF
Change Component Comment : Designator=C22 Old Comment=1µF New Comment=10uF
Change Component Comment : Designator=C20 Old Comment=4.7uF New Comment=10uF
Change Component Comment : Designator=C12 Old Comment=4.7uF New Comment=47uF
Change Component Comment : Designator=R6 Old Comment=5.1k New Comment=500R
Change Component Comment : Designator=R8 Old Comment=10k New Comment=5.1k
Change Component Comment : Designator=C23 Old Comment=10nF New Comment=100nF
Change Component Comment : Designator=C13 Old Comment=10uF New Comment=4.7uF
Change Component Comment : Designator=C14 Old Comment=10uF New Comment=4.7uF
Change Component Comment : Designator=C15 Old Comment=10uF New Comment=100nF
Change Component Comment : Designator=C25 Old Comment=10uF New Comment=100nF
Change Component Comment : Designator=C26 Old Comment=10uF New Comment=100nF
Change Component Comment : Designator=C27 Old Comment=10uF New Comment=100nF
Change Component Comment : Designator=C19 Old Comment=47uF New Comment=10uF
Change Component Comment : Designator=R1 Old Comment=100K New Comment=20K
Change Component Comment : Designator=C16 Old Comment=100nF New Comment=1µF
Change Component Comment : Designator=C17 Old Comment=100nF New Comment=10nF
Change Component Comment : Designator=C8 Old Comment=100nF New Comment=10uF
Change Component Comment : Designator=C21 Old Comment=100nF New Comment=10uF
Change Component Comment : Designator=R4 Old Comment=500R New Comment=1k
Change Component Comment : Designator=R3 Old Comment=500R New Comment=2K
Change Component Comment : Designator=U5 Old Comment=744272121 New Comment=LM536015QDSXRQ1
Change Component Comment : Designator=U6 Old Comment=LM536015QDSXRQ1 New Comment=RK-053.3S/H6
Change Component Comment : Designator=D4 Old Comment=PMEG100T10ELR-QX New Comment=Red
Change Component Comment : Designator=D7 Old Comment=Red New Comment=Yellow
Change Component Comment : Designator=U7 Old Comment=RK-053.3S/H6 New Comment=STM32F103T8U6
Change Component Comment : Designator=D6 Old Comment=SM6T36CAY New Comment=Yellow
Change Component Comment : Designator=U4 Old Comment=STM32F103T8U6 New Comment=744272121
Change Component Comment : Designator=D1 Old Comment=Yellow New Comment=PMEG100T10ELR-QX
Change Component Comment : Designator=D2 Old Comment=Yellow New Comment=Red
Change Component Designator: OldDesignator=ADC1A NewDesignator=ADCA
Change Component Designator: OldDesignator=ADC1B NewDesignator=ADCB
Change Component Designator: OldDesignator=C34A NewDesignator=C33A
Change Component Designator: OldDesignator=C34B NewDesignator=C33B
Change Component Designator: OldDesignator=C35A NewDesignator=C34A
Change Component Designator: OldDesignator=C35B NewDesignator=C34B
Change Component Designator: OldDesignator=C36A NewDesignator=C35A
Change Component Designator: OldDesignator=C36B NewDesignator=C35B
Change Component Designator: OldDesignator=C37A NewDesignator=C36A
Change Component Designator: OldDesignator=C37B NewDesignator=C36B
Change Component Designator: OldDesignator=C37C NewDesignator=C36C
Change Component Designator: OldDesignator=C37D NewDesignator=C36D
Change Component Designator: OldDesignator=C38A NewDesignator=C37A
Change Component Designator: OldDesignator=C38B NewDesignator=C37B
Change Component Designator: OldDesignator=C38C NewDesignator=C37C
Change Component Designator: OldDesignator=C38D NewDesignator=C37D
Change Component Designator: OldDesignator=C39A NewDesignator=C38A
Change Component Designator: OldDesignator=C39B NewDesignator=C38B
Change Component Designator: OldDesignator=C39C NewDesignator=C38C
Change Component Designator: OldDesignator=C39D NewDesignator=C38D
Change component parameters: Designator = "C7" ("C7"); Footprint = "0805"; UniqueID = "\FBAZFRPN\JTGREIOK" ("\FBAZFRPN\JTGREIOK")
Change component parameters (AddParameter): Name = "Digikey Part Number"; Value = "490-10514-6-ND"; VariantName = "[No Variations]"
Change component parameters (AddParameter): Name = "Manufacturer"; Value = "muRata"; VariantName = "[No Variations]"
Change component parameters (AddParameter): Name = "Material"; Value = "MLCC"; VariantName = "[No Variations]"
Change component parameters (AddParameter): Name = "Part Number"; Value = "GRM21BR6YA106KE43L"; VariantName = "[No Variations]"
Change component parameters (AddParameter): Name = "Rated Voltage"; Value = "50V"; VariantName = "[No Variations]"
Change component parameters (AddParameter): Name = "Temperature Rating"; Value = "X5R"; VariantName = "[No Variations]"
Change component parameters (AddParameter): Name = "Tolerance"; Value = "10%"; VariantName = "[No Variations]"
Change component parameters (AddParameter): Name = "Value"; Value = "10uF"; VariantName = "[No Variations]"
Change component parameters: Designator = "C8" ("C8"); Footprint = "0603"; UniqueID = "\FBAZFRPN\FZHWSOHB" ("\FBAZFRPN\FZHWSOHB")
Change component parameters (AddParameter): Name = "Digikey Part Number"; Value = "490-10514-6-ND"; VariantName = "[No Variations]"
Change component parameters (AddParameter): Name = "Manufacturer"; Value = "muRata"; VariantName = "[No Variations]"
Change component parameters (AddParameter): Name = "Material"; Value = "MLCC"; VariantName = "[No Variations]"
Change component parameters (AddParameter): Name = "Part Number"; Value = "GRM21BR6YA106KE43L"; VariantName = "[No Variations]"
Change component parameters (AddParameter): Name = "Rated Voltage"; Value = "50V"; VariantName = "[No Variations]"
Change component parameters (AddParameter): Name = "Temperature Rating"; Value = "X5R"; VariantName = "[No Variations]"
Change component parameters (AddParameter): Name = "Tolerance"; Value = "10%"; VariantName = "[No Variations]"
Change component parameters (AddParameter): Name = "Value"; Value = "10uF"; VariantName = "[No Variations]"
Change component parameters: Designator = "C12" ("C12"); Footprint = "1206 CAP"; UniqueID = "\FBAZFRPN\OTPGFSWI" ("\FBAZFRPN\OTPGFSWI")
Change component parameters (AddParameter): Name = "Part Number"; Value = "HHXA350ARA470MF61G"; VariantName = "[No Variations]"
Change component parameters: Designator = "C13" ("C13"); Footprint = "0805"; UniqueID = "\FBAZFRPN\HUDGXEFW" ("\FBAZFRPN\HUDGXEFW")
Change component parameters (AddParameter): Name = "Digikey Part Number"; Value = "490-GRM31CR71H475KA12KTR-ND"; VariantName = "[No Variations]"
Change component parameters (AddParameter): Name = "Manufacturer"; Value = "Murata Electronics"; VariantName = "[No Variations]"
Change component parameters (AddParameter): Name = "Material"; Value = "MLCC"; VariantName = "[No Variations]"
Change component parameters (AddParameter): Name = "Part Number"; Value = "GRM31CR71H475KA12K"; VariantName = "[No Variations]"
Change component parameters (AddParameter): Name = "Rated Voltage"; Value = "50V"; VariantName = "[No Variations]"
Change component parameters (AddParameter): Name = "Temperature Rating"; Value = "X7R"; VariantName = "[No Variations]"
Change component parameters (AddParameter): Name = "Tolerance"; Value = "±10%"; VariantName = "[No Variations]"
Change component parameters (AddParameter): Name = "Value"; Value = "4.7uF"; VariantName = "[No Variations]"
Change component parameters: Designator = "C14" ("C14"); Footprint = "0805"; UniqueID = "\FBAZFRPN\DIOQZOKY" ("\FBAZFRPN\DIOQZOKY")
Change component parameters (AddParameter): Name = "Digikey Part Number"; Value = "490-GRM31CR71H475KA12KTR-ND"; VariantName = "[No Variations]"
Change component parameters (AddParameter): Name = "Manufacturer"; Value = "Murata Electronics"; VariantName = "[No Variations]"
Change component parameters (AddParameter): Name = "Material"; Value = "MLCC"; VariantName = "[No Variations]"
Change component parameters (AddParameter): Name = "Part Number"; Value = "GRM31CR71H475KA12K"; VariantName = "[No Variations]"
Change component parameters (AddParameter): Name = "Rated Voltage"; Value = "50V"; VariantName = "[No Variations]"
Change component parameters (AddParameter): Name = "Temperature Rating"; Value = "X7R"; VariantName = "[No Variations]"
Change component parameters (AddParameter): Name = "Tolerance"; Value = "±10%"; VariantName = "[No Variations]"
Change component parameters (AddParameter): Name = "Value"; Value = "4.7uF"; VariantName = "[No Variations]"
Change component parameters: Designator = "C15" ("C15"); Footprint = "0805"; UniqueID = "\FBAZFRPN\BJSPQALL" ("\FBAZFRPN\BJSPQALL")
Change component parameters (AddParameter): Name = "Digikey Part Number"; Value = "490-6049-1-ND"; VariantName = "[No Variations]"
Change component parameters (AddParameter): Name = "Manufacturer"; Value = "muRata"; VariantName = "[No Variations]"
Change component parameters (AddParameter): Name = "Material"; Value = "MLCC"; VariantName = "[No Variations]"
Change component parameters (AddParameter): Name = "Part Number"; Value = "GCM188L81H104KA57D"; VariantName = "[No Variations]"
Change component parameters (AddParameter): Name = "Rated Voltage"; Value = "50V"; VariantName = "[No Variations]"
Change component parameters (AddParameter): Name = "Temperature Rating"; Value = "X8L"; VariantName = "[No Variations]"
Change component parameters (AddParameter): Name = "Tolerance"; Value = "±10%"; VariantName = "[No Variations]"
Change component parameters (AddParameter): Name = "Value"; Value = "100nF"; VariantName = "[No Variations]"
Change component parameters: Designator = "C16" ("C16"); Footprint = "0603"; UniqueID = "\FBAZFRPN\KTLCRIQA" ("\FBAZFRPN\KTLCRIQA")
Change component parameters (AddParameter): Name = "Digikey Part Number"; Value = "490-10675-1-ND"; VariantName = "[No Variations]"
Change component parameters (AddParameter): Name = "Manufacturer"; Value = "muRata"; VariantName = "[No Variations]"
Change component parameters (AddParameter): Name = "Material"; Value = "MLCC"; VariantName = "[No Variations]"
Change component parameters (AddParameter): Name = "Part Number"; Value = "GCM21BR71H105KA03L"; VariantName = "[No Variations]"
Change component parameters (AddParameter): Name = "Rated Voltage"; Value = "50V"; VariantName = "[No Variations]"
Change component parameters (AddParameter): Name = "Temperature Rating"; Value = "X7R"; VariantName = "[No Variations]"
Change component parameters (AddParameter): Name = "Tolerance"; Value = "±10%"; VariantName = "[No Variations]"
Change component parameters (AddParameter): Name = "Value"; Value = "1µF"; VariantName = "[No Variations]"
Change component parameters: Designator = "C17" ("C17"); Footprint = "0603"; UniqueID = "\FBAZFRPN\TXVZSXWJ" ("\FBAZFRPN\TXVZSXWJ")
Change component parameters (AddParameter): Name = "Digikey Part Number"; Value = "490-GCM188L81H103KA03DCT-ND"; VariantName = "[No Variations]"
Change component parameters (AddParameter): Name = "Manufacturer"; Value = "muRata"; VariantName = "[No Variations]"
Change component parameters (AddParameter): Name = "Material"; Value = "MLCC"; VariantName = "[No Variations]"
Change component parameters (AddParameter): Name = "Part Number"; Value = "GCM188L81H103KA03D"; VariantName = "[No Variations]"
Change component parameters (AddParameter): Name = "Rated Voltage"; Value = "50V"; VariantName = "[No Variations]"
Change component parameters (AddParameter): Name = "Temperature Rating"; Value = "X8L"; VariantName = "[No Variations]"
Change component parameters (AddParameter): Name = "Tolerance"; Value = "±10%"; VariantName = "[No Variations]"
Change component parameters (AddParameter): Name = "Value"; Value = "10nF"; VariantName = "[No Variations]"
Change component parameters: Designator = "C19" ("C19"); Footprint = "CHEMI-CON ELCO"; UniqueID = "\FBAZFRPN\YXJMRVVI" ("\FBAZFRPN\YXJMRVVI")
Change component parameters (AddParameter): Name = "Digikey Part Number"; Value = "490-10514-6-ND"; VariantName = "[No Variations]"
Change component parameters (AddParameter): Name = "Manufacturer"; Value = "muRata"; VariantName = "[No Variations]"
Change component parameters (AddParameter): Name = "Material"; Value = "MLCC"; VariantName = "[No Variations]"
Change component parameters (AddParameter): Name = "Part Number"; Value = "GRM21BR6YA106KE43L"; VariantName = "[No Variations]"
Change component parameters (AddParameter): Name = "Rated Voltage"; Value = "50V"; VariantName = "[No Variations]"
Change component parameters (AddParameter): Name = "Temperature Rating"; Value = "X5R"; VariantName = "[No Variations]"
Change component parameters (AddParameter): Name = "Tolerance"; Value = "10%"; VariantName = "[No Variations]"
Change component parameters (AddParameter): Name = "Value"; Value = "10uF"; VariantName = "[No Variations]"
Change component parameters: Designator = "C20" ("C20"); Footprint = "1206 CAP"; UniqueID = "\FBAZFRPN\FSQPZKDM" ("\FBAZFRPN\FSQPZKDM")
Change component parameters (AddParameter): Name = "Digikey Part Number"; Value = "490-10514-6-ND"; VariantName = "[No Variations]"
Change component parameters (AddParameter): Name = "Manufacturer"; Value = "muRata"; VariantName = "[No Variations]"
Change component parameters (AddParameter): Name = "Material"; Value = "MLCC"; VariantName = "[No Variations]"
Change component parameters (AddParameter): Name = "Part Number"; Value = "GRM21BR6YA106KE43L"; VariantName = "[No Variations]"
Change component parameters (AddParameter): Name = "Rated Voltage"; Value = "50V"; VariantName = "[No Variations]"
Change component parameters (AddParameter): Name = "Temperature Rating"; Value = "X5R"; VariantName = "[No Variations]"
Change component parameters (AddParameter): Name = "Tolerance"; Value = "10%"; VariantName = "[No Variations]"
Change component parameters (AddParameter): Name = "Value"; Value = "10uF"; VariantName = "[No Variations]"
Change component parameters: Designator = "C21" ("C21"); Footprint = "0603"; UniqueID = "\FBAZFRPN\WPRDGYEX" ("\FBAZFRPN\WPRDGYEX")
Change component parameters (AddParameter): Name = "Digikey Part Number"; Value = "490-10514-6-ND"; VariantName = "[No Variations]"
Change component parameters (AddParameter): Name = "Manufacturer"; Value = "muRata"; VariantName = "[No Variations]"
Change component parameters (AddParameter): Name = "Material"; Value = "MLCC"; VariantName = "[No Variations]"
Change component parameters (AddParameter): Name = "Part Number"; Value = "GRM21BR6YA106KE43L"; VariantName = "[No Variations]"
Change component parameters (AddParameter): Name = "Rated Voltage"; Value = "50V"; VariantName = "[No Variations]"
Change component parameters (AddParameter): Name = "Temperature Rating"; Value = "X5R"; VariantName = "[No Variations]"
Change component parameters (AddParameter): Name = "Tolerance"; Value = "10%"; VariantName = "[No Variations]"
Change component parameters (AddParameter): Name = "Value"; Value = "10uF"; VariantName = "[No Variations]"
Change component parameters: Designator = "C22" ("C22"); Footprint = "0805"; UniqueID = "\FBAZFRPN\EIBHDJTW" ("\FBAZFRPN\EIBHDJTW")
Change component parameters (AddParameter): Name = "Digikey Part Number"; Value = "490-10514-6-ND"; VariantName = "[No Variations]"
Change component parameters (AddParameter): Name = "Manufacturer"; Value = "muRata"; VariantName = "[No Variations]"
Change component parameters (AddParameter): Name = "Material"; Value = "MLCC"; VariantName = "[No Variations]"
Change component parameters (AddParameter): Name = "Part Number"; Value = "GRM21BR6YA106KE43L"; VariantName = "[No Variations]"
Change component parameters (AddParameter): Name = "Rated Voltage"; Value = "50V"; VariantName = "[No Variations]"
Change component parameters (AddParameter): Name = "Temperature Rating"; Value = "X5R"; VariantName = "[No Variations]"
Change component parameters (AddParameter): Name = "Tolerance"; Value = "10%"; VariantName = "[No Variations]"
Change component parameters (AddParameter): Name = "Value"; Value = "10uF"; VariantName = "[No Variations]"
Change component parameters: Designator = "C23" ("C23"); Footprint = "0603"; UniqueID = "\IEMITEGL\EKTVOTSL" ("\IEMITEGL\EKTVOTSL")
Change component parameters (AddParameter): Name = "Digikey Part Number"; Value = "490-6049-1-ND"; VariantName = "[No Variations]"
Change component parameters (AddParameter): Name = "Manufacturer"; Value = "muRata"; VariantName = "[No Variations]"
Change component parameters (AddParameter): Name = "Material"; Value = "MLCC"; VariantName = "[No Variations]"
Change component parameters (AddParameter): Name = "Part Number"; Value = "GCM188L81H104KA57D"; VariantName = "[No Variations]"
Change component parameters (AddParameter): Name = "Rated Voltage"; Value = "50V"; VariantName = "[No Variations]"
Change component parameters (AddParameter): Name = "Temperature Rating"; Value = "X8L"; VariantName = "[No Variations]"
Change component parameters (AddParameter): Name = "Tolerance"; Value = "±10%"; VariantName = "[No Variations]"
Change component parameters (AddParameter): Name = "Value"; Value = "100nF"; VariantName = "[No Variations]"
Change component parameters: Designator = "C25" ("C25"); Footprint = "0805"; UniqueID = "\IEMITEGL\AXTEBFSE" ("\IEMITEGL\AXTEBFSE")
Change component parameters (AddParameter): Name = "Digikey Part Number"; Value = "490-6049-1-ND"; VariantName = "[No Variations]"
Change component parameters (AddParameter): Name = "Manufacturer"; Value = "muRata"; VariantName = "[No Variations]"
Change component parameters (AddParameter): Name = "Material"; Value = "MLCC"; VariantName = "[No Variations]"
Change component parameters (AddParameter): Name = "Part Number"; Value = "GCM188L81H104KA57D"; VariantName = "[No Variations]"
Change component parameters (AddParameter): Name = "Rated Voltage"; Value = "50V"; VariantName = "[No Variations]"
Change component parameters (AddParameter): Name = "Temperature Rating"; Value = "X8L"; VariantName = "[No Variations]"
Change component parameters (AddParameter): Name = "Tolerance"; Value = "±10%"; VariantName = "[No Variations]"
Change component parameters (AddParameter): Name = "Value"; Value = "100nF"; VariantName = "[No Variations]"
Change component parameters: Designator = "C26" ("C26"); Footprint = "0805"; UniqueID = "\IEMITEGL\PHDMYFNK" ("\IEMITEGL\PHDMYFNK")
Change component parameters (AddParameter): Name = "Digikey Part Number"; Value = "490-6049-1-ND"; VariantName = "[No Variations]"
Change component parameters (AddParameter): Name = "Manufacturer"; Value = "muRata"; VariantName = "[No Variations]"
Change component parameters (AddParameter): Name = "Material"; Value = "MLCC"; VariantName = "[No Variations]"
Change component parameters (AddParameter): Name = "Part Number"; Value = "GCM188L81H104KA57D"; VariantName = "[No Variations]"
Change component parameters (AddParameter): Name = "Rated Voltage"; Value = "50V"; VariantName = "[No Variations]"
Change component parameters (AddParameter): Name = "Temperature Rating"; Value = "X8L"; VariantName = "[No Variations]"
Change component parameters (AddParameter): Name = "Tolerance"; Value = "±10%"; VariantName = "[No Variations]"
Change component parameters (AddParameter): Name = "Value"; Value = "100nF"; VariantName = "[No Variations]"
Change component parameters: Designator = "C27" ("C27"); Footprint = "0805"; UniqueID = "\XUPSTWOB\XZUELJSZ" ("\XUPSTWOB\XZUELJSZ")
Change component parameters (AddParameter): Name = "Digikey Part Number"; Value = "490-6049-1-ND"; VariantName = "[No Variations]"
Change component parameters (AddParameter): Name = "Manufacturer"; Value = "muRata"; VariantName = "[No Variations]"
Change component parameters (AddParameter): Name = "Material"; Value = "MLCC"; VariantName = "[No Variations]"
Change component parameters (AddParameter): Name = "Part Number"; Value = "GCM188L81H104KA57D"; VariantName = "[No Variations]"
Change component parameters (AddParameter): Name = "Rated Voltage"; Value = "50V"; VariantName = "[No Variations]"
Change component parameters (AddParameter): Name = "Temperature Rating"; Value = "X8L"; VariantName = "[No Variations]"
Change component parameters (AddParameter): Name = "Tolerance"; Value = "±10%"; VariantName = "[No Variations]"
Change component parameters (AddParameter): Name = "Value"; Value = "100nF"; VariantName = "[No Variations]"
Change component parameters: Designator = "D1" ("D1"); Footprint = "0805 LED"; UniqueID = "\FBAZFRPN\IKKUTXCK" ("\FBAZFRPN\IKKUTXCK")
Change component parameters (AddParameter): Name = "Breakdown Voltage"; Value = "100 V"; VariantName = "[No Variations]"
Change component parameters (AddParameter): Name = "Digikey Part Number"; Value = "1727-PMEG100T10ELR-QXCT-ND"; VariantName = "[No Variations]"
Change component parameters (AddParameter): Name = "Forward Voltage"; Value = "0.75 V @ 1A"; VariantName = "[No Variations]"
Change component parameters (AddParameter): Name = "Manufacturer"; Value = "Nexperia USA Inc."; VariantName = "[No Variations]"
Change component parameters (AddParameter): Name = "Part Number"; Value = "PMEG100T10ELR-QX"; VariantName = "[No Variations]"
Change component parameters (AddParameter): Name = "Rated Power"; Value = "680 mW"; VariantName = "[No Variations]"
Change component parameters: Designator = "D2" ("D2"); Footprint = "0805 LED"; UniqueID = "\FBAZFRPN\XZNTZMAF" ("\FBAZFRPN\XZNTZMAF")
Change component parameters (AddParameter): Name = "Colour"; Value = "Red"; VariantName = "[No Variations]"
Change component parameters (AddParameter): Name = "Digikey Part Number"; Value = "511-1286-1-ND"; VariantName = "[No Variations]"
Change component parameters (AddParameter): Name = "Manufacturer"; Value = "ROHM Semiconductor"; VariantName = "[No Variations]"
Change component parameters (AddParameter): Name = "Part Number"; Value = "SML-210LTT86"; VariantName = "[No Variations]"
Change component parameters: Designator = "D4" ("D4"); Footprint = "NXP SOD123W"; UniqueID = "\FBAZFRPN\OGYCQRNU" ("\FBAZFRPN\OGYCQRNU")
Change component parameters (AddParameter): Name = "Colour"; Value = "Red"; VariantName = "[No Variations]"
Change component parameters (AddParameter): Name = "Digikey Part Number"; Value = "511-1286-1-ND"; VariantName = "[No Variations]"
Change component parameters (AddParameter): Name = "Manufacturer"; Value = "ROHM Semiconductor"; VariantName = "[No Variations]"
Change component parameters (AddParameter): Name = "Part Number"; Value = "SML-210LTT86"; VariantName = "[No Variations]"
Change component parameters: Designator = "D6" ("D6"); Footprint = "ST SMB DIODE"; UniqueID = "\IEMITEGL\FDIQEMGK" ("\IEMITEGL\FDIQEMGK")
Change component parameters (AddParameter): Name = "Colour"; Value = "Yellow"; VariantName = "[No Variations]"
Change component parameters (AddParameter): Name = "Digikey Part Number"; Value = "511-1293-1-ND"; VariantName = "[No Variations]"
Change component parameters (AddParameter): Name = "Manufacturer"; Value = "ROHM Semiconductor"; VariantName = "[No Variations]"
Change component parameters (AddParameter): Name = "Part Number"; Value = "SML-211YTT86"; VariantName = "[No Variations]"
Change component parameters: Designator = "D7" ("D7"); Footprint = "0805 LED"; UniqueID = "\IEMITEGL\RLWLYIMP" ("\IEMITEGL\RLWLYIMP")
Change component parameters (AddParameter): Name = "Colour"; Value = "Yellow"; VariantName = "[No Variations]"
Change component parameters (AddParameter): Name = "Digikey Part Number"; Value = "511-1293-1-ND"; VariantName = "[No Variations]"
Change component parameters (AddParameter): Name = "Manufacturer"; Value = "ROHM Semiconductor"; VariantName = "[No Variations]"
Change component parameters (AddParameter): Name = "Part Number"; Value = "SML-211YTT86"; VariantName = "[No Variations]"
Change component parameters: Designator = "R1" ("R1"); Footprint = "0603"; UniqueID = "\FBAZFRPN\RRNYSUYF" ("\FBAZFRPN\RRNYSUYF")
Change component parameters (AddParameter): Name = "Digikey Part Number"; Value = "311-20.0KHRCT-ND"; VariantName = "[No Variations]"
Change component parameters (AddParameter): Name = "Manufacturer"; Value = "YAGEO"; VariantName = "[No Variations]"
Change component parameters (AddParameter): Name = "Material"; Value = "FR-07"; VariantName = "[No Variations]"
Change component parameters (AddParameter): Name = "Part Number"; Value = "RC0603FR-0720KL"; VariantName = "[No Variations]"
Change component parameters (AddParameter): Name = "Rated Power"; Value = "0.1W"; VariantName = "[No Variations]"
Change component parameters (AddParameter): Name = "Tolerance"; Value = "0.01"; VariantName = "[No Variations]"
Change component parameters (AddParameter): Name = "Value"; Value = "20K"; VariantName = "[No Variations]"
Change component parameters: Designator = "R3" ("R3"); Footprint = "0603"; UniqueID = "\FBAZFRPN\GHPUUZUK" ("\FBAZFRPN\GHPUUZUK")
Change component parameters (AddParameter): Name = "Digikey Part Number"; Value = "311-2.00KHRCT-ND"; VariantName = "[No Variations]"
Change component parameters (AddParameter): Name = "Manufacturer"; Value = "YAGEO"; VariantName = "[No Variations]"
Change component parameters (AddParameter): Name = "Material"; Value = "FR-07"; VariantName = "[No Variations]"
Change component parameters (AddParameter): Name = "Part Number"; Value = "RC0603FR-072KL"; VariantName = "[No Variations]"
Change component parameters (AddParameter): Name = "Rated Power"; Value = "0.1W"; VariantName = "[No Variations]"
Change component parameters (AddParameter): Name = "Tolerance"; Value = "0.01"; VariantName = "[No Variations]"
Change component parameters (AddParameter): Name = "Value"; Value = "2K"; VariantName = "[No Variations]"
Change component parameters: Designator = "R4" ("R4"); Footprint = "0603"; UniqueID = "\FBAZFRPN\OHZEWVOU" ("\FBAZFRPN\OHZEWVOU")
Change component parameters (AddParameter): Name = "Digikey Part Number"; Value = "311-1.00KHRCT-ND"; VariantName = "[No Variations]"
Change component parameters (AddParameter): Name = "Manufacturer"; Value = "YAGEO"; VariantName = "[No Variations]"
Change component parameters (AddParameter): Name = "Material"; Value = "FR-07"; VariantName = "[No Variations]"
Change component parameters (AddParameter): Name = "Part Number"; Value = "RC0603FR-071KL"; VariantName = "[No Variations]"
Change component parameters (AddParameter): Name = "Rated Power"; Value = "0.1W"; VariantName = "[No Variations]"
Change component parameters (AddParameter): Name = "Tolerance"; Value = "0.01"; VariantName = "[No Variations]"
Change component parameters (AddParameter): Name = "Value"; Value = "1k"; VariantName = "[No Variations]"
Change component parameters: Designator = "R6" ("R6"); Footprint = "0805"; UniqueID = "\IEMITEGL\BGDCYHRG" ("\IEMITEGL\BGDCYHRG")
Change component parameters (AddParameter): Name = "Digikey Part Number"; Value = "13-RT0603BRD07500RL-ND"; VariantName = "[No Variations]"
Change component parameters (AddParameter): Name = "Manufacturer"; Value = "YAGEO"; VariantName = "[No Variations]"
Change component parameters (AddParameter): Name = "Material"; Value = "FR-07"; VariantName = "[No Variations]"
Change component parameters (AddParameter): Name = "Part Number"; Value = "RT0603BRD07500RL"; VariantName = "[No Variations]"
Change component parameters (AddParameter): Name = "Rated Power"; Value = "0.1W"; VariantName = "[No Variations]"
Change component parameters (AddParameter): Name = "Tolerance"; Value = "0.01"; VariantName = "[No Variations]"
Change component parameters (AddParameter): Name = "Value"; Value = "500R"; VariantName = "[No Variations]"
Change component parameters: Designator = "R8" ("R8"); Footprint = "0603"; UniqueID = "\IEMITEGL\DPHKYSEG" ("\IEMITEGL\DPHKYSEG")
Change component parameters (AddParameter): Name = "Digikey Part Number"; Value = "311-5.10KCRCT-ND"; VariantName = "[No Variations]"
Change component parameters (AddParameter): Name = "Manufacturer"; Value = "YAGEO"; VariantName = "[No Variations]"
Change component parameters (AddParameter): Name = "Material"; Value = "FR-07"; VariantName = "[No Variations]"
Change component parameters (AddParameter): Name = "Part Number"; Value = "RC0805FR075K1L"; VariantName = "[No Variations]"
Change component parameters (AddParameter): Name = "Rated Power"; Value = "0.125W"; VariantName = "[No Variations]"
Change component parameters (AddParameter): Name = "Tolerance"; Value = "0.01"; VariantName = "[No Variations]"
Change component parameters (AddParameter): Name = "Value"; Value = "5.1k"; VariantName = "[No Variations]"
Change component parameters: Designator = "U4" ("U4"); Footprint = "STM_QFN-36"; UniqueID = "\FBAZFRPN\VBENXLUV" ("\FBAZFRPN\VBENXLUV")
Change component parameters (AddParameter): Name = "Digikey Part Number"; Value = "732-1489-1-ND"; VariantName = "[No Variations]"
Change component parameters (AddParameter): Name = "Impedance"; Value = "460 Ohms @ 30MHz"; VariantName = "[No Variations]"
Change component parameters (AddParameter): Name = "Manufacturer"; Value = "Wurth Electronics Inc"; VariantName = "[No Variations]"
Change component parameters (AddParameter): Name = "Material"; Value = "Wirewound"; VariantName = "[No Variations]"
Change component parameters (AddParameter): Name = "Part Number"; Value = "744272121"; VariantName = "[No Variations]"
Change component parameters (AddParameter): Name = "Rated Current"; Value = "2.5 A"; VariantName = "[No Variations]"
Change component parameters (AddParameter): Name = "Value"; Value = "120uH @ 100kHz"; VariantName = "[No Variations]"
Change component parameters: Designator = "U5" ("U5"); Footprint = "Wurth 4-PC Pad"; UniqueID = "\FBAZFRPN\SNHJUNRQ" ("\FBAZFRPN\SNHJUNRQ")
Change component parameters (AddParameter): Name = "Digikey Part Number"; Value = "296-50359-1-ND"; VariantName = "[No Variations]"
Change component parameters (AddParameter): Name = "Input Voltage"; Value = "4.5 to 36 V"; VariantName = "[No Variations]"
Change component parameters (AddParameter): Name = "Manufacturer"; Value = "Texas Instruments"; VariantName = "[No Variations]"
Change component parameters (AddParameter): Name = "Output Current"; Value = "1.0 A"; VariantName = "[No Variations]"
Change component parameters (AddParameter): Name = "Output Voltage"; Value = "5V"; VariantName = "[No Variations]"
Change component parameters (AddParameter): Name = "Part Number"; Value = "LM536015QDSXRQ1"; VariantName = "[No Variations]"
Change component parameters: Designator = "U6" ("U6"); Footprint = "TI_10_WSON"; UniqueID = "\FBAZFRPN\AHZDOBIL" ("\FBAZFRPN\AHZDOBIL")
Change component parameters (AddParameter): Name = "Input Voltage"; Value = "5V"; VariantName = "[No Variations]"
Change component parameters (AddParameter): Name = "Manufacturer"; Value = "Recom"; VariantName = "[No Variations]"
Change component parameters (AddParameter): Name = "Output Current"; Value = "303mA"; VariantName = "[No Variations]"
Change component parameters (AddParameter): Name = "Output Voltage"; Value = "3.3V"; VariantName = "[No Variations]"
Change component parameters (AddParameter): Name = "Part Number"; Value = "RK-053.3S/H6"; VariantName = "[No Variations]"
Change component parameters: Designator = "U7" ("U7"); Footprint = "RK-053.3S/H6"; UniqueID = "\IEMITEGL\VIUMFQXN" ("\IEMITEGL\VIUMFQXN")
Change component parameters (AddParameter): Name = "Digikey Link"; Value = "https://www.digikey.com/en/products/detail/stmicroelectronics/stm32f103t8u6/1852493"; VariantName = "[No Variations]"
Change component parameters (AddParameter): Name = "Digikey Part Number"; Value = "STM32F103T8U6"; VariantName = "[No Variations]"
Change component parameters (AddParameter): Name = "Manufacturer"; Value = "ST Microelectronics"; VariantName = "[No Variations]"
Change component parameters (AddParameter): Name = "Part Number"; Value = "STM32F103T8U6"; VariantName = "[No Variations]"
Added Component: Designator=C28(0603)
Add component (AddParameter): Name = "Digikey Part Number"; Value = "490-6049-1-ND"; VariantName = "[No Variations]"
Add component (AddParameter): Name = "Manufacturer"; Value = "muRata"; VariantName = "[No Variations]"
Add component (AddParameter): Name = "Material"; Value = "MLCC"; VariantName = "[No Variations]"
Add component (AddParameter): Name = "Part Number"; Value = "GCM188L81H104KA57D"; VariantName = "[No Variations]"
Add component (AddParameter): Name = "Rated Voltage"; Value = "50V"; VariantName = "[No Variations]"
Add component (AddParameter): Name = "Temperature Rating"; Value = "X8L"; VariantName = "[No Variations]"
Add component (AddParameter): Name = "Tolerance"; Value = "±10%"; VariantName = "[No Variations]"
Add component (AddParameter): Name = "Value"; Value = "100nF"; VariantName = "[No Variations]"
Added Component: Designator=C29(0603)
Add component (AddParameter): Name = "Digikey Part Number"; Value = "490-6049-1-ND"; VariantName = "[No Variations]"
Add component (AddParameter): Name = "Manufacturer"; Value = "muRata"; VariantName = "[No Variations]"
Add component (AddParameter): Name = "Material"; Value = "MLCC"; VariantName = "[No Variations]"
Add component (AddParameter): Name = "Part Number"; Value = "GCM188L81H104KA57D"; VariantName = "[No Variations]"
Add component (AddParameter): Name = "Rated Voltage"; Value = "50V"; VariantName = "[No Variations]"
Add component (AddParameter): Name = "Temperature Rating"; Value = "X8L"; VariantName = "[No Variations]"
Add component (AddParameter): Name = "Tolerance"; Value = "±10%"; VariantName = "[No Variations]"
Add component (AddParameter): Name = "Value"; Value = "100nF"; VariantName = "[No Variations]"
Added Component: Designator=C30(0603)
Add component (AddParameter): Name = "Digikey Part Number"; Value = "490-6049-1-ND"; VariantName = "[No Variations]"
Add component (AddParameter): Name = "Manufacturer"; Value = "muRata"; VariantName = "[No Variations]"
Add component (AddParameter): Name = "Material"; Value = "MLCC"; VariantName = "[No Variations]"
Add component (AddParameter): Name = "Part Number"; Value = "GCM188L81H104KA57D"; VariantName = "[No Variations]"
Add component (AddParameter): Name = "Rated Voltage"; Value = "50V"; VariantName = "[No Variations]"
Add component (AddParameter): Name = "Temperature Rating"; Value = "X8L"; VariantName = "[No Variations]"
Add component (AddParameter): Name = "Tolerance"; Value = "±10%"; VariantName = "[No Variations]"
Add component (AddParameter): Name = "Value"; Value = "100nF"; VariantName = "[No Variations]"
Added Component: Designator=C31(0603)
Add component (AddParameter): Name = "Digikey Part Number"; Value = "490-6049-1-ND"; VariantName = "[No Variations]"
Add component (AddParameter): Name = "Manufacturer"; Value = "muRata"; VariantName = "[No Variations]"
Add component (AddParameter): Name = "Material"; Value = "MLCC"; VariantName = "[No Variations]"
Add component (AddParameter): Name = "Part Number"; Value = "GCM188L81H104KA57D"; VariantName = "[No Variations]"
Add component (AddParameter): Name = "Rated Voltage"; Value = "50V"; VariantName = "[No Variations]"
Add component (AddParameter): Name = "Temperature Rating"; Value = "X8L"; VariantName = "[No Variations]"
Add component (AddParameter): Name = "Tolerance"; Value = "±10%"; VariantName = "[No Variations]"
Add component (AddParameter): Name = "Value"; Value = "100nF"; VariantName = "[No Variations]"
Added Component: Designator=C32(0603)
Add component (AddParameter): Name = "Digikey Part Number"; Value = "490-6049-1-ND"; VariantName = "[No Variations]"
Add component (AddParameter): Name = "Manufacturer"; Value = "muRata"; VariantName = "[No Variations]"
Add component (AddParameter): Name = "Material"; Value = "MLCC"; VariantName = "[No Variations]"
Add component (AddParameter): Name = "Part Number"; Value = "GCM188L81H104KA57D"; VariantName = "[No Variations]"
Add component (AddParameter): Name = "Rated Voltage"; Value = "50V"; VariantName = "[No Variations]"
Add component (AddParameter): Name = "Temperature Rating"; Value = "X8L"; VariantName = "[No Variations]"
Add component (AddParameter): Name = "Tolerance"; Value = "±10%"; VariantName = "[No Variations]"
Add component (AddParameter): Name = "Value"; Value = "100nF"; VariantName = "[No Variations]"
Added Component: Designator=D3(ST SMB DIODE)
Add component (AddParameter): Name = "Breakdown Voltage"; Value = "30.8 V"; VariantName = "[No Variations]"
Add component (AddParameter): Name = "Digikey Part Number"; Value = "497-10804-1-ND"; VariantName = "[No Variations]"
Add component (AddParameter): Name = "Forward Voltage"; Value = "30.8 V"; VariantName = "[No Variations]"
Add component (AddParameter): Name = "Manufacturer"; Value = "STMicroelectronics"; VariantName = "[No Variations]"
Add component (AddParameter): Name = "Part Number"; Value = "SM6T36CAY"; VariantName = "[No Variations]"
Add component (AddParameter): Name = "Rated Power"; Value = "600W"; VariantName = "[No Variations]"
Added Component: Designator=R2(0603)
Add component (AddParameter): Name = "Manufacturer"; Value = "YAGEO"; VariantName = "[No Variations]"
Add component (AddParameter): Name = "Material"; Value = "FR-07"; VariantName = "[No Variations]"
Add component (AddParameter): Name = "Part Number"; Value = "RC0603FR-07100KL"; VariantName = "[No Variations]"
Add component (AddParameter): Name = "Rated Power"; Value = "0.1W"; VariantName = "[No Variations]"
Add component (AddParameter): Name = "Tolerance"; Value = "0.01"; VariantName = "[No Variations]"
Add component (AddParameter): Name = "Value"; Value = "100K"; VariantName = "[No Variations]"
Added Component: Designator=R5(0603)
Add component (AddParameter): Name = "Digikey Part Number"; Value = "13-RT0603BRD07500RL-ND"; VariantName = "[No Variations]"
Add component (AddParameter): Name = "Manufacturer"; Value = "YAGEO"; VariantName = "[No Variations]"
Add component (AddParameter): Name = "Material"; Value = "FR-07"; VariantName = "[No Variations]"
Add component (AddParameter): Name = "Part Number"; Value = "RT0603BRD07500RL"; VariantName = "[No Variations]"
Add component (AddParameter): Name = "Rated Power"; Value = "0.1W"; VariantName = "[No Variations]"
Add component (AddParameter): Name = "Tolerance"; Value = "0.01"; VariantName = "[No Variations]"
Add component (AddParameter): Name = "Value"; Value = "500R"; VariantName = "[No Variations]"
Added Component: Designator=R10(0603)
Add component (AddParameter): Name = "Digikey Part Number"; Value = "311-10.0KHRCT-ND"; VariantName = "[No Variations]"
Add component (AddParameter): Name = "Manufacturer"; Value = "YAGEO"; VariantName = "[No Variations]"
Add component (AddParameter): Name = "Material"; Value = "FR-07"; VariantName = "[No Variations]"
Add component (AddParameter): Name = "Part Number"; Value = "RC0603FR-0710KL"; VariantName = "[No Variations]"
Add component (AddParameter): Name = "Rated Power"; Value = "0.1W"; VariantName = "[No Variations]"
Add component (AddParameter): Name = "Tolerance"; Value = "0.01"; VariantName = "[No Variations]"
Add component (AddParameter): Name = "Value"; Value = "10k"; VariantName = "[No Variations]"
Added Pin To Net: NetName=0V Pin=C7-1
Added Pin To Net: NetName=0V Pin=C8-1
Added Pin To Net: NetName=VBAT_F Pin=C8-2
Added Pin To Net: NetName=0V Pin=C9-1
Added Pin To Net: NetName=VBAT_F Pin=C9-2
Added Pin To Net: NetName=GLV- Pin=C10-1
Added Pin To Net: NetName=GLV- Pin=C11-1
Added Pin To Net: NetName=VBAT_D Pin=C11-2
Added Pin To Net: NetName=GLV- Pin=C12-1
Added Pin To Net: NetName=VBAT_D Pin=C12-2
Added Pin To Net: NetName=VBAT_F Pin=C13-2
Added Pin To Net: NetName=VBAT_F Pin=C14-2
Added Pin To Net: NetName=0V Pin=C17-1
Added Pin To Net: NetName=5V Pin=C17-2
Added Pin To Net: NetName=0V Pin=C19-1
Added Pin To Net: NetName=5V Pin=C19-2
Added Pin To Net: NetName=5V Pin=C20-2
Added Pin To Net: NetName=5V Pin=C21-2
Added Pin To Net: NetName=0V_(ISO) Pin=C22-1
Added Pin To Net: NetName=3V3 Pin=C22-1
Added Pin To Net: NetName=0V_(ISO) Pin=C23-1
Added Pin To Net: NetName=3V3 Pin=C23-2
Added Pin To Net: NetName=0V_(ISO) Pin=C24-1
Added Pin To Net: NetName=3V3 Pin=C24-2
Added Pin To Net: NetName=0V_(ISO) Pin=C25-1
Added Pin To Net: NetName=3V3 Pin=C25-2
Added Pin To Net: NetName=0V_(ISO) Pin=C26-1
Added Pin To Net: NetName=3V3 Pin=C26-2
Added Pin To Net: NetName=0V_(ISO) Pin=C27-2
Added Pin To Net: NetName=0V Pin=C28-1
Added Pin To Net: NetName=5V Pin=C28-2
Added Pin To Net: NetName=3V3 Pin=C29-1
Added Pin To Net: NetName=0V_(ISO) Pin=C29-2
Added Pin To Net: NetName=5V Pin=C30-1
Added Pin To Net: NetName=0V Pin=C30-2
Added Pin To Net: NetName=3V3 Pin=C31-1
Added Pin To Net: NetName=0V_(ISO) Pin=C31-2
Added Pin To Net: NetName=0V Pin=C32-1
Added Pin To Net: NetName=5V Pin=C32-2
Added Pin To Net: NetName=VBAT_D Pin=D1-K
Added Pin To Net: NetName=VBAT_F Pin=D2-A
Added Pin To Net: NetName=GLV- Pin=D3-K
Added Pin To Net: NetName=5V Pin=D4-A
Added Pin To Net: NetName=3V3 Pin=D5-A
Added Pin To Net: NetName=0V_(ISO) Pin=D7-K
Added Pin To Net: NetName=0V Pin=ISO3-15
Added Pin To Net: NetName=0V Pin=R1-1
Added Pin To Net: NetName=0V Pin=R3-1
Added Pin To Net: NetName=0V_(ISO) Pin=R4-1
Added Pin To Net: NetName=NetD5_K Pin=R4-2
Added Pin To Net: NetName=3V3 Pin=R5-2
Added Pin To Net: NetName=CAN_RX Pin=R7-1
Added Pin To Net: NetName=CAN_TX Pin=R8-1
Added Pin To Net: NetName=NRST Pin=R9-1
Added Pin To Net: NetName=3V3 Pin=R9-2
Added Pin To Net: NetName=VBAT_D Pin=U4-1
Added Pin To Net: NetName=0V Pin=U4-3
Added Pin To Net: NetName=GLV- Pin=U4-4
Added Pin To Net: NetName=5V Pin=U5-4
Added Pin To Net: NetName=0V Pin=U5-5
Added Pin To Net: NetName=VBAT_F Pin=U5-7
Added Pin To Net: NetName=VBAT_F Pin=U5-8
Added Pin To Net: NetName=VBAT_F Pin=U5-9
Added Pin To Net: NetName=0V Pin=U5-10
Added Pin To Net: NetName=0V Pin=U5-11
Added Pin To Net: NetName=NetL3_1 Pin=U6-1
Added Pin To Net: NetName=0V Pin=U6-2
Added Pin To Net: NetName=0V_(ISO) Pin=U6-5
Added Pin To Net: NetName=3V3 Pin=U6-7
Added Pin To Net: NetName=3V3 Pin=U7-1
Added Pin To Net: NetName=NRST Pin=U7-4
Added Pin To Net: NetName=3V3 Pin=U7-6
Added Pin To Net: NetName=HSD1_EN(MCU) Pin=U7-8
Added Pin To Net: NetName=HSD2_EN(MCU) Pin=U7-9
Added Pin To Net: NetName=HSD3_EN(MCU) Pin=U7-10
Added Pin To Net: NetName=SCLCK Pin=U7-12
Added Pin To Net: NetName=MISO Pin=U7-13
Added Pin To Net: NetName=MOSI Pin=U7-14
Added Pin To Net: NetName=HSD4_EN(MCU) Pin=U7-15
Added Pin To Net: NetName=0V_(ISO) Pin=U7-18
Added Pin To Net: NetName=3V3 Pin=U7-19
Added Pin To Net: NetName=ADC1_CS Pin=U7-20
Added Pin To Net: NetName=CAN_RX Pin=U7-23
Added Pin To Net: NetName=CAN_TX Pin=U7-24
Added Pin To Net: NetName=0V_(ISO) Pin=U7-26
Added Pin To Net: NetName=3V3 Pin=U7-27
Added Pin To Net: NetName=ADC2_CS Pin=U7-30
Added Pin To Net: NetName=0V_(ISO) Pin=U7-36
Change Net Name : Old Net Name=NetADC1A_8 New Net Name=NetADCA_8
Change Net Name : Old Net Name=NetADC1B_8 New Net Name=NetADCB_8
Added Pin To Net: NetName=NetC7_2 Pin=C7-2
Added Pin To Net: NetName=NetC7_2 Pin=L1-2
Added Pin To Net: NetName=NetC7_2 Pin=U4-2
Added Net: Name=NetC7_2
Added Pin To Net: NetName=NetC10_2 Pin=C10-2
Added Pin To Net: NetName=NetC10_2 Pin=D1-A
Added Pin To Net: NetName=NetC10_2 Pin=D3-A
Added Pin To Net: NetName=NetC10_2 Pin=F1-2
Added Net: Name=NetC10_2
Added Pin To Net: NetName=NetC16_2 Pin=C16-2
Added Pin To Net: NetName=NetC16_2 Pin=U5-3
Added Net: Name=NetC16_2
Added Pin To Net: NetName=NetC18_1 Pin=C18-1
Added Pin To Net: NetName=NetC18_1 Pin=L2-2
Added Pin To Net: NetName=NetC18_1 Pin=U5-1
Added Net: Name=NetC18_1
Added Pin To Net: NetName=NetC18_2 Pin=C18-2
Added Pin To Net: NetName=NetC18_2 Pin=U5-2
Added Net: Name=NetC18_2
Added Pin To Net: NetName=NetD2_K Pin=D2-K
Added Pin To Net: NetName=NetD2_K Pin=R1-2
Added Net: Name=NetD2_K
Added Pin To Net: NetName=NetD4_K Pin=D4-K
Added Pin To Net: NetName=NetD4_K Pin=R3-2
Added Net: Name=NetD4_K
Added Pin To Net: NetName=NetD6_A Pin=D6-A
Added Pin To Net: NetName=NetD6_A Pin=R5-1
Added Net: Name=NetD6_A
Added Pin To Net: NetName=NetD7_A Pin=D7-A
Added Pin To Net: NetName=NetD7_A Pin=R6-1
Added Net: Name=NetD7_A
Added Pin To Net: NetName=NetR2_2 Pin=R2-2
Added Pin To Net: NetName=NetR2_2 Pin=U5-6
Added Net: Name=NetR2_2
Added Pin To Net: NetName=NetR10_2 Pin=R10-2
Added Pin To Net: NetName=NetR10_2 Pin=U7-35
Added Net: Name=NetR10_2
Added Member To Class: ClassName=Power Supply Member=Component C7 10uF
Added Member To Class: ClassName=Power Supply Member=Component C8 10uF
Added Member To Class: ClassName=Power Supply Member=Component C9 100nF
Added Member To Class: ClassName=Power Supply Member=Component C10 100nF
Added Member To Class: ClassName=Power Supply Member=Component C11 100nF
Added Member To Class: ClassName=Microcontroller Member=Component C23 100nF
Added Member To Class: ClassName=Microcontroller Member=Component C24 100nF
Added Member To Class: ClassName=Microcontroller Member=Component C25 100nF
Added Member To Class: ClassName=Microcontroller Member=Component C26 100nF
Added Member To Class: ClassName=Contoller Peripheral Comms Isolation Member=Component C27 100nF
Added Member To Class: ClassName=Contoller Peripheral Comms Isolation Member=Component C28 100nF
Added Member To Class: ClassName=High-Side Driver Enable Pin Isolator Member=Component C29 100nF
Added Member To Class: ClassName=High-Side Driver Enable Pin Isolator Member=Component C30 100nF
Added Member To Class: ClassName=ADC Chip Select Isolation Member=Component C31 100nF
Added Member To Class: ClassName=ADC Chip Select Isolation Member=Component C32 100nF
Added Member To Class: ClassName=Power Supply Member=Component D1 PMEG100T10ELR-QX
Added Member To Class: ClassName=Power Supply Member=Component D2 Red
Added Member To Class: ClassName=Power Supply Member=Component D3 SM6T36CAY
Added Member To Class: ClassName=Microcontroller Member=Component D6 Yellow
Added Member To Class: ClassName=Microcontroller Member=Component D7 Yellow
Added Member To Class: ClassName=Power Supply Member=Component R2 100K
Added Member To Class: ClassName=Power Supply Member=Component R3 2K
Added Member To Class: ClassName=Power Supply Member=Component R4 1k
Added Member To Class: ClassName=Microcontroller Member=Component R5 500R
Added Member To Class: ClassName=Microcontroller Member=Component R10 10k
Added Member To Class: ClassName=Power Supply Member=Component U4 744272121
Added Member To Class: ClassName=Microcontroller Member=Component U7 STM32F103T8U6
