Change Component Designator: OldDesignator=R18_1 NewDesignator=R18A
Change Component Designator: OldDesignator=R18_2 NewDesignator=R18B
Change Component Designator: OldDesignator=R18_3 NewDesignator=R18C
Change Component Designator: OldDesignator=R18_4 NewDesignator=R18D
Change Component Designator: OldDesignator=R20_1 NewDesignator=R20A
Change Component Designator: OldDesignator=R20_2 NewDesignator=R20B
Change Component Designator: OldDesignator=R20_3 NewDesignator=R20C
Change Component Designator: OldDesignator=R20_4 NewDesignator=R20D
Added Pin To Net: NetName=3V3 Pin=C7-2
Added Pin To Net: NetName=3V3 Pin=C27-1
Change Net Name : Old Net Name=DIAG_EN1_1 New Net Name=DIAG_EN1A
Change Net Name : Old Net Name=DIAG_EN1_2 New Net Name=DIAG_EN1B
Change Net Name : Old Net Name=DIAG_EN2_1 New Net Name=DIAG_EN2A
Change Net Name : Old Net Name=DIAG_EN2_2 New Net Name=DIAG_EN2B
Change Net Name : Old Net Name=DIAG_EN_1 New Net Name=DIAG_ENA
Change Net Name : Old Net Name=DIAG_EN_2 New Net Name=DIAG_ENB
Change Net Name : Old Net Name=DIAG_EN_3 New Net Name=DIAG_ENC
Change Net Name : Old Net Name=DIAG_EN_4 New Net Name=DIAG_END
Change Net Name : Old Net Name=EN_1 New Net Name=ENA
Change Net Name : Old Net Name=EN_2 New Net Name=ENB
Change Net Name : Old Net Name=EN_3 New Net Name=ENC
Change Net Name : Old Net Name=EN_4 New Net Name=END
Change Net Name : Old Net Name=FAULT1_1 New Net Name=FAULT1A
Change Net Name : Old Net Name=FAULT1_2 New Net Name=FAULT1B
Change Net Name : Old Net Name=FAULT2_1 New Net Name=FAULT2A
Change Net Name : Old Net Name=FAULT2_2 New Net Name=FAULT2B
Change Net Name : Old Net Name=FAULT_1 New Net Name=FAULTA
Change Net Name : Old Net Name=FAULT_2 New Net Name=FAULTB
Change Net Name : Old Net Name=FAULT_3 New Net Name=FAULTC
Change Net Name : Old Net Name=FAULT_4 New Net Name=FAULTD
Change Net Name : Old Net Name=LATCH1_1 New Net Name=LATCH1A
Change Net Name : Old Net Name=LATCH1_2 New Net Name=LATCH1B
Change Net Name : Old Net Name=LATCH2_1 New Net Name=LATCH2A
Change Net Name : Old Net Name=LATCH2_2 New Net Name=LATCH2B
Change Net Name : Old Net Name=LATCH_1 New Net Name=LATCHA
Change Net Name : Old Net Name=LATCH_2 New Net Name=LATCHB
Change Net Name : Old Net Name=LATCH_3 New Net Name=LATCHC
Change Net Name : Old Net Name=LATCH_4 New Net Name=LATCHD
Change Net Name : Old Net Name=NetR18_1_2 New Net Name=NetR18A_2
Change Net Name : Old Net Name=NetR18_2_2 New Net Name=NetR18B_2
Change Net Name : Old Net Name=NetR18_3_2 New Net Name=NetR18C_2
Change Net Name : Old Net Name=NetR18_4_2 New Net Name=NetR18D_2
Change Net Name : Old Net Name=SCLCK_1 New Net Name=SCLCKA
Change Net Name : Old Net Name=SDI_1 New Net Name=SDIA
Change Net Name : Old Net Name=SDO_1 New Net Name=SDOA
Change Net Name : Old Net Name=SNS1_1 New Net Name=SNS1A
Change Net Name : Old Net Name=SNS1_2 New Net Name=SNS1B
Change Net Name : Old Net Name=SNS2_1 New Net Name=SNS2A
Change Net Name : Old Net Name=SNS2_2 New Net Name=SNS2B
Change Net Name : Old Net Name=SNS_1 New Net Name=SNSA
Change Net Name : Old Net Name=SNS_2 New Net Name=SNSB
Change Net Name : Old Net Name=SNS_3 New Net Name=SNSC
Change Net Name : Old Net Name=SNS_4 New Net Name=SNSD
Change Net Name : Old Net Name=VOUT_1 New Net Name=VOUTA
Change Net Name : Old Net Name=VOUT_2 New Net Name=VOUTB
Change Net Name : Old Net Name=VOUT_3 New Net Name=VOUTC
Change Net Name : Old Net Name=VOUT_4 New Net Name=VOUTD
Change Net Name : Old Net Name=VS_1 New Net Name=VSA
Added Member To Class: ClassName=HSD1 Member=Component R18A (R18) 1k
Added Member To Class: ClassName=HSD2 Member=Component R18B (R18) 1k
Added Member To Class: ClassName=HSD3 Member=Component R18C (R18) 1k
Added Member To Class: ClassName=HSD4 Member=Component R18D (R18) 1k
