Removed Member From Class: ClassName=HSD2 Member=C29
Removed Member From Class: ClassName=HSD2 Member=D9
Removed Member From Class: ClassName=HSD2 Member=R17
Removed Member From Class: ClassName=HSD2 Member=R18
Removed Member From Class: ClassName=HSD2 Member=R19
Removed Member From Class: ClassName=HSD2 Member=U
Removed Member From Class: ClassName=ADC GPIO Expander Member=ADC1
Removed Member From Class: ClassName=ADC GPIO Expander Member=ADC2
Removed Member From Class: ClassName=High-Side Driver Member=HSD1
Removed Member From Class: ClassName=High-Side Driver Member=HSD2
Removed Member From Class: ClassName=High-Side Driver Member=HSD3
Removed Member From Class: ClassName=High-Side Driver Member=HSD4
Change Component Designator: OldDesignator=? NewDesignator=?_ADCB
Change Component Designator: OldDesignator=? NewDesignator=?_ADCC
Change Component Designator: OldDesignator=C28 NewDesignator=C28_HSDB
Change Component Designator: OldDesignator=C28 NewDesignator=C28_HSDC
Change Component Designator: OldDesignator=C28 NewDesignator=C28_HSDD
Change Component Designator: OldDesignator=C28 NewDesignator=C28_HSDE
Change Component Designator: OldDesignator=C29 NewDesignator=C29_HSDB
Change Component Designator: OldDesignator=C29 NewDesignator=C29_HSDC
Change Component Designator: OldDesignator=C29 NewDesignator=C29_HSDD
Change Component Designator: OldDesignator=C29 NewDesignator=C29_HSDE
Change Component Designator: OldDesignator=C30 NewDesignator=C30_HSDB
Change Component Designator: OldDesignator=C30 NewDesignator=C30_HSDC
Change Component Designator: OldDesignator=C30 NewDesignator=C30_HSDD
Change Component Designator: OldDesignator=C30 NewDesignator=C30_HSDE
Change Component Designator: OldDesignator=C31 NewDesignator=C31_ADCB
Change Component Designator: OldDesignator=C31 NewDesignator=C31_ADCC
Change Component Designator: OldDesignator=C? NewDesignator=C?_ADCB
Change Component Designator: OldDesignator=C? NewDesignator=C?_ADCB
Change Component Designator: OldDesignator=C? NewDesignator=C?_ADCC
Change Component Designator: OldDesignator=C? NewDesignator=C?_ADCC
Change Component Designator: OldDesignator=D9 NewDesignator=D9_HSDB
Change Component Designator: OldDesignator=D9 NewDesignator=D9_HSDC
Change Component Designator: OldDesignator=D9 NewDesignator=D9_HSDD
Change Component Designator: OldDesignator=D9 NewDesignator=D9_HSDE
Change Component Designator: OldDesignator=R14 NewDesignator=R14_HSDB
Change Component Designator: OldDesignator=R14 NewDesignator=R14_HSDC
Change Component Designator: OldDesignator=R14 NewDesignator=R14_HSDD
Change Component Designator: OldDesignator=R14 NewDesignator=R14_HSDE
Change Component Designator: OldDesignator=R15 NewDesignator=R15_HSDB
Change Component Designator: OldDesignator=R15 NewDesignator=R15_HSDC
Change Component Designator: OldDesignator=R15 NewDesignator=R15_HSDD
Change Component Designator: OldDesignator=R15 NewDesignator=R15_HSDE
Change Component Designator: OldDesignator=R16 NewDesignator=R16_HSDB
Change Component Designator: OldDesignator=R16 NewDesignator=R16_HSDC
Change Component Designator: OldDesignator=R16 NewDesignator=R16_HSDD
Change Component Designator: OldDesignator=R16 NewDesignator=R16_HSDE
Change Component Designator: OldDesignator=R17 NewDesignator=R17_HSDB
Change Component Designator: OldDesignator=R17 NewDesignator=R17_HSDC
Change Component Designator: OldDesignator=R17 NewDesignator=R17_HSDD
Change Component Designator: OldDesignator=R17 NewDesignator=R17_HSDE
Change Component Designator: OldDesignator=R18 NewDesignator=R18_HSDB
Change Component Designator: OldDesignator=R18 NewDesignator=R18_HSDC
Change Component Designator: OldDesignator=R18 NewDesignator=R18_HSDD
Change Component Designator: OldDesignator=R18 NewDesignator=R18_HSDE
Change Component Designator: OldDesignator=R19 NewDesignator=R19_HSDB
Change Component Designator: OldDesignator=R19 NewDesignator=R19_HSDC
Change Component Designator: OldDesignator=R19 NewDesignator=R19_HSDD
Change Component Designator: OldDesignator=R19 NewDesignator=R19_HSDE
Change Component Designator: OldDesignator=R21 NewDesignator=R21_HSDB
Change Component Designator: OldDesignator=R21 NewDesignator=R21_HSDC
Change Component Designator: OldDesignator=R21 NewDesignator=R21_HSDD
Change Component Designator: OldDesignator=R21 NewDesignator=R21_HSDE
Change Component Designator: OldDesignator=R23 NewDesignator=R23_ADCB
Change Component Designator: OldDesignator=R23 NewDesignator=R23_ADCC
Change Component Designator: OldDesignator=R? NewDesignator=R?_HSDB
Change Component Designator: OldDesignator=R? NewDesignator=R?_HSDB
Change Component Designator: OldDesignator=R? NewDesignator=R?_HSDC
Change Component Designator: OldDesignator=R? NewDesignator=R?_HSDC
Change Component Designator: OldDesignator=R? NewDesignator=R?_HSDD
Change Component Designator: OldDesignator=R? NewDesignator=R?_HSDD
Change Component Designator: OldDesignator=R? NewDesignator=R?_HSDE
Change Component Designator: OldDesignator=R? NewDesignator=R?_HSDE
Change Component Designator: OldDesignator=U NewDesignator=U_HSDB
Change Component Designator: OldDesignator=U NewDesignator=U_HSDC
Change Component Designator: OldDesignator=U NewDesignator=U_HSDD
Change Component Designator: OldDesignator=U NewDesignator=U_HSDE
Add Component: Footprint Not Found SODFL350X110-2N
Add Component: Footprint Not Found SM6T39CAY-Footprint-1
Added Pin To Net: NetName=0V_(ISO) Pin=C?-1
Added Pin To Net: NetName=0V_(ISO) Pin=C?-2
Add Pin To Net: Unknown Pin: Pin D4-A
Add Pin To Net: Unknown Pin: Pin D4-K
Add Pin To Net: Unknown Pin: Pin D6-A
Add Pin To Net: Unknown Pin: Pin D6-K
Change Net Name : Old Net Name=DIAG_EN1 New Net Name=DIAG_EN1_ADCB
Change Net Name : Old Net Name=DIAG_EN1 New Net Name=DIAG_EN1_ADCC
Change Net Name : Old Net Name=DIAG_EN2 New Net Name=DIAG_EN2_ADCB
Change Net Name : Old Net Name=DIAG_EN2 New Net Name=DIAG_EN2_ADCC
Change Net Name : Old Net Name=DIAG_EN New Net Name=DIAG_EN_HSDB
Change Net Name : Old Net Name=DIAG_EN New Net Name=DIAG_EN_HSDC
Change Net Name : Old Net Name=DIAG_EN New Net Name=DIAG_EN_HSDD
Change Net Name : Old Net Name=DIAG_EN New Net Name=DIAG_EN_HSDE
Change Net Name : Old Net Name=EN New Net Name=EN_HSDB
Change Net Name : Old Net Name=EN New Net Name=EN_HSDC
Change Net Name : Old Net Name=EN New Net Name=EN_HSDD
Change Net Name : Old Net Name=EN New Net Name=EN_HSDE
Change Net Name : Old Net Name=FAULT1 New Net Name=FAULT1_ADCB
Change Net Name : Old Net Name=FAULT1 New Net Name=FAULT1_ADCC
Change Net Name : Old Net Name=FAULT2 New Net Name=FAULT2_ADCB
Change Net Name : Old Net Name=FAULT2 New Net Name=FAULT2_ADCC
Change Net Name : Old Net Name=FAULT New Net Name=FAULT_HSDB
Change Net Name : Old Net Name=FAULT New Net Name=FAULT_HSDC
Change Net Name : Old Net Name=FAULT New Net Name=FAULT_HSDD
Change Net Name : Old Net Name=FAULT New Net Name=FAULT_HSDE
Change Net Name : Old Net Name=LATCH1 New Net Name=LATCH1_ADCB
Change Net Name : Old Net Name=LATCH1 New Net Name=LATCH1_ADCC
Change Net Name : Old Net Name=LATCH2 New Net Name=LATCH2_ADCB
Change Net Name : Old Net Name=LATCH2 New Net Name=LATCH2_ADCC
Change Net Name : Old Net Name=LATCH New Net Name=LATCH_HSDB
Change Net Name : Old Net Name=LATCH New Net Name=LATCH_HSDC
Change Net Name : Old Net Name=LATCH New Net Name=LATCH_HSDD
Change Net Name : Old Net Name=LATCH New Net Name=LATCH_HSDE
Change Net Name : Old Net Name=Net?_8 New Net Name=Net?_ADCB_8
Change Net Name : Old Net Name=Net?_8 New Net Name=Net?_ADCC_8
Change Net Name : Old Net Name=NetD9_A New Net Name=NetD9_HSDB_A
Change Net Name : Old Net Name=NetD9_A New Net Name=NetD9_HSDC_A
Change Net Name : Old Net Name=NetD9_A New Net Name=NetD9_HSDD_A
Change Net Name : Old Net Name=NetD9_A New Net Name=NetD9_HSDE_A
Change Net Name : Old Net Name=NetR14_2 New Net Name=NetR14_HSDB_2
Change Net Name : Old Net Name=NetR14_2 New Net Name=NetR14_HSDC_2
Change Net Name : Old Net Name=NetR14_2 New Net Name=NetR14_HSDD_2
Change Net Name : Old Net Name=NetR14_2 New Net Name=NetR14_HSDE_2
Change Net Name : Old Net Name=NetR15_2 New Net Name=NetR15_HSDB_2
Change Net Name : Old Net Name=NetR15_2 New Net Name=NetR15_HSDC_2
Change Net Name : Old Net Name=NetR15_2 New Net Name=NetR15_HSDD_2
Change Net Name : Old Net Name=NetR15_2 New Net Name=NetR15_HSDE_2
Change Net Name : Old Net Name=NetR16_2 New Net Name=NetR16_HSDB_2
Change Net Name : Old Net Name=NetR16_2 New Net Name=NetR16_HSDC_2
Change Net Name : Old Net Name=NetR16_2 New Net Name=NetR16_HSDD_2
Change Net Name : Old Net Name=NetR16_2 New Net Name=NetR16_HSDE_2
Change Net Name : Old Net Name=NetR17_1 New Net Name=NetR17_HSDB_1
Change Net Name : Old Net Name=NetR17_1 New Net Name=NetR17_HSDC_1
Change Net Name : Old Net Name=NetR17_1 New Net Name=NetR17_HSDD_1
Change Net Name : Old Net Name=NetR17_1 New Net Name=NetR17_HSDE_1
Change Net Name : Old Net Name=NetR19_2 New Net Name=NetR19_HSDB_2
Change Net Name : Old Net Name=NetR19_2 New Net Name=NetR19_HSDC_2
Change Net Name : Old Net Name=NetR19_2 New Net Name=NetR19_HSDD_2
Change Net Name : Old Net Name=NetR19_2 New Net Name=NetR19_HSDE_2
Change Net Name : Old Net Name=NetR21_2 New Net Name=NetR21_HSDB_2
Change Net Name : Old Net Name=NetR21_2 New Net Name=NetR21_HSDC_2
Change Net Name : Old Net Name=NetR21_2 New Net Name=NetR21_HSDD_2
Change Net Name : Old Net Name=NetR21_2 New Net Name=NetR21_HSDE_2
Change Net Name : Old Net Name=SCLCK New Net Name=SCLCK_ADCB
Change Net Name : Old Net Name=SDI New Net Name=SDI_ADCB
Change Net Name : Old Net Name=SDO New Net Name=SDO_ADCB
Change Net Name : Old Net Name=SNS1 New Net Name=SNS1_ADCB
Change Net Name : Old Net Name=SNS1 New Net Name=SNS1_ADCC
Change Net Name : Old Net Name=SNS2 New Net Name=SNS2_ADCB
Change Net Name : Old Net Name=SNS2 New Net Name=SNS2_ADCC
Change Net Name : Old Net Name=SNS New Net Name=SNS_HSDB
Change Net Name : Old Net Name=SNS New Net Name=SNS_HSDC
Change Net Name : Old Net Name=SNS New Net Name=SNS_HSDD
Change Net Name : Old Net Name=SNS New Net Name=SNS_HSDE
Change Net Name : Old Net Name=VOUT New Net Name=VOUT_HSDB
Change Net Name : Old Net Name=VOUT New Net Name=VOUT_HSDC
Change Net Name : Old Net Name=VOUT New Net Name=VOUT_HSDD
Change Net Name : Old Net Name=VOUT New Net Name=VOUT_HSDE
Change Net Name : Old Net Name=VS New Net Name=VS_HSDB
Add Net: Net with name "HSD2_EN" already exists
Change Class Name : Old Net Name=ADC2 New Net Name=ADCC
Change Class Name : Old Net Name=HSD2 New Net Name=HSDE
Added Class: Name=ADCB
Added Class: Name=HSDB
Added Class: Name=HSDC
Added Class: Name=HSDD
Add Differential Pair: Number of nets in differential pair NetP1_4 is 1 instead of 2
Add Differential Pair: Number of nets in differential pair NetP1_5 is 1 instead of 2
Added Member To Class: ClassName=HSDE Member=Component C29_HSDE (C29) 100nF
Added Member To Class: ClassName=ADCC Member=Component C?_ADCC (C?) 100nF
Added Member To Class: ClassName=Power Supply Member=Component C? 4.7uF
Added Member To Class: ClassName=Power Supply Member=Component C? 10uF
Add Class Member: Failed to add class member : Component D4 PMEG100T10ELR-QX
Add Class Member: Failed to add class member : Component D6 SM6T39CAY
Added Member To Class: ClassName=HSDE Member=Component D9_HSDE (D9) MSX1PJ-M3/89A
Added Member To Class: ClassName=Power Supply Member=Component L? 4.7uH
Added Member To Class: ClassName=HSDE Member=Component R17_HSDE (R17) 10k
Added Member To Class: ClassName=HSDE Member=Component R18_HSDE (R18) 10k
Added Member To Class: ClassName=HSDE Member=Component R19_HSDE (R19) 10k
Added Member To Class: ClassName=HSDE Member=Component R?_HSDE (R?) Value
Added Member To Class: ClassName=HSDE Member=Component U_HSDE (U) TPS1HTC30AQPWPRQ1
Added Member To Class: ClassName=ADC GPIO Expander Member=ADC1 (ADC GPIO Expander.SchDoc)
Added Member To Class: ClassName=ADC GPIO Expander Member=ADC2 (ADC GPIO Expander.SchDoc)
Added Member To Class: ClassName=High-Side Driver Member=HSD1 (High-Side Driver.SchDoc)
Added Member To Class: ClassName=High-Side Driver Member=HSD2 (High-Side Driver.SchDoc)
Added Member To Class: ClassName=High-Side Driver Member=HSD3 (High-Side Driver.SchDoc)
Added Member To Class: ClassName=High-Side Driver Member=HSD4 (High-Side Driver.SchDoc)
Change Room Name: Old Name=HSD4 New Name=HSDE
Change Room Scope: Old Scope=InComponentClass('HSD4') New Scope=InComponentClass('HSDE')
Added Room: Name=ADCB
Added Room: Name=ADCC
Added Room: Name=HSDB
Added Room: Name=HSDC
Added Room: Name=HSDD
