Removed Pin From Net: NetName=5V Pin=ADC_1-7
Removed Pin From Net: NetName=0V Pin=ADC_1-9
Removed Pin From Net: NetName=5V Pin=ADC_1-10
Removed Pin From Net: NetName=ADC_CS1 Pin=ADC_1-11
Removed Pin From Net: NetName=5V Pin=ADC_2-7
Removed Pin From Net: NetName=0V Pin=ADC_2-9
Removed Pin From Net: NetName=5V Pin=ADC_2-10
Removed Pin From Net: NetName=ADC_CS2 Pin=ADC_2-11
Removed Pin From Net: NetName=GLV- Pin=C28_1-1
Removed Pin From Net: NetName=GLV- Pin=C28_2-1
Removed Pin From Net: NetName=GLV- Pin=C28_3-1
Removed Pin From Net: NetName=GLV- Pin=C28_4-1
Removed Pin From Net: NetName=0V Pin=C29_1-1
Removed Pin From Net: NetName=0V Pin=C29_2-1
Removed Pin From Net: NetName=0V Pin=C29_3-1
Removed Pin From Net: NetName=0V Pin=C29_4-1
Removed Pin From Net: NetName=GLV- Pin=C30_1-1
Removed Pin From Net: NetName=GLV- Pin=C30_2-1
Removed Pin From Net: NetName=GLV- Pin=C30_3-1
Removed Pin From Net: NetName=GLV- Pin=C30_4-1
Removed Pin From Net: NetName=0V Pin=C31_1-1
Removed Pin From Net: NetName=0V Pin=C31_2-1
Removed Pin From Net: NetName=0V Pin=C32_1-1
Removed Pin From Net: NetName=5V Pin=C32_1-2
Removed Pin From Net: NetName=0V Pin=C32_2-1
Removed Pin From Net: NetName=5V Pin=C32_2-2
Removed Pin From Net: NetName=0V Pin=C33_1-1
Removed Pin From Net: NetName=5V Pin=C33_1-2
Removed Pin From Net: NetName=0V Pin=C33_2-1
Removed Pin From Net: NetName=5V Pin=C33_2-2
Removed Pin From Net: NetName=0V Pin=D9_1-K
Removed Pin From Net: NetName=0V Pin=D9_2-K
Removed Pin From Net: NetName=0V Pin=D9_3-K
Removed Pin From Net: NetName=0V Pin=D9_4-K
Removed Pin From Net: NetName=5V Pin=R17_1-2
Removed Pin From Net: NetName=5V Pin=R17_2-2
Removed Pin From Net: NetName=5V Pin=R17_3-2
Removed Pin From Net: NetName=5V Pin=R17_4-2
Removed Pin From Net: NetName=0V Pin=R20.1-1
Removed Pin From Net: NetName=0V Pin=R20.2-1
Removed Pin From Net: NetName=0V Pin=R20.3-1
Removed Pin From Net: NetName=0V Pin=R20.4-1
Removed Pin From Net: NetName=ADC_CS1 Pin=R23_1-1
Removed Pin From Net: NetName=5V Pin=R23_1-2
Removed Pin From Net: NetName=ADC_CS2 Pin=R23_2-1
Removed Pin From Net: NetName=5V Pin=R23_2-2
Removed Member From Class: ClassName=ADC1 Member=ADC_1
Removed Member From Class: ClassName=ADC2 Member=ADC_2
Removed Member From Class: ClassName=HSD1 Member=C28_1
Removed Member From Class: ClassName=HSD2 Member=C28_2
Removed Member From Class: ClassName=HSD3 Member=C28_3
Removed Member From Class: ClassName=HSD4 Member=C28_4
Removed Member From Class: ClassName=HSD1 Member=C29_1
Removed Member From Class: ClassName=HSD2 Member=C29_2
Removed Member From Class: ClassName=HSD3 Member=C29_3
Removed Member From Class: ClassName=HSD4 Member=C29_4
Removed Member From Class: ClassName=HSD1 Member=C30_1
Removed Member From Class: ClassName=HSD2 Member=C30_2
Removed Member From Class: ClassName=HSD3 Member=C30_3
Removed Member From Class: ClassName=HSD4 Member=C30_4
Removed Member From Class: ClassName=ADC1 Member=C31_1
Removed Member From Class: ClassName=ADC2 Member=C31_2
Removed Member From Class: ClassName=ADC1 Member=C32_1
Removed Member From Class: ClassName=ADC2 Member=C32_2
Removed Member From Class: ClassName=ADC1 Member=C33_1
Removed Member From Class: ClassName=ADC2 Member=C33_2
Removed Member From Class: ClassName=HSD1 Member=D9_1
Removed Member From Class: ClassName=HSD2 Member=D9_2
Removed Member From Class: ClassName=HSD3 Member=D9_3
Removed Member From Class: ClassName=HSD4 Member=D9_4
Removed Member From Class: ClassName=HSD1 Member=R14_1
Removed Member From Class: ClassName=HSD2 Member=R14_2
Removed Member From Class: ClassName=HSD3 Member=R14_3
Removed Member From Class: ClassName=HSD4 Member=R14_4
Removed Member From Class: ClassName=HSD1 Member=R15_1
Removed Member From Class: ClassName=HSD2 Member=R15_2
Removed Member From Class: ClassName=HSD3 Member=R15_3
Removed Member From Class: ClassName=HSD4 Member=R15_4
Removed Member From Class: ClassName=HSD1 Member=R16_1
Removed Member From Class: ClassName=HSD2 Member=R16_2
Removed Member From Class: ClassName=HSD3 Member=R16_3
Removed Member From Class: ClassName=HSD4 Member=R16_4
Removed Member From Class: ClassName=HSD1 Member=R17_1
Removed Member From Class: ClassName=HSD2 Member=R17_2
Removed Member From Class: ClassName=HSD3 Member=R17_3
Removed Member From Class: ClassName=HSD4 Member=R17_4
Removed Member From Class: ClassName=HSD1 Member=R18_1
Removed Member From Class: ClassName=HSD2 Member=R18_2
Removed Member From Class: ClassName=HSD3 Member=R18_3
Removed Member From Class: ClassName=HSD4 Member=R18_4
Removed Member From Class: ClassName=HSD1 Member=R19_1
Removed Member From Class: ClassName=HSD2 Member=R19_2
Removed Member From Class: ClassName=HSD3 Member=R19_3
Removed Member From Class: ClassName=HSD4 Member=R19_4
Removed Member From Class: ClassName=HSD1 Member=R20.1
Removed Member From Class: ClassName=HSD2 Member=R20.2
Removed Member From Class: ClassName=HSD3 Member=R20.3
Removed Member From Class: ClassName=HSD4 Member=R20.4
Removed Member From Class: ClassName=HSD1 Member=R21_1
Removed Member From Class: ClassName=HSD2 Member=R21_2
Removed Member From Class: ClassName=HSD3 Member=R21_3
Removed Member From Class: ClassName=HSD4 Member=R21_4
Removed Member From Class: ClassName=ADC1 Member=R23_1
Removed Member From Class: ClassName=ADC2 Member=R23_2
Removed Member From Class: ClassName=HSD1 Member=U_1
Removed Member From Class: ClassName=HSD2 Member=U_2
Removed Member From Class: ClassName=HSD3 Member=U_3
Removed Member From Class: ClassName=HSD4 Member=U_4
Change Component Designator: OldDesignator=R18.1 NewDesignator=R18A
Change Component Designator: OldDesignator=R18.2 NewDesignator=R18B
Change Component Designator: OldDesignator=R18.3 NewDesignator=R18C
Change Component Designator: OldDesignator=R18.4 NewDesignator=R18D
Added Component: Designator=ADC1A(WFQN-16)
Add component (AddParameter): Name = "Complex IC"; Value = "1"; VariantName = "[No Variations]"
Add component (AddParameter): Name = "Digikey Link"; Value = "https://www.digikey.com.au/en/products/detail/texas-instruments/ADS7028IRTER/12696020?s=N4IgTCBcDaIIIBEDKB2ADGAHASQEoBUBRXEAXQF8g"; VariantName = "[No Variations]"
Add component (AddParameter): Name = "Digikey Part Number"; Value = "ADS7028IRTER"; VariantName = "[No Variations]"
Add component (AddParameter): Name = "Manufacturer"; Value = "Texas Instruments"; VariantName = "[No Variations]"
Add component (AddParameter): Name = "Part Number"; Value = "ADS7028IRTER"; VariantName = "[No Variations]"
Added Component: Designator=ADC1B(WFQN-16)
Add component (AddParameter): Name = "Complex IC"; Value = "1"; VariantName = "[No Variations]"
Add component (AddParameter): Name = "Digikey Link"; Value = "https://www.digikey.com.au/en/products/detail/texas-instruments/ADS7028IRTER/12696020?s=N4IgTCBcDaIIIBEDKB2ADGAHASQEoBUBRXEAXQF8g"; VariantName = "[No Variations]"
Add component (AddParameter): Name = "Digikey Part Number"; Value = "ADS7028IRTER"; VariantName = "[No Variations]"
Add component (AddParameter): Name = "Manufacturer"; Value = "Texas Instruments"; VariantName = "[No Variations]"
Add component (AddParameter): Name = "Part Number"; Value = "ADS7028IRTER"; VariantName = "[No Variations]"
Added Component: Designator=C34A(0603)
Add component (AddParameter): Name = "Digikey Part Number"; Value = "490-6049-1-ND"; VariantName = "[No Variations]"
Add component (AddParameter): Name = "Manufacturer"; Value = "muRata"; VariantName = "[No Variations]"
Add component (AddParameter): Name = "Material"; Value = "MLCC"; VariantName = "[No Variations]"
Add component (AddParameter): Name = "Part Number"; Value = "GCM188L81H104KA57D"; VariantName = "[No Variations]"
Add component (AddParameter): Name = "Rated Voltage"; Value = "50V"; VariantName = "[No Variations]"
Add component (AddParameter): Name = "Temperature Rating"; Value = "X8L"; VariantName = "[No Variations]"
Add component (AddParameter): Name = "Tolerance"; Value = "±10%"; VariantName = "[No Variations]"
Add component (AddParameter): Name = "Value"; Value = "100nF"; VariantName = "[No Variations]"
Added Component: Designator=C34B(0603)
Add component (AddParameter): Name = "Digikey Part Number"; Value = "490-6049-1-ND"; VariantName = "[No Variations]"
Add component (AddParameter): Name = "Manufacturer"; Value = "muRata"; VariantName = "[No Variations]"
Add component (AddParameter): Name = "Material"; Value = "MLCC"; VariantName = "[No Variations]"
Add component (AddParameter): Name = "Part Number"; Value = "GCM188L81H104KA57D"; VariantName = "[No Variations]"
Add component (AddParameter): Name = "Rated Voltage"; Value = "50V"; VariantName = "[No Variations]"
Add component (AddParameter): Name = "Temperature Rating"; Value = "X8L"; VariantName = "[No Variations]"
Add component (AddParameter): Name = "Tolerance"; Value = "±10%"; VariantName = "[No Variations]"
Add component (AddParameter): Name = "Value"; Value = "100nF"; VariantName = "[No Variations]"
Added Component: Designator=C35A(0603)
Add component (AddParameter): Name = "Digikey Part Number"; Value = "490-6049-1-ND"; VariantName = "[No Variations]"
Add component (AddParameter): Name = "Manufacturer"; Value = "muRata"; VariantName = "[No Variations]"
Add component (AddParameter): Name = "Material"; Value = "MLCC"; VariantName = "[No Variations]"
Add component (AddParameter): Name = "Part Number"; Value = "GCM188L81H104KA57D"; VariantName = "[No Variations]"
Add component (AddParameter): Name = "Rated Voltage"; Value = "50V"; VariantName = "[No Variations]"
Add component (AddParameter): Name = "Temperature Rating"; Value = "X8L"; VariantName = "[No Variations]"
Add component (AddParameter): Name = "Tolerance"; Value = "±10%"; VariantName = "[No Variations]"
Add component (AddParameter): Name = "Value"; Value = "100nF"; VariantName = "[No Variations]"
Added Component: Designator=C35B(0603)
Add component (AddParameter): Name = "Digikey Part Number"; Value = "490-6049-1-ND"; VariantName = "[No Variations]"
Add component (AddParameter): Name = "Manufacturer"; Value = "muRata"; VariantName = "[No Variations]"
Add component (AddParameter): Name = "Material"; Value = "MLCC"; VariantName = "[No Variations]"
Add component (AddParameter): Name = "Part Number"; Value = "GCM188L81H104KA57D"; VariantName = "[No Variations]"
Add component (AddParameter): Name = "Rated Voltage"; Value = "50V"; VariantName = "[No Variations]"
Add component (AddParameter): Name = "Temperature Rating"; Value = "X8L"; VariantName = "[No Variations]"
Add component (AddParameter): Name = "Tolerance"; Value = "±10%"; VariantName = "[No Variations]"
Add component (AddParameter): Name = "Value"; Value = "100nF"; VariantName = "[No Variations]"
Added Component: Designator=C36A(0805)
Add component (AddParameter): Name = "Digikey Part Number"; Value = "490-10675-1-ND"; VariantName = "[No Variations]"
Add component (AddParameter): Name = "Manufacturer"; Value = "muRata"; VariantName = "[No Variations]"
Add component (AddParameter): Name = "Material"; Value = "MLCC"; VariantName = "[No Variations]"
Add component (AddParameter): Name = "Part Number"; Value = "GCM21BR71H105KA03L"; VariantName = "[No Variations]"
Add component (AddParameter): Name = "Rated Voltage"; Value = "50V"; VariantName = "[No Variations]"
Add component (AddParameter): Name = "Temperature Rating"; Value = "X7R"; VariantName = "[No Variations]"
Add component (AddParameter): Name = "Tolerance"; Value = "±10%"; VariantName = "[No Variations]"
Add component (AddParameter): Name = "Value"; Value = "1µF"; VariantName = "[No Variations]"
Added Component: Designator=C36B(0805)
Add component (AddParameter): Name = "Digikey Part Number"; Value = "490-10675-1-ND"; VariantName = "[No Variations]"
Add component (AddParameter): Name = "Manufacturer"; Value = "muRata"; VariantName = "[No Variations]"
Add component (AddParameter): Name = "Material"; Value = "MLCC"; VariantName = "[No Variations]"
Add component (AddParameter): Name = "Part Number"; Value = "GCM21BR71H105KA03L"; VariantName = "[No Variations]"
Add component (AddParameter): Name = "Rated Voltage"; Value = "50V"; VariantName = "[No Variations]"
Add component (AddParameter): Name = "Temperature Rating"; Value = "X7R"; VariantName = "[No Variations]"
Add component (AddParameter): Name = "Tolerance"; Value = "±10%"; VariantName = "[No Variations]"
Add component (AddParameter): Name = "Value"; Value = "1µF"; VariantName = "[No Variations]"
Added Component: Designator=C37A(0603)
Add component (AddParameter): Name = "Digikey Part Number"; Value = "490-6049-1-ND"; VariantName = "[No Variations]"
Add component (AddParameter): Name = "Manufacturer"; Value = "muRata"; VariantName = "[No Variations]"
Add component (AddParameter): Name = "Material"; Value = "MLCC"; VariantName = "[No Variations]"
Add component (AddParameter): Name = "Part Number"; Value = "GCM188L81H104KA57D"; VariantName = "[No Variations]"
Add component (AddParameter): Name = "Rated Voltage"; Value = "50V"; VariantName = "[No Variations]"
Add component (AddParameter): Name = "Temperature Rating"; Value = "X8L"; VariantName = "[No Variations]"
Add component (AddParameter): Name = "Tolerance"; Value = "±10%"; VariantName = "[No Variations]"
Add component (AddParameter): Name = "Value"; Value = "100nF"; VariantName = "[No Variations]"
Added Component: Designator=C37B(0603)
Add component (AddParameter): Name = "Digikey Part Number"; Value = "490-6049-1-ND"; VariantName = "[No Variations]"
Add component (AddParameter): Name = "Manufacturer"; Value = "muRata"; VariantName = "[No Variations]"
Add component (AddParameter): Name = "Material"; Value = "MLCC"; VariantName = "[No Variations]"
Add component (AddParameter): Name = "Part Number"; Value = "GCM188L81H104KA57D"; VariantName = "[No Variations]"
Add component (AddParameter): Name = "Rated Voltage"; Value = "50V"; VariantName = "[No Variations]"
Add component (AddParameter): Name = "Temperature Rating"; Value = "X8L"; VariantName = "[No Variations]"
Add component (AddParameter): Name = "Tolerance"; Value = "±10%"; VariantName = "[No Variations]"
Add component (AddParameter): Name = "Value"; Value = "100nF"; VariantName = "[No Variations]"
Added Component: Designator=C37C(0603)
Add component (AddParameter): Name = "Digikey Part Number"; Value = "490-6049-1-ND"; VariantName = "[No Variations]"
Add component (AddParameter): Name = "Manufacturer"; Value = "muRata"; VariantName = "[No Variations]"
Add component (AddParameter): Name = "Material"; Value = "MLCC"; VariantName = "[No Variations]"
Add component (AddParameter): Name = "Part Number"; Value = "GCM188L81H104KA57D"; VariantName = "[No Variations]"
Add component (AddParameter): Name = "Rated Voltage"; Value = "50V"; VariantName = "[No Variations]"
Add component (AddParameter): Name = "Temperature Rating"; Value = "X8L"; VariantName = "[No Variations]"
Add component (AddParameter): Name = "Tolerance"; Value = "±10%"; VariantName = "[No Variations]"
Add component (AddParameter): Name = "Value"; Value = "100nF"; VariantName = "[No Variations]"
Added Component: Designator=C37D(0603)
Add component (AddParameter): Name = "Digikey Part Number"; Value = "490-6049-1-ND"; VariantName = "[No Variations]"
Add component (AddParameter): Name = "Manufacturer"; Value = "muRata"; VariantName = "[No Variations]"
Add component (AddParameter): Name = "Material"; Value = "MLCC"; VariantName = "[No Variations]"
Add component (AddParameter): Name = "Part Number"; Value = "GCM188L81H104KA57D"; VariantName = "[No Variations]"
Add component (AddParameter): Name = "Rated Voltage"; Value = "50V"; VariantName = "[No Variations]"
Add component (AddParameter): Name = "Temperature Rating"; Value = "X8L"; VariantName = "[No Variations]"
Add component (AddParameter): Name = "Tolerance"; Value = "±10%"; VariantName = "[No Variations]"
Add component (AddParameter): Name = "Value"; Value = "100nF"; VariantName = "[No Variations]"
Added Component: Designator=C38A(0603)
Add component (AddParameter): Name = "Digikey Part Number"; Value = "490-6049-1-ND"; VariantName = "[No Variations]"
Add component (AddParameter): Name = "Manufacturer"; Value = "muRata"; VariantName = "[No Variations]"
Add component (AddParameter): Name = "Material"; Value = "MLCC"; VariantName = "[No Variations]"
Add component (AddParameter): Name = "Part Number"; Value = "GCM188L81H104KA57D"; VariantName = "[No Variations]"
Add component (AddParameter): Name = "Rated Voltage"; Value = "50V"; VariantName = "[No Variations]"
Add component (AddParameter): Name = "Temperature Rating"; Value = "X8L"; VariantName = "[No Variations]"
Add component (AddParameter): Name = "Tolerance"; Value = "±10%"; VariantName = "[No Variations]"
Add component (AddParameter): Name = "Value"; Value = "100nF"; VariantName = "[No Variations]"
Added Component: Designator=C38B(0603)
Add component (AddParameter): Name = "Digikey Part Number"; Value = "490-6049-1-ND"; VariantName = "[No Variations]"
Add component (AddParameter): Name = "Manufacturer"; Value = "muRata"; VariantName = "[No Variations]"
Add component (AddParameter): Name = "Material"; Value = "MLCC"; VariantName = "[No Variations]"
Add component (AddParameter): Name = "Part Number"; Value = "GCM188L81H104KA57D"; VariantName = "[No Variations]"
Add component (AddParameter): Name = "Rated Voltage"; Value = "50V"; VariantName = "[No Variations]"
Add component (AddParameter): Name = "Temperature Rating"; Value = "X8L"; VariantName = "[No Variations]"
Add component (AddParameter): Name = "Tolerance"; Value = "±10%"; VariantName = "[No Variations]"
Add component (AddParameter): Name = "Value"; Value = "100nF"; VariantName = "[No Variations]"
Added Component: Designator=C38C(0603)
Add component (AddParameter): Name = "Digikey Part Number"; Value = "490-6049-1-ND"; VariantName = "[No Variations]"
Add component (AddParameter): Name = "Manufacturer"; Value = "muRata"; VariantName = "[No Variations]"
Add component (AddParameter): Name = "Material"; Value = "MLCC"; VariantName = "[No Variations]"
Add component (AddParameter): Name = "Part Number"; Value = "GCM188L81H104KA57D"; VariantName = "[No Variations]"
Add component (AddParameter): Name = "Rated Voltage"; Value = "50V"; VariantName = "[No Variations]"
Add component (AddParameter): Name = "Temperature Rating"; Value = "X8L"; VariantName = "[No Variations]"
Add component (AddParameter): Name = "Tolerance"; Value = "±10%"; VariantName = "[No Variations]"
Add component (AddParameter): Name = "Value"; Value = "100nF"; VariantName = "[No Variations]"
Added Component: Designator=C38D(0603)
Add component (AddParameter): Name = "Digikey Part Number"; Value = "490-6049-1-ND"; VariantName = "[No Variations]"
Add component (AddParameter): Name = "Manufacturer"; Value = "muRata"; VariantName = "[No Variations]"
Add component (AddParameter): Name = "Material"; Value = "MLCC"; VariantName = "[No Variations]"
Add component (AddParameter): Name = "Part Number"; Value = "GCM188L81H104KA57D"; VariantName = "[No Variations]"
Add component (AddParameter): Name = "Rated Voltage"; Value = "50V"; VariantName = "[No Variations]"
Add component (AddParameter): Name = "Temperature Rating"; Value = "X8L"; VariantName = "[No Variations]"
Add component (AddParameter): Name = "Tolerance"; Value = "±10%"; VariantName = "[No Variations]"
Add component (AddParameter): Name = "Value"; Value = "100nF"; VariantName = "[No Variations]"
Added Component: Designator=C39A(0603)
Add component (AddParameter): Name = "Digikey Part Number"; Value = "490-8022-2-ND"; VariantName = "[No Variations]"
Add component (AddParameter): Name = "Manufacturer"; Value = "Murata Electronics"; VariantName = "[No Variations]"
Add component (AddParameter): Name = "Material"; Value = "MLCC"; VariantName = "[No Variations]"
Add component (AddParameter): Name = "Part Number"; Value = "GCM188R71H223KA37J"; VariantName = "[No Variations]"
Add component (AddParameter): Name = "Rated Voltage"; Value = "50V"; VariantName = "[No Variations]"
Add component (AddParameter): Name = "Temperature Rating"; Value = "X7R"; VariantName = "[No Variations]"
Add component (AddParameter): Name = "Tolerance"; Value = "±10%"; VariantName = "[No Variations]"
Add component (AddParameter): Name = "Value"; Value = "22nF"; VariantName = "[No Variations]"
Added Component: Designator=C39B(0603)
Add component (AddParameter): Name = "Digikey Part Number"; Value = "490-8022-2-ND"; VariantName = "[No Variations]"
Add component (AddParameter): Name = "Manufacturer"; Value = "Murata Electronics"; VariantName = "[No Variations]"
Add component (AddParameter): Name = "Material"; Value = "MLCC"; VariantName = "[No Variations]"
Add component (AddParameter): Name = "Part Number"; Value = "GCM188R71H223KA37J"; VariantName = "[No Variations]"
Add component (AddParameter): Name = "Rated Voltage"; Value = "50V"; VariantName = "[No Variations]"
Add component (AddParameter): Name = "Temperature Rating"; Value = "X7R"; VariantName = "[No Variations]"
Add component (AddParameter): Name = "Tolerance"; Value = "±10%"; VariantName = "[No Variations]"
Add component (AddParameter): Name = "Value"; Value = "22nF"; VariantName = "[No Variations]"
Added Component: Designator=C39C(0603)
Add component (AddParameter): Name = "Digikey Part Number"; Value = "490-8022-2-ND"; VariantName = "[No Variations]"
Add component (AddParameter): Name = "Manufacturer"; Value = "Murata Electronics"; VariantName = "[No Variations]"
Add component (AddParameter): Name = "Material"; Value = "MLCC"; VariantName = "[No Variations]"
Add component (AddParameter): Name = "Part Number"; Value = "GCM188R71H223KA37J"; VariantName = "[No Variations]"
Add component (AddParameter): Name = "Rated Voltage"; Value = "50V"; VariantName = "[No Variations]"
Add component (AddParameter): Name = "Temperature Rating"; Value = "X7R"; VariantName = "[No Variations]"
Add component (AddParameter): Name = "Tolerance"; Value = "±10%"; VariantName = "[No Variations]"
Add component (AddParameter): Name = "Value"; Value = "22nF"; VariantName = "[No Variations]"
Added Component: Designator=C39D(0603)
Add component (AddParameter): Name = "Digikey Part Number"; Value = "490-8022-2-ND"; VariantName = "[No Variations]"
Add component (AddParameter): Name = "Manufacturer"; Value = "Murata Electronics"; VariantName = "[No Variations]"
Add component (AddParameter): Name = "Material"; Value = "MLCC"; VariantName = "[No Variations]"
Add component (AddParameter): Name = "Part Number"; Value = "GCM188R71H223KA37J"; VariantName = "[No Variations]"
Add component (AddParameter): Name = "Rated Voltage"; Value = "50V"; VariantName = "[No Variations]"
Add component (AddParameter): Name = "Temperature Rating"; Value = "X7R"; VariantName = "[No Variations]"
Add component (AddParameter): Name = "Tolerance"; Value = "±10%"; VariantName = "[No Variations]"
Add component (AddParameter): Name = "Value"; Value = "22nF"; VariantName = "[No Variations]"
Added Component: Designator=D8A(VISHAY DO-219)
Add component (AddParameter): Name = "Breakdown Voltage"; Value = "600V"; VariantName = "[No Variations]"
Add component (AddParameter): Name = "Manufacturer"; Value = "Vishay General Semiconductor - Diodes Division"; VariantName = "[No Variations]"
Add component (AddParameter): Name = "Part Number"; Value = "MSX1PJ-M3/89A"; VariantName = "[No Variations]"
Added Component: Designator=D8B(VISHAY DO-219)
Add component (AddParameter): Name = "Breakdown Voltage"; Value = "600V"; VariantName = "[No Variations]"
Add component (AddParameter): Name = "Manufacturer"; Value = "Vishay General Semiconductor - Diodes Division"; VariantName = "[No Variations]"
Add component (AddParameter): Name = "Part Number"; Value = "MSX1PJ-M3/89A"; VariantName = "[No Variations]"
Added Component: Designator=D8C(VISHAY DO-219)
Add component (AddParameter): Name = "Breakdown Voltage"; Value = "600V"; VariantName = "[No Variations]"
Add component (AddParameter): Name = "Manufacturer"; Value = "Vishay General Semiconductor - Diodes Division"; VariantName = "[No Variations]"
Add component (AddParameter): Name = "Part Number"; Value = "MSX1PJ-M3/89A"; VariantName = "[No Variations]"
Added Component: Designator=D8D(VISHAY DO-219)
Add component (AddParameter): Name = "Breakdown Voltage"; Value = "600V"; VariantName = "[No Variations]"
Add component (AddParameter): Name = "Manufacturer"; Value = "Vishay General Semiconductor - Diodes Division"; VariantName = "[No Variations]"
Add component (AddParameter): Name = "Part Number"; Value = "MSX1PJ-M3/89A"; VariantName = "[No Variations]"
Added Component: Designator=R11A(0603)
Add component (AddParameter): Name = "Manufacturer"; Value = "YAGEO"; VariantName = "[No Variations]"
Add component (AddParameter): Name = "Material"; Value = "FR-07"; VariantName = "[No Variations]"
Add component (AddParameter): Name = "Part Number"; Value = "RC0603FR-07100KL"; VariantName = "[No Variations]"
Add component (AddParameter): Name = "Rated Power"; Value = "0.1W"; VariantName = "[No Variations]"
Add component (AddParameter): Name = "Tolerance"; Value = "0.01"; VariantName = "[No Variations]"
Add component (AddParameter): Name = "Value"; Value = "100K"; VariantName = "[No Variations]"
Added Component: Designator=R11B(0603)
Add component (AddParameter): Name = "Manufacturer"; Value = "YAGEO"; VariantName = "[No Variations]"
Add component (AddParameter): Name = "Material"; Value = "FR-07"; VariantName = "[No Variations]"
Add component (AddParameter): Name = "Part Number"; Value = "RC0603FR-07100KL"; VariantName = "[No Variations]"
Add component (AddParameter): Name = "Rated Power"; Value = "0.1W"; VariantName = "[No Variations]"
Add component (AddParameter): Name = "Tolerance"; Value = "0.01"; VariantName = "[No Variations]"
Add component (AddParameter): Name = "Value"; Value = "100K"; VariantName = "[No Variations]"
Added Component: Designator=R12A(0603)
Add component (AddParameter): Name = "Digikey Part Number"; Value = "311-10.0KHRCT-ND"; VariantName = "[No Variations]"
Add component (AddParameter): Name = "Manufacturer"; Value = "YAGEO"; VariantName = "[No Variations]"
Add component (AddParameter): Name = "Material"; Value = "FR-07"; VariantName = "[No Variations]"
Add component (AddParameter): Name = "Part Number"; Value = "RC0603FR-0710KL"; VariantName = "[No Variations]"
Add component (AddParameter): Name = "Rated Power"; Value = "0.1W"; VariantName = "[No Variations]"
Add component (AddParameter): Name = "Tolerance"; Value = "0.01"; VariantName = "[No Variations]"
Add component (AddParameter): Name = "Value"; Value = "10k"; VariantName = "[No Variations]"
Added Component: Designator=R12B(0603)
Add component (AddParameter): Name = "Digikey Part Number"; Value = "311-10.0KHRCT-ND"; VariantName = "[No Variations]"
Add component (AddParameter): Name = "Manufacturer"; Value = "YAGEO"; VariantName = "[No Variations]"
Add component (AddParameter): Name = "Material"; Value = "FR-07"; VariantName = "[No Variations]"
Add component (AddParameter): Name = "Part Number"; Value = "RC0603FR-0710KL"; VariantName = "[No Variations]"
Add component (AddParameter): Name = "Rated Power"; Value = "0.1W"; VariantName = "[No Variations]"
Add component (AddParameter): Name = "Tolerance"; Value = "0.01"; VariantName = "[No Variations]"
Add component (AddParameter): Name = "Value"; Value = "10k"; VariantName = "[No Variations]"
Added Component: Designator=R12C(0603)
Add component (AddParameter): Name = "Digikey Part Number"; Value = "311-10.0KHRCT-ND"; VariantName = "[No Variations]"
Add component (AddParameter): Name = "Manufacturer"; Value = "YAGEO"; VariantName = "[No Variations]"
Add component (AddParameter): Name = "Material"; Value = "FR-07"; VariantName = "[No Variations]"
Add component (AddParameter): Name = "Part Number"; Value = "RC0603FR-0710KL"; VariantName = "[No Variations]"
Add component (AddParameter): Name = "Rated Power"; Value = "0.1W"; VariantName = "[No Variations]"
Add component (AddParameter): Name = "Tolerance"; Value = "0.01"; VariantName = "[No Variations]"
Add component (AddParameter): Name = "Value"; Value = "10k"; VariantName = "[No Variations]"
Added Component: Designator=R12D(0603)
Add component (AddParameter): Name = "Digikey Part Number"; Value = "311-10.0KHRCT-ND"; VariantName = "[No Variations]"
Add component (AddParameter): Name = "Manufacturer"; Value = "YAGEO"; VariantName = "[No Variations]"
Add component (AddParameter): Name = "Material"; Value = "FR-07"; VariantName = "[No Variations]"
Add component (AddParameter): Name = "Part Number"; Value = "RC0603FR-0710KL"; VariantName = "[No Variations]"
Add component (AddParameter): Name = "Rated Power"; Value = "0.1W"; VariantName = "[No Variations]"
Add component (AddParameter): Name = "Tolerance"; Value = "0.01"; VariantName = "[No Variations]"
Add component (AddParameter): Name = "Value"; Value = "10k"; VariantName = "[No Variations]"
Added Component: Designator=R13A(0603)
Add component (AddParameter): Name = "Digikey Part Number"; Value = "311-10.0KHRCT-ND"; VariantName = "[No Variations]"
Add component (AddParameter): Name = "Manufacturer"; Value = "YAGEO"; VariantName = "[No Variations]"
Add component (AddParameter): Name = "Material"; Value = "FR-07"; VariantName = "[No Variations]"
Add component (AddParameter): Name = "Part Number"; Value = "RC0603FR-0710KL"; VariantName = "[No Variations]"
Add component (AddParameter): Name = "Rated Power"; Value = "0.1W"; VariantName = "[No Variations]"
Add component (AddParameter): Name = "Tolerance"; Value = "0.01"; VariantName = "[No Variations]"
Add component (AddParameter): Name = "Value"; Value = "10k"; VariantName = "[No Variations]"
Added Component: Designator=R13B(0603)
Add component (AddParameter): Name = "Digikey Part Number"; Value = "311-10.0KHRCT-ND"; VariantName = "[No Variations]"
Add component (AddParameter): Name = "Manufacturer"; Value = "YAGEO"; VariantName = "[No Variations]"
Add component (AddParameter): Name = "Material"; Value = "FR-07"; VariantName = "[No Variations]"
Add component (AddParameter): Name = "Part Number"; Value = "RC0603FR-0710KL"; VariantName = "[No Variations]"
Add component (AddParameter): Name = "Rated Power"; Value = "0.1W"; VariantName = "[No Variations]"
Add component (AddParameter): Name = "Tolerance"; Value = "0.01"; VariantName = "[No Variations]"
Add component (AddParameter): Name = "Value"; Value = "10k"; VariantName = "[No Variations]"
Added Component: Designator=R13C(0603)
Add component (AddParameter): Name = "Digikey Part Number"; Value = "311-10.0KHRCT-ND"; VariantName = "[No Variations]"
Add component (AddParameter): Name = "Manufacturer"; Value = "YAGEO"; VariantName = "[No Variations]"
Add component (AddParameter): Name = "Material"; Value = "FR-07"; VariantName = "[No Variations]"
Add component (AddParameter): Name = "Part Number"; Value = "RC0603FR-0710KL"; VariantName = "[No Variations]"
Add component (AddParameter): Name = "Rated Power"; Value = "0.1W"; VariantName = "[No Variations]"
Add component (AddParameter): Name = "Tolerance"; Value = "0.01"; VariantName = "[No Variations]"
Add component (AddParameter): Name = "Value"; Value = "10k"; VariantName = "[No Variations]"
Added Component: Designator=R13D(0603)
Add component (AddParameter): Name = "Digikey Part Number"; Value = "311-10.0KHRCT-ND"; VariantName = "[No Variations]"
Add component (AddParameter): Name = "Manufacturer"; Value = "YAGEO"; VariantName = "[No Variations]"
Add component (AddParameter): Name = "Material"; Value = "FR-07"; VariantName = "[No Variations]"
Add component (AddParameter): Name = "Part Number"; Value = "RC0603FR-0710KL"; VariantName = "[No Variations]"
Add component (AddParameter): Name = "Rated Power"; Value = "0.1W"; VariantName = "[No Variations]"
Add component (AddParameter): Name = "Tolerance"; Value = "0.01"; VariantName = "[No Variations]"
Add component (AddParameter): Name = "Value"; Value = "10k"; VariantName = "[No Variations]"
Added Component: Designator=R14A(0603)
Add component (AddParameter): Name = "Digikey Part Number"; Value = "311-10.0KHRCT-ND"; VariantName = "[No Variations]"
Add component (AddParameter): Name = "Manufacturer"; Value = "YAGEO"; VariantName = "[No Variations]"
Add component (AddParameter): Name = "Material"; Value = "FR-07"; VariantName = "[No Variations]"
Add component (AddParameter): Name = "Part Number"; Value = "RC0603FR-0710KL"; VariantName = "[No Variations]"
Add component (AddParameter): Name = "Rated Power"; Value = "0.1W"; VariantName = "[No Variations]"
Add component (AddParameter): Name = "Tolerance"; Value = "0.01"; VariantName = "[No Variations]"
Add component (AddParameter): Name = "Value"; Value = "10k"; VariantName = "[No Variations]"
Added Component: Designator=R14B(0603)
Add component (AddParameter): Name = "Digikey Part Number"; Value = "311-10.0KHRCT-ND"; VariantName = "[No Variations]"
Add component (AddParameter): Name = "Manufacturer"; Value = "YAGEO"; VariantName = "[No Variations]"
Add component (AddParameter): Name = "Material"; Value = "FR-07"; VariantName = "[No Variations]"
Add component (AddParameter): Name = "Part Number"; Value = "RC0603FR-0710KL"; VariantName = "[No Variations]"
Add component (AddParameter): Name = "Rated Power"; Value = "0.1W"; VariantName = "[No Variations]"
Add component (AddParameter): Name = "Tolerance"; Value = "0.01"; VariantName = "[No Variations]"
Add component (AddParameter): Name = "Value"; Value = "10k"; VariantName = "[No Variations]"
Added Component: Designator=R14C(0603)
Add component (AddParameter): Name = "Digikey Part Number"; Value = "311-10.0KHRCT-ND"; VariantName = "[No Variations]"
Add component (AddParameter): Name = "Manufacturer"; Value = "YAGEO"; VariantName = "[No Variations]"
Add component (AddParameter): Name = "Material"; Value = "FR-07"; VariantName = "[No Variations]"
Add component (AddParameter): Name = "Part Number"; Value = "RC0603FR-0710KL"; VariantName = "[No Variations]"
Add component (AddParameter): Name = "Rated Power"; Value = "0.1W"; VariantName = "[No Variations]"
Add component (AddParameter): Name = "Tolerance"; Value = "0.01"; VariantName = "[No Variations]"
Add component (AddParameter): Name = "Value"; Value = "10k"; VariantName = "[No Variations]"
Added Component: Designator=R14D(0603)
Add component (AddParameter): Name = "Digikey Part Number"; Value = "311-10.0KHRCT-ND"; VariantName = "[No Variations]"
Add component (AddParameter): Name = "Manufacturer"; Value = "YAGEO"; VariantName = "[No Variations]"
Add component (AddParameter): Name = "Material"; Value = "FR-07"; VariantName = "[No Variations]"
Add component (AddParameter): Name = "Part Number"; Value = "RC0603FR-0710KL"; VariantName = "[No Variations]"
Add component (AddParameter): Name = "Rated Power"; Value = "0.1W"; VariantName = "[No Variations]"
Add component (AddParameter): Name = "Tolerance"; Value = "0.01"; VariantName = "[No Variations]"
Add component (AddParameter): Name = "Value"; Value = "10k"; VariantName = "[No Variations]"
Added Component: Designator=R15A(0603)
Add component (AddParameter): Name = "Digikey Part Number"; Value = "311-10.0KHRCT-ND"; VariantName = "[No Variations]"
Add component (AddParameter): Name = "Manufacturer"; Value = "YAGEO"; VariantName = "[No Variations]"
Add component (AddParameter): Name = "Material"; Value = "FR-07"; VariantName = "[No Variations]"
Add component (AddParameter): Name = "Part Number"; Value = "RC0603FR-0710KL"; VariantName = "[No Variations]"
Add component (AddParameter): Name = "Rated Power"; Value = "0.1W"; VariantName = "[No Variations]"
Add component (AddParameter): Name = "Tolerance"; Value = "0.01"; VariantName = "[No Variations]"
Add component (AddParameter): Name = "Value"; Value = "10k"; VariantName = "[No Variations]"
Added Component: Designator=R15B(0603)
Add component (AddParameter): Name = "Digikey Part Number"; Value = "311-10.0KHRCT-ND"; VariantName = "[No Variations]"
Add component (AddParameter): Name = "Manufacturer"; Value = "YAGEO"; VariantName = "[No Variations]"
Add component (AddParameter): Name = "Material"; Value = "FR-07"; VariantName = "[No Variations]"
Add component (AddParameter): Name = "Part Number"; Value = "RC0603FR-0710KL"; VariantName = "[No Variations]"
Add component (AddParameter): Name = "Rated Power"; Value = "0.1W"; VariantName = "[No Variations]"
Add component (AddParameter): Name = "Tolerance"; Value = "0.01"; VariantName = "[No Variations]"
Add component (AddParameter): Name = "Value"; Value = "10k"; VariantName = "[No Variations]"
Added Component: Designator=R15C(0603)
Add component (AddParameter): Name = "Digikey Part Number"; Value = "311-10.0KHRCT-ND"; VariantName = "[No Variations]"
Add component (AddParameter): Name = "Manufacturer"; Value = "YAGEO"; VariantName = "[No Variations]"
Add component (AddParameter): Name = "Material"; Value = "FR-07"; VariantName = "[No Variations]"
Add component (AddParameter): Name = "Part Number"; Value = "RC0603FR-0710KL"; VariantName = "[No Variations]"
Add component (AddParameter): Name = "Rated Power"; Value = "0.1W"; VariantName = "[No Variations]"
Add component (AddParameter): Name = "Tolerance"; Value = "0.01"; VariantName = "[No Variations]"
Add component (AddParameter): Name = "Value"; Value = "10k"; VariantName = "[No Variations]"
Added Component: Designator=R15D(0603)
Add component (AddParameter): Name = "Digikey Part Number"; Value = "311-10.0KHRCT-ND"; VariantName = "[No Variations]"
Add component (AddParameter): Name = "Manufacturer"; Value = "YAGEO"; VariantName = "[No Variations]"
Add component (AddParameter): Name = "Material"; Value = "FR-07"; VariantName = "[No Variations]"
Add component (AddParameter): Name = "Part Number"; Value = "RC0603FR-0710KL"; VariantName = "[No Variations]"
Add component (AddParameter): Name = "Rated Power"; Value = "0.1W"; VariantName = "[No Variations]"
Add component (AddParameter): Name = "Tolerance"; Value = "0.01"; VariantName = "[No Variations]"
Add component (AddParameter): Name = "Value"; Value = "10k"; VariantName = "[No Variations]"
Added Component: Designator=R16A(0603)
Add component (AddParameter): Name = "Digikey Part Number"; Value = "311-10.0KHRCT-ND"; VariantName = "[No Variations]"
Add component (AddParameter): Name = "Manufacturer"; Value = "YAGEO"; VariantName = "[No Variations]"
Add component (AddParameter): Name = "Material"; Value = "FR-07"; VariantName = "[No Variations]"
Add component (AddParameter): Name = "Part Number"; Value = "RC0603FR-0710KL"; VariantName = "[No Variations]"
Add component (AddParameter): Name = "Rated Power"; Value = "0.1W"; VariantName = "[No Variations]"
Add component (AddParameter): Name = "Tolerance"; Value = "0.01"; VariantName = "[No Variations]"
Add component (AddParameter): Name = "Value"; Value = "10k"; VariantName = "[No Variations]"
Added Component: Designator=R16B(0603)
Add component (AddParameter): Name = "Digikey Part Number"; Value = "311-10.0KHRCT-ND"; VariantName = "[No Variations]"
Add component (AddParameter): Name = "Manufacturer"; Value = "YAGEO"; VariantName = "[No Variations]"
Add component (AddParameter): Name = "Material"; Value = "FR-07"; VariantName = "[No Variations]"
Add component (AddParameter): Name = "Part Number"; Value = "RC0603FR-0710KL"; VariantName = "[No Variations]"
Add component (AddParameter): Name = "Rated Power"; Value = "0.1W"; VariantName = "[No Variations]"
Add component (AddParameter): Name = "Tolerance"; Value = "0.01"; VariantName = "[No Variations]"
Add component (AddParameter): Name = "Value"; Value = "10k"; VariantName = "[No Variations]"
Added Component: Designator=R16C(0603)
Add component (AddParameter): Name = "Digikey Part Number"; Value = "311-10.0KHRCT-ND"; VariantName = "[No Variations]"
Add component (AddParameter): Name = "Manufacturer"; Value = "YAGEO"; VariantName = "[No Variations]"
Add component (AddParameter): Name = "Material"; Value = "FR-07"; VariantName = "[No Variations]"
Add component (AddParameter): Name = "Part Number"; Value = "RC0603FR-0710KL"; VariantName = "[No Variations]"
Add component (AddParameter): Name = "Rated Power"; Value = "0.1W"; VariantName = "[No Variations]"
Add component (AddParameter): Name = "Tolerance"; Value = "0.01"; VariantName = "[No Variations]"
Add component (AddParameter): Name = "Value"; Value = "10k"; VariantName = "[No Variations]"
Added Component: Designator=R16D(0603)
Add component (AddParameter): Name = "Digikey Part Number"; Value = "311-10.0KHRCT-ND"; VariantName = "[No Variations]"
Add component (AddParameter): Name = "Manufacturer"; Value = "YAGEO"; VariantName = "[No Variations]"
Add component (AddParameter): Name = "Material"; Value = "FR-07"; VariantName = "[No Variations]"
Add component (AddParameter): Name = "Part Number"; Value = "RC0603FR-0710KL"; VariantName = "[No Variations]"
Add component (AddParameter): Name = "Rated Power"; Value = "0.1W"; VariantName = "[No Variations]"
Add component (AddParameter): Name = "Tolerance"; Value = "0.01"; VariantName = "[No Variations]"
Add component (AddParameter): Name = "Value"; Value = "10k"; VariantName = "[No Variations]"
Added Component: Designator=R17A(0603)
Add component (AddParameter): Name = "Digikey Part Number"; Value = "311-10.0KHRCT-ND"; VariantName = "[No Variations]"
Add component (AddParameter): Name = "Manufacturer"; Value = "YAGEO"; VariantName = "[No Variations]"
Add component (AddParameter): Name = "Material"; Value = "FR-07"; VariantName = "[No Variations]"
Add component (AddParameter): Name = "Part Number"; Value = "RC0603FR-0710KL"; VariantName = "[No Variations]"
Add component (AddParameter): Name = "Rated Power"; Value = "0.1W"; VariantName = "[No Variations]"
Add component (AddParameter): Name = "Tolerance"; Value = "0.01"; VariantName = "[No Variations]"
Add component (AddParameter): Name = "Value"; Value = "10k"; VariantName = "[No Variations]"
Added Component: Designator=R17B(0603)
Add component (AddParameter): Name = "Digikey Part Number"; Value = "311-10.0KHRCT-ND"; VariantName = "[No Variations]"
Add component (AddParameter): Name = "Manufacturer"; Value = "YAGEO"; VariantName = "[No Variations]"
Add component (AddParameter): Name = "Material"; Value = "FR-07"; VariantName = "[No Variations]"
Add component (AddParameter): Name = "Part Number"; Value = "RC0603FR-0710KL"; VariantName = "[No Variations]"
Add component (AddParameter): Name = "Rated Power"; Value = "0.1W"; VariantName = "[No Variations]"
Add component (AddParameter): Name = "Tolerance"; Value = "0.01"; VariantName = "[No Variations]"
Add component (AddParameter): Name = "Value"; Value = "10k"; VariantName = "[No Variations]"
Added Component: Designator=R17C(0603)
Add component (AddParameter): Name = "Digikey Part Number"; Value = "311-10.0KHRCT-ND"; VariantName = "[No Variations]"
Add component (AddParameter): Name = "Manufacturer"; Value = "YAGEO"; VariantName = "[No Variations]"
Add component (AddParameter): Name = "Material"; Value = "FR-07"; VariantName = "[No Variations]"
Add component (AddParameter): Name = "Part Number"; Value = "RC0603FR-0710KL"; VariantName = "[No Variations]"
Add component (AddParameter): Name = "Rated Power"; Value = "0.1W"; VariantName = "[No Variations]"
Add component (AddParameter): Name = "Tolerance"; Value = "0.01"; VariantName = "[No Variations]"
Add component (AddParameter): Name = "Value"; Value = "10k"; VariantName = "[No Variations]"
Added Component: Designator=R17D(0603)
Add component (AddParameter): Name = "Digikey Part Number"; Value = "311-10.0KHRCT-ND"; VariantName = "[No Variations]"
Add component (AddParameter): Name = "Manufacturer"; Value = "YAGEO"; VariantName = "[No Variations]"
Add component (AddParameter): Name = "Material"; Value = "FR-07"; VariantName = "[No Variations]"
Add component (AddParameter): Name = "Part Number"; Value = "RC0603FR-0710KL"; VariantName = "[No Variations]"
Add component (AddParameter): Name = "Rated Power"; Value = "0.1W"; VariantName = "[No Variations]"
Add component (AddParameter): Name = "Tolerance"; Value = "0.01"; VariantName = "[No Variations]"
Add component (AddParameter): Name = "Value"; Value = "10k"; VariantName = "[No Variations]"
Added Component: Designator=R19A(0603)
Add component (AddParameter): Name = "Digikey Part Number"; Value = "13-RC0603FR-7W24KL-ND"; VariantName = "[No Variations]"
Add component (AddParameter): Name = "Manufacturer"; Value = "YAGEO"; VariantName = "[No Variations]"
Add component (AddParameter): Name = "Part Number"; Value = "RC0603FR-7W24KL"; VariantName = "[No Variations]"
Add component (AddParameter): Name = "Rated Power"; Value = "0.2W"; VariantName = "[No Variations]"
Add component (AddParameter): Name = "Tolerance"; Value = "0.01"; VariantName = "[No Variations]"
Add component (AddParameter): Name = "Value"; Value = "24k"; VariantName = "[No Variations]"
Added Component: Designator=R19B(0603)
Add component (AddParameter): Name = "Digikey Part Number"; Value = "13-RC0603FR-7W24KL-ND"; VariantName = "[No Variations]"
Add component (AddParameter): Name = "Manufacturer"; Value = "YAGEO"; VariantName = "[No Variations]"
Add component (AddParameter): Name = "Part Number"; Value = "RC0603FR-7W24KL"; VariantName = "[No Variations]"
Add component (AddParameter): Name = "Rated Power"; Value = "0.2W"; VariantName = "[No Variations]"
Add component (AddParameter): Name = "Tolerance"; Value = "0.01"; VariantName = "[No Variations]"
Add component (AddParameter): Name = "Value"; Value = "24k"; VariantName = "[No Variations]"
Added Component: Designator=R19C(0603)
Add component (AddParameter): Name = "Digikey Part Number"; Value = "13-RC0603FR-7W24KL-ND"; VariantName = "[No Variations]"
Add component (AddParameter): Name = "Manufacturer"; Value = "YAGEO"; VariantName = "[No Variations]"
Add component (AddParameter): Name = "Part Number"; Value = "RC0603FR-7W24KL"; VariantName = "[No Variations]"
Add component (AddParameter): Name = "Rated Power"; Value = "0.2W"; VariantName = "[No Variations]"
Add component (AddParameter): Name = "Tolerance"; Value = "0.01"; VariantName = "[No Variations]"
Add component (AddParameter): Name = "Value"; Value = "24k"; VariantName = "[No Variations]"
Added Component: Designator=R19D(0603)
Add component (AddParameter): Name = "Digikey Part Number"; Value = "13-RC0603FR-7W24KL-ND"; VariantName = "[No Variations]"
Add component (AddParameter): Name = "Manufacturer"; Value = "YAGEO"; VariantName = "[No Variations]"
Add component (AddParameter): Name = "Part Number"; Value = "RC0603FR-7W24KL"; VariantName = "[No Variations]"
Add component (AddParameter): Name = "Rated Power"; Value = "0.2W"; VariantName = "[No Variations]"
Add component (AddParameter): Name = "Tolerance"; Value = "0.01"; VariantName = "[No Variations]"
Add component (AddParameter): Name = "Value"; Value = "24k"; VariantName = "[No Variations]"
Added Component: Designator=R20A(0603)
Add component (AddParameter): Name = "Digikey Part Number"; Value = "311-1.00KHRCT-ND"; VariantName = "[No Variations]"
Add component (AddParameter): Name = "Manufacturer"; Value = "YAGEO"; VariantName = "[No Variations]"
Add component (AddParameter): Name = "Material"; Value = "FR-07"; VariantName = "[No Variations]"
Add component (AddParameter): Name = "Part Number"; Value = "RC0603FR-071KL"; VariantName = "[No Variations]"
Add component (AddParameter): Name = "Rated Power"; Value = "0.1W"; VariantName = "[No Variations]"
Add component (AddParameter): Name = "Tolerance"; Value = "0.01"; VariantName = "[No Variations]"
Add component (AddParameter): Name = "Value"; Value = "1k"; VariantName = "[No Variations]"
Added Component: Designator=R20B(0603)
Add component (AddParameter): Name = "Digikey Part Number"; Value = "311-1.00KHRCT-ND"; VariantName = "[No Variations]"
Add component (AddParameter): Name = "Manufacturer"; Value = "YAGEO"; VariantName = "[No Variations]"
Add component (AddParameter): Name = "Material"; Value = "FR-07"; VariantName = "[No Variations]"
Add component (AddParameter): Name = "Part Number"; Value = "RC0603FR-071KL"; VariantName = "[No Variations]"
Add component (AddParameter): Name = "Rated Power"; Value = "0.1W"; VariantName = "[No Variations]"
Add component (AddParameter): Name = "Tolerance"; Value = "0.01"; VariantName = "[No Variations]"
Add component (AddParameter): Name = "Value"; Value = "1k"; VariantName = "[No Variations]"
Added Component: Designator=R20C(0603)
Add component (AddParameter): Name = "Digikey Part Number"; Value = "311-1.00KHRCT-ND"; VariantName = "[No Variations]"
Add component (AddParameter): Name = "Manufacturer"; Value = "YAGEO"; VariantName = "[No Variations]"
Add component (AddParameter): Name = "Material"; Value = "FR-07"; VariantName = "[No Variations]"
Add component (AddParameter): Name = "Part Number"; Value = "RC0603FR-071KL"; VariantName = "[No Variations]"
Add component (AddParameter): Name = "Rated Power"; Value = "0.1W"; VariantName = "[No Variations]"
Add component (AddParameter): Name = "Tolerance"; Value = "0.01"; VariantName = "[No Variations]"
Add component (AddParameter): Name = "Value"; Value = "1k"; VariantName = "[No Variations]"
Added Component: Designator=R20D(0603)
Add component (AddParameter): Name = "Digikey Part Number"; Value = "311-1.00KHRCT-ND"; VariantName = "[No Variations]"
Add component (AddParameter): Name = "Manufacturer"; Value = "YAGEO"; VariantName = "[No Variations]"
Add component (AddParameter): Name = "Material"; Value = "FR-07"; VariantName = "[No Variations]"
Add component (AddParameter): Name = "Part Number"; Value = "RC0603FR-071KL"; VariantName = "[No Variations]"
Add component (AddParameter): Name = "Rated Power"; Value = "0.1W"; VariantName = "[No Variations]"
Add component (AddParameter): Name = "Tolerance"; Value = "0.01"; VariantName = "[No Variations]"
Add component (AddParameter): Name = "Value"; Value = "1k"; VariantName = "[No Variations]"
Added Component: Designator=U8A(TI_14_TSSOP)
Add component (AddParameter): Name = "Part Number"; Value = "TPS1HTC30AQPWPRQ1"; VariantName = "[No Variations]"
Added Component: Designator=U8B(TI_14_TSSOP)
Add component (AddParameter): Name = "Part Number"; Value = "TPS1HTC30AQPWPRQ1"; VariantName = "[No Variations]"
Added Component: Designator=U8C(TI_14_TSSOP)
Add component (AddParameter): Name = "Part Number"; Value = "TPS1HTC30AQPWPRQ1"; VariantName = "[No Variations]"
Added Component: Designator=U8D(TI_14_TSSOP)
Add component (AddParameter): Name = "Part Number"; Value = "TPS1HTC30AQPWPRQ1"; VariantName = "[No Variations]"
Added Pin To Net: NetName=5V Pin=ADC1A-7
Added Pin To Net: NetName=0V Pin=ADC1A-9
Added Pin To Net: NetName=5V Pin=ADC1A-10
Added Pin To Net: NetName=ADC_CS1 Pin=ADC1A-11
Added Pin To Net: NetName=5V Pin=ADC1B-7
Added Pin To Net: NetName=0V Pin=ADC1B-9
Added Pin To Net: NetName=5V Pin=ADC1B-10
Added Pin To Net: NetName=ADC_CS2 Pin=ADC1B-11
Added Pin To Net: NetName=3V3 Pin=C7-2
Added Pin To Net: NetName=3V3 Pin=C27-1
Added Pin To Net: NetName=0V Pin=C34A-1
Added Pin To Net: NetName=5V Pin=C34A-2
Added Pin To Net: NetName=0V Pin=C34B-1
Added Pin To Net: NetName=5V Pin=C34B-2
Added Pin To Net: NetName=0V Pin=C35A-1
Added Pin To Net: NetName=5V Pin=C35A-2
Added Pin To Net: NetName=0V Pin=C35B-1
Added Pin To Net: NetName=5V Pin=C35B-2
Added Pin To Net: NetName=0V Pin=C36A-1
Added Pin To Net: NetName=0V Pin=C36B-1
Added Pin To Net: NetName=GLV- Pin=C37A-1
Added Pin To Net: NetName=GLV- Pin=C37B-1
Added Pin To Net: NetName=GLV- Pin=C37C-1
Added Pin To Net: NetName=GLV- Pin=C37D-1
Added Pin To Net: NetName=0V Pin=C38A-1
Added Pin To Net: NetName=0V Pin=C38B-1
Added Pin To Net: NetName=0V Pin=C38C-1
Added Pin To Net: NetName=0V Pin=C38D-1
Added Pin To Net: NetName=GLV- Pin=C39A-1
Added Pin To Net: NetName=GLV- Pin=C39B-1
Added Pin To Net: NetName=GLV- Pin=C39C-1
Added Pin To Net: NetName=GLV- Pin=C39D-1
Added Pin To Net: NetName=0V Pin=D8A-K
Added Pin To Net: NetName=0V Pin=D8B-K
Added Pin To Net: NetName=0V Pin=D8C-K
Added Pin To Net: NetName=0V Pin=D8D-K
Added Pin To Net: NetName=ADC_CS1 Pin=R11A-1
Added Pin To Net: NetName=5V Pin=R11A-2
Added Pin To Net: NetName=ADC_CS2 Pin=R11B-1
Added Pin To Net: NetName=5V Pin=R11B-2
Added Pin To Net: NetName=5V Pin=R15A-2
Added Pin To Net: NetName=5V Pin=R15B-2
Added Pin To Net: NetName=5V Pin=R15C-2
Added Pin To Net: NetName=5V Pin=R15D-2
Added Pin To Net: NetName=0V Pin=R20A-1
Added Pin To Net: NetName=0V Pin=R20B-1
Added Pin To Net: NetName=0V Pin=R20C-1
Added Pin To Net: NetName=0V Pin=R20D-1
Added Pin To Net: NetName=DIAG_EN1A Pin=ADC1A-6
Added Net: Name=DIAG_EN1A
Added Pin To Net: NetName=DIAG_EN1B Pin=ADC1B-6
Added Net: Name=DIAG_EN1B
Added Pin To Net: NetName=DIAG_EN2A Pin=ADC1A-2
Added Net: Name=DIAG_EN2A
Added Pin To Net: NetName=DIAG_EN2B Pin=ADC1B-2
Added Net: Name=DIAG_EN2B
Added Pin To Net: NetName=DIAG_ENA Pin=R13A-1
Added Net: Name=DIAG_ENA
Added Pin To Net: NetName=DIAG_ENB Pin=R13B-1
Added Net: Name=DIAG_ENB
Added Pin To Net: NetName=DIAG_ENC Pin=R13C-1
Added Net: Name=DIAG_ENC
Added Pin To Net: NetName=DIAG_END Pin=R13D-1
Added Net: Name=DIAG_END
Added Pin To Net: NetName=ENA Pin=R12A-1
Added Net: Name=ENA
Added Pin To Net: NetName=ENB Pin=R12B-1
Added Net: Name=ENB
Added Pin To Net: NetName=ENC Pin=R12C-1
Added Net: Name=ENC
Added Pin To Net: NetName=END Pin=R12D-1
Added Net: Name=END
Added Pin To Net: NetName=FAULT1A Pin=ADC1A-4
Added Net: Name=FAULT1A
Added Pin To Net: NetName=FAULT1B Pin=ADC1B-4
Added Net: Name=FAULT1B
Added Pin To Net: NetName=FAULT2A Pin=ADC1A-16
Added Net: Name=FAULT2A
Added Pin To Net: NetName=FAULT2B Pin=ADC1B-16
Added Net: Name=FAULT2B
Added Pin To Net: NetName=FAULTA Pin=R16A-1
Added Net: Name=FAULTA
Added Pin To Net: NetName=FAULTB Pin=R16B-1
Added Net: Name=FAULTB
Added Pin To Net: NetName=FAULTC Pin=R16C-1
Added Net: Name=FAULTC
Added Pin To Net: NetName=FAULTD Pin=R16D-1
Added Net: Name=FAULTD
Added Pin To Net: NetName=LATCH1A Pin=ADC1A-5
Added Net: Name=LATCH1A
Added Pin To Net: NetName=LATCH1B Pin=ADC1B-5
Added Net: Name=LATCH1B
Added Pin To Net: NetName=LATCH2A Pin=ADC1A-1
Added Net: Name=LATCH2A
Added Pin To Net: NetName=LATCH2B Pin=ADC1B-1
Added Net: Name=LATCH2B
Added Pin To Net: NetName=LATCHA Pin=R14A-1
Added Net: Name=LATCHA
Added Pin To Net: NetName=LATCHB Pin=R14B-1
Added Net: Name=LATCHB
Added Pin To Net: NetName=LATCHC Pin=R14C-1
Added Net: Name=LATCHC
Added Pin To Net: NetName=LATCHD Pin=R14D-1
Added Net: Name=LATCHD
Added Pin To Net: NetName=NetADC1A_8 Pin=ADC1A-8
Added Pin To Net: NetName=NetADC1A_8 Pin=C36A-2
Added Net: Name=NetADC1A_8
Added Pin To Net: NetName=NetADC1B_8 Pin=ADC1B-8
Added Pin To Net: NetName=NetADC1B_8 Pin=C36B-2
Added Net: Name=NetADC1B_8
Added Pin To Net: NetName=NetD8A_A Pin=D8A-A
Added Pin To Net: NetName=NetD8A_A Pin=R19A-1
Added Pin To Net: NetName=NetD8A_A Pin=R20A-2
Added Pin To Net: NetName=NetD8A_A Pin=U8A-0
Added Pin To Net: NetName=NetD8A_A Pin=U8A-1
Added Net: Name=NetD8A_A
Added Pin To Net: NetName=NetD8B_A Pin=D8B-A
Added Pin To Net: NetName=NetD8B_A Pin=R19B-1
Added Pin To Net: NetName=NetD8B_A Pin=R20B-2
Added Pin To Net: NetName=NetD8B_A Pin=U8B-0
Added Pin To Net: NetName=NetD8B_A Pin=U8B-1
Added Net: Name=NetD8B_A
Added Pin To Net: NetName=NetD8C_A Pin=D8C-A
Added Pin To Net: NetName=NetD8C_A Pin=R19C-1
Added Pin To Net: NetName=NetD8C_A Pin=R20C-2
Added Pin To Net: NetName=NetD8C_A Pin=U8C-0
Added Pin To Net: NetName=NetD8C_A Pin=U8C-1
Added Net: Name=NetD8C_A
Added Pin To Net: NetName=NetD8D_A Pin=D8D-A
Added Pin To Net: NetName=NetD8D_A Pin=R19D-1
Added Pin To Net: NetName=NetD8D_A Pin=R20D-2
Added Pin To Net: NetName=NetD8D_A Pin=U8D-0
Added Pin To Net: NetName=NetD8D_A Pin=U8D-1
Added Net: Name=NetD8D_A
Added Pin To Net: NetName=NetR12A_2 Pin=R12A-2
Added Pin To Net: NetName=NetR12A_2 Pin=U8A-2
Added Net: Name=NetR12A_2
Added Pin To Net: NetName=NetR12B_2 Pin=R12B-2
Added Pin To Net: NetName=NetR12B_2 Pin=U8B-2
Added Net: Name=NetR12B_2
Added Pin To Net: NetName=NetR12C_2 Pin=R12C-2
Added Pin To Net: NetName=NetR12C_2 Pin=U8C-2
Added Net: Name=NetR12C_2
Added Pin To Net: NetName=NetR12D_2 Pin=R12D-2
Added Pin To Net: NetName=NetR12D_2 Pin=U8D-2
Added Net: Name=NetR12D_2
Added Pin To Net: NetName=NetR13A_2 Pin=R13A-2
Added Pin To Net: NetName=NetR13A_2 Pin=U8A-3
Added Net: Name=NetR13A_2
Added Pin To Net: NetName=NetR13B_2 Pin=R13B-2
Added Pin To Net: NetName=NetR13B_2 Pin=U8B-3
Added Net: Name=NetR13B_2
Added Pin To Net: NetName=NetR13C_2 Pin=R13C-2
Added Pin To Net: NetName=NetR13C_2 Pin=U8C-3
Added Net: Name=NetR13C_2
Added Pin To Net: NetName=NetR13D_2 Pin=R13D-2
Added Pin To Net: NetName=NetR13D_2 Pin=U8D-3
Added Net: Name=NetR13D_2
Added Pin To Net: NetName=NetR14A_2 Pin=R14A-2
Added Pin To Net: NetName=NetR14A_2 Pin=U8A-5
Added Net: Name=NetR14A_2
Added Pin To Net: NetName=NetR14B_2 Pin=R14B-2
Added Pin To Net: NetName=NetR14B_2 Pin=U8B-5
Added Net: Name=NetR14B_2
Added Pin To Net: NetName=NetR14C_2 Pin=R14C-2
Added Pin To Net: NetName=NetR14C_2 Pin=U8C-5
Added Net: Name=NetR14C_2
Added Pin To Net: NetName=NetR14D_2 Pin=R14D-2
Added Pin To Net: NetName=NetR14D_2 Pin=U8D-5
Added Net: Name=NetR14D_2
Added Pin To Net: NetName=NetR15A_1 Pin=R15A-1
Added Pin To Net: NetName=NetR15A_1 Pin=R16A-2
Added Pin To Net: NetName=NetR15A_1 Pin=U8A-4
Added Net: Name=NetR15A_1
Added Pin To Net: NetName=NetR15B_1 Pin=R15B-1
Added Pin To Net: NetName=NetR15B_1 Pin=R16B-2
Added Pin To Net: NetName=NetR15B_1 Pin=U8B-4
Added Net: Name=NetR15B_1
Added Pin To Net: NetName=NetR15C_1 Pin=R15C-1
Added Pin To Net: NetName=NetR15C_1 Pin=R16C-2
Added Pin To Net: NetName=NetR15C_1 Pin=U8C-4
Added Net: Name=NetR15C_1
Added Pin To Net: NetName=NetR15D_1 Pin=R15D-1
Added Pin To Net: NetName=NetR15D_1 Pin=R16D-2
Added Pin To Net: NetName=NetR15D_1 Pin=U8D-4
Added Net: Name=NetR15D_1
Added Pin To Net: NetName=NetR17A_2 Pin=R17A-2
Added Pin To Net: NetName=NetR17A_2 Pin=R18A-2
Added Pin To Net: NetName=NetR17A_2 Pin=U8A-6
Added Net: Name=NetR17A_2
Added Pin To Net: NetName=NetR17B_2 Pin=R17B-2
Added Pin To Net: NetName=NetR17B_2 Pin=R18B-2
Added Pin To Net: NetName=NetR17B_2 Pin=U8B-6
Added Net: Name=NetR17B_2
Added Pin To Net: NetName=NetR17C_2 Pin=R17C-2
Added Pin To Net: NetName=NetR17C_2 Pin=R18C-2
Added Pin To Net: NetName=NetR17C_2 Pin=U8C-6
Added Net: Name=NetR17C_2
Added Pin To Net: NetName=NetR17D_2 Pin=R17D-2
Added Pin To Net: NetName=NetR17D_2 Pin=R18D-2
Added Pin To Net: NetName=NetR17D_2 Pin=U8D-6
Added Net: Name=NetR17D_2
Added Pin To Net: NetName=NetR19A_2 Pin=R19A-2
Added Pin To Net: NetName=NetR19A_2 Pin=U8A-7
Added Net: Name=NetR19A_2
Added Pin To Net: NetName=NetR19B_2 Pin=R19B-2
Added Pin To Net: NetName=NetR19B_2 Pin=U8B-7
Added Net: Name=NetR19B_2
Added Pin To Net: NetName=NetR19C_2 Pin=R19C-2
Added Pin To Net: NetName=NetR19C_2 Pin=U8C-7
Added Net: Name=NetR19C_2
Added Pin To Net: NetName=NetR19D_2 Pin=R19D-2
Added Pin To Net: NetName=NetR19D_2 Pin=U8D-7
Added Net: Name=NetR19D_2
Added Pin To Net: NetName=SCLCKA Pin=ADC1A-13
Added Pin To Net: NetName=SCLCKA Pin=ADC1B-13
Added Pin To Net: NetName=SCLCKA Pin=ISO1-12
Added Net: Name=SCLCKA
Added Pin To Net: NetName=SDIA Pin=ADC1A-14
Added Pin To Net: NetName=SDIA Pin=ADC1B-14
Added Pin To Net: NetName=SDIA Pin=ISO1-13
Added Net: Name=SDIA
Added Pin To Net: NetName=SDOA Pin=ADC1A-12
Added Pin To Net: NetName=SDOA Pin=ADC1B-12
Added Pin To Net: NetName=SDOA Pin=ISO1-11
Added Net: Name=SDOA
Added Pin To Net: NetName=SNS1A Pin=ADC1A-3
Added Net: Name=SNS1A
Added Pin To Net: NetName=SNS1B Pin=ADC1B-3
Added Net: Name=SNS1B
Added Pin To Net: NetName=SNS2A Pin=ADC1A-15
Added Net: Name=SNS2A
Added Pin To Net: NetName=SNS2B Pin=ADC1B-15
Added Net: Name=SNS2B
Added Pin To Net: NetName=SNSA Pin=C38A-2
Added Pin To Net: NetName=SNSA Pin=R17A-1
Added Net: Name=SNSA
Added Pin To Net: NetName=SNSB Pin=C38B-2
Added Pin To Net: NetName=SNSB Pin=R17B-1
Added Net: Name=SNSB
Added Pin To Net: NetName=SNSC Pin=C38C-2
Added Pin To Net: NetName=SNSC Pin=R17C-1
Added Net: Name=SNSC
Added Pin To Net: NetName=SNSD Pin=C38D-2
Added Pin To Net: NetName=SNSD Pin=R17D-1
Added Net: Name=SNSD
Added Pin To Net: NetName=VOUTA Pin=C39A-2
Added Pin To Net: NetName=VOUTA Pin=U8A-12
Added Pin To Net: NetName=VOUTA Pin=U8A-13
Added Pin To Net: NetName=VOUTA Pin=U8A-14
Added Net: Name=VOUTA
Added Pin To Net: NetName=VOUTB Pin=C39B-2
Added Pin To Net: NetName=VOUTB Pin=U8B-12
Added Pin To Net: NetName=VOUTB Pin=U8B-13
Added Pin To Net: NetName=VOUTB Pin=U8B-14
Added Net: Name=VOUTB
Added Pin To Net: NetName=VOUTC Pin=C39C-2
Added Pin To Net: NetName=VOUTC Pin=U8C-12
Added Pin To Net: NetName=VOUTC Pin=U8C-13
Added Pin To Net: NetName=VOUTC Pin=U8C-14
Added Net: Name=VOUTC
Added Pin To Net: NetName=VOUTD Pin=C39D-2
Added Pin To Net: NetName=VOUTD Pin=U8D-12
Added Pin To Net: NetName=VOUTD Pin=U8D-13
Added Pin To Net: NetName=VOUTD Pin=U8D-14
Added Net: Name=VOUTD
Added Pin To Net: NetName=VSA Pin=C37A-2
Added Pin To Net: NetName=VSA Pin=C37B-2
Added Pin To Net: NetName=VSA Pin=C37C-2
Added Pin To Net: NetName=VSA Pin=C37D-2
Added Pin To Net: NetName=VSA Pin=U8A-8
Added Pin To Net: NetName=VSA Pin=U8A-9
Added Pin To Net: NetName=VSA Pin=U8A-10
Added Pin To Net: NetName=VSA Pin=U8B-8
Added Pin To Net: NetName=VSA Pin=U8B-9
Added Pin To Net: NetName=VSA Pin=U8B-10
Added Pin To Net: NetName=VSA Pin=U8C-8
Added Pin To Net: NetName=VSA Pin=U8C-9
Added Pin To Net: NetName=VSA Pin=U8C-10
Added Pin To Net: NetName=VSA Pin=U8D-8
Added Pin To Net: NetName=VSA Pin=U8D-9
Added Pin To Net: NetName=VSA Pin=U8D-10
Added Net: Name=VSA
Added Member To Class: ClassName=ADC1 Member=Component ADC1A (ADC1) ADS7028IRTER-Symbol-1
Added Member To Class: ClassName=ADC2 Member=Component ADC1B (ADC1) ADS7028IRTER-Symbol-1
Added Member To Class: ClassName=ADC1 Member=Component C34A (C34) 100nF
Added Member To Class: ClassName=ADC2 Member=Component C34B (C34) 100nF
Added Member To Class: ClassName=ADC1 Member=Component C35A (C35) 100nF
Added Member To Class: ClassName=ADC2 Member=Component C35B (C35) 100nF
Added Member To Class: ClassName=ADC1 Member=Component C36A (C36) 1µF
Added Member To Class: ClassName=ADC2 Member=Component C36B (C36) 1µF
Added Member To Class: ClassName=HSD1 Member=Component C37A (C37) 100nF
Added Member To Class: ClassName=HSD2 Member=Component C37B (C37) 100nF
Added Member To Class: ClassName=HSD3 Member=Component C37C (C37) 100nF
Added Member To Class: ClassName=HSD4 Member=Component C37D (C37) 100nF
Added Member To Class: ClassName=HSD1 Member=Component C38A (C38) 100nF
Added Member To Class: ClassName=HSD2 Member=Component C38B (C38) 100nF
Added Member To Class: ClassName=HSD3 Member=Component C38C (C38) 100nF
Added Member To Class: ClassName=HSD4 Member=Component C38D (C38) 100nF
Added Member To Class: ClassName=HSD1 Member=Component C39A (C39) 22nF
Added Member To Class: ClassName=HSD2 Member=Component C39B (C39) 22nF
Added Member To Class: ClassName=HSD3 Member=Component C39C (C39) 22nF
Added Member To Class: ClassName=HSD4 Member=Component C39D (C39) 22nF
Added Member To Class: ClassName=HSD1 Member=Component D8A (D8) MSX1PJ-M3/89A
Added Member To Class: ClassName=HSD2 Member=Component D8B (D8) MSX1PJ-M3/89A
Added Member To Class: ClassName=HSD3 Member=Component D8C (D8) MSX1PJ-M3/89A
Added Member To Class: ClassName=HSD4 Member=Component D8D (D8) MSX1PJ-M3/89A
Added Member To Class: ClassName=ADC1 Member=Component R11A (R11) 100K
Added Member To Class: ClassName=ADC2 Member=Component R11B (R11) 100K
Added Member To Class: ClassName=HSD1 Member=Component R12A (R12) 10k
Added Member To Class: ClassName=HSD2 Member=Component R12B (R12) 10k
Added Member To Class: ClassName=HSD3 Member=Component R12C (R12) 10k
Added Member To Class: ClassName=HSD4 Member=Component R12D (R12) 10k
Added Member To Class: ClassName=HSD1 Member=Component R13A (R13) 10k
Added Member To Class: ClassName=HSD2 Member=Component R13B (R13) 10k
Added Member To Class: ClassName=HSD3 Member=Component R13C (R13) 10k
Added Member To Class: ClassName=HSD4 Member=Component R13D (R13) 10k
Added Member To Class: ClassName=HSD1 Member=Component R14A (R14) 10k
Added Member To Class: ClassName=HSD2 Member=Component R14B (R14) 10k
Added Member To Class: ClassName=HSD3 Member=Component R14C (R14) 10k
Added Member To Class: ClassName=HSD4 Member=Component R14D (R14) 10k
Added Member To Class: ClassName=HSD1 Member=Component R15A (R15) 10k
Added Member To Class: ClassName=HSD2 Member=Component R15B (R15) 10k
Added Member To Class: ClassName=HSD3 Member=Component R15C (R15) 10k
Added Member To Class: ClassName=HSD4 Member=Component R15D (R15) 10k
Added Member To Class: ClassName=HSD1 Member=Component R16A (R16) 10k
Added Member To Class: ClassName=HSD2 Member=Component R16B (R16) 10k
Added Member To Class: ClassName=HSD3 Member=Component R16C (R16) 10k
Added Member To Class: ClassName=HSD4 Member=Component R16D (R16) 10k
Added Member To Class: ClassName=HSD1 Member=Component R17A (R17) 10k
Added Member To Class: ClassName=HSD2 Member=Component R17B (R17) 10k
Added Member To Class: ClassName=HSD3 Member=Component R17C (R17) 10k
Added Member To Class: ClassName=HSD4 Member=Component R17D (R17) 10k
Added Member To Class: ClassName=HSD1 Member=Component R19A (R19) 24k
Added Member To Class: ClassName=HSD2 Member=Component R19B (R19) 24k
Added Member To Class: ClassName=HSD3 Member=Component R19C (R19) 24k
Added Member To Class: ClassName=HSD4 Member=Component R19D (R19) 24k
Added Member To Class: ClassName=HSD1 Member=Component R20A (R20) 1k
Added Member To Class: ClassName=HSD2 Member=Component R20B (R20) 1k
Added Member To Class: ClassName=HSD3 Member=Component R20C (R20) 1k
Added Member To Class: ClassName=HSD4 Member=Component R20D (R20) 1k
Added Member To Class: ClassName=HSD1 Member=Component U8A (U8) TPS1HTC30AQPWPRQ1
Added Member To Class: ClassName=HSD2 Member=Component U8B (U8) TPS1HTC30AQPWPRQ1
Added Member To Class: ClassName=HSD3 Member=Component U8C (U8) TPS1HTC30AQPWPRQ1
Added Member To Class: ClassName=HSD4 Member=Component U8D (U8) TPS1HTC30AQPWPRQ1
