Removed Pin From Net: NetName=ADC_CSB Pin=ISO3-6
Change Component Designator: OldDesignator=C? NewDesignator=C31
Change Component Designator: OldDesignator=C? NewDesignator=C32
Added Pin To Net: NetName=LATCHB Pin=ADCA-1
Added Pin To Net: NetName=DIAG_ENB Pin=ADCA-2
Added Pin To Net: NetName=SNSA Pin=ADCA-3
Added Pin To Net: NetName=FAULTA Pin=ADCA-4
Added Pin To Net: NetName=LATCHA Pin=ADCA-5
Added Pin To Net: NetName=DIAG_ENA Pin=ADCA-6
Added Pin To Net: NetName=SNSB Pin=ADCA-15
Added Pin To Net: NetName=FAULTB Pin=ADCA-16
Added Pin To Net: NetName=LATCHD Pin=ADCB-1
Added Pin To Net: NetName=DIAG_END Pin=ADCB-2
Added Pin To Net: NetName=SNSC Pin=ADCB-3
Added Pin To Net: NetName=FAULTC Pin=ADCB-4
Added Pin To Net: NetName=LATCHC Pin=ADCB-5
Added Pin To Net: NetName=DIAG_ENC Pin=ADCB-6
Added Pin To Net: NetName=SNSD Pin=ADCB-15
Added Pin To Net: NetName=FAULTD Pin=ADCB-16
Added Pin To Net: NetName=0V_(ISO) Pin=C22-1
Added Pin To Net: NetName=VSA Pin=F1-1
Added Pin To Net: NetName=GLV- Pin=P1-1
Added Pin To Net: NetName=GLV- Pin=P1-11
Added Pin To Net: NetName=VSA Pin=P1-12
Added Pin To Net: NetName=HSD_EN1 Pin=R13A-1
Added Pin To Net: NetName=HSD_EN4 Pin=R13C-1
Added Pin To Net: NetName=HSD_EN4 Pin=R13D-1
Change Net Name : Old Net Name=VSA New Net Name=GLV+
Added Pin To Net: NetName=ADC_CS2 Pin=ISO3-6
Added Net: Name=ADC_CS2
Added Pin To Net: NetName=HSD_EN2 Pin=ISO2-12
Added Pin To Net: NetName=HSD_EN2 Pin=R13B-1
Added Net: Name=HSD_EN2
Added Member To Class: ClassName=ADC Chip Select Isolation Member=Component C32 100nF
