Removed Pin From Net: NetName=LATCH_HSD2 Pin=?_ADC1-1
Removed Pin From Net: NetName=DIAG_EN_HSD2 Pin=?_ADC1-2
Removed Pin From Net: NetName=SNS_HSD1 Pin=?_ADC1-3
Removed Pin From Net: NetName=FAULT_HSD1 Pin=?_ADC1-4
Removed Pin From Net: NetName=LATCH_HSD1 Pin=?_ADC1-5
Removed Pin From Net: NetName=DIAG_EN_HSD1 Pin=?_ADC1-6
Removed Pin From Net: NetName=SNS_HSD2 Pin=?_ADC1-15
Removed Pin From Net: NetName=FAULT_HSD2 Pin=?_ADC1-16
Removed Pin From Net: NetName=LATCH_HSD4 Pin=?_ADC2-1
Removed Pin From Net: NetName=DIAG_EN_HSD4 Pin=?_ADC2-2
Removed Pin From Net: NetName=SNS_HSD3 Pin=?_ADC2-3
Removed Pin From Net: NetName=FAULT_HSD3 Pin=?_ADC2-4
Removed Pin From Net: NetName=LATCH_HSD3 Pin=?_ADC2-5
Removed Pin From Net: NetName=DIAG_EN_HSD3 Pin=?_ADC2-6
Removed Pin From Net: NetName=SNS_HSD4 Pin=?_ADC2-15
Removed Pin From Net: NetName=FAULT_HSD4 Pin=?_ADC2-16
Removed Pin From Net: NetName=GLV+ Pin=F1-1
Removed Pin From Net: NetName=HSD1_EN Pin=R14_HSD1-1
Removed Pin From Net: NetName=HSD2_EN Pin=R14_HSD2-1
Removed Pin From Net: NetName=HSD3_EN Pin=R14_HSD3-1
Removed Pin From Net: NetName=HSD4_EN Pin=R14_HSD4-1
Removed Member From Class: ClassName=TopLevel Member=P5
Removed Member From Class: ClassName=Microcontroller Member=P?
Removed Member From Class: ClassName=TopLevel Member=P?
Change Component Designator: OldDesignator=P3 NewDesignator=P5
Change Component Designator: OldDesignator=P? NewDesignator=P2
Change Component Designator: OldDesignator=P? NewDesignator=P3
Add Component: Footprint Not Found SODFL350X110-2N
Add Component: Footprint Not Found SM6T39CAY-Footprint-1
Added Component: Designator=P1(DTF13-12P)
Add component (AddParameter): Name = "Angle"; Value = "90"; VariantName = "[No Variations]"
Add component (AddParameter): Name = "Contact"; Value = "Copper Alloy"; VariantName = "[No Variations]"
Add component (AddParameter): Name = "Digikey Link"; Value = "https://www.digikey.com/products/en?keywords=dtf13-12pa"; VariantName = "[No Variations]"
Add component (AddParameter): Name = "Digikey Part Number"; Value = "1734-1861-ND"; VariantName = "[No Variations]"
Add component (AddParameter): Name = "Flange"; Value = "No"; VariantName = "[No Variations]"
Add component (AddParameter): Name = "Part Number"; Value = "DTF13-12P"; VariantName = "[No Variations]"
Add component (AddParameter): Name = "Pitch"; Value = "4.45mm"; VariantName = "[No Variations]"
Add component (AddParameter): Name = "Positions"; Value = "12"; VariantName = "[No Variations]"
Add component (AddParameter): Name = "Row Spacing"; Value = "4.45mm"; VariantName = "[No Variations]"
Added Pin To Net: NetName=0V_(ISO) Pin=C?-1
Added Pin To Net: NetName=0V_(ISO) Pin=C?-2
Add Pin To Net: Unknown Pin: Pin D4-A
Add Pin To Net: Unknown Pin: Pin D4-K
Add Pin To Net: Unknown Pin: Pin D6-A
Add Pin To Net: Unknown Pin: Pin D6-K
Added Pin To Net: NetName=HSD1_EN Pin=U4-8
Added Pin To Net: NetName=HSD2_EN Pin=U4-9
Added Pin To Net: NetName=HSD3_EN Pin=U4-10
Added Pin To Net: NetName=HSD4_EN Pin=U4-15
Change Net Name : Old Net Name=ADC1_CS New Net Name=ADC_CS1
Change Net Name : Old Net Name=ADC2_CS New Net Name=ADC_CS2
Change Net Name : Old Net Name=GLV+ New Net Name=VS_HSD1
Change Net Name : Old Net Name=VOUT_1 New Net Name=VOUT_HSD1
Change Net Name : Old Net Name=VOUT_2 New Net Name=VOUT_HSD2
Change Net Name : Old Net Name=VOUT_3 New Net Name=VOUT_HSD3
Change Net Name : Old Net Name=VOUT_4 New Net Name=VOUT_HSD4
Added Pin To Net: NetName=ADC1_CS Pin=U4-20
Added Pin To Net: NetName=ADC1_CS Pin=U9-3
Added Net: Name=ADC1_CS
Added Pin To Net: NetName=ADC2_CS Pin=U4-30
Added Pin To Net: NetName=ADC2_CS Pin=U9-4
Added Net: Name=ADC2_CS
Added Pin To Net: NetName=DIAG_EN1_ADC1 Pin=?_ADC1-6
Added Net: Name=DIAG_EN1_ADC1
Added Pin To Net: NetName=DIAG_EN1_ADC2 Pin=?_ADC2-6
Added Net: Name=DIAG_EN1_ADC2
Added Pin To Net: NetName=DIAG_EN2_ADC1 Pin=?_ADC1-2
Added Net: Name=DIAG_EN2_ADC1
Added Pin To Net: NetName=DIAG_EN2_ADC2 Pin=?_ADC2-2
Added Net: Name=DIAG_EN2_ADC2
Added Pin To Net: NetName=EN_HSD1 Pin=R14_HSD1-1
Added Net: Name=EN_HSD1
Added Pin To Net: NetName=EN_HSD2 Pin=R14_HSD2-1
Added Net: Name=EN_HSD2
Added Pin To Net: NetName=EN_HSD3 Pin=R14_HSD3-1
Added Net: Name=EN_HSD3
Added Pin To Net: NetName=EN_HSD4 Pin=R14_HSD4-1
Added Net: Name=EN_HSD4
Added Pin To Net: NetName=FAULT1_ADC1 Pin=?_ADC1-4
Added Net: Name=FAULT1_ADC1
Added Pin To Net: NetName=FAULT1_ADC2 Pin=?_ADC2-4
Added Net: Name=FAULT1_ADC2
Added Pin To Net: NetName=FAULT2_ADC1 Pin=?_ADC1-16
Added Net: Name=FAULT2_ADC1
Added Pin To Net: NetName=FAULT2_ADC2 Pin=?_ADC2-16
Added Net: Name=FAULT2_ADC2
Added Pin To Net: NetName=GLV+ Pin=F1-1
Added Pin To Net: NetName=GLV+ Pin=P1-12
Added Net: Name=GLV+
Add Net: Net with name "HSD2_EN" already exists
Added Pin To Net: NetName=HSD_EN1 Pin=U8-6
Added Net: Name=HSD_EN1
Added Pin To Net: NetName=HSD_EN3 Pin=U8-4
Added Net: Name=HSD_EN3
Added Pin To Net: NetName=HSD_EN4 Pin=U8-3
Added Net: Name=HSD_EN4
Added Pin To Net: NetName=LATCH1_ADC1 Pin=?_ADC1-5
Added Net: Name=LATCH1_ADC1
Added Pin To Net: NetName=LATCH1_ADC2 Pin=?_ADC2-5
Added Net: Name=LATCH1_ADC2
Added Pin To Net: NetName=LATCH2_ADC1 Pin=?_ADC1-1
Added Net: Name=LATCH2_ADC1
Added Pin To Net: NetName=LATCH2_ADC2 Pin=?_ADC2-1
Added Net: Name=LATCH2_ADC2
Added Pin To Net: NetName=SNS1_ADC1 Pin=?_ADC1-3
Added Net: Name=SNS1_ADC1
Added Pin To Net: NetName=SNS1_ADC2 Pin=?_ADC2-3
Added Net: Name=SNS1_ADC2
Added Pin To Net: NetName=SNS2_ADC1 Pin=?_ADC1-15
Added Net: Name=SNS2_ADC1
Added Pin To Net: NetName=SNS2_ADC2 Pin=?_ADC2-15
Added Net: Name=SNS2_ADC2
Added Pin To Net: NetName=VOUT_1 Pin=P2-4
Added Net: Name=VOUT_1
Added Pin To Net: NetName=VOUT_4 Pin=P2-1
Added Net: Name=VOUT_4
Added Class: Name=ADC_CS[1..2]
Added Class: Name=DEN[1..4]
Added Class: Name=FT[1..4]
Added Class: Name=HSD_EN[1..4]
Added Class: Name=LT[1..4]
Added Class: Name=SNS[1..4]
Added Class: Name=VOUT[1..4]
Add Differential Pair: Number of nets in differential pair NetP1_4 is 1 instead of 2
Add Differential Pair: Number of nets in differential pair NetP1_5 is 1 instead of 2
Added Member To Class: ClassName=ADC1 Member=Component C?_ADC1 (C?) 100nF
Added Member To Class: ClassName=ADC2 Member=Component C?_ADC2 (C?) 100nF
Added Member To Class: ClassName=Power Supply Member=Component C? 4.7uF
Added Member To Class: ClassName=Power Supply Member=Component C? 10uF
Add Class Member: Failed to add class member : Component D4 PMEG100T10ELR-QX
Add Class Member: Failed to add class member : Component D6 SM6T39CAY
Added Member To Class: ClassName=Power Supply Member=Component L? 4.7uH
Added Member To Class: ClassName=TopLevel Member=Component P1 DTF13-12P
Added Member To Class: ClassName=TopLevel Member=Component P2 ATF13-08
Added Member To Class: ClassName=Microcontroller Member=Component P5 2.54mm
