Removed Pin From Net: NetName=GLV- Pin=DT_IN-1
Removed Pin From Net: NetName=GLV+ Pin=DT_IN-2
Removed Pin From Net: NetName=GLV- Pin=DT_IN-3
Removed Pin From Net: NetName=CAN1_P Pin=DT_IN-4
Removed Pin From Net: NetName=CAN1_N Pin=DT_IN-5
Remove Pin from Net: Failed to remove Pin
Remove Pin from Net: Failed to remove Pin
Removed Pin From Net: NetName=ADC2_CS_(ISO) Pin=U?-4
Remove Pin from Net: Failed to remove Pin
Remove Pin from Net: Failed to remove Pin
Remove Pin from Net: Failed to remove Pin
Remove Pin from Net: Failed to remove Pin
Remove Pin from Net: Failed to remove Pin
Removed Pin From Net: NetName=ADC2_CS Pin=U?-13
Remove Pin from Net: Failed to remove Pin
Remove Pin from Net: Failed to remove Pin
Remove Pin from Net: Failed to remove Pin
Removed Member From Class: ClassName=Contoller Peripheral Comms Isolation Member=C?
Removed Member From Class: ClassName=High-Side Driver Enable Pin Isolator Member=C?
Removed Member From Class: ClassName=TopLevel Member=DT_IN
Removed Member From Class: ClassName=High-Side Driver Enable Pin Isolator Member=ISO?
Removed Member From Class: ClassName=ADC Chip Select Isolation Member=U?
Removed Member From Class: ClassName=High-Side Driver Enable Pin Isolator Member=U?
Change Component Designator: OldDesignator=C? NewDesignator=C34
Change Component Designator: OldDesignator=C? NewDesignator=C35
Change Component Designator: OldDesignator=C? NewDesignator=C36
Change Component Designator: OldDesignator=C? NewDesignator=C37
Change Component Designator: OldDesignator=C? NewDesignator=C38
Change Component Designator: OldDesignator=C? NewDesignator=C39
Change Component Designator: OldDesignator=C?_ADC1 NewDesignator=C31_ADC1
Change Component Designator: OldDesignator=C?_ADC1 NewDesignator=C32_ADC1
Change Component Designator: OldDesignator=C?_ADC1 NewDesignator=C33_ADC1
Change Component Designator: OldDesignator=C?_ADC2 NewDesignator=C31_ADC2
Change Component Designator: OldDesignator=C?_ADC2 NewDesignator=C32_ADC2
Change Component Designator: OldDesignator=C?_ADC2 NewDesignator=C33_ADC2
Change Component Designator: OldDesignator=C?_HSD1 NewDesignator=C28_HSD1
Change Component Designator: OldDesignator=C?_HSD1 NewDesignator=C29_HSD1
Change Component Designator: OldDesignator=C?_HSD1 NewDesignator=C30_HSD1
Change Component Designator: OldDesignator=C?_HSD2 NewDesignator=C28_HSD2
Change Component Designator: OldDesignator=C?_HSD2 NewDesignator=C29_HSD2
Change Component Designator: OldDesignator=C?_HSD2 NewDesignator=C30_HSD2
Change Component Designator: OldDesignator=C?_HSD3 NewDesignator=C28_HSD3
Change Component Designator: OldDesignator=C?_HSD3 NewDesignator=C29_HSD3
Change Component Designator: OldDesignator=C?_HSD3 NewDesignator=C30_HSD3
Change Component Designator: OldDesignator=C?_HSD4 NewDesignator=C28_HSD4
Change Component Designator: OldDesignator=C?_HSD4 NewDesignator=C29_HSD4
Change Component Designator: OldDesignator=C?_HSD4 NewDesignator=C30_HSD4
Change Component Designator: OldDesignator=D?_HSD1 NewDesignator=D9_HSD1
Change Component Designator: OldDesignator=D?_HSD2 NewDesignator=D9_HSD2
Change Component Designator: OldDesignator=D?_HSD3 NewDesignator=D9_HSD3
Change Component Designator: OldDesignator=D?_HSD4 NewDesignator=D9_HSD4
Change Component Designator: OldDesignator=ISO? NewDesignator=ISO2
Change Component Designator: OldDesignator=ISO? NewDesignator=ISO3
Change Component Designator: OldDesignator=R?_ADC1 NewDesignator=R23_ADC1
Change Component Designator: OldDesignator=R?_ADC2 NewDesignator=R23_ADC2
Change Component Designator: OldDesignator=R?_HSD1 NewDesignator=R14_HSD1
Change Component Designator: OldDesignator=R?_HSD1 NewDesignator=R15_HSD1
Change Component Designator: OldDesignator=R?_HSD1 NewDesignator=R16_HSD1
Change Component Designator: OldDesignator=R?_HSD1 NewDesignator=R17_HSD1
Change Component Designator: OldDesignator=R?_HSD1 NewDesignator=R18_HSD1
Change Component Designator: OldDesignator=R?_HSD1 NewDesignator=R19_HSD1
Change Component Designator: OldDesignator=R?_HSD1 NewDesignator=R20_HSD1
Change Component Designator: OldDesignator=R?_HSD1 NewDesignator=R21_HSD1
Change Component Designator: OldDesignator=R?_HSD1 NewDesignator=R22_HSD1
Change Component Designator: OldDesignator=R?_HSD2 NewDesignator=R14_HSD2
Change Component Designator: OldDesignator=R?_HSD2 NewDesignator=R15_HSD2
Change Component Designator: OldDesignator=R?_HSD2 NewDesignator=R16_HSD2
Change Component Designator: OldDesignator=R?_HSD2 NewDesignator=R17_HSD2
Change Component Designator: OldDesignator=R?_HSD2 NewDesignator=R18_HSD2
Change Component Designator: OldDesignator=R?_HSD2 NewDesignator=R19_HSD2
Change Component Designator: OldDesignator=R?_HSD2 NewDesignator=R20_HSD2
Change Component Designator: OldDesignator=R?_HSD2 NewDesignator=R21_HSD2
Change Component Designator: OldDesignator=R?_HSD2 NewDesignator=R22_HSD2
Change Component Designator: OldDesignator=R?_HSD3 NewDesignator=R14_HSD3
Change Component Designator: OldDesignator=R?_HSD3 NewDesignator=R15_HSD3
Change Component Designator: OldDesignator=R?_HSD3 NewDesignator=R16_HSD3
Change Component Designator: OldDesignator=R?_HSD3 NewDesignator=R17_HSD3
Change Component Designator: OldDesignator=R?_HSD3 NewDesignator=R18_HSD3
Change Component Designator: OldDesignator=R?_HSD3 NewDesignator=R19_HSD3
Change Component Designator: OldDesignator=R?_HSD3 NewDesignator=R20_HSD3
Change Component Designator: OldDesignator=R?_HSD3 NewDesignator=R21_HSD3
Change Component Designator: OldDesignator=R?_HSD3 NewDesignator=R22_HSD3
Change Component Designator: OldDesignator=R?_HSD4 NewDesignator=R14_HSD4
Change Component Designator: OldDesignator=R?_HSD4 NewDesignator=R15_HSD4
Change Component Designator: OldDesignator=R?_HSD4 NewDesignator=R16_HSD4
Change Component Designator: OldDesignator=R?_HSD4 NewDesignator=R17_HSD4
Change Component Designator: OldDesignator=R?_HSD4 NewDesignator=R18_HSD4
Change Component Designator: OldDesignator=R?_HSD4 NewDesignator=R19_HSD4
Change Component Designator: OldDesignator=R?_HSD4 NewDesignator=R20_HSD4
Change Component Designator: OldDesignator=R?_HSD4 NewDesignator=R21_HSD4
Change Component Designator: OldDesignator=R?_HSD4 NewDesignator=R22_HSD4
Change Component Designator: OldDesignator=U? NewDesignator=U8
Change Component Designator: OldDesignator=U? NewDesignator=U9
Add Component: Footprint Not Found TI_TSSOP
Add Component: Footprint Not Found TI_TSSOP
Add Component: Footprint Not Found TI_TSSOP
Add Component: Footprint Not Found TI_TSSOP
Add Component: Footprint Not Found SODFL350X110-2N
Add Component: Footprint Not Found SM6T39CAY-Footprint-1
Added Component: Designator=P5(DT13-12P)
Add component (AddParameter): Name = "Angle"; Value = "90"; VariantName = "[No Variations]"
Add component (AddParameter): Name = "Contact"; Value = "Nickel"; VariantName = "[No Variations]"
Add component (AddParameter): Name = "Digikey Link"; Value = "https://www.digikey.com.au/product-detail/en/te-connectivity-deutsch-connectors/DT13-12PA/1734-1451-ND/7220123"; VariantName = "[No Variations]"
Add component (AddParameter): Name = "Digikey Part Number"; Value = "1734-1451-ND"; VariantName = "[No Variations]"
Add component (AddParameter): Name = "Flange"; Value = "Yes"; VariantName = "[No Variations]"
Add component (AddParameter): Name = "Part Number"; Value = "DT13-12P"; VariantName = "[No Variations]"
Add component (AddParameter): Name = "Pitch"; Value = "4.44mm"; VariantName = "[No Variations]"
Add component (AddParameter): Name = "Positions"; Value = "12"; VariantName = "[No Variations]"
Add component (AddParameter): Name = "Row Spacing"; Value = "6.35mm"; VariantName = "[No Variations]"
Add Pin To Net: Unknown Pin: Pin *_HSD1-0
Add Pin To Net: Unknown Pin: Pin *_HSD1-1
Add Pin To Net: Unknown Pin: Pin *_HSD1-2
Add Pin To Net: Unknown Pin: Pin *_HSD1-3
Add Pin To Net: Unknown Pin: Pin *_HSD1-4
Add Pin To Net: Unknown Pin: Pin *_HSD1-5
Add Pin To Net: Unknown Pin: Pin *_HSD1-6
Add Pin To Net: Unknown Pin: Pin *_HSD1-7
Add Pin To Net: Unknown Pin: Pin *_HSD1-8
Add Pin To Net: Unknown Pin: Pin *_HSD1-9
Add Pin To Net: Unknown Pin: Pin *_HSD1-10
Add Pin To Net: Unknown Pin: Pin *_HSD1-12
Add Pin To Net: Unknown Pin: Pin *_HSD1-13
Add Pin To Net: Unknown Pin: Pin *_HSD1-14
Add Pin To Net: Unknown Pin: Pin *_HSD2-0
Add Pin To Net: Unknown Pin: Pin *_HSD2-1
Add Pin To Net: Unknown Pin: Pin *_HSD2-2
Add Pin To Net: Unknown Pin: Pin *_HSD2-3
Add Pin To Net: Unknown Pin: Pin *_HSD2-4
Add Pin To Net: Unknown Pin: Pin *_HSD2-5
Add Pin To Net: Unknown Pin: Pin *_HSD2-6
Add Pin To Net: Unknown Pin: Pin *_HSD2-7
Add Pin To Net: Unknown Pin: Pin *_HSD2-8
Add Pin To Net: Unknown Pin: Pin *_HSD2-9
Add Pin To Net: Unknown Pin: Pin *_HSD2-10
Add Pin To Net: Unknown Pin: Pin *_HSD2-12
Add Pin To Net: Unknown Pin: Pin *_HSD2-13
Add Pin To Net: Unknown Pin: Pin *_HSD2-14
Add Pin To Net: Unknown Pin: Pin *_HSD3-0
Add Pin To Net: Unknown Pin: Pin *_HSD3-1
Add Pin To Net: Unknown Pin: Pin *_HSD3-2
Add Pin To Net: Unknown Pin: Pin *_HSD3-3
Add Pin To Net: Unknown Pin: Pin *_HSD3-4
Add Pin To Net: Unknown Pin: Pin *_HSD3-5
Add Pin To Net: Unknown Pin: Pin *_HSD3-6
Add Pin To Net: Unknown Pin: Pin *_HSD3-7
Add Pin To Net: Unknown Pin: Pin *_HSD3-8
Add Pin To Net: Unknown Pin: Pin *_HSD3-9
Add Pin To Net: Unknown Pin: Pin *_HSD3-10
Add Pin To Net: Unknown Pin: Pin *_HSD3-12
Add Pin To Net: Unknown Pin: Pin *_HSD3-13
Add Pin To Net: Unknown Pin: Pin *_HSD3-14
Add Pin To Net: Unknown Pin: Pin *_HSD4-0
Add Pin To Net: Unknown Pin: Pin *_HSD4-1
Add Pin To Net: Unknown Pin: Pin *_HSD4-2
Add Pin To Net: Unknown Pin: Pin *_HSD4-3
Add Pin To Net: Unknown Pin: Pin *_HSD4-4
Add Pin To Net: Unknown Pin: Pin *_HSD4-5
Add Pin To Net: Unknown Pin: Pin *_HSD4-6
Add Pin To Net: Unknown Pin: Pin *_HSD4-7
Add Pin To Net: Unknown Pin: Pin *_HSD4-8
Add Pin To Net: Unknown Pin: Pin *_HSD4-9
Add Pin To Net: Unknown Pin: Pin *_HSD4-10
Add Pin To Net: Unknown Pin: Pin *_HSD4-12
Add Pin To Net: Unknown Pin: Pin *_HSD4-13
Add Pin To Net: Unknown Pin: Pin *_HSD4-14
Add Pin To Net: Unknown Pin: Pin D4-A
Add Pin To Net: Unknown Pin: Pin D4-K
Add Pin To Net: Unknown Pin: Pin D6-A
Add Pin To Net: Unknown Pin: Pin D6-K
Added Pin To Net: NetName=CAN1_N Pin=P5-4
Added Pin To Net: NetName=CAN1_P Pin=P5-5
Added Pin To Net: NetName=GLV- Pin=P5-11
Added Pin To Net: NetName=GLV+ Pin=P5-12
Added Pin To Net: NetName=HSD1_EN_(ISO) Pin=U8-3
Added Pin To Net: NetName=HSD2_EN_(ISO) Pin=U8-4
Added Pin To Net: NetName=HSD3_EN_(ISO) Pin=U8-5
Added Pin To Net: NetName=HSD3_EN Pin=U8-12
Added Pin To Net: NetName=HSD2_EN Pin=U8-13
Added Pin To Net: NetName=HSD1_EN Pin=U8-14
Added Pin To Net: NetName=ADC1_CS_(ISO) Pin=U9-3
Added Pin To Net: NetName=ADC2_CS_(ISO) Pin=U9-4
Added Pin To Net: NetName=ADC3_CS_(ISO) Pin=U9-5
Added Pin To Net: NetName=ADC3_CS Pin=U9-12
Added Pin To Net: NetName=ADC2_CS Pin=U9-13
Added Pin To Net: NetName=ADC1_CS Pin=U9-14
Added Pin To Net: NetName=CANS Pin=P5-1
Added Net: Name=CANS
Add Class Member: Failed to add class member : Component *_HSD1 (*) TPS1HTC30AQPWPRQ1
Add Class Member: Failed to add class member : Component *_HSD2 (*) TPS1HTC30AQPWPRQ1
Add Class Member: Failed to add class member : Component *_HSD3 (*) TPS1HTC30AQPWPRQ1
Add Class Member: Failed to add class member : Component *_HSD4 (*) TPS1HTC30AQPWPRQ1
Added Member To Class: ClassName=HSD2 Member=Component C28_HSD2 (C28) 100nF
Added Member To Class: ClassName=HSD1 Member=Component C29_HSD1 (C29) 100nF
Added Member To Class: ClassName=HSD3 Member=Component C29_HSD3 (C29) 100nF
Added Member To Class: ClassName=HSD4 Member=Component C29_HSD4 (C29) 100nF
Added Member To Class: ClassName=HSD1 Member=Component C30_HSD1 (C30) 22nF
Added Member To Class: ClassName=HSD2 Member=Component C30_HSD2 (C30) 22nF
Added Member To Class: ClassName=HSD3 Member=Component C30_HSD3 (C30) 22nF
Added Member To Class: ClassName=HSD4 Member=Component C30_HSD4 (C30) 22nF
Added Member To Class: ClassName=ADC1 Member=Component C31_ADC1 (C31) 1µF
Added Member To Class: ClassName=ADC2 Member=Component C31_ADC2 (C31) 1µF
Added Member To Class: ClassName=ADC1 Member=Component C33_ADC1 (C33) 1µF
Added Member To Class: ClassName=ADC2 Member=Component C33_ADC2 (C33) 1µF
Added Member To Class: ClassName=Contoller Peripheral Comms Isolation Member=Component C34 100nF
Added Member To Class: ClassName=Contoller Peripheral Comms Isolation Member=Component C35 100nF
Added Member To Class: ClassName=High-Side Driver Enable Pin Isolator Member=Component C36 100nF
Added Member To Class: ClassName=High-Side Driver Enable Pin Isolator Member=Component C37 100nF
Added Member To Class: ClassName=ADC Chip Select Isolation Member=Component C39 100nF
Add Class Member: Failed to add class member : Component D4 PMEG100T10ELR-QX
Add Class Member: Failed to add class member : Component D6 SM6T39CAY
Added Member To Class: ClassName=High-Side Driver Enable Pin Isolator Member=Component ISO2 ADuM1400
Added Member To Class: ClassName=TopLevel Member=Component P5 DT13-12P
Added Member To Class: ClassName=HSD1 Member=Component R14_HSD1 (R14) 10k
Added Member To Class: ClassName=HSD2 Member=Component R14_HSD2 (R14) 10k
Added Member To Class: ClassName=HSD3 Member=Component R14_HSD3 (R14) 10k
Added Member To Class: ClassName=HSD4 Member=Component R14_HSD4 (R14) 10k
Added Member To Class: ClassName=HSD1 Member=Component R15_HSD1 (R15) 10k
Added Member To Class: ClassName=HSD2 Member=Component R15_HSD2 (R15) 10k
Added Member To Class: ClassName=HSD3 Member=Component R15_HSD3 (R15) 10k
Added Member To Class: ClassName=HSD4 Member=Component R15_HSD4 (R15) 10k
Added Member To Class: ClassName=HSD1 Member=Component R16_HSD1 (R16) 10k
Added Member To Class: ClassName=HSD2 Member=Component R16_HSD2 (R16) 10k
Added Member To Class: ClassName=HSD3 Member=Component R16_HSD3 (R16) 10k
Added Member To Class: ClassName=HSD4 Member=Component R16_HSD4 (R16) 10k
Added Member To Class: ClassName=HSD1 Member=Component R17_HSD1 (R17) 10k
Added Member To Class: ClassName=HSD2 Member=Component R17_HSD2 (R17) 10k
Added Member To Class: ClassName=HSD4 Member=Component R17_HSD4 (R17) 10k
Added Member To Class: ClassName=HSD2 Member=Component R18_HSD2 (R18) 10k
Added Member To Class: ClassName=HSD3 Member=Component R18_HSD3 (R18) 10k
Added Member To Class: ClassName=HSD4 Member=Component R18_HSD4 (R18) 10k
Added Member To Class: ClassName=HSD1 Member=Component R19_HSD1 (R19) 10k
Added Member To Class: ClassName=HSD2 Member=Component R19_HSD2 (R19) 10k
Added Member To Class: ClassName=HSD3 Member=Component R19_HSD3 (R19) 10k
Added Member To Class: ClassName=HSD1 Member=Component R20_HSD1 (R20) 1k
Added Member To Class: ClassName=HSD2 Member=Component R20_HSD2 (R20) 1k
Added Member To Class: ClassName=HSD3 Member=Component R20_HSD3 (R20) 1k
Added Member To Class: ClassName=HSD4 Member=Component R20_HSD4 (R20) 1k
Added Member To Class: ClassName=HSD1 Member=Component R21_HSD1 (R21) 24k
Added Member To Class: ClassName=HSD3 Member=Component R21_HSD3 (R21) 24k
Added Member To Class: ClassName=HSD4 Member=Component R21_HSD4 (R21) 24k
Added Member To Class: ClassName=HSD1 Member=Component R22_HSD1 (R22) 1k
Added Member To Class: ClassName=HSD2 Member=Component R22_HSD2 (R22) 1k
Added Member To Class: ClassName=HSD3 Member=Component R22_HSD3 (R22) 1k
Added Member To Class: ClassName=HSD4 Member=Component R22_HSD4 (R22) 1k
Added Member To Class: ClassName=High-Side Driver Enable Pin Isolator Member=Component U8 ADuM1400
Added Member To Class: ClassName=ADC Chip Select Isolation Member=Component U9 ADuM1400
Added Class: Name=CANBUS
