Change Component Designator: OldDesignator=R21A NewDesignator=R22A
Change Component Designator: OldDesignator=R21B NewDesignator=R22B
Change Component Designator: OldDesignator=R21C NewDesignator=R22C
Change Component Designator: OldDesignator=R21D NewDesignator=R22D
Change Component Designator: OldDesignator=TP? NewDesignator=TP1
Added Component: Designator=D10A(0805 LED)
Add component (AddParameter): Name = "Part Number"; Value = "SML-210LTT86"; VariantName = "[No Variations]"
Added Component: Designator=D10B(0805 LED)
Add component (AddParameter): Name = "Part Number"; Value = "SML-210LTT86"; VariantName = "[No Variations]"
Added Component: Designator=D10C(0805 LED)
Add component (AddParameter): Name = "Part Number"; Value = "SML-210LTT86"; VariantName = "[No Variations]"
Added Component: Designator=D10D(0805 LED)
Add component (AddParameter): Name = "Part Number"; Value = "SML-210LTT86"; VariantName = "[No Variations]"
Added Component: Designator=R21A(0603)
Add component (AddParameter): Name = "Part Number"; Value = "RC0603FR-0710KL"; VariantName = "[No Variations]"
Added Component: Designator=R21B(0603)
Add component (AddParameter): Name = "Part Number"; Value = "RC0603FR-0710KL"; VariantName = "[No Variations]"
Added Component: Designator=R21C(0603)
Add component (AddParameter): Name = "Part Number"; Value = "RC0603FR-0710KL"; VariantName = "[No Variations]"
Added Component: Designator=R21D(0603)
Add component (AddParameter): Name = "Part Number"; Value = "RC0603FR-0710KL"; VariantName = "[No Variations]"
Added Pin To Net: NetName=GLV- Pin=D10A-K
Added Pin To Net: NetName=GLV- Pin=D10B-K
Added Pin To Net: NetName=GLV- Pin=D10C-K
Added Pin To Net: NetName=GLV- Pin=D10D-K
Added Pin To Net: NetName=VOUT_1 Pin=R21A-2
Added Pin To Net: NetName=VOUT_2 Pin=R21B-2
Added Pin To Net: NetName=VOUT_3 Pin=R21C-2
Added Pin To Net: NetName=VOUT_4 Pin=R21D-2
Added Pin To Net: NetName=NetD10A_A Pin=D10A-A
Added Pin To Net: NetName=NetD10A_A Pin=R21A-1
Added Net: Name=NetD10A_A
Added Pin To Net: NetName=NetD10B_A Pin=D10B-A
Added Pin To Net: NetName=NetD10B_A Pin=R21B-1
Added Net: Name=NetD10B_A
Added Pin To Net: NetName=NetD10C_A Pin=D10C-A
Added Pin To Net: NetName=NetD10C_A Pin=R21C-1
Added Net: Name=NetD10C_A
Added Pin To Net: NetName=NetD10D_A Pin=D10D-A
Added Pin To Net: NetName=NetD10D_A Pin=R21D-1
Added Net: Name=NetD10D_A
Added Member To Class: ClassName=HSD1 Member=Component D10A (D10)
Added Member To Class: ClassName=HSD2 Member=Component D10B (D10)
Added Member To Class: ClassName=HSD3 Member=Component D10C (D10)
Added Member To Class: ClassName=HSD4 Member=Component D10D (D10)
Added Member To Class: ClassName=HSD1 Member=Component R22A (R22) 1k
Added Member To Class: ClassName=HSD2 Member=Component R22B (R22) 1k
Added Member To Class: ClassName=HSD3 Member=Component R22C (R22) 1k
Added Member To Class: ClassName=HSD4 Member=Component R22D (R22) 1k
