Removed Pin From Net: NetName=HSD_EN4 Pin=ISO2-3
Removed Pin From Net: NetName=HSD_EN3 Pin=ISO2-4
Removed Pin From Net: NetName=HSD2_EN Pin=ISO2-5
Removed Pin From Net: NetName=HSD_EN1 Pin=ISO2-6
Removed Pin From Net: NetName=HSD4_EN(MCU) Pin=ISO2-11
Removed Pin From Net: NetName=HSD3_EN(MCU) Pin=ISO2-12
Removed Pin From Net: NetName=HSD2_EN(MCU) Pin=ISO2-13
Removed Pin From Net: NetName=HSD1_EN(MCU) Pin=ISO2-14
Change Component Designator: OldDesignator=ADC1A NewDesignator=ADCA
Change Component Designator: OldDesignator=ADC1B NewDesignator=ADCB
Added Pin To Net: NetName=3V3 Pin=C22-1
Added Pin To Net: NetName=HSD1_EN(MCU) Pin=ISO2-3
Added Pin To Net: NetName=HSD2_EN(MCU) Pin=ISO2-4
Added Pin To Net: NetName=HSD3_EN(MCU) Pin=ISO2-5
Added Pin To Net: NetName=HSD4_EN(MCU) Pin=ISO2-6
Added Pin To Net: NetName=HSD_EN4 Pin=ISO2-11
Added Pin To Net: NetName=HSD_EN3 Pin=ISO2-12
Added Pin To Net: NetName=HSD2_EN Pin=ISO2-13
Added Pin To Net: NetName=HSD_EN1 Pin=ISO2-14
Change Net Name : Old Net Name=NetADC1A_8 New Net Name=NetADCA_8
Change Net Name : Old Net Name=NetADC1B_8 New Net Name=NetADCB_8
