Change Component Physical Designator: Old Designator=ADC1_1 New Designator=ADC_1
Change Component Physical Designator: Old Designator=ADC1_2 New Designator=ADC_2
Change Component Physical Designator: Old Designator=C7 New Designator=C14
Change Component Physical Designator: Old Designator=C8 New Designator=C15
Change Component Physical Designator: Old Designator=C9 New Designator=C16
Change Component Physical Designator: Old Designator=C10 New Designator=C17
Change Component Physical Designator: Old Designator=C11 New Designator=C18
Change Component Physical Designator: Old Designator=C12 New Designator=C19
Change Component Physical Designator: Old Designator=C13 New Designator=C12
Change Component Physical Designator: Old Designator=C14 New Designator=C20
Change Component Physical Designator: Old Designator=C15 New Designator=C21
Change Component Physical Designator: Old Designator=C16 New Designator=C22
Change Component Physical Designator: Old Designator=C17 New Designator=C23
Change Component Physical Designator: Old Designator=C18 New Designator=C24
Change Component Physical Designator: Old Designator=C19 New Designator=C25
Change Component Physical Designator: Old Designator=C20 New Designator=C26
Change Component Physical Designator: Old Designator=C21 New Designator=C13
Change Component Physical Designator: Old Designator=C22 New Designator=C27
Change Component Physical Designator: Old Designator=C23 New Designator=C7
Change Component Physical Designator: Old Designator=C24 New Designator=C8
Change Component Physical Designator: Old Designator=C25 New Designator=C9
Change Component Physical Designator: Old Designator=C26 New Designator=C10
Change Component Physical Designator: Old Designator=C27 New Designator=C11
Change Component Physical Designator: Old Designator=C28 New Designator=C34
Change Component Physical Designator: Old Designator=C29 New Designator=C35
Change Component Physical Designator: Old Designator=C30 New Designator=C36
Change Component Physical Designator: Old Designator=C31 New Designator=C37
Change Component Physical Designator: Old Designator=C32 New Designator=C38
Change Component Physical Designator: Old Designator=C33 New Designator=C39
Change Component Physical Designator: Old Designator=C34_1 New Designator=C32_1
Change Component Physical Designator: Old Designator=C34_2 New Designator=C32_2
Change Component Physical Designator: Old Designator=C35_1 New Designator=C33_1
Change Component Physical Designator: Old Designator=C35_2 New Designator=C33_2
Change Component Physical Designator: Old Designator=C36_1 New Designator=C31_1
Change Component Physical Designator: Old Designator=C36_2 New Designator=C31_2
Change Component Physical Designator: Old Designator=C37_1 New Designator=C28_1
Change Component Physical Designator: Old Designator=C37_2 New Designator=C28_2
Change Component Physical Designator: Old Designator=C37_3 New Designator=C28_3
Change Component Physical Designator: Old Designator=C37_4 New Designator=C28_4
Change Component Physical Designator: Old Designator=C38_1 New Designator=C29_1
Change Component Physical Designator: Old Designator=C38_2 New Designator=C29_2
Change Component Physical Designator: Old Designator=C38_3 New Designator=C29_3
Change Component Physical Designator: Old Designator=C38_4 New Designator=C29_4
Change Component Physical Designator: Old Designator=C39_1 New Designator=C30_1
Change Component Physical Designator: Old Designator=C39_2 New Designator=C30_2
Change Component Physical Designator: Old Designator=C39_3 New Designator=C30_3
Change Component Physical Designator: Old Designator=C39_4 New Designator=C30_4
Change Component Physical Designator: Old Designator=D1 New Designator=D4
Change Component Physical Designator: Old Designator=D2 New Designator=D5
Change Component Physical Designator: Old Designator=D3 New Designator=D6
Change Component Physical Designator: Old Designator=D4 New Designator=D7
Change Component Physical Designator: Old Designator=D5 New Designator=D8
Change Component Physical Designator: Old Designator=D6 New Designator=D1
Change Component Physical Designator: Old Designator=D7 New Designator=D2
Change Component Physical Designator: Old Designator=D8_1 New Designator=D9_1
Change Component Physical Designator: Old Designator=D8_2 New Designator=D9_2
Change Component Physical Designator: Old Designator=D8_3 New Designator=D9_3
Change Component Physical Designator: Old Designator=D8_4 New Designator=D9_4
Change Component Physical Designator: Old Designator=R1 New Designator=R11
Change Component Physical Designator: Old Designator=R2 New Designator=R1
Change Component Physical Designator: Old Designator=R3 New Designator=R12
Change Component Physical Designator: Old Designator=R4 New Designator=R13
Change Component Physical Designator: Old Designator=R5 New Designator=R3
Change Component Physical Designator: Old Designator=R6 New Designator=R4
Change Component Physical Designator: Old Designator=R7 New Designator=R6
Change Component Physical Designator: Old Designator=R8 New Designator=R7
Change Component Physical Designator: Old Designator=R9 New Designator=R8
Change Component Physical Designator: Old Designator=R10 New Designator=R9
Change Component Physical Designator: Old Designator=R11_1 New Designator=R23_1
Change Component Physical Designator: Old Designator=R11_2 New Designator=R23_2
Change Component Physical Designator: Old Designator=R12_1 New Designator=R14_1
Change Component Physical Designator: Old Designator=R12_2 New Designator=R14_2
Change Component Physical Designator: Old Designator=R12_3 New Designator=R14_3
Change Component Physical Designator: Old Designator=R12_4 New Designator=R14_4
Change Component Physical Designator: Old Designator=R13_1 New Designator=R15_1
Change Component Physical Designator: Old Designator=R13_2 New Designator=R15_2
Change Component Physical Designator: Old Designator=R13_3 New Designator=R15_3
Change Component Physical Designator: Old Designator=R13_4 New Designator=R15_4
Change Component Physical Designator: Old Designator=R14_1 New Designator=R16_1
Change Component Physical Designator: Old Designator=R14_2 New Designator=R16_2
Change Component Physical Designator: Old Designator=R14_3 New Designator=R16_3
Change Component Physical Designator: Old Designator=R14_4 New Designator=R16_4
Change Component Physical Designator: Old Designator=R15_1 New Designator=R17_1
Change Component Physical Designator: Old Designator=R15_2 New Designator=R17_2
Change Component Physical Designator: Old Designator=R15_3 New Designator=R17_3
Change Component Physical Designator: Old Designator=R15_4 New Designator=R17_4
Change Component Physical Designator: Old Designator=R16_1 New Designator=R18_1
Change Component Physical Designator: Old Designator=R16_2 New Designator=R18_2
Change Component Physical Designator: Old Designator=R16_3 New Designator=R18_3
Change Component Physical Designator: Old Designator=R16_4 New Designator=R18_4
Change Component Physical Designator: Old Designator=R17_1 New Designator=R19_1
Change Component Physical Designator: Old Designator=R17_2 New Designator=R19_2
Change Component Physical Designator: Old Designator=R17_3 New Designator=R19_3
Change Component Physical Designator: Old Designator=R17_4 New Designator=R19_4
Change Component Physical Designator: Old Designator=R19_1 New Designator=R21_1
Change Component Physical Designator: Old Designator=R19_2 New Designator=R21_2
Change Component Physical Designator: Old Designator=R19_3 New Designator=R21_3
Change Component Physical Designator: Old Designator=R19_4 New Designator=R21_4
Change Component Physical Designator: Old Designator=U4 New Designator=U5
Change Component Physical Designator: Old Designator=U5 New Designator=U6
Change Component Physical Designator: Old Designator=U6 New Designator=U7
Change Component Physical Designator: Old Designator=U7 New Designator=U4
Change Component Physical Designator: Old Designator=U8_1 New Designator=U_1
Change Component Physical Designator: Old Designator=U8_2 New Designator=U_2
Change Component Physical Designator: Old Designator=U8_3 New Designator=U_3
Change Component Physical Designator: Old Designator=U8_4 New Designator=U_4
